ARM GAS  C:\Users\pxc\AppData\Local\Temp\cc4ItclL.s 			page 1


   1              		.syntax unified
   2              		.cpu cortex-m3
   3              		.fpu softvfp
   4              		.eabi_attribute 20, 1
   5              		.eabi_attribute 21, 1
   6              		.eabi_attribute 23, 3
   7              		.eabi_attribute 24, 1
   8              		.eabi_attribute 25, 1
   9              		.eabi_attribute 26, 1
  10              		.eabi_attribute 30, 1
  11              		.eabi_attribute 34, 1
  12              		.eabi_attribute 18, 4
  13              		.thumb
  14              		.file	"ADC_INT.c"
  15              		.text
  16              	.Ltext0:
  17              		.cfi_sections	.debug_frame
  18              		.section	.text.ADC_ISR,"ax",%progbits
  19              		.align	2
  20              		.global	ADC_ISR
  21              		.thumb
  22              		.thumb_func
  23              		.type	ADC_ISR, %function
  24              	ADC_ISR:
  25              	.LFB0:
  26              		.file 1 ".\\Generated_Source\\PSoC5\\ADC_INT.c"
   1:.\Generated_Source\PSoC5/ADC_INT.c **** /*******************************************************************************
   2:.\Generated_Source\PSoC5/ADC_INT.c **** * File Name: ADC_INT.c
   3:.\Generated_Source\PSoC5/ADC_INT.c **** * Version 2.0
   4:.\Generated_Source\PSoC5/ADC_INT.c **** *
   5:.\Generated_Source\PSoC5/ADC_INT.c **** *  Description:
   6:.\Generated_Source\PSoC5/ADC_INT.c **** *    This file contains the code that operates during the interrupt
   7:.\Generated_Source\PSoC5/ADC_INT.c **** *    service routine.
   8:.\Generated_Source\PSoC5/ADC_INT.c **** *
   9:.\Generated_Source\PSoC5/ADC_INT.c **** *   Note:
  10:.\Generated_Source\PSoC5/ADC_INT.c **** *
  11:.\Generated_Source\PSoC5/ADC_INT.c **** ********************************************************************************
  12:.\Generated_Source\PSoC5/ADC_INT.c **** * Copyright 2012-2015, Cypress Semiconductor Corporation.  All rights reserved.
  13:.\Generated_Source\PSoC5/ADC_INT.c **** * You may use this file only in accordance with the license, terms, conditions,
  14:.\Generated_Source\PSoC5/ADC_INT.c **** * disclaimers, and limitations in the end user license agreement accompanying
  15:.\Generated_Source\PSoC5/ADC_INT.c **** * the software package with which this file was provided.
  16:.\Generated_Source\PSoC5/ADC_INT.c **** *******************************************************************************/
  17:.\Generated_Source\PSoC5/ADC_INT.c **** 
  18:.\Generated_Source\PSoC5/ADC_INT.c **** #include "ADC.h"
  19:.\Generated_Source\PSoC5/ADC_INT.c **** #include "cyapicallbacks.h"
  20:.\Generated_Source\PSoC5/ADC_INT.c **** 
  21:.\Generated_Source\PSoC5/ADC_INT.c **** 
  22:.\Generated_Source\PSoC5/ADC_INT.c **** /******************************************************************************
  23:.\Generated_Source\PSoC5/ADC_INT.c **** * Custom Declarations and Variables
  24:.\Generated_Source\PSoC5/ADC_INT.c **** * - add user inlcude files, prototypes and variables between the following
  25:.\Generated_Source\PSoC5/ADC_INT.c **** *   #START and #END tags
  26:.\Generated_Source\PSoC5/ADC_INT.c **** ******************************************************************************/
  27:.\Generated_Source\PSoC5/ADC_INT.c **** /* `#START SEQ_ADC_SYS_VAR`  */
  28:.\Generated_Source\PSoC5/ADC_INT.c **** 
  29:.\Generated_Source\PSoC5/ADC_INT.c **** /* `#END`  */
  30:.\Generated_Source\PSoC5/ADC_INT.c **** 
  31:.\Generated_Source\PSoC5/ADC_INT.c **** #if(ADC_IRQ_REMOVE == 0u)
ARM GAS  C:\Users\pxc\AppData\Local\Temp\cc4ItclL.s 			page 2


  32:.\Generated_Source\PSoC5/ADC_INT.c **** 
  33:.\Generated_Source\PSoC5/ADC_INT.c **** 
  34:.\Generated_Source\PSoC5/ADC_INT.c ****     /******************************************************************************
  35:.\Generated_Source\PSoC5/ADC_INT.c ****     * Function Name: ADC_ISR
  36:.\Generated_Source\PSoC5/ADC_INT.c ****     *******************************************************************************
  37:.\Generated_Source\PSoC5/ADC_INT.c ****     *
  38:.\Generated_Source\PSoC5/ADC_INT.c ****     * Summary:
  39:.\Generated_Source\PSoC5/ADC_INT.c ****     *  Handle Interrupt Service Routine.
  40:.\Generated_Source\PSoC5/ADC_INT.c ****     *
  41:.\Generated_Source\PSoC5/ADC_INT.c ****     * Parameters:
  42:.\Generated_Source\PSoC5/ADC_INT.c ****     *  None.
  43:.\Generated_Source\PSoC5/ADC_INT.c ****     *
  44:.\Generated_Source\PSoC5/ADC_INT.c ****     * Return:
  45:.\Generated_Source\PSoC5/ADC_INT.c ****     *  None.
  46:.\Generated_Source\PSoC5/ADC_INT.c ****     *
  47:.\Generated_Source\PSoC5/ADC_INT.c ****     * Reentrant:
  48:.\Generated_Source\PSoC5/ADC_INT.c ****     *  No.
  49:.\Generated_Source\PSoC5/ADC_INT.c ****     *
  50:.\Generated_Source\PSoC5/ADC_INT.c ****     ******************************************************************************/
  51:.\Generated_Source\PSoC5/ADC_INT.c ****     CY_ISR( ADC_ISR )
  52:.\Generated_Source\PSoC5/ADC_INT.c ****     {
  27              		.loc 1 52 0
  28              		.cfi_startproc
  29              		@ args = 0, pretend = 0, frame = 0
  30              		@ frame_needed = 0, uses_anonymous_args = 0
  31              		@ link register save eliminated.
  32 0000 7047     		bx	lr
  33              		.cfi_endproc
  34              	.LFE0:
  35              		.size	ADC_ISR, .-ADC_ISR
  36 0002 00BF     		.text
  37              	.Letext0:
  38              		.section	.debug_info,"",%progbits
  39              	.Ldebug_info0:
  40 0000 95000000 		.4byte	0x95
  41 0004 0400     		.2byte	0x4
  42 0006 00000000 		.4byte	.Ldebug_abbrev0
  43 000a 04       		.byte	0x4
  44 000b 01       		.uleb128 0x1
  45 000c 91000000 		.4byte	.LASF13
  46 0010 01       		.byte	0x1
  47 0011 1B000000 		.4byte	.LASF14
  48 0015 3E000000 		.4byte	.LASF15
  49 0019 00000000 		.4byte	.Ldebug_ranges0+0
  50 001d 00000000 		.4byte	0
  51 0021 00000000 		.4byte	.Ldebug_line0
  52 0025 02       		.uleb128 0x2
  53 0026 01       		.byte	0x1
  54 0027 06       		.byte	0x6
  55 0028 55010000 		.4byte	.LASF0
  56 002c 02       		.uleb128 0x2
  57 002d 01       		.byte	0x1
  58 002e 08       		.byte	0x8
  59 002f 1F010000 		.4byte	.LASF1
  60 0033 02       		.uleb128 0x2
  61 0034 02       		.byte	0x2
  62 0035 05       		.byte	0x5
ARM GAS  C:\Users\pxc\AppData\Local\Temp\cc4ItclL.s 			page 3


  63 0036 67010000 		.4byte	.LASF2
  64 003a 02       		.uleb128 0x2
  65 003b 02       		.byte	0x2
  66 003c 07       		.byte	0x7
  67 003d 42010000 		.4byte	.LASF3
  68 0041 02       		.uleb128 0x2
  69 0042 04       		.byte	0x4
  70 0043 05       		.byte	0x5
  71 0044 32010000 		.4byte	.LASF4
  72 0048 02       		.uleb128 0x2
  73 0049 04       		.byte	0x4
  74 004a 07       		.byte	0x7
  75 004b 68000000 		.4byte	.LASF5
  76 004f 02       		.uleb128 0x2
  77 0050 08       		.byte	0x8
  78 0051 05       		.byte	0x5
  79 0052 00000000 		.4byte	.LASF6
  80 0056 02       		.uleb128 0x2
  81 0057 08       		.byte	0x8
  82 0058 07       		.byte	0x7
  83 0059 7A000000 		.4byte	.LASF7
  84 005d 03       		.uleb128 0x3
  85 005e 04       		.byte	0x4
  86 005f 05       		.byte	0x5
  87 0060 696E7400 		.ascii	"int\000"
  88 0064 02       		.uleb128 0x2
  89 0065 04       		.byte	0x4
  90 0066 07       		.byte	0x7
  91 0067 0E000000 		.4byte	.LASF8
  92 006b 02       		.uleb128 0x2
  93 006c 04       		.byte	0x4
  94 006d 04       		.byte	0x4
  95 006e 61010000 		.4byte	.LASF9
  96 0072 02       		.uleb128 0x2
  97 0073 08       		.byte	0x8
  98 0074 04       		.byte	0x4
  99 0075 3B010000 		.4byte	.LASF10
 100 0079 02       		.uleb128 0x2
 101 007a 01       		.byte	0x1
 102 007b 08       		.byte	0x8
 103 007c 2D010000 		.4byte	.LASF11
 104 0080 02       		.uleb128 0x2
 105 0081 04       		.byte	0x4
 106 0082 07       		.byte	0x7
 107 0083 71010000 		.4byte	.LASF12
 108 0087 04       		.uleb128 0x4
 109 0088 60000000 		.4byte	.LASF16
 110 008c 01       		.byte	0x1
 111 008d 33       		.byte	0x33
 112 008e 00000000 		.4byte	.LFB0
 113 0092 02000000 		.4byte	.LFE0-.LFB0
 114 0096 01       		.uleb128 0x1
 115 0097 9C       		.byte	0x9c
 116 0098 00       		.byte	0
 117              		.section	.debug_abbrev,"",%progbits
 118              	.Ldebug_abbrev0:
 119 0000 01       		.uleb128 0x1
ARM GAS  C:\Users\pxc\AppData\Local\Temp\cc4ItclL.s 			page 4


 120 0001 11       		.uleb128 0x11
 121 0002 01       		.byte	0x1
 122 0003 25       		.uleb128 0x25
 123 0004 0E       		.uleb128 0xe
 124 0005 13       		.uleb128 0x13
 125 0006 0B       		.uleb128 0xb
 126 0007 03       		.uleb128 0x3
 127 0008 0E       		.uleb128 0xe
 128 0009 1B       		.uleb128 0x1b
 129 000a 0E       		.uleb128 0xe
 130 000b 55       		.uleb128 0x55
 131 000c 17       		.uleb128 0x17
 132 000d 11       		.uleb128 0x11
 133 000e 01       		.uleb128 0x1
 134 000f 10       		.uleb128 0x10
 135 0010 17       		.uleb128 0x17
 136 0011 00       		.byte	0
 137 0012 00       		.byte	0
 138 0013 02       		.uleb128 0x2
 139 0014 24       		.uleb128 0x24
 140 0015 00       		.byte	0
 141 0016 0B       		.uleb128 0xb
 142 0017 0B       		.uleb128 0xb
 143 0018 3E       		.uleb128 0x3e
 144 0019 0B       		.uleb128 0xb
 145 001a 03       		.uleb128 0x3
 146 001b 0E       		.uleb128 0xe
 147 001c 00       		.byte	0
 148 001d 00       		.byte	0
 149 001e 03       		.uleb128 0x3
 150 001f 24       		.uleb128 0x24
 151 0020 00       		.byte	0
 152 0021 0B       		.uleb128 0xb
 153 0022 0B       		.uleb128 0xb
 154 0023 3E       		.uleb128 0x3e
 155 0024 0B       		.uleb128 0xb
 156 0025 03       		.uleb128 0x3
 157 0026 08       		.uleb128 0x8
 158 0027 00       		.byte	0
 159 0028 00       		.byte	0
 160 0029 04       		.uleb128 0x4
 161 002a 2E       		.uleb128 0x2e
 162 002b 00       		.byte	0
 163 002c 3F       		.uleb128 0x3f
 164 002d 19       		.uleb128 0x19
 165 002e 03       		.uleb128 0x3
 166 002f 0E       		.uleb128 0xe
 167 0030 3A       		.uleb128 0x3a
 168 0031 0B       		.uleb128 0xb
 169 0032 3B       		.uleb128 0x3b
 170 0033 0B       		.uleb128 0xb
 171 0034 27       		.uleb128 0x27
 172 0035 19       		.uleb128 0x19
 173 0036 11       		.uleb128 0x11
 174 0037 01       		.uleb128 0x1
 175 0038 12       		.uleb128 0x12
 176 0039 06       		.uleb128 0x6
ARM GAS  C:\Users\pxc\AppData\Local\Temp\cc4ItclL.s 			page 5


 177 003a 40       		.uleb128 0x40
 178 003b 18       		.uleb128 0x18
 179 003c 9742     		.uleb128 0x2117
 180 003e 19       		.uleb128 0x19
 181 003f 00       		.byte	0
 182 0040 00       		.byte	0
 183 0041 00       		.byte	0
 184              		.section	.debug_aranges,"",%progbits
 185 0000 1C000000 		.4byte	0x1c
 186 0004 0200     		.2byte	0x2
 187 0006 00000000 		.4byte	.Ldebug_info0
 188 000a 04       		.byte	0x4
 189 000b 00       		.byte	0
 190 000c 0000     		.2byte	0
 191 000e 0000     		.2byte	0
 192 0010 00000000 		.4byte	.LFB0
 193 0014 02000000 		.4byte	.LFE0-.LFB0
 194 0018 00000000 		.4byte	0
 195 001c 00000000 		.4byte	0
 196              		.section	.debug_ranges,"",%progbits
 197              	.Ldebug_ranges0:
 198 0000 00000000 		.4byte	.LFB0
 199 0004 02000000 		.4byte	.LFE0
 200 0008 00000000 		.4byte	0
 201 000c 00000000 		.4byte	0
 202              		.section	.debug_line,"",%progbits
 203              	.Ldebug_line0:
 204 0000 4E000000 		.section	.debug_str,"MS",%progbits,1
 204      02003900 
 204      00000201 
 204      FB0E0D00 
 204      01010101 
 205              	.LASF6:
 206 0000 6C6F6E67 		.ascii	"long long int\000"
 206      206C6F6E 
 206      6720696E 
 206      7400
 207              	.LASF8:
 208 000e 756E7369 		.ascii	"unsigned int\000"
 208      676E6564 
 208      20696E74 
 208      00
 209              	.LASF14:
 210 001b 2E5C4765 		.ascii	".\\Generated_Source\\PSoC5\\ADC_INT.c\000"
 210      6E657261 
 210      7465645F 
 210      536F7572 
 210      63655C50 
 211              	.LASF15:
 212 003e 443A5C72 		.ascii	"D:\\robot\\code\\robot-car\\car.cydsn\000"
 212      6F626F74 
 212      5C636F64 
 212      655C726F 
 212      626F742D 
 213              	.LASF16:
 214 0060 4144435F 		.ascii	"ADC_ISR\000"
 214      49535200 
ARM GAS  C:\Users\pxc\AppData\Local\Temp\cc4ItclL.s 			page 6


 215              	.LASF5:
 216 0068 6C6F6E67 		.ascii	"long unsigned int\000"
 216      20756E73 
 216      69676E65 
 216      6420696E 
 216      7400
 217              	.LASF7:
 218 007a 6C6F6E67 		.ascii	"long long unsigned int\000"
 218      206C6F6E 
 218      6720756E 
 218      7369676E 
 218      65642069 
 219              	.LASF13:
 220 0091 474E5520 		.ascii	"GNU C 4.9.3 20150303 (release) [ARM/embedded-4_9-br"
 220      4320342E 
 220      392E3320 
 220      32303135 
 220      30333033 
 221 00c4 616E6368 		.ascii	"anch revision 221220] -mcpu=cortex-m3 -mthumb -g -O"
 221      20726576 
 221      6973696F 
 221      6E203232 
 221      31323230 
 222 00f7 67202D66 		.ascii	"g -ffunction-sections -ffat-lto-objects\000"
 222      66756E63 
 222      74696F6E 
 222      2D736563 
 222      74696F6E 
 223              	.LASF1:
 224 011f 756E7369 		.ascii	"unsigned char\000"
 224      676E6564 
 224      20636861 
 224      7200
 225              	.LASF11:
 226 012d 63686172 		.ascii	"char\000"
 226      00
 227              	.LASF4:
 228 0132 6C6F6E67 		.ascii	"long int\000"
 228      20696E74 
 228      00
 229              	.LASF10:
 230 013b 646F7562 		.ascii	"double\000"
 230      6C6500
 231              	.LASF3:
 232 0142 73686F72 		.ascii	"short unsigned int\000"
 232      7420756E 
 232      7369676E 
 232      65642069 
 232      6E7400
 233              	.LASF0:
 234 0155 7369676E 		.ascii	"signed char\000"
 234      65642063 
 234      68617200 
 235              	.LASF9:
 236 0161 666C6F61 		.ascii	"float\000"
 236      7400
 237              	.LASF2:
ARM GAS  C:\Users\pxc\AppData\Local\Temp\cc4ItclL.s 			page 7


 238 0167 73686F72 		.ascii	"short int\000"
 238      7420696E 
 238      7400
 239              	.LASF12:
 240 0171 73697A65 		.ascii	"sizetype\000"
 240      74797065 
 240      00
 241              		.ident	"GCC: (GNU Tools for ARM Embedded Processors) 4.9.3 20150303 (release) [ARM/embedded-4_9-br
