--------------- Clean Started: 12/16/2016 09:15:42 Project: car, Configuration: ARM GCC 4.9-2015-q1-update Debug ---------------
Deleting file ".\CortexM3\ARM_GCC_493\Debug\main.o"
Deleting file ".\CortexM3\ARM_GCC_493\Debug\Transfer.o"
Deleting file ".\CortexM3\ARM_GCC_493\Debug\car.o"
Deleting file ".\CortexM3\ARM_GCC_493\Debug\battery.o"
Deleting file ".\CortexM3\ARM_GCC_493\Debug\Lidar.o"
Deleting file ".\CortexM3\ARM_GCC_493\Debug\systemInfo.o"
Deleting file ".\CortexM3\ARM_GCC_493\Debug\multi_timer.o"
Deleting file ".\CortexM3\ARM_GCC_493\Debug\led.o"
Deleting file ".\CortexM3\ARM_GCC_493\Debug\cyfitter_cfg.o"
Deleting file ".\CortexM3\ARM_GCC_493\Debug\cymetadata.o"
Deleting file ".\CortexM3\ARM_GCC_493\Debug\Cm3Start.o"
Deleting file ".\CortexM3\ARM_GCC_493\Debug\CyBootAsmGnu.o"
Deleting file ".\CortexM3\ARM_GCC_493\Debug\CyDmac.o"
Deleting file ".\CortexM3\ARM_GCC_493\Debug\CyFlash.o"
Deleting file ".\CortexM3\ARM_GCC_493\Debug\CyLib.o"
Deleting file ".\CortexM3\ARM_GCC_493\Debug\cyPm.o"
Deleting file ".\CortexM3\ARM_GCC_493\Debug\CySpc.o"
Deleting file ".\CortexM3\ARM_GCC_493\Debug\cyutils.o"
Deleting file ".\CortexM3\ARM_GCC_493\Debug\UART_net.o"
Deleting file ".\CortexM3\ARM_GCC_493\Debug\UART_net_PM.o"
Deleting file ".\CortexM3\ARM_GCC_493\Debug\UART_net_INT.o"
Deleting file ".\CortexM3\ARM_GCC_493\Debug\UART_net_BOOT.o"
Deleting file ".\CortexM3\ARM_GCC_493\Debug\UART_net_IntClock.o"
Deleting file ".\CortexM3\ARM_GCC_493\Debug\isr_tx_net.o"
Deleting file ".\CortexM3\ARM_GCC_493\Debug\isr_rx_net.o"
Deleting file ".\CortexM3\ARM_GCC_493\Debug\Pin_1.o"
Deleting file ".\CortexM3\ARM_GCC_493\Debug\Clock_1.o"
Deleting file ".\CortexM3\ARM_GCC_493\Debug\L_PWM_1.o"
Deleting file ".\CortexM3\ARM_GCC_493\Debug\R_PWM_1.o"
Deleting file ".\CortexM3\ARM_GCC_493\Debug\L_IN_1.o"
Deleting file ".\CortexM3\ARM_GCC_493\Debug\L_IN_2.o"
Deleting file ".\CortexM3\ARM_GCC_493\Debug\R_IN_1.o"
Deleting file ".\CortexM3\ARM_GCC_493\Debug\R_IN_2.o"
Deleting file ".\CortexM3\ARM_GCC_493\Debug\PWM_MOTOR.o"
Deleting file ".\CortexM3\ARM_GCC_493\Debug\PWM_MOTOR_PM.o"
Deleting file ".\CortexM3\ARM_GCC_493\Debug\Timer_1.o"
Deleting file ".\CortexM3\ARM_GCC_493\Debug\Timer_1_PM.o"
Deleting file ".\CortexM3\ARM_GCC_493\Debug\isr_timer.o"
Deleting file ".\CortexM3\ARM_GCC_493\Debug\UART_JY.o"
Deleting file ".\CortexM3\ARM_GCC_493\Debug\UART_JY_PM.o"
Deleting file ".\CortexM3\ARM_GCC_493\Debug\UART_JY_INT.o"
Deleting file ".\CortexM3\ARM_GCC_493\Debug\UART_JY_BOOT.o"
Deleting file ".\CortexM3\ARM_GCC_493\Debug\isr_rx_jy.o"
Deleting file ".\CortexM3\ARM_GCC_493\Debug\UART_JY_IntClock.o"
Deleting file ".\CortexM3\ARM_GCC_493\Debug\LED1.o"
Deleting file ".\CortexM3\ARM_GCC_493\Debug\LED2.o"
Deleting file ".\CortexM3\ARM_GCC_493\Debug\LED3.o"
Deleting file ".\CortexM3\ARM_GCC_493\Debug\LED4.o"
Deleting file ".\CortexM3\ARM_GCC_493\Debug\PWM_LED_1.o"
Deleting file ".\CortexM3\ARM_GCC_493\Debug\PWM_LED_1_PM.o"
Deleting file ".\CortexM3\ARM_GCC_493\Debug\LED5.o"
Deleting file ".\CortexM3\ARM_GCC_493\Debug\LED6.o"
Deleting file ".\CortexM3\ARM_GCC_493\Debug\PWM_LED_2.o"
Deleting file ".\CortexM3\ARM_GCC_493\Debug\PWM_LED_2_PM.o"
Deleting file ".\CortexM3\ARM_GCC_493\Debug\LED7.o"
Deleting file ".\CortexM3\ARM_GCC_493\Debug\LED8.o"
Deleting file ".\CortexM3\ARM_GCC_493\Debug\PWM_LED_3.o"
Deleting file ".\CortexM3\ARM_GCC_493\Debug\PWM_LED_3_PM.o"
Deleting file ".\CortexM3\ARM_GCC_493\Debug\Clock_6.o"
Deleting file ".\CortexM3\ARM_GCC_493\Debug\IN_C.o"
Deleting file ".\CortexM3\ARM_GCC_493\Debug\IN_D.o"
Deleting file ".\CortexM3\ARM_GCC_493\Debug\ADC.o"
Deleting file ".\CortexM3\ARM_GCC_493\Debug\ADC_PM.o"
Deleting file ".\CortexM3\ARM_GCC_493\Debug\ADC_INT.o"
Deleting file ".\CortexM3\ARM_GCC_493\Debug\ADC_SAR.o"
Deleting file ".\CortexM3\ARM_GCC_493\Debug\ADC_SAR_INT.o"
Deleting file ".\CortexM3\ARM_GCC_493\Debug\ADC_SAR_PM.o"
Deleting file ".\CortexM3\ARM_GCC_493\Debug\ADC_IntClock.o"
Deleting file ".\CortexM3\ARM_GCC_493\Debug\ADC_TempBuf_dma.o"
Deleting file ".\CortexM3\ARM_GCC_493\Debug\ADC_FinalBuf_dma.o"
Deleting file ".\CortexM3\ARM_GCC_493\Debug\ADC_IRQ.o"
Deleting file ".\CortexM3\ARM_GCC_493\Debug\CONTRAL_LIDAR.o"
Deleting file ".\CortexM3\ARM_GCC_493\Debug\debug_time.o"
Deleting file ".\CortexM3\ARM_GCC_493\Debug\PTZ_UP_EN.o"
Deleting file ".\CortexM3\ARM_GCC_493\Debug\PTZ_UP_STEP.o"
Deleting file ".\CortexM3\ARM_GCC_493\Debug\PTZ_UP_DIR.o"
Deleting file ".\CortexM3\ARM_GCC_493\Debug\PTZ_DOWN_EN.o"
Deleting file ".\CortexM3\ARM_GCC_493\Debug\PTZ_DOWN_STEP.o"
Deleting file ".\CortexM3\ARM_GCC_493\Debug\PTZ_DOWN_DIR.o"
Deleting file ".\CortexM3\ARM_GCC_493\Debug\IN_P.o"
Deleting file ".\CortexM3\ARM_GCC_493\Debug\isr_1.o"
Deleting file ".\CortexM3\ARM_GCC_493\Debug\SRF_TRG_1.o"
Deleting file ".\CortexM3\ARM_GCC_493\Debug\SRF_05_Timer.o"
Deleting file ".\CortexM3\ARM_GCC_493\Debug\SRF_05_Timer_PM.o"
Deleting file ".\CortexM3\ARM_GCC_493\Debug\isr_srf_front.o"
Deleting file ".\CortexM3\ARM_GCC_493\Debug\SRF_ECHO_1.o"
Deleting file ".\CortexM3\ARM_GCC_493\Debug\isr_srf_back.o"
Deleting file ".\CortexM3\ARM_GCC_493\Debug\SRF_ECHO_2.o"
Deleting file ".\CortexM3\ARM_GCC_493\Debug\SRF_TRG_2.o"
Deleting file ".\CortexM3\ARM_GCC_493\Debug\SRF_05_Timer_1.o"
Deleting file ".\CortexM3\ARM_GCC_493\Debug\SRF_05_Timer_1_PM.o"
Deleting file ".\CortexM3\ARM_GCC_493\Debug\CHANGE_PWR.o"
Deleting file ".\CortexM3\ARM_GCC_493\Debug\QuadDec_1.o"
Deleting file ".\CortexM3\ARM_GCC_493\Debug\QuadDec_1_PM.o"
Deleting file ".\CortexM3\ARM_GCC_493\Debug\Pin_2.o"
Deleting file ".\CortexM3\ARM_GCC_493\Debug\QuadDec_1_Cnt16.o"
Deleting file ".\CortexM3\ARM_GCC_493\Debug\QuadDec_1_Cnt16_PM.o"
Deleting file ".\CortexM3\ARM_GCC_493\Debug\EEPROM.o"
Deleting file ".\CortexM3\ARM_GCC_493\Debug\car.hex"
Deleting file ".\CortexM3\ARM_GCC_493\Debug\car.elf"
Deleting file ".\CortexM3\ARM_GCC_493\Debug\car.map"
Deleting file ".\car.cycdx"
Deleting file ".\car.svd"
Deleting file ".\car.rpt"
Deleting file ".\car_timing.html"
Deleting file ".\CortexM3\ARM_GCC_493\Debug\.deps\C_FILE.P"
Deleting file ".\CortexM3\ARM_GCC_493\Debug\.deps\ARM_C_FILE.P"
Deleting file ".\CortexM3\ARM_GCC_493\Debug\.deps\GNU_ARM_ASM_FILE.P"
--------------- Clean Succeeded: 12/16/2016 09:15:42 ---------------
