ARM GAS  C:\Users\pxc\AppData\Local\Temp\ccxK4ewF.s 			page 1


   1              		.syntax unified
   2              		.cpu cortex-m3
   3              		.fpu softvfp
   4              		.eabi_attribute 20, 1
   5              		.eabi_attribute 21, 1
   6              		.eabi_attribute 23, 3
   7              		.eabi_attribute 24, 1
   8              		.eabi_attribute 25, 1
   9              		.eabi_attribute 26, 1
  10              		.eabi_attribute 30, 1
  11              		.eabi_attribute 34, 1
  12              		.eabi_attribute 18, 4
  13              		.thumb
  14              		.file	"isr_rx_LIDAR.c"
  15              		.text
  16              	.Ltext0:
  17              		.cfi_sections	.debug_frame
  18              		.section	.text.isr_rx_LIDAR_Interrupt,"ax",%progbits
  19              		.align	2
  20              		.global	isr_rx_LIDAR_Interrupt
  21              		.thumb
  22              		.thumb_func
  23              		.type	isr_rx_LIDAR_Interrupt, %function
  24              	isr_rx_LIDAR_Interrupt:
  25              	.LFB66:
  26              		.file 1 ".\\Generated_Source\\PSoC5\\isr_rx_LIDAR.c"
   1:.\Generated_Source\PSoC5/isr_rx_LIDAR.c **** /*******************************************************************************
   2:.\Generated_Source\PSoC5/isr_rx_LIDAR.c **** * File Name: isr_rx_LIDAR.c  
   3:.\Generated_Source\PSoC5/isr_rx_LIDAR.c **** * Version 1.70
   4:.\Generated_Source\PSoC5/isr_rx_LIDAR.c **** *
   5:.\Generated_Source\PSoC5/isr_rx_LIDAR.c **** *  Description:
   6:.\Generated_Source\PSoC5/isr_rx_LIDAR.c **** *   API for controlling the state of an interrupt.
   7:.\Generated_Source\PSoC5/isr_rx_LIDAR.c **** *
   8:.\Generated_Source\PSoC5/isr_rx_LIDAR.c **** *
   9:.\Generated_Source\PSoC5/isr_rx_LIDAR.c **** *  Note:
  10:.\Generated_Source\PSoC5/isr_rx_LIDAR.c **** *
  11:.\Generated_Source\PSoC5/isr_rx_LIDAR.c **** ********************************************************************************
  12:.\Generated_Source\PSoC5/isr_rx_LIDAR.c **** * Copyright 2008-2015, Cypress Semiconductor Corporation.  All rights reserved.
  13:.\Generated_Source\PSoC5/isr_rx_LIDAR.c **** * You may use this file only in accordance with the license, terms, conditions, 
  14:.\Generated_Source\PSoC5/isr_rx_LIDAR.c **** * disclaimers, and limitations in the end user license agreement accompanying 
  15:.\Generated_Source\PSoC5/isr_rx_LIDAR.c **** * the software package with which this file was provided.
  16:.\Generated_Source\PSoC5/isr_rx_LIDAR.c **** *******************************************************************************/
  17:.\Generated_Source\PSoC5/isr_rx_LIDAR.c **** 
  18:.\Generated_Source\PSoC5/isr_rx_LIDAR.c **** 
  19:.\Generated_Source\PSoC5/isr_rx_LIDAR.c **** #include <cydevice_trm.h>
  20:.\Generated_Source\PSoC5/isr_rx_LIDAR.c **** #include <CyLib.h>
  21:.\Generated_Source\PSoC5/isr_rx_LIDAR.c **** #include <isr_rx_LIDAR.h>
  22:.\Generated_Source\PSoC5/isr_rx_LIDAR.c **** #include "cyapicallbacks.h"
  23:.\Generated_Source\PSoC5/isr_rx_LIDAR.c **** 
  24:.\Generated_Source\PSoC5/isr_rx_LIDAR.c **** #if !defined(isr_rx_LIDAR__REMOVED) /* Check for removal by optimization */
  25:.\Generated_Source\PSoC5/isr_rx_LIDAR.c **** 
  26:.\Generated_Source\PSoC5/isr_rx_LIDAR.c **** /*******************************************************************************
  27:.\Generated_Source\PSoC5/isr_rx_LIDAR.c **** *  Place your includes, defines and code here 
  28:.\Generated_Source\PSoC5/isr_rx_LIDAR.c **** ********************************************************************************/
  29:.\Generated_Source\PSoC5/isr_rx_LIDAR.c **** /* `#START isr_rx_LIDAR_intc` */
  30:.\Generated_Source\PSoC5/isr_rx_LIDAR.c **** #include "UART_LIDAR.h"
  31:.\Generated_Source\PSoC5/isr_rx_LIDAR.c **** #include "Uart_net.h"
ARM GAS  C:\Users\pxc\AppData\Local\Temp\ccxK4ewF.s 			page 2


  32:.\Generated_Source\PSoC5/isr_rx_LIDAR.c **** #include "Lidar.h"
  33:.\Generated_Source\PSoC5/isr_rx_LIDAR.c **** /* `#END` */
  34:.\Generated_Source\PSoC5/isr_rx_LIDAR.c **** 
  35:.\Generated_Source\PSoC5/isr_rx_LIDAR.c **** #ifndef CYINT_IRQ_BASE
  36:.\Generated_Source\PSoC5/isr_rx_LIDAR.c **** #define CYINT_IRQ_BASE      16
  37:.\Generated_Source\PSoC5/isr_rx_LIDAR.c **** #endif /* CYINT_IRQ_BASE */
  38:.\Generated_Source\PSoC5/isr_rx_LIDAR.c **** #ifndef CYINT_VECT_TABLE
  39:.\Generated_Source\PSoC5/isr_rx_LIDAR.c **** #define CYINT_VECT_TABLE    ((cyisraddress **) CYREG_NVIC_VECT_OFFSET)
  40:.\Generated_Source\PSoC5/isr_rx_LIDAR.c **** #endif /* CYINT_VECT_TABLE */
  41:.\Generated_Source\PSoC5/isr_rx_LIDAR.c **** 
  42:.\Generated_Source\PSoC5/isr_rx_LIDAR.c **** /* Declared in startup, used to set unused interrupts to. */
  43:.\Generated_Source\PSoC5/isr_rx_LIDAR.c **** CY_ISR_PROTO(IntDefaultHandler);
  44:.\Generated_Source\PSoC5/isr_rx_LIDAR.c **** 
  45:.\Generated_Source\PSoC5/isr_rx_LIDAR.c **** 
  46:.\Generated_Source\PSoC5/isr_rx_LIDAR.c **** /*******************************************************************************
  47:.\Generated_Source\PSoC5/isr_rx_LIDAR.c **** * Function Name: isr_rx_LIDAR_Start
  48:.\Generated_Source\PSoC5/isr_rx_LIDAR.c **** ********************************************************************************
  49:.\Generated_Source\PSoC5/isr_rx_LIDAR.c **** *
  50:.\Generated_Source\PSoC5/isr_rx_LIDAR.c **** * Summary:
  51:.\Generated_Source\PSoC5/isr_rx_LIDAR.c **** *  Set up the interrupt and enable it. This function disables the interrupt, 
  52:.\Generated_Source\PSoC5/isr_rx_LIDAR.c **** *  sets the default interrupt vector, sets the priority from the value in the
  53:.\Generated_Source\PSoC5/isr_rx_LIDAR.c **** *  Design Wide Resources Interrupt Editor, then enables the interrupt to the 
  54:.\Generated_Source\PSoC5/isr_rx_LIDAR.c **** *  interrupt controller.
  55:.\Generated_Source\PSoC5/isr_rx_LIDAR.c **** *
  56:.\Generated_Source\PSoC5/isr_rx_LIDAR.c **** * Parameters:  
  57:.\Generated_Source\PSoC5/isr_rx_LIDAR.c **** *   None
  58:.\Generated_Source\PSoC5/isr_rx_LIDAR.c **** *
  59:.\Generated_Source\PSoC5/isr_rx_LIDAR.c **** * Return:
  60:.\Generated_Source\PSoC5/isr_rx_LIDAR.c **** *   None
  61:.\Generated_Source\PSoC5/isr_rx_LIDAR.c **** *
  62:.\Generated_Source\PSoC5/isr_rx_LIDAR.c **** *******************************************************************************/
  63:.\Generated_Source\PSoC5/isr_rx_LIDAR.c **** void isr_rx_LIDAR_Start(void)
  64:.\Generated_Source\PSoC5/isr_rx_LIDAR.c **** {
  65:.\Generated_Source\PSoC5/isr_rx_LIDAR.c ****     /* For all we know the interrupt is active. */
  66:.\Generated_Source\PSoC5/isr_rx_LIDAR.c ****     isr_rx_LIDAR_Disable();
  67:.\Generated_Source\PSoC5/isr_rx_LIDAR.c **** 
  68:.\Generated_Source\PSoC5/isr_rx_LIDAR.c ****     /* Set the ISR to point to the isr_rx_LIDAR Interrupt. */
  69:.\Generated_Source\PSoC5/isr_rx_LIDAR.c ****     isr_rx_LIDAR_SetVector(&isr_rx_LIDAR_Interrupt);
  70:.\Generated_Source\PSoC5/isr_rx_LIDAR.c **** 
  71:.\Generated_Source\PSoC5/isr_rx_LIDAR.c ****     /* Set the priority. */
  72:.\Generated_Source\PSoC5/isr_rx_LIDAR.c ****     isr_rx_LIDAR_SetPriority((uint8)isr_rx_LIDAR_INTC_PRIOR_NUMBER);
  73:.\Generated_Source\PSoC5/isr_rx_LIDAR.c **** 
  74:.\Generated_Source\PSoC5/isr_rx_LIDAR.c ****     /* Enable it. */
  75:.\Generated_Source\PSoC5/isr_rx_LIDAR.c ****     isr_rx_LIDAR_Enable();
  76:.\Generated_Source\PSoC5/isr_rx_LIDAR.c **** }
  77:.\Generated_Source\PSoC5/isr_rx_LIDAR.c **** 
  78:.\Generated_Source\PSoC5/isr_rx_LIDAR.c **** 
  79:.\Generated_Source\PSoC5/isr_rx_LIDAR.c **** /*******************************************************************************
  80:.\Generated_Source\PSoC5/isr_rx_LIDAR.c **** * Function Name: isr_rx_LIDAR_StartEx
  81:.\Generated_Source\PSoC5/isr_rx_LIDAR.c **** ********************************************************************************
  82:.\Generated_Source\PSoC5/isr_rx_LIDAR.c **** *
  83:.\Generated_Source\PSoC5/isr_rx_LIDAR.c **** * Summary:
  84:.\Generated_Source\PSoC5/isr_rx_LIDAR.c **** *  Sets up the interrupt and enables it. This function disables the interrupt,
  85:.\Generated_Source\PSoC5/isr_rx_LIDAR.c **** *  sets the interrupt vector based on the address passed in, sets the priority 
  86:.\Generated_Source\PSoC5/isr_rx_LIDAR.c **** *  from the value in the Design Wide Resources Interrupt Editor, then enables 
  87:.\Generated_Source\PSoC5/isr_rx_LIDAR.c **** *  the interrupt to the interrupt controller.
  88:.\Generated_Source\PSoC5/isr_rx_LIDAR.c **** *  
ARM GAS  C:\Users\pxc\AppData\Local\Temp\ccxK4ewF.s 			page 3


  89:.\Generated_Source\PSoC5/isr_rx_LIDAR.c **** *  When defining ISR functions, the CY_ISR and CY_ISR_PROTO macros should be 
  90:.\Generated_Source\PSoC5/isr_rx_LIDAR.c **** *  used to provide consistent definition across compilers:
  91:.\Generated_Source\PSoC5/isr_rx_LIDAR.c **** *  
  92:.\Generated_Source\PSoC5/isr_rx_LIDAR.c **** *  Function definition example:
  93:.\Generated_Source\PSoC5/isr_rx_LIDAR.c **** *   CY_ISR(MyISR)
  94:.\Generated_Source\PSoC5/isr_rx_LIDAR.c **** *   {
  95:.\Generated_Source\PSoC5/isr_rx_LIDAR.c **** *   }
  96:.\Generated_Source\PSoC5/isr_rx_LIDAR.c **** *   Function prototype example:
  97:.\Generated_Source\PSoC5/isr_rx_LIDAR.c **** *   CY_ISR_PROTO(MyISR);
  98:.\Generated_Source\PSoC5/isr_rx_LIDAR.c **** *
  99:.\Generated_Source\PSoC5/isr_rx_LIDAR.c **** * Parameters:  
 100:.\Generated_Source\PSoC5/isr_rx_LIDAR.c **** *   address: Address of the ISR to set in the interrupt vector table.
 101:.\Generated_Source\PSoC5/isr_rx_LIDAR.c **** *
 102:.\Generated_Source\PSoC5/isr_rx_LIDAR.c **** * Return:
 103:.\Generated_Source\PSoC5/isr_rx_LIDAR.c **** *   None
 104:.\Generated_Source\PSoC5/isr_rx_LIDAR.c **** *
 105:.\Generated_Source\PSoC5/isr_rx_LIDAR.c **** *******************************************************************************/
 106:.\Generated_Source\PSoC5/isr_rx_LIDAR.c **** void isr_rx_LIDAR_StartEx(cyisraddress address)
 107:.\Generated_Source\PSoC5/isr_rx_LIDAR.c **** {
 108:.\Generated_Source\PSoC5/isr_rx_LIDAR.c ****     /* For all we know the interrupt is active. */
 109:.\Generated_Source\PSoC5/isr_rx_LIDAR.c ****     isr_rx_LIDAR_Disable();
 110:.\Generated_Source\PSoC5/isr_rx_LIDAR.c **** 
 111:.\Generated_Source\PSoC5/isr_rx_LIDAR.c ****     /* Set the ISR to point to the isr_rx_LIDAR Interrupt. */
 112:.\Generated_Source\PSoC5/isr_rx_LIDAR.c ****     isr_rx_LIDAR_SetVector(address);
 113:.\Generated_Source\PSoC5/isr_rx_LIDAR.c **** 
 114:.\Generated_Source\PSoC5/isr_rx_LIDAR.c ****     /* Set the priority. */
 115:.\Generated_Source\PSoC5/isr_rx_LIDAR.c ****     isr_rx_LIDAR_SetPriority((uint8)isr_rx_LIDAR_INTC_PRIOR_NUMBER);
 116:.\Generated_Source\PSoC5/isr_rx_LIDAR.c **** 
 117:.\Generated_Source\PSoC5/isr_rx_LIDAR.c ****     /* Enable it. */
 118:.\Generated_Source\PSoC5/isr_rx_LIDAR.c ****     isr_rx_LIDAR_Enable();
 119:.\Generated_Source\PSoC5/isr_rx_LIDAR.c **** }
 120:.\Generated_Source\PSoC5/isr_rx_LIDAR.c **** 
 121:.\Generated_Source\PSoC5/isr_rx_LIDAR.c **** 
 122:.\Generated_Source\PSoC5/isr_rx_LIDAR.c **** /*******************************************************************************
 123:.\Generated_Source\PSoC5/isr_rx_LIDAR.c **** * Function Name: isr_rx_LIDAR_Stop
 124:.\Generated_Source\PSoC5/isr_rx_LIDAR.c **** ********************************************************************************
 125:.\Generated_Source\PSoC5/isr_rx_LIDAR.c **** *
 126:.\Generated_Source\PSoC5/isr_rx_LIDAR.c **** * Summary:
 127:.\Generated_Source\PSoC5/isr_rx_LIDAR.c **** *   Disables and removes the interrupt.
 128:.\Generated_Source\PSoC5/isr_rx_LIDAR.c **** *
 129:.\Generated_Source\PSoC5/isr_rx_LIDAR.c **** * Parameters:  
 130:.\Generated_Source\PSoC5/isr_rx_LIDAR.c **** *   None
 131:.\Generated_Source\PSoC5/isr_rx_LIDAR.c **** *
 132:.\Generated_Source\PSoC5/isr_rx_LIDAR.c **** * Return:
 133:.\Generated_Source\PSoC5/isr_rx_LIDAR.c **** *   None
 134:.\Generated_Source\PSoC5/isr_rx_LIDAR.c **** *
 135:.\Generated_Source\PSoC5/isr_rx_LIDAR.c **** *******************************************************************************/
 136:.\Generated_Source\PSoC5/isr_rx_LIDAR.c **** void isr_rx_LIDAR_Stop(void)
 137:.\Generated_Source\PSoC5/isr_rx_LIDAR.c **** {
 138:.\Generated_Source\PSoC5/isr_rx_LIDAR.c ****     /* Disable this interrupt. */
 139:.\Generated_Source\PSoC5/isr_rx_LIDAR.c ****     isr_rx_LIDAR_Disable();
 140:.\Generated_Source\PSoC5/isr_rx_LIDAR.c **** 
 141:.\Generated_Source\PSoC5/isr_rx_LIDAR.c ****     /* Set the ISR to point to the passive one. */
 142:.\Generated_Source\PSoC5/isr_rx_LIDAR.c ****     isr_rx_LIDAR_SetVector(&IntDefaultHandler);
 143:.\Generated_Source\PSoC5/isr_rx_LIDAR.c **** }
 144:.\Generated_Source\PSoC5/isr_rx_LIDAR.c **** 
 145:.\Generated_Source\PSoC5/isr_rx_LIDAR.c **** 
ARM GAS  C:\Users\pxc\AppData\Local\Temp\ccxK4ewF.s 			page 4


 146:.\Generated_Source\PSoC5/isr_rx_LIDAR.c **** /*******************************************************************************
 147:.\Generated_Source\PSoC5/isr_rx_LIDAR.c **** * Function Name: isr_rx_LIDAR_Interrupt
 148:.\Generated_Source\PSoC5/isr_rx_LIDAR.c **** ********************************************************************************
 149:.\Generated_Source\PSoC5/isr_rx_LIDAR.c **** *
 150:.\Generated_Source\PSoC5/isr_rx_LIDAR.c **** * Summary:
 151:.\Generated_Source\PSoC5/isr_rx_LIDAR.c **** *   The default Interrupt Service Routine for isr_rx_LIDAR.
 152:.\Generated_Source\PSoC5/isr_rx_LIDAR.c **** *
 153:.\Generated_Source\PSoC5/isr_rx_LIDAR.c **** *   Add custom code between the coments to keep the next version of this file
 154:.\Generated_Source\PSoC5/isr_rx_LIDAR.c **** *   from over writting your code.
 155:.\Generated_Source\PSoC5/isr_rx_LIDAR.c **** *
 156:.\Generated_Source\PSoC5/isr_rx_LIDAR.c **** * Parameters:  
 157:.\Generated_Source\PSoC5/isr_rx_LIDAR.c **** *
 158:.\Generated_Source\PSoC5/isr_rx_LIDAR.c **** * Return:
 159:.\Generated_Source\PSoC5/isr_rx_LIDAR.c **** *   None
 160:.\Generated_Source\PSoC5/isr_rx_LIDAR.c **** *
 161:.\Generated_Source\PSoC5/isr_rx_LIDAR.c **** *******************************************************************************/
 162:.\Generated_Source\PSoC5/isr_rx_LIDAR.c **** CY_ISR(isr_rx_LIDAR_Interrupt)
 163:.\Generated_Source\PSoC5/isr_rx_LIDAR.c **** {
  27              		.loc 1 163 0
  28              		.cfi_startproc
  29              		@ args = 0, pretend = 0, frame = 0
  30              		@ frame_needed = 0, uses_anonymous_args = 0
  31 0000 08B5     		push	{r3, lr}
  32              		.cfi_def_cfa_offset 8
  33              		.cfi_offset 3, -8
  34              		.cfi_offset 14, -4
 164:.\Generated_Source\PSoC5/isr_rx_LIDAR.c ****     #ifdef isr_rx_LIDAR_INTERRUPT_INTERRUPT_CALLBACK
 165:.\Generated_Source\PSoC5/isr_rx_LIDAR.c ****         isr_rx_LIDAR_Interrupt_InterruptCallback();
 166:.\Generated_Source\PSoC5/isr_rx_LIDAR.c ****     #endif /* isr_rx_LIDAR_INTERRUPT_INTERRUPT_CALLBACK */ 
 167:.\Generated_Source\PSoC5/isr_rx_LIDAR.c **** 
 168:.\Generated_Source\PSoC5/isr_rx_LIDAR.c ****     /*  Place your Interrupt code here. */
 169:.\Generated_Source\PSoC5/isr_rx_LIDAR.c ****     /* `#START isr_rx_LIDAR_Interrupt` */
 170:.\Generated_Source\PSoC5/isr_rx_LIDAR.c ****     uint8 data;
 171:.\Generated_Source\PSoC5/isr_rx_LIDAR.c ****     data = UART_LIDAR_GetChar();
  35              		.loc 1 171 0
  36 0002 FFF7FEFF 		bl	UART_LIDAR_GetChar
  37              	.LVL0:
 172:.\Generated_Source\PSoC5/isr_rx_LIDAR.c ****    // UART_net_PutChar(data);
 173:.\Generated_Source\PSoC5/isr_rx_LIDAR.c ****     
 174:.\Generated_Source\PSoC5/isr_rx_LIDAR.c ****    // UART_net_PutChar(data);
 175:.\Generated_Source\PSoC5/isr_rx_LIDAR.c ****     Lidar_Normal_Data_Receive_Prepare(data);
  38              		.loc 1 175 0
  39 0006 FFF7FEFF 		bl	Lidar_Normal_Data_Receive_Prepare
  40              	.LVL1:
  41 000a 08BD     		pop	{r3, pc}
  42              		.cfi_endproc
  43              	.LFE66:
  44              		.size	isr_rx_LIDAR_Interrupt, .-isr_rx_LIDAR_Interrupt
  45              		.section	.text.isr_rx_LIDAR_SetVector,"ax",%progbits
  46              		.align	2
  47              		.global	isr_rx_LIDAR_SetVector
  48              		.thumb
  49              		.thumb_func
  50              		.type	isr_rx_LIDAR_SetVector, %function
  51              	isr_rx_LIDAR_SetVector:
  52              	.LFB67:
 176:.\Generated_Source\PSoC5/isr_rx_LIDAR.c **** 
ARM GAS  C:\Users\pxc\AppData\Local\Temp\ccxK4ewF.s 			page 5


 177:.\Generated_Source\PSoC5/isr_rx_LIDAR.c ****     /* `#END` */
 178:.\Generated_Source\PSoC5/isr_rx_LIDAR.c **** }
 179:.\Generated_Source\PSoC5/isr_rx_LIDAR.c **** 
 180:.\Generated_Source\PSoC5/isr_rx_LIDAR.c **** 
 181:.\Generated_Source\PSoC5/isr_rx_LIDAR.c **** /*******************************************************************************
 182:.\Generated_Source\PSoC5/isr_rx_LIDAR.c **** * Function Name: isr_rx_LIDAR_SetVector
 183:.\Generated_Source\PSoC5/isr_rx_LIDAR.c **** ********************************************************************************
 184:.\Generated_Source\PSoC5/isr_rx_LIDAR.c **** *
 185:.\Generated_Source\PSoC5/isr_rx_LIDAR.c **** * Summary:
 186:.\Generated_Source\PSoC5/isr_rx_LIDAR.c **** *   Change the ISR vector for the Interrupt. Note calling isr_rx_LIDAR_Start
 187:.\Generated_Source\PSoC5/isr_rx_LIDAR.c **** *   will override any effect this method would have had. To set the vector 
 188:.\Generated_Source\PSoC5/isr_rx_LIDAR.c **** *   before the component has been started use isr_rx_LIDAR_StartEx instead.
 189:.\Generated_Source\PSoC5/isr_rx_LIDAR.c **** * 
 190:.\Generated_Source\PSoC5/isr_rx_LIDAR.c **** *   When defining ISR functions, the CY_ISR and CY_ISR_PROTO macros should be 
 191:.\Generated_Source\PSoC5/isr_rx_LIDAR.c **** *   used to provide consistent definition across compilers:
 192:.\Generated_Source\PSoC5/isr_rx_LIDAR.c **** *
 193:.\Generated_Source\PSoC5/isr_rx_LIDAR.c **** *   Function definition example:
 194:.\Generated_Source\PSoC5/isr_rx_LIDAR.c **** *   CY_ISR(MyISR)
 195:.\Generated_Source\PSoC5/isr_rx_LIDAR.c **** *   {
 196:.\Generated_Source\PSoC5/isr_rx_LIDAR.c **** *   }
 197:.\Generated_Source\PSoC5/isr_rx_LIDAR.c **** *
 198:.\Generated_Source\PSoC5/isr_rx_LIDAR.c **** *   Function prototype example:
 199:.\Generated_Source\PSoC5/isr_rx_LIDAR.c **** *     CY_ISR_PROTO(MyISR);
 200:.\Generated_Source\PSoC5/isr_rx_LIDAR.c **** *
 201:.\Generated_Source\PSoC5/isr_rx_LIDAR.c **** * Parameters:
 202:.\Generated_Source\PSoC5/isr_rx_LIDAR.c **** *   address: Address of the ISR to set in the interrupt vector table.
 203:.\Generated_Source\PSoC5/isr_rx_LIDAR.c **** *
 204:.\Generated_Source\PSoC5/isr_rx_LIDAR.c **** * Return:
 205:.\Generated_Source\PSoC5/isr_rx_LIDAR.c **** *   None
 206:.\Generated_Source\PSoC5/isr_rx_LIDAR.c **** *
 207:.\Generated_Source\PSoC5/isr_rx_LIDAR.c **** *******************************************************************************/
 208:.\Generated_Source\PSoC5/isr_rx_LIDAR.c **** void isr_rx_LIDAR_SetVector(cyisraddress address)
 209:.\Generated_Source\PSoC5/isr_rx_LIDAR.c **** {
  53              		.loc 1 209 0
  54              		.cfi_startproc
  55              		@ args = 0, pretend = 0, frame = 0
  56              		@ frame_needed = 0, uses_anonymous_args = 0
  57              		@ link register save eliminated.
  58              	.LVL2:
 210:.\Generated_Source\PSoC5/isr_rx_LIDAR.c ****     cyisraddress * ramVectorTable;
 211:.\Generated_Source\PSoC5/isr_rx_LIDAR.c **** 
 212:.\Generated_Source\PSoC5/isr_rx_LIDAR.c ****     ramVectorTable = (cyisraddress *) *CYINT_VECT_TABLE;
  59              		.loc 1 212 0
  60 0000 014B     		ldr	r3, .L4
  61 0002 1B68     		ldr	r3, [r3]
  62              	.LVL3:
 213:.\Generated_Source\PSoC5/isr_rx_LIDAR.c **** 
 214:.\Generated_Source\PSoC5/isr_rx_LIDAR.c ****     ramVectorTable[CYINT_IRQ_BASE + (uint32)isr_rx_LIDAR__INTC_NUMBER] = address;
  63              		.loc 1 214 0
  64 0004 D864     		str	r0, [r3, #76]
  65 0006 7047     		bx	lr
  66              	.L5:
  67              		.align	2
  68              	.L4:
  69 0008 08ED00E0 		.word	-536810232
  70              		.cfi_endproc
  71              	.LFE67:
ARM GAS  C:\Users\pxc\AppData\Local\Temp\ccxK4ewF.s 			page 6


  72              		.size	isr_rx_LIDAR_SetVector, .-isr_rx_LIDAR_SetVector
  73              		.section	.text.isr_rx_LIDAR_GetVector,"ax",%progbits
  74              		.align	2
  75              		.global	isr_rx_LIDAR_GetVector
  76              		.thumb
  77              		.thumb_func
  78              		.type	isr_rx_LIDAR_GetVector, %function
  79              	isr_rx_LIDAR_GetVector:
  80              	.LFB68:
 215:.\Generated_Source\PSoC5/isr_rx_LIDAR.c **** }
 216:.\Generated_Source\PSoC5/isr_rx_LIDAR.c **** 
 217:.\Generated_Source\PSoC5/isr_rx_LIDAR.c **** 
 218:.\Generated_Source\PSoC5/isr_rx_LIDAR.c **** /*******************************************************************************
 219:.\Generated_Source\PSoC5/isr_rx_LIDAR.c **** * Function Name: isr_rx_LIDAR_GetVector
 220:.\Generated_Source\PSoC5/isr_rx_LIDAR.c **** ********************************************************************************
 221:.\Generated_Source\PSoC5/isr_rx_LIDAR.c **** *
 222:.\Generated_Source\PSoC5/isr_rx_LIDAR.c **** * Summary:
 223:.\Generated_Source\PSoC5/isr_rx_LIDAR.c **** *   Gets the "address" of the current ISR vector for the Interrupt.
 224:.\Generated_Source\PSoC5/isr_rx_LIDAR.c **** *
 225:.\Generated_Source\PSoC5/isr_rx_LIDAR.c **** * Parameters:
 226:.\Generated_Source\PSoC5/isr_rx_LIDAR.c **** *   None
 227:.\Generated_Source\PSoC5/isr_rx_LIDAR.c **** *
 228:.\Generated_Source\PSoC5/isr_rx_LIDAR.c **** * Return:
 229:.\Generated_Source\PSoC5/isr_rx_LIDAR.c **** *   Address of the ISR in the interrupt vector table.
 230:.\Generated_Source\PSoC5/isr_rx_LIDAR.c **** *
 231:.\Generated_Source\PSoC5/isr_rx_LIDAR.c **** *******************************************************************************/
 232:.\Generated_Source\PSoC5/isr_rx_LIDAR.c **** cyisraddress isr_rx_LIDAR_GetVector(void)
 233:.\Generated_Source\PSoC5/isr_rx_LIDAR.c **** {
  81              		.loc 1 233 0
  82              		.cfi_startproc
  83              		@ args = 0, pretend = 0, frame = 0
  84              		@ frame_needed = 0, uses_anonymous_args = 0
  85              		@ link register save eliminated.
 234:.\Generated_Source\PSoC5/isr_rx_LIDAR.c ****     cyisraddress * ramVectorTable;
 235:.\Generated_Source\PSoC5/isr_rx_LIDAR.c **** 
 236:.\Generated_Source\PSoC5/isr_rx_LIDAR.c ****     ramVectorTable = (cyisraddress *) *CYINT_VECT_TABLE;
  86              		.loc 1 236 0
  87 0000 014B     		ldr	r3, .L7
  88 0002 1B68     		ldr	r3, [r3]
  89              	.LVL4:
 237:.\Generated_Source\PSoC5/isr_rx_LIDAR.c **** 
 238:.\Generated_Source\PSoC5/isr_rx_LIDAR.c ****     return ramVectorTable[CYINT_IRQ_BASE + (uint32)isr_rx_LIDAR__INTC_NUMBER];
 239:.\Generated_Source\PSoC5/isr_rx_LIDAR.c **** }
  90              		.loc 1 239 0
  91 0004 D86C     		ldr	r0, [r3, #76]
  92 0006 7047     		bx	lr
  93              	.L8:
  94              		.align	2
  95              	.L7:
  96 0008 08ED00E0 		.word	-536810232
  97              		.cfi_endproc
  98              	.LFE68:
  99              		.size	isr_rx_LIDAR_GetVector, .-isr_rx_LIDAR_GetVector
 100              		.section	.text.isr_rx_LIDAR_SetPriority,"ax",%progbits
 101              		.align	2
 102              		.global	isr_rx_LIDAR_SetPriority
 103              		.thumb
ARM GAS  C:\Users\pxc\AppData\Local\Temp\ccxK4ewF.s 			page 7


 104              		.thumb_func
 105              		.type	isr_rx_LIDAR_SetPriority, %function
 106              	isr_rx_LIDAR_SetPriority:
 107              	.LFB69:
 240:.\Generated_Source\PSoC5/isr_rx_LIDAR.c **** 
 241:.\Generated_Source\PSoC5/isr_rx_LIDAR.c **** 
 242:.\Generated_Source\PSoC5/isr_rx_LIDAR.c **** /*******************************************************************************
 243:.\Generated_Source\PSoC5/isr_rx_LIDAR.c **** * Function Name: isr_rx_LIDAR_SetPriority
 244:.\Generated_Source\PSoC5/isr_rx_LIDAR.c **** ********************************************************************************
 245:.\Generated_Source\PSoC5/isr_rx_LIDAR.c **** *
 246:.\Generated_Source\PSoC5/isr_rx_LIDAR.c **** * Summary:
 247:.\Generated_Source\PSoC5/isr_rx_LIDAR.c **** *   Sets the Priority of the Interrupt. 
 248:.\Generated_Source\PSoC5/isr_rx_LIDAR.c **** *
 249:.\Generated_Source\PSoC5/isr_rx_LIDAR.c **** *   Note calling isr_rx_LIDAR_Start or isr_rx_LIDAR_StartEx will 
 250:.\Generated_Source\PSoC5/isr_rx_LIDAR.c **** *   override any effect this API would have had. This API should only be called
 251:.\Generated_Source\PSoC5/isr_rx_LIDAR.c **** *   after isr_rx_LIDAR_Start or isr_rx_LIDAR_StartEx has been called. 
 252:.\Generated_Source\PSoC5/isr_rx_LIDAR.c **** *   To set the initial priority for the component, use the Design-Wide Resources
 253:.\Generated_Source\PSoC5/isr_rx_LIDAR.c **** *   Interrupt Editor.
 254:.\Generated_Source\PSoC5/isr_rx_LIDAR.c **** *
 255:.\Generated_Source\PSoC5/isr_rx_LIDAR.c **** *   Note This API has no effect on Non-maskable interrupt NMI).
 256:.\Generated_Source\PSoC5/isr_rx_LIDAR.c **** *
 257:.\Generated_Source\PSoC5/isr_rx_LIDAR.c **** * Parameters:
 258:.\Generated_Source\PSoC5/isr_rx_LIDAR.c **** *   priority: Priority of the interrupt, 0 being the highest priority
 259:.\Generated_Source\PSoC5/isr_rx_LIDAR.c **** *             PSoC 3 and PSoC 5LP: Priority is from 0 to 7.
 260:.\Generated_Source\PSoC5/isr_rx_LIDAR.c **** *             PSoC 4: Priority is from 0 to 3.
 261:.\Generated_Source\PSoC5/isr_rx_LIDAR.c **** *
 262:.\Generated_Source\PSoC5/isr_rx_LIDAR.c **** * Return:
 263:.\Generated_Source\PSoC5/isr_rx_LIDAR.c **** *   None
 264:.\Generated_Source\PSoC5/isr_rx_LIDAR.c **** *
 265:.\Generated_Source\PSoC5/isr_rx_LIDAR.c **** *******************************************************************************/
 266:.\Generated_Source\PSoC5/isr_rx_LIDAR.c **** void isr_rx_LIDAR_SetPriority(uint8 priority)
 267:.\Generated_Source\PSoC5/isr_rx_LIDAR.c **** {
 108              		.loc 1 267 0
 109              		.cfi_startproc
 110              		@ args = 0, pretend = 0, frame = 0
 111              		@ frame_needed = 0, uses_anonymous_args = 0
 112              		@ link register save eliminated.
 113              	.LVL5:
 268:.\Generated_Source\PSoC5/isr_rx_LIDAR.c ****     *isr_rx_LIDAR_INTC_PRIOR = priority << 5;
 114              		.loc 1 268 0
 115 0000 4001     		lsls	r0, r0, #5
 116              	.LVL6:
 117 0002 C0B2     		uxtb	r0, r0
 118 0004 014B     		ldr	r3, .L10
 119 0006 1870     		strb	r0, [r3]
 120 0008 7047     		bx	lr
 121              	.L11:
 122 000a 00BF     		.align	2
 123              	.L10:
 124 000c 03E400E0 		.word	-536812541
 125              		.cfi_endproc
 126              	.LFE69:
 127              		.size	isr_rx_LIDAR_SetPriority, .-isr_rx_LIDAR_SetPriority
 128              		.section	.text.isr_rx_LIDAR_GetPriority,"ax",%progbits
 129              		.align	2
 130              		.global	isr_rx_LIDAR_GetPriority
 131              		.thumb
ARM GAS  C:\Users\pxc\AppData\Local\Temp\ccxK4ewF.s 			page 8


 132              		.thumb_func
 133              		.type	isr_rx_LIDAR_GetPriority, %function
 134              	isr_rx_LIDAR_GetPriority:
 135              	.LFB70:
 269:.\Generated_Source\PSoC5/isr_rx_LIDAR.c **** }
 270:.\Generated_Source\PSoC5/isr_rx_LIDAR.c **** 
 271:.\Generated_Source\PSoC5/isr_rx_LIDAR.c **** 
 272:.\Generated_Source\PSoC5/isr_rx_LIDAR.c **** /*******************************************************************************
 273:.\Generated_Source\PSoC5/isr_rx_LIDAR.c **** * Function Name: isr_rx_LIDAR_GetPriority
 274:.\Generated_Source\PSoC5/isr_rx_LIDAR.c **** ********************************************************************************
 275:.\Generated_Source\PSoC5/isr_rx_LIDAR.c **** *
 276:.\Generated_Source\PSoC5/isr_rx_LIDAR.c **** * Summary:
 277:.\Generated_Source\PSoC5/isr_rx_LIDAR.c **** *   Gets the Priority of the Interrupt.
 278:.\Generated_Source\PSoC5/isr_rx_LIDAR.c **** *
 279:.\Generated_Source\PSoC5/isr_rx_LIDAR.c **** * Parameters:
 280:.\Generated_Source\PSoC5/isr_rx_LIDAR.c **** *   None
 281:.\Generated_Source\PSoC5/isr_rx_LIDAR.c **** *
 282:.\Generated_Source\PSoC5/isr_rx_LIDAR.c **** * Return:
 283:.\Generated_Source\PSoC5/isr_rx_LIDAR.c **** *   Priority of the interrupt, 0 being the highest priority
 284:.\Generated_Source\PSoC5/isr_rx_LIDAR.c **** *    PSoC 3 and PSoC 5LP: Priority is from 0 to 7.
 285:.\Generated_Source\PSoC5/isr_rx_LIDAR.c **** *    PSoC 4: Priority is from 0 to 3.
 286:.\Generated_Source\PSoC5/isr_rx_LIDAR.c **** *
 287:.\Generated_Source\PSoC5/isr_rx_LIDAR.c **** *******************************************************************************/
 288:.\Generated_Source\PSoC5/isr_rx_LIDAR.c **** uint8 isr_rx_LIDAR_GetPriority(void)
 289:.\Generated_Source\PSoC5/isr_rx_LIDAR.c **** {
 136              		.loc 1 289 0
 137              		.cfi_startproc
 138              		@ args = 0, pretend = 0, frame = 0
 139              		@ frame_needed = 0, uses_anonymous_args = 0
 140              		@ link register save eliminated.
 290:.\Generated_Source\PSoC5/isr_rx_LIDAR.c ****     uint8 priority;
 291:.\Generated_Source\PSoC5/isr_rx_LIDAR.c **** 
 292:.\Generated_Source\PSoC5/isr_rx_LIDAR.c **** 
 293:.\Generated_Source\PSoC5/isr_rx_LIDAR.c ****     priority = *isr_rx_LIDAR_INTC_PRIOR >> 5;
 141              		.loc 1 293 0
 142 0000 014B     		ldr	r3, .L13
 143 0002 1878     		ldrb	r0, [r3]	@ zero_extendqisi2
 144              	.LVL7:
 294:.\Generated_Source\PSoC5/isr_rx_LIDAR.c **** 
 295:.\Generated_Source\PSoC5/isr_rx_LIDAR.c ****     return priority;
 296:.\Generated_Source\PSoC5/isr_rx_LIDAR.c **** }
 145              		.loc 1 296 0
 146 0004 4009     		lsrs	r0, r0, #5
 147              	.LVL8:
 148 0006 7047     		bx	lr
 149              	.L14:
 150              		.align	2
 151              	.L13:
 152 0008 03E400E0 		.word	-536812541
 153              		.cfi_endproc
 154              	.LFE70:
 155              		.size	isr_rx_LIDAR_GetPriority, .-isr_rx_LIDAR_GetPriority
 156              		.section	.text.isr_rx_LIDAR_Enable,"ax",%progbits
 157              		.align	2
 158              		.global	isr_rx_LIDAR_Enable
 159              		.thumb
 160              		.thumb_func
ARM GAS  C:\Users\pxc\AppData\Local\Temp\ccxK4ewF.s 			page 9


 161              		.type	isr_rx_LIDAR_Enable, %function
 162              	isr_rx_LIDAR_Enable:
 163              	.LFB71:
 297:.\Generated_Source\PSoC5/isr_rx_LIDAR.c **** 
 298:.\Generated_Source\PSoC5/isr_rx_LIDAR.c **** 
 299:.\Generated_Source\PSoC5/isr_rx_LIDAR.c **** /*******************************************************************************
 300:.\Generated_Source\PSoC5/isr_rx_LIDAR.c **** * Function Name: isr_rx_LIDAR_Enable
 301:.\Generated_Source\PSoC5/isr_rx_LIDAR.c **** ********************************************************************************
 302:.\Generated_Source\PSoC5/isr_rx_LIDAR.c **** *
 303:.\Generated_Source\PSoC5/isr_rx_LIDAR.c **** * Summary:
 304:.\Generated_Source\PSoC5/isr_rx_LIDAR.c **** *   Enables the interrupt to the interrupt controller. Do not call this function
 305:.\Generated_Source\PSoC5/isr_rx_LIDAR.c **** *   unless ISR_Start() has been called or the functionality of the ISR_Start() 
 306:.\Generated_Source\PSoC5/isr_rx_LIDAR.c **** *   function, which sets the vector and the priority, has been called.
 307:.\Generated_Source\PSoC5/isr_rx_LIDAR.c **** *
 308:.\Generated_Source\PSoC5/isr_rx_LIDAR.c **** * Parameters:
 309:.\Generated_Source\PSoC5/isr_rx_LIDAR.c **** *   None
 310:.\Generated_Source\PSoC5/isr_rx_LIDAR.c **** *
 311:.\Generated_Source\PSoC5/isr_rx_LIDAR.c **** * Return:
 312:.\Generated_Source\PSoC5/isr_rx_LIDAR.c **** *   None
 313:.\Generated_Source\PSoC5/isr_rx_LIDAR.c **** *
 314:.\Generated_Source\PSoC5/isr_rx_LIDAR.c **** *******************************************************************************/
 315:.\Generated_Source\PSoC5/isr_rx_LIDAR.c **** void isr_rx_LIDAR_Enable(void)
 316:.\Generated_Source\PSoC5/isr_rx_LIDAR.c **** {
 164              		.loc 1 316 0
 165              		.cfi_startproc
 166              		@ args = 0, pretend = 0, frame = 0
 167              		@ frame_needed = 0, uses_anonymous_args = 0
 168              		@ link register save eliminated.
 317:.\Generated_Source\PSoC5/isr_rx_LIDAR.c ****     /* Enable the general interrupt. */
 318:.\Generated_Source\PSoC5/isr_rx_LIDAR.c ****     *isr_rx_LIDAR_INTC_SET_EN = isr_rx_LIDAR__INTC_MASK;
 169              		.loc 1 318 0
 170 0000 0822     		movs	r2, #8
 171 0002 014B     		ldr	r3, .L16
 172 0004 1A60     		str	r2, [r3]
 173 0006 7047     		bx	lr
 174              	.L17:
 175              		.align	2
 176              	.L16:
 177 0008 00E100E0 		.word	-536813312
 178              		.cfi_endproc
 179              	.LFE71:
 180              		.size	isr_rx_LIDAR_Enable, .-isr_rx_LIDAR_Enable
 181              		.section	.text.isr_rx_LIDAR_GetState,"ax",%progbits
 182              		.align	2
 183              		.global	isr_rx_LIDAR_GetState
 184              		.thumb
 185              		.thumb_func
 186              		.type	isr_rx_LIDAR_GetState, %function
 187              	isr_rx_LIDAR_GetState:
 188              	.LFB72:
 319:.\Generated_Source\PSoC5/isr_rx_LIDAR.c **** }
 320:.\Generated_Source\PSoC5/isr_rx_LIDAR.c **** 
 321:.\Generated_Source\PSoC5/isr_rx_LIDAR.c **** 
 322:.\Generated_Source\PSoC5/isr_rx_LIDAR.c **** /*******************************************************************************
 323:.\Generated_Source\PSoC5/isr_rx_LIDAR.c **** * Function Name: isr_rx_LIDAR_GetState
 324:.\Generated_Source\PSoC5/isr_rx_LIDAR.c **** ********************************************************************************
 325:.\Generated_Source\PSoC5/isr_rx_LIDAR.c **** *
ARM GAS  C:\Users\pxc\AppData\Local\Temp\ccxK4ewF.s 			page 10


 326:.\Generated_Source\PSoC5/isr_rx_LIDAR.c **** * Summary:
 327:.\Generated_Source\PSoC5/isr_rx_LIDAR.c **** *   Gets the state (enabled, disabled) of the Interrupt.
 328:.\Generated_Source\PSoC5/isr_rx_LIDAR.c **** *
 329:.\Generated_Source\PSoC5/isr_rx_LIDAR.c **** * Parameters:
 330:.\Generated_Source\PSoC5/isr_rx_LIDAR.c **** *   None
 331:.\Generated_Source\PSoC5/isr_rx_LIDAR.c **** *
 332:.\Generated_Source\PSoC5/isr_rx_LIDAR.c **** * Return:
 333:.\Generated_Source\PSoC5/isr_rx_LIDAR.c **** *   1 if enabled, 0 if disabled.
 334:.\Generated_Source\PSoC5/isr_rx_LIDAR.c **** *
 335:.\Generated_Source\PSoC5/isr_rx_LIDAR.c **** *******************************************************************************/
 336:.\Generated_Source\PSoC5/isr_rx_LIDAR.c **** uint8 isr_rx_LIDAR_GetState(void)
 337:.\Generated_Source\PSoC5/isr_rx_LIDAR.c **** {
 189              		.loc 1 337 0
 190              		.cfi_startproc
 191              		@ args = 0, pretend = 0, frame = 0
 192              		@ frame_needed = 0, uses_anonymous_args = 0
 193              		@ link register save eliminated.
 338:.\Generated_Source\PSoC5/isr_rx_LIDAR.c ****     /* Get the state of the general interrupt. */
 339:.\Generated_Source\PSoC5/isr_rx_LIDAR.c ****     return ((*isr_rx_LIDAR_INTC_SET_EN & (uint32)isr_rx_LIDAR__INTC_MASK) != 0u) ? 1u:0u;
 194              		.loc 1 339 0
 195 0000 044B     		ldr	r3, .L21
 196 0002 1B68     		ldr	r3, [r3]
 197 0004 13F0080F 		tst	r3, #8
 198 0008 01D0     		beq	.L20
 199 000a 0120     		movs	r0, #1
 200 000c 7047     		bx	lr
 201              	.L20:
 202 000e 0020     		movs	r0, #0
 340:.\Generated_Source\PSoC5/isr_rx_LIDAR.c **** }
 203              		.loc 1 340 0
 204 0010 7047     		bx	lr
 205              	.L22:
 206 0012 00BF     		.align	2
 207              	.L21:
 208 0014 00E100E0 		.word	-536813312
 209              		.cfi_endproc
 210              	.LFE72:
 211              		.size	isr_rx_LIDAR_GetState, .-isr_rx_LIDAR_GetState
 212              		.section	.text.isr_rx_LIDAR_Disable,"ax",%progbits
 213              		.align	2
 214              		.global	isr_rx_LIDAR_Disable
 215              		.thumb
 216              		.thumb_func
 217              		.type	isr_rx_LIDAR_Disable, %function
 218              	isr_rx_LIDAR_Disable:
 219              	.LFB73:
 341:.\Generated_Source\PSoC5/isr_rx_LIDAR.c **** 
 342:.\Generated_Source\PSoC5/isr_rx_LIDAR.c **** 
 343:.\Generated_Source\PSoC5/isr_rx_LIDAR.c **** /*******************************************************************************
 344:.\Generated_Source\PSoC5/isr_rx_LIDAR.c **** * Function Name: isr_rx_LIDAR_Disable
 345:.\Generated_Source\PSoC5/isr_rx_LIDAR.c **** ********************************************************************************
 346:.\Generated_Source\PSoC5/isr_rx_LIDAR.c **** *
 347:.\Generated_Source\PSoC5/isr_rx_LIDAR.c **** * Summary:
 348:.\Generated_Source\PSoC5/isr_rx_LIDAR.c **** *   Disables the Interrupt in the interrupt controller.
 349:.\Generated_Source\PSoC5/isr_rx_LIDAR.c **** *
 350:.\Generated_Source\PSoC5/isr_rx_LIDAR.c **** * Parameters:
 351:.\Generated_Source\PSoC5/isr_rx_LIDAR.c **** *   None
ARM GAS  C:\Users\pxc\AppData\Local\Temp\ccxK4ewF.s 			page 11


 352:.\Generated_Source\PSoC5/isr_rx_LIDAR.c **** *
 353:.\Generated_Source\PSoC5/isr_rx_LIDAR.c **** * Return:
 354:.\Generated_Source\PSoC5/isr_rx_LIDAR.c **** *   None
 355:.\Generated_Source\PSoC5/isr_rx_LIDAR.c **** *
 356:.\Generated_Source\PSoC5/isr_rx_LIDAR.c **** *******************************************************************************/
 357:.\Generated_Source\PSoC5/isr_rx_LIDAR.c **** void isr_rx_LIDAR_Disable(void)
 358:.\Generated_Source\PSoC5/isr_rx_LIDAR.c **** {
 220              		.loc 1 358 0
 221              		.cfi_startproc
 222              		@ args = 0, pretend = 0, frame = 0
 223              		@ frame_needed = 0, uses_anonymous_args = 0
 224              		@ link register save eliminated.
 359:.\Generated_Source\PSoC5/isr_rx_LIDAR.c ****     /* Disable the general interrupt. */
 360:.\Generated_Source\PSoC5/isr_rx_LIDAR.c ****     *isr_rx_LIDAR_INTC_CLR_EN = isr_rx_LIDAR__INTC_MASK;
 225              		.loc 1 360 0
 226 0000 0822     		movs	r2, #8
 227 0002 014B     		ldr	r3, .L24
 228 0004 1A60     		str	r2, [r3]
 229 0006 7047     		bx	lr
 230              	.L25:
 231              		.align	2
 232              	.L24:
 233 0008 80E100E0 		.word	-536813184
 234              		.cfi_endproc
 235              	.LFE73:
 236              		.size	isr_rx_LIDAR_Disable, .-isr_rx_LIDAR_Disable
 237              		.section	.text.isr_rx_LIDAR_Start,"ax",%progbits
 238              		.align	2
 239              		.global	isr_rx_LIDAR_Start
 240              		.thumb
 241              		.thumb_func
 242              		.type	isr_rx_LIDAR_Start, %function
 243              	isr_rx_LIDAR_Start:
 244              	.LFB63:
  64:.\Generated_Source\PSoC5/isr_rx_LIDAR.c ****     /* For all we know the interrupt is active. */
 245              		.loc 1 64 0
 246              		.cfi_startproc
 247              		@ args = 0, pretend = 0, frame = 0
 248              		@ frame_needed = 0, uses_anonymous_args = 0
 249 0000 08B5     		push	{r3, lr}
 250              		.cfi_def_cfa_offset 8
 251              		.cfi_offset 3, -8
 252              		.cfi_offset 14, -4
  66:.\Generated_Source\PSoC5/isr_rx_LIDAR.c **** 
 253              		.loc 1 66 0
 254 0002 FFF7FEFF 		bl	isr_rx_LIDAR_Disable
 255              	.LVL9:
  69:.\Generated_Source\PSoC5/isr_rx_LIDAR.c **** 
 256              		.loc 1 69 0
 257 0006 0448     		ldr	r0, .L28
 258 0008 FFF7FEFF 		bl	isr_rx_LIDAR_SetVector
 259              	.LVL10:
  72:.\Generated_Source\PSoC5/isr_rx_LIDAR.c **** 
 260              		.loc 1 72 0
 261 000c 0720     		movs	r0, #7
 262 000e FFF7FEFF 		bl	isr_rx_LIDAR_SetPriority
 263              	.LVL11:
ARM GAS  C:\Users\pxc\AppData\Local\Temp\ccxK4ewF.s 			page 12


  75:.\Generated_Source\PSoC5/isr_rx_LIDAR.c **** }
 264              		.loc 1 75 0
 265 0012 FFF7FEFF 		bl	isr_rx_LIDAR_Enable
 266              	.LVL12:
 267 0016 08BD     		pop	{r3, pc}
 268              	.L29:
 269              		.align	2
 270              	.L28:
 271 0018 00000000 		.word	isr_rx_LIDAR_Interrupt
 272              		.cfi_endproc
 273              	.LFE63:
 274              		.size	isr_rx_LIDAR_Start, .-isr_rx_LIDAR_Start
 275              		.section	.text.isr_rx_LIDAR_StartEx,"ax",%progbits
 276              		.align	2
 277              		.global	isr_rx_LIDAR_StartEx
 278              		.thumb
 279              		.thumb_func
 280              		.type	isr_rx_LIDAR_StartEx, %function
 281              	isr_rx_LIDAR_StartEx:
 282              	.LFB64:
 107:.\Generated_Source\PSoC5/isr_rx_LIDAR.c ****     /* For all we know the interrupt is active. */
 283              		.loc 1 107 0
 284              		.cfi_startproc
 285              		@ args = 0, pretend = 0, frame = 0
 286              		@ frame_needed = 0, uses_anonymous_args = 0
 287              	.LVL13:
 288 0000 10B5     		push	{r4, lr}
 289              		.cfi_def_cfa_offset 8
 290              		.cfi_offset 4, -8
 291              		.cfi_offset 14, -4
 292 0002 0446     		mov	r4, r0
 109:.\Generated_Source\PSoC5/isr_rx_LIDAR.c **** 
 293              		.loc 1 109 0
 294 0004 FFF7FEFF 		bl	isr_rx_LIDAR_Disable
 295              	.LVL14:
 112:.\Generated_Source\PSoC5/isr_rx_LIDAR.c **** 
 296              		.loc 1 112 0
 297 0008 2046     		mov	r0, r4
 298 000a FFF7FEFF 		bl	isr_rx_LIDAR_SetVector
 299              	.LVL15:
 115:.\Generated_Source\PSoC5/isr_rx_LIDAR.c **** 
 300              		.loc 1 115 0
 301 000e 0720     		movs	r0, #7
 302 0010 FFF7FEFF 		bl	isr_rx_LIDAR_SetPriority
 303              	.LVL16:
 118:.\Generated_Source\PSoC5/isr_rx_LIDAR.c **** }
 304              		.loc 1 118 0
 305 0014 FFF7FEFF 		bl	isr_rx_LIDAR_Enable
 306              	.LVL17:
 307 0018 10BD     		pop	{r4, pc}
 308              		.cfi_endproc
 309              	.LFE64:
 310              		.size	isr_rx_LIDAR_StartEx, .-isr_rx_LIDAR_StartEx
 311 001a 00BF     		.section	.text.isr_rx_LIDAR_Stop,"ax",%progbits
 312              		.align	2
 313              		.global	isr_rx_LIDAR_Stop
 314              		.thumb
ARM GAS  C:\Users\pxc\AppData\Local\Temp\ccxK4ewF.s 			page 13


 315              		.thumb_func
 316              		.type	isr_rx_LIDAR_Stop, %function
 317              	isr_rx_LIDAR_Stop:
 318              	.LFB65:
 137:.\Generated_Source\PSoC5/isr_rx_LIDAR.c ****     /* Disable this interrupt. */
 319              		.loc 1 137 0
 320              		.cfi_startproc
 321              		@ args = 0, pretend = 0, frame = 0
 322              		@ frame_needed = 0, uses_anonymous_args = 0
 323 0000 08B5     		push	{r3, lr}
 324              		.cfi_def_cfa_offset 8
 325              		.cfi_offset 3, -8
 326              		.cfi_offset 14, -4
 139:.\Generated_Source\PSoC5/isr_rx_LIDAR.c **** 
 327              		.loc 1 139 0
 328 0002 FFF7FEFF 		bl	isr_rx_LIDAR_Disable
 329              	.LVL18:
 142:.\Generated_Source\PSoC5/isr_rx_LIDAR.c **** }
 330              		.loc 1 142 0
 331 0006 0248     		ldr	r0, .L34
 332 0008 FFF7FEFF 		bl	isr_rx_LIDAR_SetVector
 333              	.LVL19:
 334 000c 08BD     		pop	{r3, pc}
 335              	.L35:
 336 000e 00BF     		.align	2
 337              	.L34:
 338 0010 00000000 		.word	IntDefaultHandler
 339              		.cfi_endproc
 340              	.LFE65:
 341              		.size	isr_rx_LIDAR_Stop, .-isr_rx_LIDAR_Stop
 342              		.section	.text.isr_rx_LIDAR_SetPending,"ax",%progbits
 343              		.align	2
 344              		.global	isr_rx_LIDAR_SetPending
 345              		.thumb
 346              		.thumb_func
 347              		.type	isr_rx_LIDAR_SetPending, %function
 348              	isr_rx_LIDAR_SetPending:
 349              	.LFB74:
 361:.\Generated_Source\PSoC5/isr_rx_LIDAR.c **** }
 362:.\Generated_Source\PSoC5/isr_rx_LIDAR.c **** 
 363:.\Generated_Source\PSoC5/isr_rx_LIDAR.c **** 
 364:.\Generated_Source\PSoC5/isr_rx_LIDAR.c **** /*******************************************************************************
 365:.\Generated_Source\PSoC5/isr_rx_LIDAR.c **** * Function Name: isr_rx_LIDAR_SetPending
 366:.\Generated_Source\PSoC5/isr_rx_LIDAR.c **** ********************************************************************************
 367:.\Generated_Source\PSoC5/isr_rx_LIDAR.c **** *
 368:.\Generated_Source\PSoC5/isr_rx_LIDAR.c **** * Summary:
 369:.\Generated_Source\PSoC5/isr_rx_LIDAR.c **** *   Causes the Interrupt to enter the pending state, a software method of
 370:.\Generated_Source\PSoC5/isr_rx_LIDAR.c **** *   generating the interrupt.
 371:.\Generated_Source\PSoC5/isr_rx_LIDAR.c **** *
 372:.\Generated_Source\PSoC5/isr_rx_LIDAR.c **** * Parameters:
 373:.\Generated_Source\PSoC5/isr_rx_LIDAR.c **** *   None
 374:.\Generated_Source\PSoC5/isr_rx_LIDAR.c **** *
 375:.\Generated_Source\PSoC5/isr_rx_LIDAR.c **** * Return:
 376:.\Generated_Source\PSoC5/isr_rx_LIDAR.c **** *   None
 377:.\Generated_Source\PSoC5/isr_rx_LIDAR.c **** *
 378:.\Generated_Source\PSoC5/isr_rx_LIDAR.c **** * Side Effects:
 379:.\Generated_Source\PSoC5/isr_rx_LIDAR.c **** *   If interrupts are enabled and the interrupt is set up properly, the ISR is
ARM GAS  C:\Users\pxc\AppData\Local\Temp\ccxK4ewF.s 			page 14


 380:.\Generated_Source\PSoC5/isr_rx_LIDAR.c **** *   entered (depending on the priority of this interrupt and other pending 
 381:.\Generated_Source\PSoC5/isr_rx_LIDAR.c **** *   interrupts).
 382:.\Generated_Source\PSoC5/isr_rx_LIDAR.c **** *
 383:.\Generated_Source\PSoC5/isr_rx_LIDAR.c **** *******************************************************************************/
 384:.\Generated_Source\PSoC5/isr_rx_LIDAR.c **** void isr_rx_LIDAR_SetPending(void)
 385:.\Generated_Source\PSoC5/isr_rx_LIDAR.c **** {
 350              		.loc 1 385 0
 351              		.cfi_startproc
 352              		@ args = 0, pretend = 0, frame = 0
 353              		@ frame_needed = 0, uses_anonymous_args = 0
 354              		@ link register save eliminated.
 386:.\Generated_Source\PSoC5/isr_rx_LIDAR.c ****     *isr_rx_LIDAR_INTC_SET_PD = isr_rx_LIDAR__INTC_MASK;
 355              		.loc 1 386 0
 356 0000 0822     		movs	r2, #8
 357 0002 014B     		ldr	r3, .L37
 358 0004 1A60     		str	r2, [r3]
 359 0006 7047     		bx	lr
 360              	.L38:
 361              		.align	2
 362              	.L37:
 363 0008 00E200E0 		.word	-536813056
 364              		.cfi_endproc
 365              	.LFE74:
 366              		.size	isr_rx_LIDAR_SetPending, .-isr_rx_LIDAR_SetPending
 367              		.section	.text.isr_rx_LIDAR_ClearPending,"ax",%progbits
 368              		.align	2
 369              		.global	isr_rx_LIDAR_ClearPending
 370              		.thumb
 371              		.thumb_func
 372              		.type	isr_rx_LIDAR_ClearPending, %function
 373              	isr_rx_LIDAR_ClearPending:
 374              	.LFB75:
 387:.\Generated_Source\PSoC5/isr_rx_LIDAR.c **** }
 388:.\Generated_Source\PSoC5/isr_rx_LIDAR.c **** 
 389:.\Generated_Source\PSoC5/isr_rx_LIDAR.c **** 
 390:.\Generated_Source\PSoC5/isr_rx_LIDAR.c **** /*******************************************************************************
 391:.\Generated_Source\PSoC5/isr_rx_LIDAR.c **** * Function Name: isr_rx_LIDAR_ClearPending
 392:.\Generated_Source\PSoC5/isr_rx_LIDAR.c **** ********************************************************************************
 393:.\Generated_Source\PSoC5/isr_rx_LIDAR.c **** *
 394:.\Generated_Source\PSoC5/isr_rx_LIDAR.c **** * Summary:
 395:.\Generated_Source\PSoC5/isr_rx_LIDAR.c **** *   Clears a pending interrupt in the interrupt controller.
 396:.\Generated_Source\PSoC5/isr_rx_LIDAR.c **** *
 397:.\Generated_Source\PSoC5/isr_rx_LIDAR.c **** *   Note Some interrupt sources are clear-on-read and require the block 
 398:.\Generated_Source\PSoC5/isr_rx_LIDAR.c **** *   interrupt/status register to be read/cleared with the appropriate block API 
 399:.\Generated_Source\PSoC5/isr_rx_LIDAR.c **** *   (GPIO, UART, and so on). Otherwise the ISR will continue to remain in 
 400:.\Generated_Source\PSoC5/isr_rx_LIDAR.c **** *   pending state even though the interrupt itself is cleared using this API.
 401:.\Generated_Source\PSoC5/isr_rx_LIDAR.c **** *
 402:.\Generated_Source\PSoC5/isr_rx_LIDAR.c **** * Parameters:
 403:.\Generated_Source\PSoC5/isr_rx_LIDAR.c **** *   None
 404:.\Generated_Source\PSoC5/isr_rx_LIDAR.c **** *
 405:.\Generated_Source\PSoC5/isr_rx_LIDAR.c **** * Return:
 406:.\Generated_Source\PSoC5/isr_rx_LIDAR.c **** *   None
 407:.\Generated_Source\PSoC5/isr_rx_LIDAR.c **** *
 408:.\Generated_Source\PSoC5/isr_rx_LIDAR.c **** *******************************************************************************/
 409:.\Generated_Source\PSoC5/isr_rx_LIDAR.c **** void isr_rx_LIDAR_ClearPending(void)
 410:.\Generated_Source\PSoC5/isr_rx_LIDAR.c **** {
 375              		.loc 1 410 0
ARM GAS  C:\Users\pxc\AppData\Local\Temp\ccxK4ewF.s 			page 15


 376              		.cfi_startproc
 377              		@ args = 0, pretend = 0, frame = 0
 378              		@ frame_needed = 0, uses_anonymous_args = 0
 379              		@ link register save eliminated.
 411:.\Generated_Source\PSoC5/isr_rx_LIDAR.c ****     *isr_rx_LIDAR_INTC_CLR_PD = isr_rx_LIDAR__INTC_MASK;
 380              		.loc 1 411 0
 381 0000 0822     		movs	r2, #8
 382 0002 014B     		ldr	r3, .L40
 383 0004 1A60     		str	r2, [r3]
 384 0006 7047     		bx	lr
 385              	.L41:
 386              		.align	2
 387              	.L40:
 388 0008 80E200E0 		.word	-536812928
 389              		.cfi_endproc
 390              	.LFE75:
 391              		.size	isr_rx_LIDAR_ClearPending, .-isr_rx_LIDAR_ClearPending
 392              		.text
 393              	.Letext0:
 394              		.file 2 "c:\\program files (x86)\\cypress\\psoc creator\\3.3\\psoc creator\\import\\gnu\\arm\\4.9.
 395              		.file 3 "c:\\program files (x86)\\cypress\\psoc creator\\3.3\\psoc creator\\import\\gnu\\arm\\4.9.
 396              		.file 4 "Generated_Source\\PSoC5/cytypes.h"
 397              		.file 5 "Generated_Source\\PSoC5/core_cm3.h"
 398              		.file 6 ".\\Generated_Source\\PSoC5\\UART_LIDAR.h"
 399              		.file 7 "./Lidar.h"
 400              		.section	.debug_info,"",%progbits
 401              	.Ldebug_info0:
 402 0000 2A030000 		.4byte	0x32a
 403 0004 0400     		.2byte	0x4
 404 0006 00000000 		.4byte	.Ldebug_abbrev0
 405 000a 04       		.byte	0x4
 406 000b 01       		.uleb128 0x1
 407 000c 54010000 		.4byte	.LASF36
 408 0010 01       		.byte	0x1
 409 0011 E4000000 		.4byte	.LASF37
 410 0015 21020000 		.4byte	.LASF38
 411 0019 00000000 		.4byte	.Ldebug_ranges0+0
 412 001d 00000000 		.4byte	0
 413 0021 00000000 		.4byte	.Ldebug_line0
 414 0025 02       		.uleb128 0x2
 415 0026 04       		.byte	0x4
 416 0027 05       		.byte	0x5
 417 0028 696E7400 		.ascii	"int\000"
 418 002c 03       		.uleb128 0x3
 419 002d 04       		.byte	0x4
 420 002e 07       		.byte	0x7
 421 002f E2010000 		.4byte	.LASF0
 422 0033 03       		.uleb128 0x3
 423 0034 01       		.byte	0x1
 424 0035 06       		.byte	0x6
 425 0036 50000000 		.4byte	.LASF1
 426 003a 03       		.uleb128 0x3
 427 003b 01       		.byte	0x1
 428 003c 08       		.byte	0x8
 429 003d 5C000000 		.4byte	.LASF2
 430 0041 03       		.uleb128 0x3
 431 0042 02       		.byte	0x2
ARM GAS  C:\Users\pxc\AppData\Local\Temp\ccxK4ewF.s 			page 16


 432 0043 05       		.byte	0x5
 433 0044 A9020000 		.4byte	.LASF3
 434 0048 03       		.uleb128 0x3
 435 0049 02       		.byte	0x2
 436 004a 07       		.byte	0x7
 437 004b AB000000 		.4byte	.LASF4
 438 004f 04       		.uleb128 0x4
 439 0050 1A000000 		.4byte	.LASF11
 440 0054 02       		.byte	0x2
 441 0055 3F       		.byte	0x3f
 442 0056 5A000000 		.4byte	0x5a
 443 005a 03       		.uleb128 0x3
 444 005b 04       		.byte	0x4
 445 005c 05       		.byte	0x5
 446 005d DE020000 		.4byte	.LASF5
 447 0061 03       		.uleb128 0x3
 448 0062 04       		.byte	0x4
 449 0063 07       		.byte	0x7
 450 0064 99000000 		.4byte	.LASF6
 451 0068 03       		.uleb128 0x3
 452 0069 08       		.byte	0x8
 453 006a 05       		.byte	0x5
 454 006b 87020000 		.4byte	.LASF7
 455 006f 03       		.uleb128 0x3
 456 0070 08       		.byte	0x8
 457 0071 07       		.byte	0x7
 458 0072 0A020000 		.4byte	.LASF8
 459 0076 03       		.uleb128 0x3
 460 0077 04       		.byte	0x4
 461 0078 07       		.byte	0x7
 462 0079 7E020000 		.4byte	.LASF9
 463 007d 05       		.uleb128 0x5
 464 007e 04       		.byte	0x4
 465 007f 83000000 		.4byte	0x83
 466 0083 06       		.uleb128 0x6
 467 0084 03       		.uleb128 0x3
 468 0085 01       		.byte	0x1
 469 0086 08       		.byte	0x8
 470 0087 95020000 		.4byte	.LASF10
 471 008b 04       		.uleb128 0x4
 472 008c 2A000000 		.4byte	.LASF12
 473 0090 03       		.byte	0x3
 474 0091 2C       		.byte	0x2c
 475 0092 4F000000 		.4byte	0x4f
 476 0096 04       		.uleb128 0x4
 477 0097 24000000 		.4byte	.LASF13
 478 009b 04       		.byte	0x4
 479 009c C2       		.byte	0xc2
 480 009d 3A000000 		.4byte	0x3a
 481 00a1 04       		.uleb128 0x4
 482 00a2 4D010000 		.4byte	.LASF14
 483 00a6 04       		.byte	0x4
 484 00a7 C4       		.byte	0xc4
 485 00a8 61000000 		.4byte	0x61
 486 00ac 03       		.uleb128 0x3
 487 00ad 04       		.byte	0x4
 488 00ae 04       		.byte	0x4
ARM GAS  C:\Users\pxc\AppData\Local\Temp\ccxK4ewF.s 			page 17


 489 00af 45000000 		.4byte	.LASF15
 490 00b3 03       		.uleb128 0x3
 491 00b4 08       		.byte	0x8
 492 00b5 04       		.byte	0x4
 493 00b6 0C010000 		.4byte	.LASF16
 494 00ba 07       		.uleb128 0x7
 495 00bb 7C000000 		.4byte	.LASF17
 496 00bf 04       		.byte	0x4
 497 00c0 6C01     		.2byte	0x16c
 498 00c2 C6000000 		.4byte	0xc6
 499 00c6 08       		.uleb128 0x8
 500 00c7 96000000 		.4byte	0x96
 501 00cb 07       		.uleb128 0x7
 502 00cc 00000000 		.4byte	.LASF18
 503 00d0 04       		.byte	0x4
 504 00d1 6E01     		.2byte	0x16e
 505 00d3 D7000000 		.4byte	0xd7
 506 00d7 08       		.uleb128 0x8
 507 00d8 A1000000 		.4byte	0xa1
 508 00dc 07       		.uleb128 0x7
 509 00dd 43020000 		.4byte	.LASF19
 510 00e1 04       		.byte	0x4
 511 00e2 7E01     		.2byte	0x17e
 512 00e4 7D000000 		.4byte	0x7d
 513 00e8 09       		.uleb128 0x9
 514 00e9 FE020000 		.4byte	.LASF20
 515 00ed 01       		.byte	0x1
 516 00ee A2       		.byte	0xa2
 517 00ef 00000000 		.4byte	.LFB66
 518 00f3 0C000000 		.4byte	.LFE66-.LFB66
 519 00f7 01       		.uleb128 0x1
 520 00f8 9C       		.byte	0x9c
 521 00f9 1F010000 		.4byte	0x11f
 522 00fd 0A       		.uleb128 0xa
 523 00fe 4B000000 		.4byte	.LASF22
 524 0102 01       		.byte	0x1
 525 0103 AA       		.byte	0xaa
 526 0104 96000000 		.4byte	0x96
 527 0108 00000000 		.4byte	.LLST0
 528 010c 0B       		.uleb128 0xb
 529 010d 06000000 		.4byte	.LVL0
 530 0111 15030000 		.4byte	0x315
 531 0115 0B       		.uleb128 0xb
 532 0116 0A000000 		.4byte	.LVL1
 533 011a 20030000 		.4byte	0x320
 534 011e 00       		.byte	0
 535 011f 09       		.uleb128 0x9
 536 0120 36010000 		.4byte	.LASF21
 537 0124 01       		.byte	0x1
 538 0125 D0       		.byte	0xd0
 539 0126 00000000 		.4byte	.LFB67
 540 012a 0C000000 		.4byte	.LFE67-.LFB67
 541 012e 01       		.uleb128 0x1
 542 012f 9C       		.byte	0x9c
 543 0130 4F010000 		.4byte	0x14f
 544 0134 0C       		.uleb128 0xc
 545 0135 02020000 		.4byte	.LASF25
ARM GAS  C:\Users\pxc\AppData\Local\Temp\ccxK4ewF.s 			page 18


 546 0139 01       		.byte	0x1
 547 013a D0       		.byte	0xd0
 548 013b DC000000 		.4byte	0xdc
 549 013f 01       		.uleb128 0x1
 550 0140 50       		.byte	0x50
 551 0141 0D       		.uleb128 0xd
 552 0142 9A020000 		.4byte	.LASF23
 553 0146 01       		.byte	0x1
 554 0147 D2       		.byte	0xd2
 555 0148 4F010000 		.4byte	0x14f
 556 014c 01       		.uleb128 0x1
 557 014d 53       		.byte	0x53
 558 014e 00       		.byte	0
 559 014f 05       		.uleb128 0x5
 560 0150 04       		.byte	0x4
 561 0151 DC000000 		.4byte	0xdc
 562 0155 0E       		.uleb128 0xe
 563 0156 E7020000 		.4byte	.LASF27
 564 015a 01       		.byte	0x1
 565 015b E8       		.byte	0xe8
 566 015c DC000000 		.4byte	0xdc
 567 0160 00000000 		.4byte	.LFB68
 568 0164 0C000000 		.4byte	.LFE68-.LFB68
 569 0168 01       		.uleb128 0x1
 570 0169 9C       		.byte	0x9c
 571 016a 7C010000 		.4byte	0x17c
 572 016e 0D       		.uleb128 0xd
 573 016f 9A020000 		.4byte	.LASF23
 574 0173 01       		.byte	0x1
 575 0174 EA       		.byte	0xea
 576 0175 4F010000 		.4byte	0x14f
 577 0179 01       		.uleb128 0x1
 578 017a 53       		.byte	0x53
 579 017b 00       		.byte	0
 580 017c 0F       		.uleb128 0xf
 581 017d 50020000 		.4byte	.LASF24
 582 0181 01       		.byte	0x1
 583 0182 0A01     		.2byte	0x10a
 584 0184 00000000 		.4byte	.LFB69
 585 0188 10000000 		.4byte	.LFE69-.LFB69
 586 018c 01       		.uleb128 0x1
 587 018d 9C       		.byte	0x9c
 588 018e A3010000 		.4byte	0x1a3
 589 0192 10       		.uleb128 0x10
 590 0193 2D010000 		.4byte	.LASF26
 591 0197 01       		.byte	0x1
 592 0198 0A01     		.2byte	0x10a
 593 019a 96000000 		.4byte	0x96
 594 019e 13000000 		.4byte	.LLST1
 595 01a2 00       		.byte	0
 596 01a3 11       		.uleb128 0x11
 597 01a4 BE000000 		.4byte	.LASF28
 598 01a8 01       		.byte	0x1
 599 01a9 2001     		.2byte	0x120
 600 01ab 96000000 		.4byte	0x96
 601 01af 00000000 		.4byte	.LFB70
 602 01b3 0C000000 		.4byte	.LFE70-.LFB70
ARM GAS  C:\Users\pxc\AppData\Local\Temp\ccxK4ewF.s 			page 19


 603 01b7 01       		.uleb128 0x1
 604 01b8 9C       		.byte	0x9c
 605 01b9 CE010000 		.4byte	0x1ce
 606 01bd 12       		.uleb128 0x12
 607 01be 2D010000 		.4byte	.LASF26
 608 01c2 01       		.byte	0x1
 609 01c3 2201     		.2byte	0x122
 610 01c5 96000000 		.4byte	0x96
 611 01c9 34000000 		.4byte	.LLST2
 612 01cd 00       		.byte	0
 613 01ce 13       		.uleb128 0x13
 614 01cf 06000000 		.4byte	.LASF29
 615 01d3 01       		.byte	0x1
 616 01d4 3B01     		.2byte	0x13b
 617 01d6 00000000 		.4byte	.LFB71
 618 01da 0C000000 		.4byte	.LFE71-.LFB71
 619 01de 01       		.uleb128 0x1
 620 01df 9C       		.byte	0x9c
 621 01e0 14       		.uleb128 0x14
 622 01e1 B3020000 		.4byte	.LASF39
 623 01e5 01       		.byte	0x1
 624 01e6 5001     		.2byte	0x150
 625 01e8 96000000 		.4byte	0x96
 626 01ec 00000000 		.4byte	.LFB72
 627 01f0 18000000 		.4byte	.LFE72-.LFB72
 628 01f4 01       		.uleb128 0x1
 629 01f5 9C       		.byte	0x9c
 630 01f6 13       		.uleb128 0x13
 631 01f7 C9020000 		.4byte	.LASF30
 632 01fb 01       		.byte	0x1
 633 01fc 6501     		.2byte	0x165
 634 01fe 00000000 		.4byte	.LFB73
 635 0202 0C000000 		.4byte	.LFE73-.LFB73
 636 0206 01       		.uleb128 0x1
 637 0207 9C       		.byte	0x9c
 638 0208 09       		.uleb128 0x9
 639 0209 EF010000 		.4byte	.LASF31
 640 020d 01       		.byte	0x1
 641 020e 3F       		.byte	0x3f
 642 020f 00000000 		.4byte	.LFB63
 643 0213 1C000000 		.4byte	.LFE63-.LFB63
 644 0217 01       		.uleb128 0x1
 645 0218 9C       		.byte	0x9c
 646 0219 5A020000 		.4byte	0x25a
 647 021d 0B       		.uleb128 0xb
 648 021e 06000000 		.4byte	.LVL9
 649 0222 F6010000 		.4byte	0x1f6
 650 0226 15       		.uleb128 0x15
 651 0227 0C000000 		.4byte	.LVL10
 652 022b 1F010000 		.4byte	0x11f
 653 022f 3D020000 		.4byte	0x23d
 654 0233 16       		.uleb128 0x16
 655 0234 01       		.uleb128 0x1
 656 0235 50       		.byte	0x50
 657 0236 05       		.uleb128 0x5
 658 0237 03       		.byte	0x3
 659 0238 00000000 		.4byte	isr_rx_LIDAR_Interrupt
ARM GAS  C:\Users\pxc\AppData\Local\Temp\ccxK4ewF.s 			page 20


 660 023c 00       		.byte	0
 661 023d 15       		.uleb128 0x15
 662 023e 12000000 		.4byte	.LVL11
 663 0242 7C010000 		.4byte	0x17c
 664 0246 50020000 		.4byte	0x250
 665 024a 16       		.uleb128 0x16
 666 024b 01       		.uleb128 0x1
 667 024c 50       		.byte	0x50
 668 024d 01       		.uleb128 0x1
 669 024e 37       		.byte	0x37
 670 024f 00       		.byte	0
 671 0250 0B       		.uleb128 0xb
 672 0251 16000000 		.4byte	.LVL12
 673 0255 CE010000 		.4byte	0x1ce
 674 0259 00       		.byte	0
 675 025a 09       		.uleb128 0x9
 676 025b 69020000 		.4byte	.LASF32
 677 025f 01       		.byte	0x1
 678 0260 6A       		.byte	0x6a
 679 0261 00000000 		.4byte	.LFB64
 680 0265 1A000000 		.4byte	.LFE64-.LFB64
 681 0269 01       		.uleb128 0x1
 682 026a 9C       		.byte	0x9c
 683 026b B8020000 		.4byte	0x2b8
 684 026f 17       		.uleb128 0x17
 685 0270 02020000 		.4byte	.LASF25
 686 0274 01       		.byte	0x1
 687 0275 6A       		.byte	0x6a
 688 0276 DC000000 		.4byte	0xdc
 689 027a 4B000000 		.4byte	.LLST3
 690 027e 0B       		.uleb128 0xb
 691 027f 08000000 		.4byte	.LVL14
 692 0283 F6010000 		.4byte	0x1f6
 693 0287 15       		.uleb128 0x15
 694 0288 0E000000 		.4byte	.LVL15
 695 028c 1F010000 		.4byte	0x11f
 696 0290 9B020000 		.4byte	0x29b
 697 0294 16       		.uleb128 0x16
 698 0295 01       		.uleb128 0x1
 699 0296 50       		.byte	0x50
 700 0297 02       		.uleb128 0x2
 701 0298 74       		.byte	0x74
 702 0299 00       		.sleb128 0
 703 029a 00       		.byte	0
 704 029b 15       		.uleb128 0x15
 705 029c 14000000 		.4byte	.LVL16
 706 02a0 7C010000 		.4byte	0x17c
 707 02a4 AE020000 		.4byte	0x2ae
 708 02a8 16       		.uleb128 0x16
 709 02a9 01       		.uleb128 0x1
 710 02aa 50       		.byte	0x50
 711 02ab 01       		.uleb128 0x1
 712 02ac 37       		.byte	0x37
 713 02ad 00       		.byte	0
 714 02ae 0B       		.uleb128 0xb
 715 02af 18000000 		.4byte	.LVL17
 716 02b3 CE010000 		.4byte	0x1ce
ARM GAS  C:\Users\pxc\AppData\Local\Temp\ccxK4ewF.s 			page 21


 717 02b7 00       		.byte	0
 718 02b8 09       		.uleb128 0x9
 719 02b9 6A000000 		.4byte	.LASF33
 720 02bd 01       		.byte	0x1
 721 02be 88       		.byte	0x88
 722 02bf 00000000 		.4byte	.LFB65
 723 02c3 14000000 		.4byte	.LFE65-.LFB65
 724 02c7 01       		.uleb128 0x1
 725 02c8 9C       		.byte	0x9c
 726 02c9 E0020000 		.4byte	0x2e0
 727 02cd 0B       		.uleb128 0xb
 728 02ce 06000000 		.4byte	.LVL18
 729 02d2 F6010000 		.4byte	0x1f6
 730 02d6 0B       		.uleb128 0xb
 731 02d7 0C000000 		.4byte	.LVL19
 732 02db 1F010000 		.4byte	0x11f
 733 02df 00       		.byte	0
 734 02e0 13       		.uleb128 0x13
 735 02e1 81000000 		.4byte	.LASF34
 736 02e5 01       		.byte	0x1
 737 02e6 8001     		.2byte	0x180
 738 02e8 00000000 		.4byte	.LFB74
 739 02ec 0C000000 		.4byte	.LFE74-.LFB74
 740 02f0 01       		.uleb128 0x1
 741 02f1 9C       		.byte	0x9c
 742 02f2 13       		.uleb128 0x13
 743 02f3 13010000 		.4byte	.LASF35
 744 02f7 01       		.byte	0x1
 745 02f8 9901     		.2byte	0x199
 746 02fa 00000000 		.4byte	.LFB75
 747 02fe 0C000000 		.4byte	.LFE75-.LFB75
 748 0302 01       		.uleb128 0x1
 749 0303 9C       		.byte	0x9c
 750 0304 18       		.uleb128 0x18
 751 0305 D7000000 		.4byte	.LASF40
 752 0309 05       		.byte	0x5
 753 030a 2A06     		.2byte	0x62a
 754 030c 10030000 		.4byte	0x310
 755 0310 08       		.uleb128 0x8
 756 0311 8B000000 		.4byte	0x8b
 757 0315 19       		.uleb128 0x19
 758 0316 32000000 		.4byte	.LASF41
 759 031a 06       		.byte	0x6
 760 031b 71       		.byte	0x71
 761 031c 96000000 		.4byte	0x96
 762 0320 1A       		.uleb128 0x1a
 763 0321 15030000 		.4byte	.LASF42
 764 0325 07       		.byte	0x7
 765 0326 2D       		.byte	0x2d
 766 0327 1B       		.uleb128 0x1b
 767 0328 96000000 		.4byte	0x96
 768 032c 00       		.byte	0
 769 032d 00       		.byte	0
 770              		.section	.debug_abbrev,"",%progbits
 771              	.Ldebug_abbrev0:
 772 0000 01       		.uleb128 0x1
 773 0001 11       		.uleb128 0x11
ARM GAS  C:\Users\pxc\AppData\Local\Temp\ccxK4ewF.s 			page 22


 774 0002 01       		.byte	0x1
 775 0003 25       		.uleb128 0x25
 776 0004 0E       		.uleb128 0xe
 777 0005 13       		.uleb128 0x13
 778 0006 0B       		.uleb128 0xb
 779 0007 03       		.uleb128 0x3
 780 0008 0E       		.uleb128 0xe
 781 0009 1B       		.uleb128 0x1b
 782 000a 0E       		.uleb128 0xe
 783 000b 55       		.uleb128 0x55
 784 000c 17       		.uleb128 0x17
 785 000d 11       		.uleb128 0x11
 786 000e 01       		.uleb128 0x1
 787 000f 10       		.uleb128 0x10
 788 0010 17       		.uleb128 0x17
 789 0011 00       		.byte	0
 790 0012 00       		.byte	0
 791 0013 02       		.uleb128 0x2
 792 0014 24       		.uleb128 0x24
 793 0015 00       		.byte	0
 794 0016 0B       		.uleb128 0xb
 795 0017 0B       		.uleb128 0xb
 796 0018 3E       		.uleb128 0x3e
 797 0019 0B       		.uleb128 0xb
 798 001a 03       		.uleb128 0x3
 799 001b 08       		.uleb128 0x8
 800 001c 00       		.byte	0
 801 001d 00       		.byte	0
 802 001e 03       		.uleb128 0x3
 803 001f 24       		.uleb128 0x24
 804 0020 00       		.byte	0
 805 0021 0B       		.uleb128 0xb
 806 0022 0B       		.uleb128 0xb
 807 0023 3E       		.uleb128 0x3e
 808 0024 0B       		.uleb128 0xb
 809 0025 03       		.uleb128 0x3
 810 0026 0E       		.uleb128 0xe
 811 0027 00       		.byte	0
 812 0028 00       		.byte	0
 813 0029 04       		.uleb128 0x4
 814 002a 16       		.uleb128 0x16
 815 002b 00       		.byte	0
 816 002c 03       		.uleb128 0x3
 817 002d 0E       		.uleb128 0xe
 818 002e 3A       		.uleb128 0x3a
 819 002f 0B       		.uleb128 0xb
 820 0030 3B       		.uleb128 0x3b
 821 0031 0B       		.uleb128 0xb
 822 0032 49       		.uleb128 0x49
 823 0033 13       		.uleb128 0x13
 824 0034 00       		.byte	0
 825 0035 00       		.byte	0
 826 0036 05       		.uleb128 0x5
 827 0037 0F       		.uleb128 0xf
 828 0038 00       		.byte	0
 829 0039 0B       		.uleb128 0xb
 830 003a 0B       		.uleb128 0xb
ARM GAS  C:\Users\pxc\AppData\Local\Temp\ccxK4ewF.s 			page 23


 831 003b 49       		.uleb128 0x49
 832 003c 13       		.uleb128 0x13
 833 003d 00       		.byte	0
 834 003e 00       		.byte	0
 835 003f 06       		.uleb128 0x6
 836 0040 15       		.uleb128 0x15
 837 0041 00       		.byte	0
 838 0042 27       		.uleb128 0x27
 839 0043 19       		.uleb128 0x19
 840 0044 00       		.byte	0
 841 0045 00       		.byte	0
 842 0046 07       		.uleb128 0x7
 843 0047 16       		.uleb128 0x16
 844 0048 00       		.byte	0
 845 0049 03       		.uleb128 0x3
 846 004a 0E       		.uleb128 0xe
 847 004b 3A       		.uleb128 0x3a
 848 004c 0B       		.uleb128 0xb
 849 004d 3B       		.uleb128 0x3b
 850 004e 05       		.uleb128 0x5
 851 004f 49       		.uleb128 0x49
 852 0050 13       		.uleb128 0x13
 853 0051 00       		.byte	0
 854 0052 00       		.byte	0
 855 0053 08       		.uleb128 0x8
 856 0054 35       		.uleb128 0x35
 857 0055 00       		.byte	0
 858 0056 49       		.uleb128 0x49
 859 0057 13       		.uleb128 0x13
 860 0058 00       		.byte	0
 861 0059 00       		.byte	0
 862 005a 09       		.uleb128 0x9
 863 005b 2E       		.uleb128 0x2e
 864 005c 01       		.byte	0x1
 865 005d 3F       		.uleb128 0x3f
 866 005e 19       		.uleb128 0x19
 867 005f 03       		.uleb128 0x3
 868 0060 0E       		.uleb128 0xe
 869 0061 3A       		.uleb128 0x3a
 870 0062 0B       		.uleb128 0xb
 871 0063 3B       		.uleb128 0x3b
 872 0064 0B       		.uleb128 0xb
 873 0065 27       		.uleb128 0x27
 874 0066 19       		.uleb128 0x19
 875 0067 11       		.uleb128 0x11
 876 0068 01       		.uleb128 0x1
 877 0069 12       		.uleb128 0x12
 878 006a 06       		.uleb128 0x6
 879 006b 40       		.uleb128 0x40
 880 006c 18       		.uleb128 0x18
 881 006d 9742     		.uleb128 0x2117
 882 006f 19       		.uleb128 0x19
 883 0070 01       		.uleb128 0x1
 884 0071 13       		.uleb128 0x13
 885 0072 00       		.byte	0
 886 0073 00       		.byte	0
 887 0074 0A       		.uleb128 0xa
ARM GAS  C:\Users\pxc\AppData\Local\Temp\ccxK4ewF.s 			page 24


 888 0075 34       		.uleb128 0x34
 889 0076 00       		.byte	0
 890 0077 03       		.uleb128 0x3
 891 0078 0E       		.uleb128 0xe
 892 0079 3A       		.uleb128 0x3a
 893 007a 0B       		.uleb128 0xb
 894 007b 3B       		.uleb128 0x3b
 895 007c 0B       		.uleb128 0xb
 896 007d 49       		.uleb128 0x49
 897 007e 13       		.uleb128 0x13
 898 007f 02       		.uleb128 0x2
 899 0080 17       		.uleb128 0x17
 900 0081 00       		.byte	0
 901 0082 00       		.byte	0
 902 0083 0B       		.uleb128 0xb
 903 0084 898201   		.uleb128 0x4109
 904 0087 00       		.byte	0
 905 0088 11       		.uleb128 0x11
 906 0089 01       		.uleb128 0x1
 907 008a 31       		.uleb128 0x31
 908 008b 13       		.uleb128 0x13
 909 008c 00       		.byte	0
 910 008d 00       		.byte	0
 911 008e 0C       		.uleb128 0xc
 912 008f 05       		.uleb128 0x5
 913 0090 00       		.byte	0
 914 0091 03       		.uleb128 0x3
 915 0092 0E       		.uleb128 0xe
 916 0093 3A       		.uleb128 0x3a
 917 0094 0B       		.uleb128 0xb
 918 0095 3B       		.uleb128 0x3b
 919 0096 0B       		.uleb128 0xb
 920 0097 49       		.uleb128 0x49
 921 0098 13       		.uleb128 0x13
 922 0099 02       		.uleb128 0x2
 923 009a 18       		.uleb128 0x18
 924 009b 00       		.byte	0
 925 009c 00       		.byte	0
 926 009d 0D       		.uleb128 0xd
 927 009e 34       		.uleb128 0x34
 928 009f 00       		.byte	0
 929 00a0 03       		.uleb128 0x3
 930 00a1 0E       		.uleb128 0xe
 931 00a2 3A       		.uleb128 0x3a
 932 00a3 0B       		.uleb128 0xb
 933 00a4 3B       		.uleb128 0x3b
 934 00a5 0B       		.uleb128 0xb
 935 00a6 49       		.uleb128 0x49
 936 00a7 13       		.uleb128 0x13
 937 00a8 02       		.uleb128 0x2
 938 00a9 18       		.uleb128 0x18
 939 00aa 00       		.byte	0
 940 00ab 00       		.byte	0
 941 00ac 0E       		.uleb128 0xe
 942 00ad 2E       		.uleb128 0x2e
 943 00ae 01       		.byte	0x1
 944 00af 3F       		.uleb128 0x3f
ARM GAS  C:\Users\pxc\AppData\Local\Temp\ccxK4ewF.s 			page 25


 945 00b0 19       		.uleb128 0x19
 946 00b1 03       		.uleb128 0x3
 947 00b2 0E       		.uleb128 0xe
 948 00b3 3A       		.uleb128 0x3a
 949 00b4 0B       		.uleb128 0xb
 950 00b5 3B       		.uleb128 0x3b
 951 00b6 0B       		.uleb128 0xb
 952 00b7 27       		.uleb128 0x27
 953 00b8 19       		.uleb128 0x19
 954 00b9 49       		.uleb128 0x49
 955 00ba 13       		.uleb128 0x13
 956 00bb 11       		.uleb128 0x11
 957 00bc 01       		.uleb128 0x1
 958 00bd 12       		.uleb128 0x12
 959 00be 06       		.uleb128 0x6
 960 00bf 40       		.uleb128 0x40
 961 00c0 18       		.uleb128 0x18
 962 00c1 9742     		.uleb128 0x2117
 963 00c3 19       		.uleb128 0x19
 964 00c4 01       		.uleb128 0x1
 965 00c5 13       		.uleb128 0x13
 966 00c6 00       		.byte	0
 967 00c7 00       		.byte	0
 968 00c8 0F       		.uleb128 0xf
 969 00c9 2E       		.uleb128 0x2e
 970 00ca 01       		.byte	0x1
 971 00cb 3F       		.uleb128 0x3f
 972 00cc 19       		.uleb128 0x19
 973 00cd 03       		.uleb128 0x3
 974 00ce 0E       		.uleb128 0xe
 975 00cf 3A       		.uleb128 0x3a
 976 00d0 0B       		.uleb128 0xb
 977 00d1 3B       		.uleb128 0x3b
 978 00d2 05       		.uleb128 0x5
 979 00d3 27       		.uleb128 0x27
 980 00d4 19       		.uleb128 0x19
 981 00d5 11       		.uleb128 0x11
 982 00d6 01       		.uleb128 0x1
 983 00d7 12       		.uleb128 0x12
 984 00d8 06       		.uleb128 0x6
 985 00d9 40       		.uleb128 0x40
 986 00da 18       		.uleb128 0x18
 987 00db 9742     		.uleb128 0x2117
 988 00dd 19       		.uleb128 0x19
 989 00de 01       		.uleb128 0x1
 990 00df 13       		.uleb128 0x13
 991 00e0 00       		.byte	0
 992 00e1 00       		.byte	0
 993 00e2 10       		.uleb128 0x10
 994 00e3 05       		.uleb128 0x5
 995 00e4 00       		.byte	0
 996 00e5 03       		.uleb128 0x3
 997 00e6 0E       		.uleb128 0xe
 998 00e7 3A       		.uleb128 0x3a
 999 00e8 0B       		.uleb128 0xb
 1000 00e9 3B       		.uleb128 0x3b
 1001 00ea 05       		.uleb128 0x5
ARM GAS  C:\Users\pxc\AppData\Local\Temp\ccxK4ewF.s 			page 26


 1002 00eb 49       		.uleb128 0x49
 1003 00ec 13       		.uleb128 0x13
 1004 00ed 02       		.uleb128 0x2
 1005 00ee 17       		.uleb128 0x17
 1006 00ef 00       		.byte	0
 1007 00f0 00       		.byte	0
 1008 00f1 11       		.uleb128 0x11
 1009 00f2 2E       		.uleb128 0x2e
 1010 00f3 01       		.byte	0x1
 1011 00f4 3F       		.uleb128 0x3f
 1012 00f5 19       		.uleb128 0x19
 1013 00f6 03       		.uleb128 0x3
 1014 00f7 0E       		.uleb128 0xe
 1015 00f8 3A       		.uleb128 0x3a
 1016 00f9 0B       		.uleb128 0xb
 1017 00fa 3B       		.uleb128 0x3b
 1018 00fb 05       		.uleb128 0x5
 1019 00fc 27       		.uleb128 0x27
 1020 00fd 19       		.uleb128 0x19
 1021 00fe 49       		.uleb128 0x49
 1022 00ff 13       		.uleb128 0x13
 1023 0100 11       		.uleb128 0x11
 1024 0101 01       		.uleb128 0x1
 1025 0102 12       		.uleb128 0x12
 1026 0103 06       		.uleb128 0x6
 1027 0104 40       		.uleb128 0x40
 1028 0105 18       		.uleb128 0x18
 1029 0106 9742     		.uleb128 0x2117
 1030 0108 19       		.uleb128 0x19
 1031 0109 01       		.uleb128 0x1
 1032 010a 13       		.uleb128 0x13
 1033 010b 00       		.byte	0
 1034 010c 00       		.byte	0
 1035 010d 12       		.uleb128 0x12
 1036 010e 34       		.uleb128 0x34
 1037 010f 00       		.byte	0
 1038 0110 03       		.uleb128 0x3
 1039 0111 0E       		.uleb128 0xe
 1040 0112 3A       		.uleb128 0x3a
 1041 0113 0B       		.uleb128 0xb
 1042 0114 3B       		.uleb128 0x3b
 1043 0115 05       		.uleb128 0x5
 1044 0116 49       		.uleb128 0x49
 1045 0117 13       		.uleb128 0x13
 1046 0118 02       		.uleb128 0x2
 1047 0119 17       		.uleb128 0x17
 1048 011a 00       		.byte	0
 1049 011b 00       		.byte	0
 1050 011c 13       		.uleb128 0x13
 1051 011d 2E       		.uleb128 0x2e
 1052 011e 00       		.byte	0
 1053 011f 3F       		.uleb128 0x3f
 1054 0120 19       		.uleb128 0x19
 1055 0121 03       		.uleb128 0x3
 1056 0122 0E       		.uleb128 0xe
 1057 0123 3A       		.uleb128 0x3a
 1058 0124 0B       		.uleb128 0xb
ARM GAS  C:\Users\pxc\AppData\Local\Temp\ccxK4ewF.s 			page 27


 1059 0125 3B       		.uleb128 0x3b
 1060 0126 05       		.uleb128 0x5
 1061 0127 27       		.uleb128 0x27
 1062 0128 19       		.uleb128 0x19
 1063 0129 11       		.uleb128 0x11
 1064 012a 01       		.uleb128 0x1
 1065 012b 12       		.uleb128 0x12
 1066 012c 06       		.uleb128 0x6
 1067 012d 40       		.uleb128 0x40
 1068 012e 18       		.uleb128 0x18
 1069 012f 9742     		.uleb128 0x2117
 1070 0131 19       		.uleb128 0x19
 1071 0132 00       		.byte	0
 1072 0133 00       		.byte	0
 1073 0134 14       		.uleb128 0x14
 1074 0135 2E       		.uleb128 0x2e
 1075 0136 00       		.byte	0
 1076 0137 3F       		.uleb128 0x3f
 1077 0138 19       		.uleb128 0x19
 1078 0139 03       		.uleb128 0x3
 1079 013a 0E       		.uleb128 0xe
 1080 013b 3A       		.uleb128 0x3a
 1081 013c 0B       		.uleb128 0xb
 1082 013d 3B       		.uleb128 0x3b
 1083 013e 05       		.uleb128 0x5
 1084 013f 27       		.uleb128 0x27
 1085 0140 19       		.uleb128 0x19
 1086 0141 49       		.uleb128 0x49
 1087 0142 13       		.uleb128 0x13
 1088 0143 11       		.uleb128 0x11
 1089 0144 01       		.uleb128 0x1
 1090 0145 12       		.uleb128 0x12
 1091 0146 06       		.uleb128 0x6
 1092 0147 40       		.uleb128 0x40
 1093 0148 18       		.uleb128 0x18
 1094 0149 9742     		.uleb128 0x2117
 1095 014b 19       		.uleb128 0x19
 1096 014c 00       		.byte	0
 1097 014d 00       		.byte	0
 1098 014e 15       		.uleb128 0x15
 1099 014f 898201   		.uleb128 0x4109
 1100 0152 01       		.byte	0x1
 1101 0153 11       		.uleb128 0x11
 1102 0154 01       		.uleb128 0x1
 1103 0155 31       		.uleb128 0x31
 1104 0156 13       		.uleb128 0x13
 1105 0157 01       		.uleb128 0x1
 1106 0158 13       		.uleb128 0x13
 1107 0159 00       		.byte	0
 1108 015a 00       		.byte	0
 1109 015b 16       		.uleb128 0x16
 1110 015c 8A8201   		.uleb128 0x410a
 1111 015f 00       		.byte	0
 1112 0160 02       		.uleb128 0x2
 1113 0161 18       		.uleb128 0x18
 1114 0162 9142     		.uleb128 0x2111
 1115 0164 18       		.uleb128 0x18
ARM GAS  C:\Users\pxc\AppData\Local\Temp\ccxK4ewF.s 			page 28


 1116 0165 00       		.byte	0
 1117 0166 00       		.byte	0
 1118 0167 17       		.uleb128 0x17
 1119 0168 05       		.uleb128 0x5
 1120 0169 00       		.byte	0
 1121 016a 03       		.uleb128 0x3
 1122 016b 0E       		.uleb128 0xe
 1123 016c 3A       		.uleb128 0x3a
 1124 016d 0B       		.uleb128 0xb
 1125 016e 3B       		.uleb128 0x3b
 1126 016f 0B       		.uleb128 0xb
 1127 0170 49       		.uleb128 0x49
 1128 0171 13       		.uleb128 0x13
 1129 0172 02       		.uleb128 0x2
 1130 0173 17       		.uleb128 0x17
 1131 0174 00       		.byte	0
 1132 0175 00       		.byte	0
 1133 0176 18       		.uleb128 0x18
 1134 0177 34       		.uleb128 0x34
 1135 0178 00       		.byte	0
 1136 0179 03       		.uleb128 0x3
 1137 017a 0E       		.uleb128 0xe
 1138 017b 3A       		.uleb128 0x3a
 1139 017c 0B       		.uleb128 0xb
 1140 017d 3B       		.uleb128 0x3b
 1141 017e 05       		.uleb128 0x5
 1142 017f 49       		.uleb128 0x49
 1143 0180 13       		.uleb128 0x13
 1144 0181 3F       		.uleb128 0x3f
 1145 0182 19       		.uleb128 0x19
 1146 0183 3C       		.uleb128 0x3c
 1147 0184 19       		.uleb128 0x19
 1148 0185 00       		.byte	0
 1149 0186 00       		.byte	0
 1150 0187 19       		.uleb128 0x19
 1151 0188 2E       		.uleb128 0x2e
 1152 0189 00       		.byte	0
 1153 018a 3F       		.uleb128 0x3f
 1154 018b 19       		.uleb128 0x19
 1155 018c 03       		.uleb128 0x3
 1156 018d 0E       		.uleb128 0xe
 1157 018e 3A       		.uleb128 0x3a
 1158 018f 0B       		.uleb128 0xb
 1159 0190 3B       		.uleb128 0x3b
 1160 0191 0B       		.uleb128 0xb
 1161 0192 27       		.uleb128 0x27
 1162 0193 19       		.uleb128 0x19
 1163 0194 49       		.uleb128 0x49
 1164 0195 13       		.uleb128 0x13
 1165 0196 3C       		.uleb128 0x3c
 1166 0197 19       		.uleb128 0x19
 1167 0198 00       		.byte	0
 1168 0199 00       		.byte	0
 1169 019a 1A       		.uleb128 0x1a
 1170 019b 2E       		.uleb128 0x2e
 1171 019c 01       		.byte	0x1
 1172 019d 3F       		.uleb128 0x3f
ARM GAS  C:\Users\pxc\AppData\Local\Temp\ccxK4ewF.s 			page 29


 1173 019e 19       		.uleb128 0x19
 1174 019f 03       		.uleb128 0x3
 1175 01a0 0E       		.uleb128 0xe
 1176 01a1 3A       		.uleb128 0x3a
 1177 01a2 0B       		.uleb128 0xb
 1178 01a3 3B       		.uleb128 0x3b
 1179 01a4 0B       		.uleb128 0xb
 1180 01a5 27       		.uleb128 0x27
 1181 01a6 19       		.uleb128 0x19
 1182 01a7 3C       		.uleb128 0x3c
 1183 01a8 19       		.uleb128 0x19
 1184 01a9 00       		.byte	0
 1185 01aa 00       		.byte	0
 1186 01ab 1B       		.uleb128 0x1b
 1187 01ac 05       		.uleb128 0x5
 1188 01ad 00       		.byte	0
 1189 01ae 49       		.uleb128 0x49
 1190 01af 13       		.uleb128 0x13
 1191 01b0 00       		.byte	0
 1192 01b1 00       		.byte	0
 1193 01b2 00       		.byte	0
 1194              		.section	.debug_loc,"",%progbits
 1195              	.Ldebug_loc0:
 1196              	.LLST0:
 1197 0000 06000000 		.4byte	.LVL0
 1198 0004 09000000 		.4byte	.LVL1-1
 1199 0008 0100     		.2byte	0x1
 1200 000a 50       		.byte	0x50
 1201 000b 00000000 		.4byte	0
 1202 000f 00000000 		.4byte	0
 1203              	.LLST1:
 1204 0013 00000000 		.4byte	.LVL5
 1205 0017 02000000 		.4byte	.LVL6
 1206 001b 0100     		.2byte	0x1
 1207 001d 50       		.byte	0x50
 1208 001e 02000000 		.4byte	.LVL6
 1209 0022 10000000 		.4byte	.LFE69
 1210 0026 0400     		.2byte	0x4
 1211 0028 F3       		.byte	0xf3
 1212 0029 01       		.uleb128 0x1
 1213 002a 50       		.byte	0x50
 1214 002b 9F       		.byte	0x9f
 1215 002c 00000000 		.4byte	0
 1216 0030 00000000 		.4byte	0
 1217              	.LLST2:
 1218 0034 04000000 		.4byte	.LVL7
 1219 0038 06000000 		.4byte	.LVL8
 1220 003c 0500     		.2byte	0x5
 1221 003e 70       		.byte	0x70
 1222 003f 00       		.sleb128 0
 1223 0040 35       		.byte	0x35
 1224 0041 25       		.byte	0x25
 1225 0042 9F       		.byte	0x9f
 1226 0043 00000000 		.4byte	0
 1227 0047 00000000 		.4byte	0
 1228              	.LLST3:
 1229 004b 00000000 		.4byte	.LVL13
ARM GAS  C:\Users\pxc\AppData\Local\Temp\ccxK4ewF.s 			page 30


 1230 004f 07000000 		.4byte	.LVL14-1
 1231 0053 0100     		.2byte	0x1
 1232 0055 50       		.byte	0x50
 1233 0056 07000000 		.4byte	.LVL14-1
 1234 005a 1A000000 		.4byte	.LFE64
 1235 005e 0100     		.2byte	0x1
 1236 0060 54       		.byte	0x54
 1237 0061 00000000 		.4byte	0
 1238 0065 00000000 		.4byte	0
 1239              		.section	.debug_aranges,"",%progbits
 1240 0000 7C000000 		.4byte	0x7c
 1241 0004 0200     		.2byte	0x2
 1242 0006 00000000 		.4byte	.Ldebug_info0
 1243 000a 04       		.byte	0x4
 1244 000b 00       		.byte	0
 1245 000c 0000     		.2byte	0
 1246 000e 0000     		.2byte	0
 1247 0010 00000000 		.4byte	.LFB66
 1248 0014 0C000000 		.4byte	.LFE66-.LFB66
 1249 0018 00000000 		.4byte	.LFB67
 1250 001c 0C000000 		.4byte	.LFE67-.LFB67
 1251 0020 00000000 		.4byte	.LFB68
 1252 0024 0C000000 		.4byte	.LFE68-.LFB68
 1253 0028 00000000 		.4byte	.LFB69
 1254 002c 10000000 		.4byte	.LFE69-.LFB69
 1255 0030 00000000 		.4byte	.LFB70
 1256 0034 0C000000 		.4byte	.LFE70-.LFB70
 1257 0038 00000000 		.4byte	.LFB71
 1258 003c 0C000000 		.4byte	.LFE71-.LFB71
 1259 0040 00000000 		.4byte	.LFB72
 1260 0044 18000000 		.4byte	.LFE72-.LFB72
 1261 0048 00000000 		.4byte	.LFB73
 1262 004c 0C000000 		.4byte	.LFE73-.LFB73
 1263 0050 00000000 		.4byte	.LFB63
 1264 0054 1C000000 		.4byte	.LFE63-.LFB63
 1265 0058 00000000 		.4byte	.LFB64
 1266 005c 1A000000 		.4byte	.LFE64-.LFB64
 1267 0060 00000000 		.4byte	.LFB65
 1268 0064 14000000 		.4byte	.LFE65-.LFB65
 1269 0068 00000000 		.4byte	.LFB74
 1270 006c 0C000000 		.4byte	.LFE74-.LFB74
 1271 0070 00000000 		.4byte	.LFB75
 1272 0074 0C000000 		.4byte	.LFE75-.LFB75
 1273 0078 00000000 		.4byte	0
 1274 007c 00000000 		.4byte	0
 1275              		.section	.debug_ranges,"",%progbits
 1276              	.Ldebug_ranges0:
 1277 0000 00000000 		.4byte	.LFB66
 1278 0004 0C000000 		.4byte	.LFE66
 1279 0008 00000000 		.4byte	.LFB67
 1280 000c 0C000000 		.4byte	.LFE67
 1281 0010 00000000 		.4byte	.LFB68
 1282 0014 0C000000 		.4byte	.LFE68
 1283 0018 00000000 		.4byte	.LFB69
 1284 001c 10000000 		.4byte	.LFE69
 1285 0020 00000000 		.4byte	.LFB70
 1286 0024 0C000000 		.4byte	.LFE70
ARM GAS  C:\Users\pxc\AppData\Local\Temp\ccxK4ewF.s 			page 31


 1287 0028 00000000 		.4byte	.LFB71
 1288 002c 0C000000 		.4byte	.LFE71
 1289 0030 00000000 		.4byte	.LFB72
 1290 0034 18000000 		.4byte	.LFE72
 1291 0038 00000000 		.4byte	.LFB73
 1292 003c 0C000000 		.4byte	.LFE73
 1293 0040 00000000 		.4byte	.LFB63
 1294 0044 1C000000 		.4byte	.LFE63
 1295 0048 00000000 		.4byte	.LFB64
 1296 004c 1A000000 		.4byte	.LFE64
 1297 0050 00000000 		.4byte	.LFB65
 1298 0054 14000000 		.4byte	.LFE65
 1299 0058 00000000 		.4byte	.LFB74
 1300 005c 0C000000 		.4byte	.LFE74
 1301 0060 00000000 		.4byte	.LFB75
 1302 0064 0C000000 		.4byte	.LFE75
 1303 0068 00000000 		.4byte	0
 1304 006c 00000000 		.4byte	0
 1305              		.section	.debug_line,"",%progbits
 1306              	.Ldebug_line0:
 1307 0000 73020000 		.section	.debug_str,"MS",%progbits,1
 1307      02008501 
 1307      00000201 
 1307      FB0E0D00 
 1307      01010101 
 1308              	.LASF18:
 1309 0000 72656733 		.ascii	"reg32\000"
 1309      3200
 1310              	.LASF29:
 1311 0006 6973725F 		.ascii	"isr_rx_LIDAR_Enable\000"
 1311      72785F4C 
 1311      49444152 
 1311      5F456E61 
 1311      626C6500 
 1312              	.LASF11:
 1313 001a 5F5F696E 		.ascii	"__int32_t\000"
 1313      7433325F 
 1313      7400
 1314              	.LASF13:
 1315 0024 75696E74 		.ascii	"uint8\000"
 1315      3800
 1316              	.LASF12:
 1317 002a 696E7433 		.ascii	"int32_t\000"
 1317      325F7400 
 1318              	.LASF41:
 1319 0032 55415254 		.ascii	"UART_LIDAR_GetChar\000"
 1319      5F4C4944 
 1319      41525F47 
 1319      65744368 
 1319      617200
 1320              	.LASF15:
 1321 0045 666C6F61 		.ascii	"float\000"
 1321      7400
 1322              	.LASF22:
 1323 004b 64617461 		.ascii	"data\000"
 1323      00
 1324              	.LASF1:
ARM GAS  C:\Users\pxc\AppData\Local\Temp\ccxK4ewF.s 			page 32


 1325 0050 7369676E 		.ascii	"signed char\000"
 1325      65642063 
 1325      68617200 
 1326              	.LASF2:
 1327 005c 756E7369 		.ascii	"unsigned char\000"
 1327      676E6564 
 1327      20636861 
 1327      7200
 1328              	.LASF33:
 1329 006a 6973725F 		.ascii	"isr_rx_LIDAR_Stop\000"
 1329      72785F4C 
 1329      49444152 
 1329      5F53746F 
 1329      7000
 1330              	.LASF17:
 1331 007c 72656738 		.ascii	"reg8\000"
 1331      00
 1332              	.LASF34:
 1333 0081 6973725F 		.ascii	"isr_rx_LIDAR_SetPending\000"
 1333      72785F4C 
 1333      49444152 
 1333      5F536574 
 1333      50656E64 
 1334              	.LASF6:
 1335 0099 6C6F6E67 		.ascii	"long unsigned int\000"
 1335      20756E73 
 1335      69676E65 
 1335      6420696E 
 1335      7400
 1336              	.LASF4:
 1337 00ab 73686F72 		.ascii	"short unsigned int\000"
 1337      7420756E 
 1337      7369676E 
 1337      65642069 
 1337      6E7400
 1338              	.LASF28:
 1339 00be 6973725F 		.ascii	"isr_rx_LIDAR_GetPriority\000"
 1339      72785F4C 
 1339      49444152 
 1339      5F476574 
 1339      5072696F 
 1340              	.LASF40:
 1341 00d7 49544D5F 		.ascii	"ITM_RxBuffer\000"
 1341      52784275 
 1341      66666572 
 1341      00
 1342              	.LASF37:
 1343 00e4 2E5C4765 		.ascii	".\\Generated_Source\\PSoC5\\isr_rx_LIDAR.c\000"
 1343      6E657261 
 1343      7465645F 
 1343      536F7572 
 1343      63655C50 
 1344              	.LASF16:
 1345 010c 646F7562 		.ascii	"double\000"
 1345      6C6500
 1346              	.LASF35:
 1347 0113 6973725F 		.ascii	"isr_rx_LIDAR_ClearPending\000"
ARM GAS  C:\Users\pxc\AppData\Local\Temp\ccxK4ewF.s 			page 33


 1347      72785F4C 
 1347      49444152 
 1347      5F436C65 
 1347      61725065 
 1348              	.LASF26:
 1349 012d 7072696F 		.ascii	"priority\000"
 1349      72697479 
 1349      00
 1350              	.LASF21:
 1351 0136 6973725F 		.ascii	"isr_rx_LIDAR_SetVector\000"
 1351      72785F4C 
 1351      49444152 
 1351      5F536574 
 1351      56656374 
 1352              	.LASF14:
 1353 014d 75696E74 		.ascii	"uint32\000"
 1353      333200
 1354              	.LASF36:
 1355 0154 474E5520 		.ascii	"GNU C 4.9.3 20150303 (release) [ARM/embedded-4_9-br"
 1355      4320342E 
 1355      392E3320 
 1355      32303135 
 1355      30333033 
 1356 0187 616E6368 		.ascii	"anch revision 221220] -mcpu=cortex-m3 -mthumb -g -O"
 1356      20726576 
 1356      6973696F 
 1356      6E203232 
 1356      31323230 
 1357 01ba 67202D66 		.ascii	"g -ffunction-sections -ffat-lto-objects\000"
 1357      66756E63 
 1357      74696F6E 
 1357      2D736563 
 1357      74696F6E 
 1358              	.LASF0:
 1359 01e2 756E7369 		.ascii	"unsigned int\000"
 1359      676E6564 
 1359      20696E74 
 1359      00
 1360              	.LASF31:
 1361 01ef 6973725F 		.ascii	"isr_rx_LIDAR_Start\000"
 1361      72785F4C 
 1361      49444152 
 1361      5F537461 
 1361      727400
 1362              	.LASF25:
 1363 0202 61646472 		.ascii	"address\000"
 1363      65737300 
 1364              	.LASF8:
 1365 020a 6C6F6E67 		.ascii	"long long unsigned int\000"
 1365      206C6F6E 
 1365      6720756E 
 1365      7369676E 
 1365      65642069 
 1366              	.LASF38:
 1367 0221 443A5C72 		.ascii	"D:\\robot\\code\\robot-car\\car.cydsn\000"
 1367      6F626F74 
 1367      5C636F64 
ARM GAS  C:\Users\pxc\AppData\Local\Temp\ccxK4ewF.s 			page 34


 1367      655C726F 
 1367      626F742D 
 1368              	.LASF19:
 1369 0243 63796973 		.ascii	"cyisraddress\000"
 1369      72616464 
 1369      72657373 
 1369      00
 1370              	.LASF24:
 1371 0250 6973725F 		.ascii	"isr_rx_LIDAR_SetPriority\000"
 1371      72785F4C 
 1371      49444152 
 1371      5F536574 
 1371      5072696F 
 1372              	.LASF32:
 1373 0269 6973725F 		.ascii	"isr_rx_LIDAR_StartEx\000"
 1373      72785F4C 
 1373      49444152 
 1373      5F537461 
 1373      72744578 
 1374              	.LASF9:
 1375 027e 73697A65 		.ascii	"sizetype\000"
 1375      74797065 
 1375      00
 1376              	.LASF7:
 1377 0287 6C6F6E67 		.ascii	"long long int\000"
 1377      206C6F6E 
 1377      6720696E 
 1377      7400
 1378              	.LASF10:
 1379 0295 63686172 		.ascii	"char\000"
 1379      00
 1380              	.LASF23:
 1381 029a 72616D56 		.ascii	"ramVectorTable\000"
 1381      6563746F 
 1381      72546162 
 1381      6C6500
 1382              	.LASF3:
 1383 02a9 73686F72 		.ascii	"short int\000"
 1383      7420696E 
 1383      7400
 1384              	.LASF39:
 1385 02b3 6973725F 		.ascii	"isr_rx_LIDAR_GetState\000"
 1385      72785F4C 
 1385      49444152 
 1385      5F476574 
 1385      53746174 
 1386              	.LASF30:
 1387 02c9 6973725F 		.ascii	"isr_rx_LIDAR_Disable\000"
 1387      72785F4C 
 1387      49444152 
 1387      5F446973 
 1387      61626C65 
 1388              	.LASF5:
 1389 02de 6C6F6E67 		.ascii	"long int\000"
 1389      20696E74 
 1389      00
 1390              	.LASF27:
ARM GAS  C:\Users\pxc\AppData\Local\Temp\ccxK4ewF.s 			page 35


 1391 02e7 6973725F 		.ascii	"isr_rx_LIDAR_GetVector\000"
 1391      72785F4C 
 1391      49444152 
 1391      5F476574 
 1391      56656374 
 1392              	.LASF20:
 1393 02fe 6973725F 		.ascii	"isr_rx_LIDAR_Interrupt\000"
 1393      72785F4C 
 1393      49444152 
 1393      5F496E74 
 1393      65727275 
 1394              	.LASF42:
 1395 0315 4C696461 		.ascii	"Lidar_Normal_Data_Receive_Prepare\000"
 1395      725F4E6F 
 1395      726D616C 
 1395      5F446174 
 1395      615F5265 
 1396              		.ident	"GCC: (GNU Tools for ARM Embedded Processors) 4.9.3 20150303 (release) [ARM/embedded-4_9-br
