ARM GAS  C:\Users\pxc\AppData\Local\Temp\ccgh5T0F.s 			page 1


   1              		.syntax unified
   2              		.cpu cortex-m3
   3              		.fpu softvfp
   4              		.eabi_attribute 20, 1
   5              		.eabi_attribute 21, 1
   6              		.eabi_attribute 23, 3
   7              		.eabi_attribute 24, 1
   8              		.eabi_attribute 25, 1
   9              		.eabi_attribute 26, 1
  10              		.eabi_attribute 30, 1
  11              		.eabi_attribute 34, 1
  12              		.eabi_attribute 18, 4
  13              		.thumb
  14              		.file	"isr_timer.c"
  15              		.text
  16              	.Ltext0:
  17              		.cfi_sections	.debug_frame
  18              		.section	.text.isr_timer_Interrupt,"ax",%progbits
  19              		.align	2
  20              		.global	isr_timer_Interrupt
  21              		.thumb
  22              		.thumb_func
  23              		.type	isr_timer_Interrupt, %function
  24              	isr_timer_Interrupt:
  25              	.LFB66:
  26              		.file 1 ".\\Generated_Source\\PSoC5\\isr_timer.c"
   1:.\Generated_Source\PSoC5/isr_timer.c **** /*******************************************************************************
   2:.\Generated_Source\PSoC5/isr_timer.c **** * File Name: isr_timer.c  
   3:.\Generated_Source\PSoC5/isr_timer.c **** * Version 1.70
   4:.\Generated_Source\PSoC5/isr_timer.c **** *
   5:.\Generated_Source\PSoC5/isr_timer.c **** *  Description:
   6:.\Generated_Source\PSoC5/isr_timer.c **** *   API for controlling the state of an interrupt.
   7:.\Generated_Source\PSoC5/isr_timer.c **** *
   8:.\Generated_Source\PSoC5/isr_timer.c **** *
   9:.\Generated_Source\PSoC5/isr_timer.c **** *  Note:
  10:.\Generated_Source\PSoC5/isr_timer.c **** *
  11:.\Generated_Source\PSoC5/isr_timer.c **** ********************************************************************************
  12:.\Generated_Source\PSoC5/isr_timer.c **** * Copyright 2008-2015, Cypress Semiconductor Corporation.  All rights reserved.
  13:.\Generated_Source\PSoC5/isr_timer.c **** * You may use this file only in accordance with the license, terms, conditions, 
  14:.\Generated_Source\PSoC5/isr_timer.c **** * disclaimers, and limitations in the end user license agreement accompanying 
  15:.\Generated_Source\PSoC5/isr_timer.c **** * the software package with which this file was provided.
  16:.\Generated_Source\PSoC5/isr_timer.c **** *******************************************************************************/
  17:.\Generated_Source\PSoC5/isr_timer.c **** 
  18:.\Generated_Source\PSoC5/isr_timer.c **** 
  19:.\Generated_Source\PSoC5/isr_timer.c **** #include <cydevice_trm.h>
  20:.\Generated_Source\PSoC5/isr_timer.c **** #include <CyLib.h>
  21:.\Generated_Source\PSoC5/isr_timer.c **** #include <isr_timer.h>
  22:.\Generated_Source\PSoC5/isr_timer.c **** #include "cyapicallbacks.h"
  23:.\Generated_Source\PSoC5/isr_timer.c **** 
  24:.\Generated_Source\PSoC5/isr_timer.c **** #if !defined(isr_timer__REMOVED) /* Check for removal by optimization */
  25:.\Generated_Source\PSoC5/isr_timer.c **** 
  26:.\Generated_Source\PSoC5/isr_timer.c **** /*******************************************************************************
  27:.\Generated_Source\PSoC5/isr_timer.c **** *  Place your includes, defines and code here 
  28:.\Generated_Source\PSoC5/isr_timer.c **** ********************************************************************************/
  29:.\Generated_Source\PSoC5/isr_timer.c **** /* `#START isr_timer_intc` */
  30:.\Generated_Source\PSoC5/isr_timer.c **** #include "multi_timer.h"
  31:.\Generated_Source\PSoC5/isr_timer.c **** uint16 time_1ms;
ARM GAS  C:\Users\pxc\AppData\Local\Temp\ccgh5T0F.s 			page 2


  32:.\Generated_Source\PSoC5/isr_timer.c **** uint16 time_1ms_state;
  33:.\Generated_Source\PSoC5/isr_timer.c **** uint16 time_5ms;   
  34:.\Generated_Source\PSoC5/isr_timer.c **** uint8  time_5ms_state;
  35:.\Generated_Source\PSoC5/isr_timer.c **** uint16 time_1s;  
  36:.\Generated_Source\PSoC5/isr_timer.c **** uint16 time_1s_state;   
  37:.\Generated_Source\PSoC5/isr_timer.c **** uint16 time_100ms;
  38:.\Generated_Source\PSoC5/isr_timer.c **** uint16 time_100ms_state;   
  39:.\Generated_Source\PSoC5/isr_timer.c **** /* `#END` */
  40:.\Generated_Source\PSoC5/isr_timer.c **** 
  41:.\Generated_Source\PSoC5/isr_timer.c **** #ifndef CYINT_IRQ_BASE
  42:.\Generated_Source\PSoC5/isr_timer.c **** #define CYINT_IRQ_BASE      16
  43:.\Generated_Source\PSoC5/isr_timer.c **** #endif /* CYINT_IRQ_BASE */
  44:.\Generated_Source\PSoC5/isr_timer.c **** #ifndef CYINT_VECT_TABLE
  45:.\Generated_Source\PSoC5/isr_timer.c **** #define CYINT_VECT_TABLE    ((cyisraddress **) CYREG_NVIC_VECT_OFFSET)
  46:.\Generated_Source\PSoC5/isr_timer.c **** #endif /* CYINT_VECT_TABLE */
  47:.\Generated_Source\PSoC5/isr_timer.c **** 
  48:.\Generated_Source\PSoC5/isr_timer.c **** /* Declared in startup, used to set unused interrupts to. */
  49:.\Generated_Source\PSoC5/isr_timer.c **** CY_ISR_PROTO(IntDefaultHandler);
  50:.\Generated_Source\PSoC5/isr_timer.c **** 
  51:.\Generated_Source\PSoC5/isr_timer.c **** 
  52:.\Generated_Source\PSoC5/isr_timer.c **** /*******************************************************************************
  53:.\Generated_Source\PSoC5/isr_timer.c **** * Function Name: isr_timer_Start
  54:.\Generated_Source\PSoC5/isr_timer.c **** ********************************************************************************
  55:.\Generated_Source\PSoC5/isr_timer.c **** *
  56:.\Generated_Source\PSoC5/isr_timer.c **** * Summary:
  57:.\Generated_Source\PSoC5/isr_timer.c **** *  Set up the interrupt and enable it. This function disables the interrupt, 
  58:.\Generated_Source\PSoC5/isr_timer.c **** *  sets the default interrupt vector, sets the priority from the value in the
  59:.\Generated_Source\PSoC5/isr_timer.c **** *  Design Wide Resources Interrupt Editor, then enables the interrupt to the 
  60:.\Generated_Source\PSoC5/isr_timer.c **** *  interrupt controller.
  61:.\Generated_Source\PSoC5/isr_timer.c **** *
  62:.\Generated_Source\PSoC5/isr_timer.c **** * Parameters:  
  63:.\Generated_Source\PSoC5/isr_timer.c **** *   None
  64:.\Generated_Source\PSoC5/isr_timer.c **** *
  65:.\Generated_Source\PSoC5/isr_timer.c **** * Return:
  66:.\Generated_Source\PSoC5/isr_timer.c **** *   None
  67:.\Generated_Source\PSoC5/isr_timer.c **** *
  68:.\Generated_Source\PSoC5/isr_timer.c **** *******************************************************************************/
  69:.\Generated_Source\PSoC5/isr_timer.c **** void isr_timer_Start(void)
  70:.\Generated_Source\PSoC5/isr_timer.c **** {
  71:.\Generated_Source\PSoC5/isr_timer.c ****     /* For all we know the interrupt is active. */
  72:.\Generated_Source\PSoC5/isr_timer.c ****     isr_timer_Disable();
  73:.\Generated_Source\PSoC5/isr_timer.c **** 
  74:.\Generated_Source\PSoC5/isr_timer.c ****     /* Set the ISR to point to the isr_timer Interrupt. */
  75:.\Generated_Source\PSoC5/isr_timer.c ****     isr_timer_SetVector(&isr_timer_Interrupt);
  76:.\Generated_Source\PSoC5/isr_timer.c **** 
  77:.\Generated_Source\PSoC5/isr_timer.c ****     /* Set the priority. */
  78:.\Generated_Source\PSoC5/isr_timer.c ****     isr_timer_SetPriority((uint8)isr_timer_INTC_PRIOR_NUMBER);
  79:.\Generated_Source\PSoC5/isr_timer.c **** 
  80:.\Generated_Source\PSoC5/isr_timer.c ****     /* Enable it. */
  81:.\Generated_Source\PSoC5/isr_timer.c ****     isr_timer_Enable();
  82:.\Generated_Source\PSoC5/isr_timer.c **** }
  83:.\Generated_Source\PSoC5/isr_timer.c **** 
  84:.\Generated_Source\PSoC5/isr_timer.c **** 
  85:.\Generated_Source\PSoC5/isr_timer.c **** /*******************************************************************************
  86:.\Generated_Source\PSoC5/isr_timer.c **** * Function Name: isr_timer_StartEx
  87:.\Generated_Source\PSoC5/isr_timer.c **** ********************************************************************************
  88:.\Generated_Source\PSoC5/isr_timer.c **** *
ARM GAS  C:\Users\pxc\AppData\Local\Temp\ccgh5T0F.s 			page 3


  89:.\Generated_Source\PSoC5/isr_timer.c **** * Summary:
  90:.\Generated_Source\PSoC5/isr_timer.c **** *  Sets up the interrupt and enables it. This function disables the interrupt,
  91:.\Generated_Source\PSoC5/isr_timer.c **** *  sets the interrupt vector based on the address passed in, sets the priority 
  92:.\Generated_Source\PSoC5/isr_timer.c **** *  from the value in the Design Wide Resources Interrupt Editor, then enables 
  93:.\Generated_Source\PSoC5/isr_timer.c **** *  the interrupt to the interrupt controller.
  94:.\Generated_Source\PSoC5/isr_timer.c **** *  
  95:.\Generated_Source\PSoC5/isr_timer.c **** *  When defining ISR functions, the CY_ISR and CY_ISR_PROTO macros should be 
  96:.\Generated_Source\PSoC5/isr_timer.c **** *  used to provide consistent definition across compilers:
  97:.\Generated_Source\PSoC5/isr_timer.c **** *  
  98:.\Generated_Source\PSoC5/isr_timer.c **** *  Function definition example:
  99:.\Generated_Source\PSoC5/isr_timer.c **** *   CY_ISR(MyISR)
 100:.\Generated_Source\PSoC5/isr_timer.c **** *   {
 101:.\Generated_Source\PSoC5/isr_timer.c **** *   }
 102:.\Generated_Source\PSoC5/isr_timer.c **** *   Function prototype example:
 103:.\Generated_Source\PSoC5/isr_timer.c **** *   CY_ISR_PROTO(MyISR);
 104:.\Generated_Source\PSoC5/isr_timer.c **** *
 105:.\Generated_Source\PSoC5/isr_timer.c **** * Parameters:  
 106:.\Generated_Source\PSoC5/isr_timer.c **** *   address: Address of the ISR to set in the interrupt vector table.
 107:.\Generated_Source\PSoC5/isr_timer.c **** *
 108:.\Generated_Source\PSoC5/isr_timer.c **** * Return:
 109:.\Generated_Source\PSoC5/isr_timer.c **** *   None
 110:.\Generated_Source\PSoC5/isr_timer.c **** *
 111:.\Generated_Source\PSoC5/isr_timer.c **** *******************************************************************************/
 112:.\Generated_Source\PSoC5/isr_timer.c **** void isr_timer_StartEx(cyisraddress address)
 113:.\Generated_Source\PSoC5/isr_timer.c **** {
 114:.\Generated_Source\PSoC5/isr_timer.c ****     /* For all we know the interrupt is active. */
 115:.\Generated_Source\PSoC5/isr_timer.c ****     isr_timer_Disable();
 116:.\Generated_Source\PSoC5/isr_timer.c **** 
 117:.\Generated_Source\PSoC5/isr_timer.c ****     /* Set the ISR to point to the isr_timer Interrupt. */
 118:.\Generated_Source\PSoC5/isr_timer.c ****     isr_timer_SetVector(address);
 119:.\Generated_Source\PSoC5/isr_timer.c **** 
 120:.\Generated_Source\PSoC5/isr_timer.c ****     /* Set the priority. */
 121:.\Generated_Source\PSoC5/isr_timer.c ****     isr_timer_SetPriority((uint8)isr_timer_INTC_PRIOR_NUMBER);
 122:.\Generated_Source\PSoC5/isr_timer.c **** 
 123:.\Generated_Source\PSoC5/isr_timer.c ****     /* Enable it. */
 124:.\Generated_Source\PSoC5/isr_timer.c ****     isr_timer_Enable();
 125:.\Generated_Source\PSoC5/isr_timer.c **** }
 126:.\Generated_Source\PSoC5/isr_timer.c **** 
 127:.\Generated_Source\PSoC5/isr_timer.c **** 
 128:.\Generated_Source\PSoC5/isr_timer.c **** /*******************************************************************************
 129:.\Generated_Source\PSoC5/isr_timer.c **** * Function Name: isr_timer_Stop
 130:.\Generated_Source\PSoC5/isr_timer.c **** ********************************************************************************
 131:.\Generated_Source\PSoC5/isr_timer.c **** *
 132:.\Generated_Source\PSoC5/isr_timer.c **** * Summary:
 133:.\Generated_Source\PSoC5/isr_timer.c **** *   Disables and removes the interrupt.
 134:.\Generated_Source\PSoC5/isr_timer.c **** *
 135:.\Generated_Source\PSoC5/isr_timer.c **** * Parameters:  
 136:.\Generated_Source\PSoC5/isr_timer.c **** *   None
 137:.\Generated_Source\PSoC5/isr_timer.c **** *
 138:.\Generated_Source\PSoC5/isr_timer.c **** * Return:
 139:.\Generated_Source\PSoC5/isr_timer.c **** *   None
 140:.\Generated_Source\PSoC5/isr_timer.c **** *
 141:.\Generated_Source\PSoC5/isr_timer.c **** *******************************************************************************/
 142:.\Generated_Source\PSoC5/isr_timer.c **** void isr_timer_Stop(void)
 143:.\Generated_Source\PSoC5/isr_timer.c **** {
 144:.\Generated_Source\PSoC5/isr_timer.c ****     /* Disable this interrupt. */
 145:.\Generated_Source\PSoC5/isr_timer.c ****     isr_timer_Disable();
ARM GAS  C:\Users\pxc\AppData\Local\Temp\ccgh5T0F.s 			page 4


 146:.\Generated_Source\PSoC5/isr_timer.c **** 
 147:.\Generated_Source\PSoC5/isr_timer.c ****     /* Set the ISR to point to the passive one. */
 148:.\Generated_Source\PSoC5/isr_timer.c ****     isr_timer_SetVector(&IntDefaultHandler);
 149:.\Generated_Source\PSoC5/isr_timer.c **** }
 150:.\Generated_Source\PSoC5/isr_timer.c **** 
 151:.\Generated_Source\PSoC5/isr_timer.c **** 
 152:.\Generated_Source\PSoC5/isr_timer.c **** /*******************************************************************************
 153:.\Generated_Source\PSoC5/isr_timer.c **** * Function Name: isr_timer_Interrupt
 154:.\Generated_Source\PSoC5/isr_timer.c **** ********************************************************************************
 155:.\Generated_Source\PSoC5/isr_timer.c **** *
 156:.\Generated_Source\PSoC5/isr_timer.c **** * Summary:
 157:.\Generated_Source\PSoC5/isr_timer.c **** *   The default Interrupt Service Routine for isr_timer.
 158:.\Generated_Source\PSoC5/isr_timer.c **** *
 159:.\Generated_Source\PSoC5/isr_timer.c **** *   Add custom code between the coments to keep the next version of this file
 160:.\Generated_Source\PSoC5/isr_timer.c **** *   from over writting your code.
 161:.\Generated_Source\PSoC5/isr_timer.c **** *
 162:.\Generated_Source\PSoC5/isr_timer.c **** * Parameters:  
 163:.\Generated_Source\PSoC5/isr_timer.c **** *
 164:.\Generated_Source\PSoC5/isr_timer.c **** * Return:
 165:.\Generated_Source\PSoC5/isr_timer.c **** *   None
 166:.\Generated_Source\PSoC5/isr_timer.c **** *
 167:.\Generated_Source\PSoC5/isr_timer.c **** *******************************************************************************/
 168:.\Generated_Source\PSoC5/isr_timer.c **** CY_ISR(isr_timer_Interrupt)
 169:.\Generated_Source\PSoC5/isr_timer.c **** {
  27              		.loc 1 169 0
  28              		.cfi_startproc
  29              		@ args = 0, pretend = 0, frame = 0
  30              		@ frame_needed = 0, uses_anonymous_args = 0
  31 0000 10B5     		push	{r4, lr}
  32              		.cfi_def_cfa_offset 8
  33              		.cfi_offset 4, -8
  34              		.cfi_offset 14, -4
 170:.\Generated_Source\PSoC5/isr_timer.c ****     #ifdef isr_timer_INTERRUPT_INTERRUPT_CALLBACK
 171:.\Generated_Source\PSoC5/isr_timer.c ****         isr_timer_Interrupt_InterruptCallback();
 172:.\Generated_Source\PSoC5/isr_timer.c ****     #endif /* isr_timer_INTERRUPT_INTERRUPT_CALLBACK */ 
 173:.\Generated_Source\PSoC5/isr_timer.c **** 
 174:.\Generated_Source\PSoC5/isr_timer.c ****     /*  Place your Interrupt code here. */
 175:.\Generated_Source\PSoC5/isr_timer.c ****     /* `#START isr_timer_Interrupt` */
 176:.\Generated_Source\PSoC5/isr_timer.c ****     time_5ms++;
  35              		.loc 1 176 0
  36 0002 1C4B     		ldr	r3, .L7
  37 0004 1988     		ldrh	r1, [r3]
  38 0006 0131     		adds	r1, r1, #1
  39 0008 89B2     		uxth	r1, r1
  40 000a 1980     		strh	r1, [r3]	@ movhi
 177:.\Generated_Source\PSoC5/isr_timer.c ****     time_1s++;
  41              		.loc 1 177 0
  42 000c 1A4B     		ldr	r3, .L7+4
  43 000e 1888     		ldrh	r0, [r3]
  44 0010 0130     		adds	r0, r0, #1
  45 0012 80B2     		uxth	r0, r0
  46 0014 1880     		strh	r0, [r3]	@ movhi
 178:.\Generated_Source\PSoC5/isr_timer.c ****     time_1ms ++;
  47              		.loc 1 178 0
  48 0016 194A     		ldr	r2, .L7+8
  49 0018 1388     		ldrh	r3, [r2]
  50 001a 0133     		adds	r3, r3, #1
ARM GAS  C:\Users\pxc\AppData\Local\Temp\ccgh5T0F.s 			page 5


  51 001c 9BB2     		uxth	r3, r3
  52 001e 1380     		strh	r3, [r2]	@ movhi
 179:.\Generated_Source\PSoC5/isr_timer.c ****     time_100ms++;
  53              		.loc 1 179 0
  54 0020 174C     		ldr	r4, .L7+12
  55 0022 2288     		ldrh	r2, [r4]
  56 0024 0132     		adds	r2, r2, #1
  57 0026 92B2     		uxth	r2, r2
  58 0028 2280     		strh	r2, [r4]	@ movhi
 180:.\Generated_Source\PSoC5/isr_timer.c ****     if(time_1s >2000)
  59              		.loc 1 180 0
  60 002a B0F5FA6F 		cmp	r0, #2000
  61 002e 05D9     		bls	.L2
 181:.\Generated_Source\PSoC5/isr_timer.c ****     {
 182:.\Generated_Source\PSoC5/isr_timer.c ****         time_1s_state = 1;
  62              		.loc 1 182 0
  63 0030 0124     		movs	r4, #1
  64 0032 1448     		ldr	r0, .L7+16
  65 0034 0480     		strh	r4, [r0]	@ movhi
 183:.\Generated_Source\PSoC5/isr_timer.c ****         time_1s = 0;
  66              		.loc 1 183 0
  67 0036 0024     		movs	r4, #0
  68 0038 0F48     		ldr	r0, .L7+4
  69 003a 0480     		strh	r4, [r0]	@ movhi
  70              	.L2:
 184:.\Generated_Source\PSoC5/isr_timer.c ****     }
 185:.\Generated_Source\PSoC5/isr_timer.c ****       if(time_5ms > 5)
  71              		.loc 1 185 0
  72 003c 0529     		cmp	r1, #5
  73 003e 05D9     		bls	.L3
 186:.\Generated_Source\PSoC5/isr_timer.c ****       {
 187:.\Generated_Source\PSoC5/isr_timer.c ****         time_5ms_state = 1;
  74              		.loc 1 187 0
  75 0040 0120     		movs	r0, #1
  76 0042 1149     		ldr	r1, .L7+20
  77 0044 0870     		strb	r0, [r1]
 188:.\Generated_Source\PSoC5/isr_timer.c ****         time_5ms = 0;
  78              		.loc 1 188 0
  79 0046 0020     		movs	r0, #0
  80 0048 0A49     		ldr	r1, .L7
  81 004a 0880     		strh	r0, [r1]	@ movhi
  82              	.L3:
 189:.\Generated_Source\PSoC5/isr_timer.c ****       }
 190:.\Generated_Source\PSoC5/isr_timer.c ****     if(time_100ms >100 )
  83              		.loc 1 190 0
  84 004c 642A     		cmp	r2, #100
  85 004e 05D9     		bls	.L4
 191:.\Generated_Source\PSoC5/isr_timer.c ****     {
 192:.\Generated_Source\PSoC5/isr_timer.c ****         time_100ms = 0;
  86              		.loc 1 192 0
  87 0050 0021     		movs	r1, #0
  88 0052 0B4A     		ldr	r2, .L7+12
  89 0054 1180     		strh	r1, [r2]	@ movhi
 193:.\Generated_Source\PSoC5/isr_timer.c ****         time_100ms_state = 1;
  90              		.loc 1 193 0
  91 0056 0121     		movs	r1, #1
  92 0058 0C4A     		ldr	r2, .L7+24
ARM GAS  C:\Users\pxc\AppData\Local\Temp\ccgh5T0F.s 			page 6


  93 005a 1180     		strh	r1, [r2]	@ movhi
  94              	.L4:
 194:.\Generated_Source\PSoC5/isr_timer.c ****     }
 195:.\Generated_Source\PSoC5/isr_timer.c ****      if(time_1ms >3 )
  95              		.loc 1 195 0
  96 005c 032B     		cmp	r3, #3
  97 005e 05D9     		bls	.L5
 196:.\Generated_Source\PSoC5/isr_timer.c ****     {
 197:.\Generated_Source\PSoC5/isr_timer.c ****         time_1ms = 0;
  98              		.loc 1 197 0
  99 0060 0022     		movs	r2, #0
 100 0062 064B     		ldr	r3, .L7+8
 101 0064 1A80     		strh	r2, [r3]	@ movhi
 198:.\Generated_Source\PSoC5/isr_timer.c ****         time_1ms_state = 1;
 102              		.loc 1 198 0
 103 0066 0122     		movs	r2, #1
 104 0068 094B     		ldr	r3, .L7+28
 105 006a 1A80     		strh	r2, [r3]	@ movhi
 106              	.L5:
 199:.\Generated_Source\PSoC5/isr_timer.c ****     }
 200:.\Generated_Source\PSoC5/isr_timer.c ****      timer_ticks();
 107              		.loc 1 200 0
 108 006c FFF7FEFF 		bl	timer_ticks
 109              	.LVL0:
 110 0070 10BD     		pop	{r4, pc}
 111              	.L8:
 112 0072 00BF     		.align	2
 113              	.L7:
 114 0074 00000000 		.word	time_5ms
 115 0078 00000000 		.word	time_1s
 116 007c 00000000 		.word	time_1ms
 117 0080 00000000 		.word	time_100ms
 118 0084 00000000 		.word	time_1s_state
 119 0088 00000000 		.word	time_5ms_state
 120 008c 00000000 		.word	time_100ms_state
 121 0090 00000000 		.word	time_1ms_state
 122              		.cfi_endproc
 123              	.LFE66:
 124              		.size	isr_timer_Interrupt, .-isr_timer_Interrupt
 125              		.section	.text.isr_timer_SetVector,"ax",%progbits
 126              		.align	2
 127              		.global	isr_timer_SetVector
 128              		.thumb
 129              		.thumb_func
 130              		.type	isr_timer_SetVector, %function
 131              	isr_timer_SetVector:
 132              	.LFB67:
 201:.\Generated_Source\PSoC5/isr_timer.c ****     /* `#END` */
 202:.\Generated_Source\PSoC5/isr_timer.c **** }
 203:.\Generated_Source\PSoC5/isr_timer.c **** 
 204:.\Generated_Source\PSoC5/isr_timer.c **** 
 205:.\Generated_Source\PSoC5/isr_timer.c **** /*******************************************************************************
 206:.\Generated_Source\PSoC5/isr_timer.c **** * Function Name: isr_timer_SetVector
 207:.\Generated_Source\PSoC5/isr_timer.c **** ********************************************************************************
 208:.\Generated_Source\PSoC5/isr_timer.c **** *
 209:.\Generated_Source\PSoC5/isr_timer.c **** * Summary:
 210:.\Generated_Source\PSoC5/isr_timer.c **** *   Change the ISR vector for the Interrupt. Note calling isr_timer_Start
ARM GAS  C:\Users\pxc\AppData\Local\Temp\ccgh5T0F.s 			page 7


 211:.\Generated_Source\PSoC5/isr_timer.c **** *   will override any effect this method would have had. To set the vector 
 212:.\Generated_Source\PSoC5/isr_timer.c **** *   before the component has been started use isr_timer_StartEx instead.
 213:.\Generated_Source\PSoC5/isr_timer.c **** * 
 214:.\Generated_Source\PSoC5/isr_timer.c **** *   When defining ISR functions, the CY_ISR and CY_ISR_PROTO macros should be 
 215:.\Generated_Source\PSoC5/isr_timer.c **** *   used to provide consistent definition across compilers:
 216:.\Generated_Source\PSoC5/isr_timer.c **** *
 217:.\Generated_Source\PSoC5/isr_timer.c **** *   Function definition example:
 218:.\Generated_Source\PSoC5/isr_timer.c **** *   CY_ISR(MyISR)
 219:.\Generated_Source\PSoC5/isr_timer.c **** *   {
 220:.\Generated_Source\PSoC5/isr_timer.c **** *   }
 221:.\Generated_Source\PSoC5/isr_timer.c **** *
 222:.\Generated_Source\PSoC5/isr_timer.c **** *   Function prototype example:
 223:.\Generated_Source\PSoC5/isr_timer.c **** *     CY_ISR_PROTO(MyISR);
 224:.\Generated_Source\PSoC5/isr_timer.c **** *
 225:.\Generated_Source\PSoC5/isr_timer.c **** * Parameters:
 226:.\Generated_Source\PSoC5/isr_timer.c **** *   address: Address of the ISR to set in the interrupt vector table.
 227:.\Generated_Source\PSoC5/isr_timer.c **** *
 228:.\Generated_Source\PSoC5/isr_timer.c **** * Return:
 229:.\Generated_Source\PSoC5/isr_timer.c **** *   None
 230:.\Generated_Source\PSoC5/isr_timer.c **** *
 231:.\Generated_Source\PSoC5/isr_timer.c **** *******************************************************************************/
 232:.\Generated_Source\PSoC5/isr_timer.c **** void isr_timer_SetVector(cyisraddress address)
 233:.\Generated_Source\PSoC5/isr_timer.c **** {
 133              		.loc 1 233 0
 134              		.cfi_startproc
 135              		@ args = 0, pretend = 0, frame = 0
 136              		@ frame_needed = 0, uses_anonymous_args = 0
 137              		@ link register save eliminated.
 138              	.LVL1:
 234:.\Generated_Source\PSoC5/isr_timer.c ****     cyisraddress * ramVectorTable;
 235:.\Generated_Source\PSoC5/isr_timer.c **** 
 236:.\Generated_Source\PSoC5/isr_timer.c ****     ramVectorTable = (cyisraddress *) *CYINT_VECT_TABLE;
 139              		.loc 1 236 0
 140 0000 014B     		ldr	r3, .L10
 141 0002 1B68     		ldr	r3, [r3]
 142              	.LVL2:
 237:.\Generated_Source\PSoC5/isr_timer.c **** 
 238:.\Generated_Source\PSoC5/isr_timer.c ****     ramVectorTable[CYINT_IRQ_BASE + (uint32)isr_timer__INTC_NUMBER] = address;
 143              		.loc 1 238 0
 144 0004 1865     		str	r0, [r3, #80]
 145 0006 7047     		bx	lr
 146              	.L11:
 147              		.align	2
 148              	.L10:
 149 0008 08ED00E0 		.word	-536810232
 150              		.cfi_endproc
 151              	.LFE67:
 152              		.size	isr_timer_SetVector, .-isr_timer_SetVector
 153              		.section	.text.isr_timer_GetVector,"ax",%progbits
 154              		.align	2
 155              		.global	isr_timer_GetVector
 156              		.thumb
 157              		.thumb_func
 158              		.type	isr_timer_GetVector, %function
 159              	isr_timer_GetVector:
 160              	.LFB68:
 239:.\Generated_Source\PSoC5/isr_timer.c **** }
ARM GAS  C:\Users\pxc\AppData\Local\Temp\ccgh5T0F.s 			page 8


 240:.\Generated_Source\PSoC5/isr_timer.c **** 
 241:.\Generated_Source\PSoC5/isr_timer.c **** 
 242:.\Generated_Source\PSoC5/isr_timer.c **** /*******************************************************************************
 243:.\Generated_Source\PSoC5/isr_timer.c **** * Function Name: isr_timer_GetVector
 244:.\Generated_Source\PSoC5/isr_timer.c **** ********************************************************************************
 245:.\Generated_Source\PSoC5/isr_timer.c **** *
 246:.\Generated_Source\PSoC5/isr_timer.c **** * Summary:
 247:.\Generated_Source\PSoC5/isr_timer.c **** *   Gets the "address" of the current ISR vector for the Interrupt.
 248:.\Generated_Source\PSoC5/isr_timer.c **** *
 249:.\Generated_Source\PSoC5/isr_timer.c **** * Parameters:
 250:.\Generated_Source\PSoC5/isr_timer.c **** *   None
 251:.\Generated_Source\PSoC5/isr_timer.c **** *
 252:.\Generated_Source\PSoC5/isr_timer.c **** * Return:
 253:.\Generated_Source\PSoC5/isr_timer.c **** *   Address of the ISR in the interrupt vector table.
 254:.\Generated_Source\PSoC5/isr_timer.c **** *
 255:.\Generated_Source\PSoC5/isr_timer.c **** *******************************************************************************/
 256:.\Generated_Source\PSoC5/isr_timer.c **** cyisraddress isr_timer_GetVector(void)
 257:.\Generated_Source\PSoC5/isr_timer.c **** {
 161              		.loc 1 257 0
 162              		.cfi_startproc
 163              		@ args = 0, pretend = 0, frame = 0
 164              		@ frame_needed = 0, uses_anonymous_args = 0
 165              		@ link register save eliminated.
 258:.\Generated_Source\PSoC5/isr_timer.c ****     cyisraddress * ramVectorTable;
 259:.\Generated_Source\PSoC5/isr_timer.c **** 
 260:.\Generated_Source\PSoC5/isr_timer.c ****     ramVectorTable = (cyisraddress *) *CYINT_VECT_TABLE;
 166              		.loc 1 260 0
 167 0000 014B     		ldr	r3, .L13
 168 0002 1B68     		ldr	r3, [r3]
 169              	.LVL3:
 261:.\Generated_Source\PSoC5/isr_timer.c **** 
 262:.\Generated_Source\PSoC5/isr_timer.c ****     return ramVectorTable[CYINT_IRQ_BASE + (uint32)isr_timer__INTC_NUMBER];
 263:.\Generated_Source\PSoC5/isr_timer.c **** }
 170              		.loc 1 263 0
 171 0004 186D     		ldr	r0, [r3, #80]
 172 0006 7047     		bx	lr
 173              	.L14:
 174              		.align	2
 175              	.L13:
 176 0008 08ED00E0 		.word	-536810232
 177              		.cfi_endproc
 178              	.LFE68:
 179              		.size	isr_timer_GetVector, .-isr_timer_GetVector
 180              		.section	.text.isr_timer_SetPriority,"ax",%progbits
 181              		.align	2
 182              		.global	isr_timer_SetPriority
 183              		.thumb
 184              		.thumb_func
 185              		.type	isr_timer_SetPriority, %function
 186              	isr_timer_SetPriority:
 187              	.LFB69:
 264:.\Generated_Source\PSoC5/isr_timer.c **** 
 265:.\Generated_Source\PSoC5/isr_timer.c **** 
 266:.\Generated_Source\PSoC5/isr_timer.c **** /*******************************************************************************
 267:.\Generated_Source\PSoC5/isr_timer.c **** * Function Name: isr_timer_SetPriority
 268:.\Generated_Source\PSoC5/isr_timer.c **** ********************************************************************************
 269:.\Generated_Source\PSoC5/isr_timer.c **** *
ARM GAS  C:\Users\pxc\AppData\Local\Temp\ccgh5T0F.s 			page 9


 270:.\Generated_Source\PSoC5/isr_timer.c **** * Summary:
 271:.\Generated_Source\PSoC5/isr_timer.c **** *   Sets the Priority of the Interrupt. 
 272:.\Generated_Source\PSoC5/isr_timer.c **** *
 273:.\Generated_Source\PSoC5/isr_timer.c **** *   Note calling isr_timer_Start or isr_timer_StartEx will 
 274:.\Generated_Source\PSoC5/isr_timer.c **** *   override any effect this API would have had. This API should only be called
 275:.\Generated_Source\PSoC5/isr_timer.c **** *   after isr_timer_Start or isr_timer_StartEx has been called. 
 276:.\Generated_Source\PSoC5/isr_timer.c **** *   To set the initial priority for the component, use the Design-Wide Resources
 277:.\Generated_Source\PSoC5/isr_timer.c **** *   Interrupt Editor.
 278:.\Generated_Source\PSoC5/isr_timer.c **** *
 279:.\Generated_Source\PSoC5/isr_timer.c **** *   Note This API has no effect on Non-maskable interrupt NMI).
 280:.\Generated_Source\PSoC5/isr_timer.c **** *
 281:.\Generated_Source\PSoC5/isr_timer.c **** * Parameters:
 282:.\Generated_Source\PSoC5/isr_timer.c **** *   priority: Priority of the interrupt, 0 being the highest priority
 283:.\Generated_Source\PSoC5/isr_timer.c **** *             PSoC 3 and PSoC 5LP: Priority is from 0 to 7.
 284:.\Generated_Source\PSoC5/isr_timer.c **** *             PSoC 4: Priority is from 0 to 3.
 285:.\Generated_Source\PSoC5/isr_timer.c **** *
 286:.\Generated_Source\PSoC5/isr_timer.c **** * Return:
 287:.\Generated_Source\PSoC5/isr_timer.c **** *   None
 288:.\Generated_Source\PSoC5/isr_timer.c **** *
 289:.\Generated_Source\PSoC5/isr_timer.c **** *******************************************************************************/
 290:.\Generated_Source\PSoC5/isr_timer.c **** void isr_timer_SetPriority(uint8 priority)
 291:.\Generated_Source\PSoC5/isr_timer.c **** {
 188              		.loc 1 291 0
 189              		.cfi_startproc
 190              		@ args = 0, pretend = 0, frame = 0
 191              		@ frame_needed = 0, uses_anonymous_args = 0
 192              		@ link register save eliminated.
 193              	.LVL4:
 292:.\Generated_Source\PSoC5/isr_timer.c ****     *isr_timer_INTC_PRIOR = priority << 5;
 194              		.loc 1 292 0
 195 0000 4001     		lsls	r0, r0, #5
 196              	.LVL5:
 197 0002 C0B2     		uxtb	r0, r0
 198 0004 014B     		ldr	r3, .L16
 199 0006 1870     		strb	r0, [r3]
 200 0008 7047     		bx	lr
 201              	.L17:
 202 000a 00BF     		.align	2
 203              	.L16:
 204 000c 04E400E0 		.word	-536812540
 205              		.cfi_endproc
 206              	.LFE69:
 207              		.size	isr_timer_SetPriority, .-isr_timer_SetPriority
 208              		.section	.text.isr_timer_GetPriority,"ax",%progbits
 209              		.align	2
 210              		.global	isr_timer_GetPriority
 211              		.thumb
 212              		.thumb_func
 213              		.type	isr_timer_GetPriority, %function
 214              	isr_timer_GetPriority:
 215              	.LFB70:
 293:.\Generated_Source\PSoC5/isr_timer.c **** }
 294:.\Generated_Source\PSoC5/isr_timer.c **** 
 295:.\Generated_Source\PSoC5/isr_timer.c **** 
 296:.\Generated_Source\PSoC5/isr_timer.c **** /*******************************************************************************
 297:.\Generated_Source\PSoC5/isr_timer.c **** * Function Name: isr_timer_GetPriority
 298:.\Generated_Source\PSoC5/isr_timer.c **** ********************************************************************************
ARM GAS  C:\Users\pxc\AppData\Local\Temp\ccgh5T0F.s 			page 10


 299:.\Generated_Source\PSoC5/isr_timer.c **** *
 300:.\Generated_Source\PSoC5/isr_timer.c **** * Summary:
 301:.\Generated_Source\PSoC5/isr_timer.c **** *   Gets the Priority of the Interrupt.
 302:.\Generated_Source\PSoC5/isr_timer.c **** *
 303:.\Generated_Source\PSoC5/isr_timer.c **** * Parameters:
 304:.\Generated_Source\PSoC5/isr_timer.c **** *   None
 305:.\Generated_Source\PSoC5/isr_timer.c **** *
 306:.\Generated_Source\PSoC5/isr_timer.c **** * Return:
 307:.\Generated_Source\PSoC5/isr_timer.c **** *   Priority of the interrupt, 0 being the highest priority
 308:.\Generated_Source\PSoC5/isr_timer.c **** *    PSoC 3 and PSoC 5LP: Priority is from 0 to 7.
 309:.\Generated_Source\PSoC5/isr_timer.c **** *    PSoC 4: Priority is from 0 to 3.
 310:.\Generated_Source\PSoC5/isr_timer.c **** *
 311:.\Generated_Source\PSoC5/isr_timer.c **** *******************************************************************************/
 312:.\Generated_Source\PSoC5/isr_timer.c **** uint8 isr_timer_GetPriority(void)
 313:.\Generated_Source\PSoC5/isr_timer.c **** {
 216              		.loc 1 313 0
 217              		.cfi_startproc
 218              		@ args = 0, pretend = 0, frame = 0
 219              		@ frame_needed = 0, uses_anonymous_args = 0
 220              		@ link register save eliminated.
 314:.\Generated_Source\PSoC5/isr_timer.c ****     uint8 priority;
 315:.\Generated_Source\PSoC5/isr_timer.c **** 
 316:.\Generated_Source\PSoC5/isr_timer.c **** 
 317:.\Generated_Source\PSoC5/isr_timer.c ****     priority = *isr_timer_INTC_PRIOR >> 5;
 221              		.loc 1 317 0
 222 0000 014B     		ldr	r3, .L19
 223 0002 1878     		ldrb	r0, [r3]	@ zero_extendqisi2
 224              	.LVL6:
 318:.\Generated_Source\PSoC5/isr_timer.c **** 
 319:.\Generated_Source\PSoC5/isr_timer.c ****     return priority;
 320:.\Generated_Source\PSoC5/isr_timer.c **** }
 225              		.loc 1 320 0
 226 0004 4009     		lsrs	r0, r0, #5
 227              	.LVL7:
 228 0006 7047     		bx	lr
 229              	.L20:
 230              		.align	2
 231              	.L19:
 232 0008 04E400E0 		.word	-536812540
 233              		.cfi_endproc
 234              	.LFE70:
 235              		.size	isr_timer_GetPriority, .-isr_timer_GetPriority
 236              		.section	.text.isr_timer_Enable,"ax",%progbits
 237              		.align	2
 238              		.global	isr_timer_Enable
 239              		.thumb
 240              		.thumb_func
 241              		.type	isr_timer_Enable, %function
 242              	isr_timer_Enable:
 243              	.LFB71:
 321:.\Generated_Source\PSoC5/isr_timer.c **** 
 322:.\Generated_Source\PSoC5/isr_timer.c **** 
 323:.\Generated_Source\PSoC5/isr_timer.c **** /*******************************************************************************
 324:.\Generated_Source\PSoC5/isr_timer.c **** * Function Name: isr_timer_Enable
 325:.\Generated_Source\PSoC5/isr_timer.c **** ********************************************************************************
 326:.\Generated_Source\PSoC5/isr_timer.c **** *
 327:.\Generated_Source\PSoC5/isr_timer.c **** * Summary:
ARM GAS  C:\Users\pxc\AppData\Local\Temp\ccgh5T0F.s 			page 11


 328:.\Generated_Source\PSoC5/isr_timer.c **** *   Enables the interrupt to the interrupt controller. Do not call this function
 329:.\Generated_Source\PSoC5/isr_timer.c **** *   unless ISR_Start() has been called or the functionality of the ISR_Start() 
 330:.\Generated_Source\PSoC5/isr_timer.c **** *   function, which sets the vector and the priority, has been called.
 331:.\Generated_Source\PSoC5/isr_timer.c **** *
 332:.\Generated_Source\PSoC5/isr_timer.c **** * Parameters:
 333:.\Generated_Source\PSoC5/isr_timer.c **** *   None
 334:.\Generated_Source\PSoC5/isr_timer.c **** *
 335:.\Generated_Source\PSoC5/isr_timer.c **** * Return:
 336:.\Generated_Source\PSoC5/isr_timer.c **** *   None
 337:.\Generated_Source\PSoC5/isr_timer.c **** *
 338:.\Generated_Source\PSoC5/isr_timer.c **** *******************************************************************************/
 339:.\Generated_Source\PSoC5/isr_timer.c **** void isr_timer_Enable(void)
 340:.\Generated_Source\PSoC5/isr_timer.c **** {
 244              		.loc 1 340 0
 245              		.cfi_startproc
 246              		@ args = 0, pretend = 0, frame = 0
 247              		@ frame_needed = 0, uses_anonymous_args = 0
 248              		@ link register save eliminated.
 341:.\Generated_Source\PSoC5/isr_timer.c ****     /* Enable the general interrupt. */
 342:.\Generated_Source\PSoC5/isr_timer.c ****     *isr_timer_INTC_SET_EN = isr_timer__INTC_MASK;
 249              		.loc 1 342 0
 250 0000 1022     		movs	r2, #16
 251 0002 014B     		ldr	r3, .L22
 252 0004 1A60     		str	r2, [r3]
 253 0006 7047     		bx	lr
 254              	.L23:
 255              		.align	2
 256              	.L22:
 257 0008 00E100E0 		.word	-536813312
 258              		.cfi_endproc
 259              	.LFE71:
 260              		.size	isr_timer_Enable, .-isr_timer_Enable
 261              		.section	.text.isr_timer_GetState,"ax",%progbits
 262              		.align	2
 263              		.global	isr_timer_GetState
 264              		.thumb
 265              		.thumb_func
 266              		.type	isr_timer_GetState, %function
 267              	isr_timer_GetState:
 268              	.LFB72:
 343:.\Generated_Source\PSoC5/isr_timer.c **** }
 344:.\Generated_Source\PSoC5/isr_timer.c **** 
 345:.\Generated_Source\PSoC5/isr_timer.c **** 
 346:.\Generated_Source\PSoC5/isr_timer.c **** /*******************************************************************************
 347:.\Generated_Source\PSoC5/isr_timer.c **** * Function Name: isr_timer_GetState
 348:.\Generated_Source\PSoC5/isr_timer.c **** ********************************************************************************
 349:.\Generated_Source\PSoC5/isr_timer.c **** *
 350:.\Generated_Source\PSoC5/isr_timer.c **** * Summary:
 351:.\Generated_Source\PSoC5/isr_timer.c **** *   Gets the state (enabled, disabled) of the Interrupt.
 352:.\Generated_Source\PSoC5/isr_timer.c **** *
 353:.\Generated_Source\PSoC5/isr_timer.c **** * Parameters:
 354:.\Generated_Source\PSoC5/isr_timer.c **** *   None
 355:.\Generated_Source\PSoC5/isr_timer.c **** *
 356:.\Generated_Source\PSoC5/isr_timer.c **** * Return:
 357:.\Generated_Source\PSoC5/isr_timer.c **** *   1 if enabled, 0 if disabled.
 358:.\Generated_Source\PSoC5/isr_timer.c **** *
 359:.\Generated_Source\PSoC5/isr_timer.c **** *******************************************************************************/
ARM GAS  C:\Users\pxc\AppData\Local\Temp\ccgh5T0F.s 			page 12


 360:.\Generated_Source\PSoC5/isr_timer.c **** uint8 isr_timer_GetState(void)
 361:.\Generated_Source\PSoC5/isr_timer.c **** {
 269              		.loc 1 361 0
 270              		.cfi_startproc
 271              		@ args = 0, pretend = 0, frame = 0
 272              		@ frame_needed = 0, uses_anonymous_args = 0
 273              		@ link register save eliminated.
 362:.\Generated_Source\PSoC5/isr_timer.c ****     /* Get the state of the general interrupt. */
 363:.\Generated_Source\PSoC5/isr_timer.c ****     return ((*isr_timer_INTC_SET_EN & (uint32)isr_timer__INTC_MASK) != 0u) ? 1u:0u;
 274              		.loc 1 363 0
 275 0000 044B     		ldr	r3, .L27
 276 0002 1B68     		ldr	r3, [r3]
 277 0004 13F0100F 		tst	r3, #16
 278 0008 01D0     		beq	.L26
 279 000a 0120     		movs	r0, #1
 280 000c 7047     		bx	lr
 281              	.L26:
 282 000e 0020     		movs	r0, #0
 364:.\Generated_Source\PSoC5/isr_timer.c **** }
 283              		.loc 1 364 0
 284 0010 7047     		bx	lr
 285              	.L28:
 286 0012 00BF     		.align	2
 287              	.L27:
 288 0014 00E100E0 		.word	-536813312
 289              		.cfi_endproc
 290              	.LFE72:
 291              		.size	isr_timer_GetState, .-isr_timer_GetState
 292              		.section	.text.isr_timer_Disable,"ax",%progbits
 293              		.align	2
 294              		.global	isr_timer_Disable
 295              		.thumb
 296              		.thumb_func
 297              		.type	isr_timer_Disable, %function
 298              	isr_timer_Disable:
 299              	.LFB73:
 365:.\Generated_Source\PSoC5/isr_timer.c **** 
 366:.\Generated_Source\PSoC5/isr_timer.c **** 
 367:.\Generated_Source\PSoC5/isr_timer.c **** /*******************************************************************************
 368:.\Generated_Source\PSoC5/isr_timer.c **** * Function Name: isr_timer_Disable
 369:.\Generated_Source\PSoC5/isr_timer.c **** ********************************************************************************
 370:.\Generated_Source\PSoC5/isr_timer.c **** *
 371:.\Generated_Source\PSoC5/isr_timer.c **** * Summary:
 372:.\Generated_Source\PSoC5/isr_timer.c **** *   Disables the Interrupt in the interrupt controller.
 373:.\Generated_Source\PSoC5/isr_timer.c **** *
 374:.\Generated_Source\PSoC5/isr_timer.c **** * Parameters:
 375:.\Generated_Source\PSoC5/isr_timer.c **** *   None
 376:.\Generated_Source\PSoC5/isr_timer.c **** *
 377:.\Generated_Source\PSoC5/isr_timer.c **** * Return:
 378:.\Generated_Source\PSoC5/isr_timer.c **** *   None
 379:.\Generated_Source\PSoC5/isr_timer.c **** *
 380:.\Generated_Source\PSoC5/isr_timer.c **** *******************************************************************************/
 381:.\Generated_Source\PSoC5/isr_timer.c **** void isr_timer_Disable(void)
 382:.\Generated_Source\PSoC5/isr_timer.c **** {
 300              		.loc 1 382 0
 301              		.cfi_startproc
 302              		@ args = 0, pretend = 0, frame = 0
ARM GAS  C:\Users\pxc\AppData\Local\Temp\ccgh5T0F.s 			page 13


 303              		@ frame_needed = 0, uses_anonymous_args = 0
 304              		@ link register save eliminated.
 383:.\Generated_Source\PSoC5/isr_timer.c ****     /* Disable the general interrupt. */
 384:.\Generated_Source\PSoC5/isr_timer.c ****     *isr_timer_INTC_CLR_EN = isr_timer__INTC_MASK;
 305              		.loc 1 384 0
 306 0000 1022     		movs	r2, #16
 307 0002 014B     		ldr	r3, .L30
 308 0004 1A60     		str	r2, [r3]
 309 0006 7047     		bx	lr
 310              	.L31:
 311              		.align	2
 312              	.L30:
 313 0008 80E100E0 		.word	-536813184
 314              		.cfi_endproc
 315              	.LFE73:
 316              		.size	isr_timer_Disable, .-isr_timer_Disable
 317              		.section	.text.isr_timer_Start,"ax",%progbits
 318              		.align	2
 319              		.global	isr_timer_Start
 320              		.thumb
 321              		.thumb_func
 322              		.type	isr_timer_Start, %function
 323              	isr_timer_Start:
 324              	.LFB63:
  70:.\Generated_Source\PSoC5/isr_timer.c ****     /* For all we know the interrupt is active. */
 325              		.loc 1 70 0
 326              		.cfi_startproc
 327              		@ args = 0, pretend = 0, frame = 0
 328              		@ frame_needed = 0, uses_anonymous_args = 0
 329 0000 08B5     		push	{r3, lr}
 330              		.cfi_def_cfa_offset 8
 331              		.cfi_offset 3, -8
 332              		.cfi_offset 14, -4
  72:.\Generated_Source\PSoC5/isr_timer.c **** 
 333              		.loc 1 72 0
 334 0002 FFF7FEFF 		bl	isr_timer_Disable
 335              	.LVL8:
  75:.\Generated_Source\PSoC5/isr_timer.c **** 
 336              		.loc 1 75 0
 337 0006 0448     		ldr	r0, .L34
 338 0008 FFF7FEFF 		bl	isr_timer_SetVector
 339              	.LVL9:
  78:.\Generated_Source\PSoC5/isr_timer.c **** 
 340              		.loc 1 78 0
 341 000c 0720     		movs	r0, #7
 342 000e FFF7FEFF 		bl	isr_timer_SetPriority
 343              	.LVL10:
  81:.\Generated_Source\PSoC5/isr_timer.c **** }
 344              		.loc 1 81 0
 345 0012 FFF7FEFF 		bl	isr_timer_Enable
 346              	.LVL11:
 347 0016 08BD     		pop	{r3, pc}
 348              	.L35:
 349              		.align	2
 350              	.L34:
 351 0018 00000000 		.word	isr_timer_Interrupt
 352              		.cfi_endproc
ARM GAS  C:\Users\pxc\AppData\Local\Temp\ccgh5T0F.s 			page 14


 353              	.LFE63:
 354              		.size	isr_timer_Start, .-isr_timer_Start
 355              		.section	.text.isr_timer_StartEx,"ax",%progbits
 356              		.align	2
 357              		.global	isr_timer_StartEx
 358              		.thumb
 359              		.thumb_func
 360              		.type	isr_timer_StartEx, %function
 361              	isr_timer_StartEx:
 362              	.LFB64:
 113:.\Generated_Source\PSoC5/isr_timer.c ****     /* For all we know the interrupt is active. */
 363              		.loc 1 113 0
 364              		.cfi_startproc
 365              		@ args = 0, pretend = 0, frame = 0
 366              		@ frame_needed = 0, uses_anonymous_args = 0
 367              	.LVL12:
 368 0000 10B5     		push	{r4, lr}
 369              		.cfi_def_cfa_offset 8
 370              		.cfi_offset 4, -8
 371              		.cfi_offset 14, -4
 372 0002 0446     		mov	r4, r0
 115:.\Generated_Source\PSoC5/isr_timer.c **** 
 373              		.loc 1 115 0
 374 0004 FFF7FEFF 		bl	isr_timer_Disable
 375              	.LVL13:
 118:.\Generated_Source\PSoC5/isr_timer.c **** 
 376              		.loc 1 118 0
 377 0008 2046     		mov	r0, r4
 378 000a FFF7FEFF 		bl	isr_timer_SetVector
 379              	.LVL14:
 121:.\Generated_Source\PSoC5/isr_timer.c **** 
 380              		.loc 1 121 0
 381 000e 0720     		movs	r0, #7
 382 0010 FFF7FEFF 		bl	isr_timer_SetPriority
 383              	.LVL15:
 124:.\Generated_Source\PSoC5/isr_timer.c **** }
 384              		.loc 1 124 0
 385 0014 FFF7FEFF 		bl	isr_timer_Enable
 386              	.LVL16:
 387 0018 10BD     		pop	{r4, pc}
 388              		.cfi_endproc
 389              	.LFE64:
 390              		.size	isr_timer_StartEx, .-isr_timer_StartEx
 391 001a 00BF     		.section	.text.isr_timer_Stop,"ax",%progbits
 392              		.align	2
 393              		.global	isr_timer_Stop
 394              		.thumb
 395              		.thumb_func
 396              		.type	isr_timer_Stop, %function
 397              	isr_timer_Stop:
 398              	.LFB65:
 143:.\Generated_Source\PSoC5/isr_timer.c ****     /* Disable this interrupt. */
 399              		.loc 1 143 0
 400              		.cfi_startproc
 401              		@ args = 0, pretend = 0, frame = 0
 402              		@ frame_needed = 0, uses_anonymous_args = 0
 403 0000 08B5     		push	{r3, lr}
ARM GAS  C:\Users\pxc\AppData\Local\Temp\ccgh5T0F.s 			page 15


 404              		.cfi_def_cfa_offset 8
 405              		.cfi_offset 3, -8
 406              		.cfi_offset 14, -4
 145:.\Generated_Source\PSoC5/isr_timer.c **** 
 407              		.loc 1 145 0
 408 0002 FFF7FEFF 		bl	isr_timer_Disable
 409              	.LVL17:
 148:.\Generated_Source\PSoC5/isr_timer.c **** }
 410              		.loc 1 148 0
 411 0006 0248     		ldr	r0, .L40
 412 0008 FFF7FEFF 		bl	isr_timer_SetVector
 413              	.LVL18:
 414 000c 08BD     		pop	{r3, pc}
 415              	.L41:
 416 000e 00BF     		.align	2
 417              	.L40:
 418 0010 00000000 		.word	IntDefaultHandler
 419              		.cfi_endproc
 420              	.LFE65:
 421              		.size	isr_timer_Stop, .-isr_timer_Stop
 422              		.section	.text.isr_timer_SetPending,"ax",%progbits
 423              		.align	2
 424              		.global	isr_timer_SetPending
 425              		.thumb
 426              		.thumb_func
 427              		.type	isr_timer_SetPending, %function
 428              	isr_timer_SetPending:
 429              	.LFB74:
 385:.\Generated_Source\PSoC5/isr_timer.c **** }
 386:.\Generated_Source\PSoC5/isr_timer.c **** 
 387:.\Generated_Source\PSoC5/isr_timer.c **** 
 388:.\Generated_Source\PSoC5/isr_timer.c **** /*******************************************************************************
 389:.\Generated_Source\PSoC5/isr_timer.c **** * Function Name: isr_timer_SetPending
 390:.\Generated_Source\PSoC5/isr_timer.c **** ********************************************************************************
 391:.\Generated_Source\PSoC5/isr_timer.c **** *
 392:.\Generated_Source\PSoC5/isr_timer.c **** * Summary:
 393:.\Generated_Source\PSoC5/isr_timer.c **** *   Causes the Interrupt to enter the pending state, a software method of
 394:.\Generated_Source\PSoC5/isr_timer.c **** *   generating the interrupt.
 395:.\Generated_Source\PSoC5/isr_timer.c **** *
 396:.\Generated_Source\PSoC5/isr_timer.c **** * Parameters:
 397:.\Generated_Source\PSoC5/isr_timer.c **** *   None
 398:.\Generated_Source\PSoC5/isr_timer.c **** *
 399:.\Generated_Source\PSoC5/isr_timer.c **** * Return:
 400:.\Generated_Source\PSoC5/isr_timer.c **** *   None
 401:.\Generated_Source\PSoC5/isr_timer.c **** *
 402:.\Generated_Source\PSoC5/isr_timer.c **** * Side Effects:
 403:.\Generated_Source\PSoC5/isr_timer.c **** *   If interrupts are enabled and the interrupt is set up properly, the ISR is
 404:.\Generated_Source\PSoC5/isr_timer.c **** *   entered (depending on the priority of this interrupt and other pending 
 405:.\Generated_Source\PSoC5/isr_timer.c **** *   interrupts).
 406:.\Generated_Source\PSoC5/isr_timer.c **** *
 407:.\Generated_Source\PSoC5/isr_timer.c **** *******************************************************************************/
 408:.\Generated_Source\PSoC5/isr_timer.c **** void isr_timer_SetPending(void)
 409:.\Generated_Source\PSoC5/isr_timer.c **** {
 430              		.loc 1 409 0
 431              		.cfi_startproc
 432              		@ args = 0, pretend = 0, frame = 0
 433              		@ frame_needed = 0, uses_anonymous_args = 0
ARM GAS  C:\Users\pxc\AppData\Local\Temp\ccgh5T0F.s 			page 16


 434              		@ link register save eliminated.
 410:.\Generated_Source\PSoC5/isr_timer.c ****     *isr_timer_INTC_SET_PD = isr_timer__INTC_MASK;
 435              		.loc 1 410 0
 436 0000 1022     		movs	r2, #16
 437 0002 014B     		ldr	r3, .L43
 438 0004 1A60     		str	r2, [r3]
 439 0006 7047     		bx	lr
 440              	.L44:
 441              		.align	2
 442              	.L43:
 443 0008 00E200E0 		.word	-536813056
 444              		.cfi_endproc
 445              	.LFE74:
 446              		.size	isr_timer_SetPending, .-isr_timer_SetPending
 447              		.section	.text.isr_timer_ClearPending,"ax",%progbits
 448              		.align	2
 449              		.global	isr_timer_ClearPending
 450              		.thumb
 451              		.thumb_func
 452              		.type	isr_timer_ClearPending, %function
 453              	isr_timer_ClearPending:
 454              	.LFB75:
 411:.\Generated_Source\PSoC5/isr_timer.c **** }
 412:.\Generated_Source\PSoC5/isr_timer.c **** 
 413:.\Generated_Source\PSoC5/isr_timer.c **** 
 414:.\Generated_Source\PSoC5/isr_timer.c **** /*******************************************************************************
 415:.\Generated_Source\PSoC5/isr_timer.c **** * Function Name: isr_timer_ClearPending
 416:.\Generated_Source\PSoC5/isr_timer.c **** ********************************************************************************
 417:.\Generated_Source\PSoC5/isr_timer.c **** *
 418:.\Generated_Source\PSoC5/isr_timer.c **** * Summary:
 419:.\Generated_Source\PSoC5/isr_timer.c **** *   Clears a pending interrupt in the interrupt controller.
 420:.\Generated_Source\PSoC5/isr_timer.c **** *
 421:.\Generated_Source\PSoC5/isr_timer.c **** *   Note Some interrupt sources are clear-on-read and require the block 
 422:.\Generated_Source\PSoC5/isr_timer.c **** *   interrupt/status register to be read/cleared with the appropriate block API 
 423:.\Generated_Source\PSoC5/isr_timer.c **** *   (GPIO, UART, and so on). Otherwise the ISR will continue to remain in 
 424:.\Generated_Source\PSoC5/isr_timer.c **** *   pending state even though the interrupt itself is cleared using this API.
 425:.\Generated_Source\PSoC5/isr_timer.c **** *
 426:.\Generated_Source\PSoC5/isr_timer.c **** * Parameters:
 427:.\Generated_Source\PSoC5/isr_timer.c **** *   None
 428:.\Generated_Source\PSoC5/isr_timer.c **** *
 429:.\Generated_Source\PSoC5/isr_timer.c **** * Return:
 430:.\Generated_Source\PSoC5/isr_timer.c **** *   None
 431:.\Generated_Source\PSoC5/isr_timer.c **** *
 432:.\Generated_Source\PSoC5/isr_timer.c **** *******************************************************************************/
 433:.\Generated_Source\PSoC5/isr_timer.c **** void isr_timer_ClearPending(void)
 434:.\Generated_Source\PSoC5/isr_timer.c **** {
 455              		.loc 1 434 0
 456              		.cfi_startproc
 457              		@ args = 0, pretend = 0, frame = 0
 458              		@ frame_needed = 0, uses_anonymous_args = 0
 459              		@ link register save eliminated.
 435:.\Generated_Source\PSoC5/isr_timer.c ****     *isr_timer_INTC_CLR_PD = isr_timer__INTC_MASK;
 460              		.loc 1 435 0
 461 0000 1022     		movs	r2, #16
 462 0002 014B     		ldr	r3, .L46
 463 0004 1A60     		str	r2, [r3]
 464 0006 7047     		bx	lr
ARM GAS  C:\Users\pxc\AppData\Local\Temp\ccgh5T0F.s 			page 17


 465              	.L47:
 466              		.align	2
 467              	.L46:
 468 0008 80E200E0 		.word	-536812928
 469              		.cfi_endproc
 470              	.LFE75:
 471              		.size	isr_timer_ClearPending, .-isr_timer_ClearPending
 472              		.comm	time_100ms_state,2,2
 473              		.comm	time_100ms,2,2
 474              		.comm	time_1s_state,2,2
 475              		.comm	time_1s,2,2
 476              		.comm	time_5ms_state,1,1
 477              		.comm	time_5ms,2,2
 478              		.comm	time_1ms_state,2,2
 479              		.comm	time_1ms,2,2
 480              		.text
 481              	.Letext0:
 482              		.file 2 "c:\\program files (x86)\\cypress\\psoc creator\\3.3\\psoc creator\\import\\gnu\\arm\\4.9.
 483              		.file 3 "c:\\program files (x86)\\cypress\\psoc creator\\3.3\\psoc creator\\import\\gnu\\arm\\4.9.
 484              		.file 4 "Generated_Source\\PSoC5/cytypes.h"
 485              		.file 5 "Generated_Source\\PSoC5/core_cm3.h"
 486              		.file 6 "./multi_timer.h"
 487              		.section	.debug_info,"",%progbits
 488              	.Ldebug_info0:
 489 0000 96030000 		.4byte	0x396
 490 0004 0400     		.2byte	0x4
 491 0006 00000000 		.4byte	.Ldebug_abbrev0
 492 000a 04       		.byte	0x4
 493 000b 01       		.uleb128 0x1
 494 000c 65020000 		.4byte	.LASF45
 495 0010 01       		.byte	0x1
 496 0011 F3020000 		.4byte	.LASF46
 497 0015 3B000000 		.4byte	.LASF47
 498 0019 00000000 		.4byte	.Ldebug_ranges0+0
 499 001d 00000000 		.4byte	0
 500 0021 00000000 		.4byte	.Ldebug_line0
 501 0025 02       		.uleb128 0x2
 502 0026 04       		.byte	0x4
 503 0027 05       		.byte	0x5
 504 0028 696E7400 		.ascii	"int\000"
 505 002c 03       		.uleb128 0x3
 506 002d 04       		.byte	0x4
 507 002e 07       		.byte	0x7
 508 002f B2010000 		.4byte	.LASF0
 509 0033 03       		.uleb128 0x3
 510 0034 01       		.byte	0x1
 511 0035 06       		.byte	0x6
 512 0036 3A030000 		.4byte	.LASF1
 513 003a 03       		.uleb128 0x3
 514 003b 01       		.byte	0x1
 515 003c 08       		.byte	0x8
 516 003d A4010000 		.4byte	.LASF2
 517 0041 03       		.uleb128 0x3
 518 0042 02       		.byte	0x2
 519 0043 05       		.byte	0x5
 520 0044 6A010000 		.4byte	.LASF3
 521 0048 03       		.uleb128 0x3
ARM GAS  C:\Users\pxc\AppData\Local\Temp\ccgh5T0F.s 			page 18


 522 0049 02       		.byte	0x2
 523 004a 07       		.byte	0x7
 524 004b 0D010000 		.4byte	.LASF4
 525 004f 04       		.uleb128 0x4
 526 0050 1A000000 		.4byte	.LASF11
 527 0054 02       		.byte	0x2
 528 0055 3F       		.byte	0x3f
 529 0056 5A000000 		.4byte	0x5a
 530 005a 03       		.uleb128 0x3
 531 005b 04       		.byte	0x4
 532 005c 05       		.byte	0x5
 533 005d 31030000 		.4byte	.LASF5
 534 0061 03       		.uleb128 0x3
 535 0062 04       		.byte	0x4
 536 0063 07       		.byte	0x7
 537 0064 FB000000 		.4byte	.LASF6
 538 0068 03       		.uleb128 0x3
 539 0069 08       		.byte	0x8
 540 006a 05       		.byte	0x5
 541 006b 2D020000 		.4byte	.LASF7
 542 006f 03       		.uleb128 0x3
 543 0070 08       		.byte	0x8
 544 0071 07       		.byte	0x7
 545 0072 C6000000 		.4byte	.LASF8
 546 0076 03       		.uleb128 0x3
 547 0077 04       		.byte	0x4
 548 0078 07       		.byte	0x7
 549 0079 15020000 		.4byte	.LASF9
 550 007d 05       		.uleb128 0x5
 551 007e 04       		.byte	0x4
 552 007f 83000000 		.4byte	0x83
 553 0083 06       		.uleb128 0x6
 554 0084 03       		.uleb128 0x3
 555 0085 01       		.byte	0x1
 556 0086 08       		.byte	0x8
 557 0087 51020000 		.4byte	.LASF10
 558 008b 04       		.uleb128 0x4
 559 008c 0D020000 		.4byte	.LASF12
 560 0090 03       		.byte	0x3
 561 0091 2C       		.byte	0x2c
 562 0092 4F000000 		.4byte	0x4f
 563 0096 04       		.uleb128 0x4
 564 0097 2B030000 		.4byte	.LASF13
 565 009b 04       		.byte	0x4
 566 009c C2       		.byte	0xc2
 567 009d 3A000000 		.4byte	0x3a
 568 00a1 04       		.uleb128 0x4
 569 00a2 7D010000 		.4byte	.LASF14
 570 00a6 04       		.byte	0x4
 571 00a7 C3       		.byte	0xc3
 572 00a8 48000000 		.4byte	0x48
 573 00ac 04       		.uleb128 0x4
 574 00ad 9D010000 		.4byte	.LASF15
 575 00b1 04       		.byte	0x4
 576 00b2 C4       		.byte	0xc4
 577 00b3 61000000 		.4byte	0x61
 578 00b7 03       		.uleb128 0x3
ARM GAS  C:\Users\pxc\AppData\Local\Temp\ccgh5T0F.s 			page 19


 579 00b8 04       		.byte	0x4
 580 00b9 04       		.byte	0x4
 581 00ba C0000000 		.4byte	.LASF16
 582 00be 03       		.uleb128 0x3
 583 00bf 08       		.byte	0x8
 584 00c0 04       		.byte	0x4
 585 00c1 63010000 		.4byte	.LASF17
 586 00c5 07       		.uleb128 0x7
 587 00c6 F6000000 		.4byte	.LASF18
 588 00ca 04       		.byte	0x4
 589 00cb 6C01     		.2byte	0x16c
 590 00cd D1000000 		.4byte	0xd1
 591 00d1 08       		.uleb128 0x8
 592 00d2 96000000 		.4byte	0x96
 593 00d6 07       		.uleb128 0x7
 594 00d7 14000000 		.4byte	.LASF19
 595 00db 04       		.byte	0x4
 596 00dc 6E01     		.2byte	0x16e
 597 00de E2000000 		.4byte	0xe2
 598 00e2 08       		.uleb128 0x8
 599 00e3 AC000000 		.4byte	0xac
 600 00e7 07       		.uleb128 0x7
 601 00e8 00020000 		.4byte	.LASF20
 602 00ec 04       		.byte	0x4
 603 00ed 7E01     		.2byte	0x17e
 604 00ef 7D000000 		.4byte	0x7d
 605 00f3 09       		.uleb128 0x9
 606 00f4 20010000 		.4byte	.LASF21
 607 00f8 01       		.byte	0x1
 608 00f9 A8       		.byte	0xa8
 609 00fa 00000000 		.4byte	.LFB66
 610 00fe 94000000 		.4byte	.LFE66-.LFB66
 611 0102 01       		.uleb128 0x1
 612 0103 9C       		.byte	0x9c
 613 0104 12010000 		.4byte	0x112
 614 0108 0A       		.uleb128 0xa
 615 0109 70000000 		.4byte	.LVL0
 616 010d 92030000 		.4byte	0x392
 617 0111 00       		.byte	0
 618 0112 09       		.uleb128 0x9
 619 0113 00000000 		.4byte	.LASF22
 620 0117 01       		.byte	0x1
 621 0118 E8       		.byte	0xe8
 622 0119 00000000 		.4byte	.LFB67
 623 011d 0C000000 		.4byte	.LFE67-.LFB67
 624 0121 01       		.uleb128 0x1
 625 0122 9C       		.byte	0x9c
 626 0123 42010000 		.4byte	0x142
 627 0127 0B       		.uleb128 0xb
 628 0128 BF010000 		.4byte	.LASF25
 629 012c 01       		.byte	0x1
 630 012d E8       		.byte	0xe8
 631 012e E7000000 		.4byte	0xe7
 632 0132 01       		.uleb128 0x1
 633 0133 50       		.byte	0x50
 634 0134 0C       		.uleb128 0xc
 635 0135 56020000 		.4byte	.LASF23
ARM GAS  C:\Users\pxc\AppData\Local\Temp\ccgh5T0F.s 			page 20


 636 0139 01       		.byte	0x1
 637 013a EA       		.byte	0xea
 638 013b 42010000 		.4byte	0x142
 639 013f 01       		.uleb128 0x1
 640 0140 53       		.byte	0x53
 641 0141 00       		.byte	0
 642 0142 05       		.uleb128 0x5
 643 0143 04       		.byte	0x4
 644 0144 E7000000 		.4byte	0xe7
 645 0148 0D       		.uleb128 0xd
 646 0149 85000000 		.4byte	.LASF27
 647 014d 01       		.byte	0x1
 648 014e 0001     		.2byte	0x100
 649 0150 E7000000 		.4byte	0xe7
 650 0154 00000000 		.4byte	.LFB68
 651 0158 0C000000 		.4byte	.LFE68-.LFB68
 652 015c 01       		.uleb128 0x1
 653 015d 9C       		.byte	0x9c
 654 015e 71010000 		.4byte	0x171
 655 0162 0E       		.uleb128 0xe
 656 0163 56020000 		.4byte	.LASF23
 657 0167 01       		.byte	0x1
 658 0168 0201     		.2byte	0x102
 659 016a 42010000 		.4byte	0x142
 660 016e 01       		.uleb128 0x1
 661 016f 53       		.byte	0x53
 662 0170 00       		.byte	0
 663 0171 0F       		.uleb128 0xf
 664 0172 3B020000 		.4byte	.LASF24
 665 0176 01       		.byte	0x1
 666 0177 2201     		.2byte	0x122
 667 0179 00000000 		.4byte	.LFB69
 668 017d 10000000 		.4byte	.LFE69-.LFB69
 669 0181 01       		.uleb128 0x1
 670 0182 9C       		.byte	0x9c
 671 0183 98010000 		.4byte	0x198
 672 0187 10       		.uleb128 0x10
 673 0188 74010000 		.4byte	.LASF26
 674 018c 01       		.byte	0x1
 675 018d 2201     		.2byte	0x122
 676 018f 96000000 		.4byte	0x96
 677 0193 00000000 		.4byte	.LLST0
 678 0197 00       		.byte	0
 679 0198 0D       		.uleb128 0xd
 680 0199 4D010000 		.4byte	.LASF28
 681 019d 01       		.byte	0x1
 682 019e 3801     		.2byte	0x138
 683 01a0 96000000 		.4byte	0x96
 684 01a4 00000000 		.4byte	.LFB70
 685 01a8 0C000000 		.4byte	.LFE70-.LFB70
 686 01ac 01       		.uleb128 0x1
 687 01ad 9C       		.byte	0x9c
 688 01ae C3010000 		.4byte	0x1c3
 689 01b2 11       		.uleb128 0x11
 690 01b3 74010000 		.4byte	.LASF26
 691 01b7 01       		.byte	0x1
 692 01b8 3A01     		.2byte	0x13a
ARM GAS  C:\Users\pxc\AppData\Local\Temp\ccgh5T0F.s 			page 21


 693 01ba 96000000 		.4byte	0x96
 694 01be 21000000 		.4byte	.LLST1
 695 01c2 00       		.byte	0
 696 01c3 12       		.uleb128 0x12
 697 01c4 D2010000 		.4byte	.LASF29
 698 01c8 01       		.byte	0x1
 699 01c9 5301     		.2byte	0x153
 700 01cb 00000000 		.4byte	.LFB71
 701 01cf 0C000000 		.4byte	.LFE71-.LFB71
 702 01d3 01       		.uleb128 0x1
 703 01d4 9C       		.byte	0x9c
 704 01d5 13       		.uleb128 0x13
 705 01d6 18030000 		.4byte	.LASF48
 706 01da 01       		.byte	0x1
 707 01db 6801     		.2byte	0x168
 708 01dd 96000000 		.4byte	0x96
 709 01e1 00000000 		.4byte	.LFB72
 710 01e5 18000000 		.4byte	.LFE72-.LFB72
 711 01e9 01       		.uleb128 0x1
 712 01ea 9C       		.byte	0x9c
 713 01eb 12       		.uleb128 0x12
 714 01ec 64000000 		.4byte	.LASF30
 715 01f0 01       		.byte	0x1
 716 01f1 7D01     		.2byte	0x17d
 717 01f3 00000000 		.4byte	.LFB73
 718 01f7 0C000000 		.4byte	.LFE73-.LFB73
 719 01fb 01       		.uleb128 0x1
 720 01fc 9C       		.byte	0x9c
 721 01fd 09       		.uleb128 0x9
 722 01fe 84010000 		.4byte	.LASF31
 723 0202 01       		.byte	0x1
 724 0203 45       		.byte	0x45
 725 0204 00000000 		.4byte	.LFB63
 726 0208 1C000000 		.4byte	.LFE63-.LFB63
 727 020c 01       		.uleb128 0x1
 728 020d 9C       		.byte	0x9c
 729 020e 4F020000 		.4byte	0x24f
 730 0212 0A       		.uleb128 0xa
 731 0213 06000000 		.4byte	.LVL8
 732 0217 EB010000 		.4byte	0x1eb
 733 021b 14       		.uleb128 0x14
 734 021c 0C000000 		.4byte	.LVL9
 735 0220 12010000 		.4byte	0x112
 736 0224 32020000 		.4byte	0x232
 737 0228 15       		.uleb128 0x15
 738 0229 01       		.uleb128 0x1
 739 022a 50       		.byte	0x50
 740 022b 05       		.uleb128 0x5
 741 022c 03       		.byte	0x3
 742 022d 00000000 		.4byte	isr_timer_Interrupt
 743 0231 00       		.byte	0
 744 0232 14       		.uleb128 0x14
 745 0233 12000000 		.4byte	.LVL10
 746 0237 71010000 		.4byte	0x171
 747 023b 45020000 		.4byte	0x245
 748 023f 15       		.uleb128 0x15
 749 0240 01       		.uleb128 0x1
ARM GAS  C:\Users\pxc\AppData\Local\Temp\ccgh5T0F.s 			page 22


 750 0241 50       		.byte	0x50
 751 0242 01       		.uleb128 0x1
 752 0243 37       		.byte	0x37
 753 0244 00       		.byte	0
 754 0245 0A       		.uleb128 0xa
 755 0246 16000000 		.4byte	.LVL11
 756 024a C3010000 		.4byte	0x1c3
 757 024e 00       		.byte	0
 758 024f 09       		.uleb128 0x9
 759 0250 99000000 		.4byte	.LASF32
 760 0254 01       		.byte	0x1
 761 0255 70       		.byte	0x70
 762 0256 00000000 		.4byte	.LFB64
 763 025a 1A000000 		.4byte	.LFE64-.LFB64
 764 025e 01       		.uleb128 0x1
 765 025f 9C       		.byte	0x9c
 766 0260 AD020000 		.4byte	0x2ad
 767 0264 16       		.uleb128 0x16
 768 0265 BF010000 		.4byte	.LASF25
 769 0269 01       		.byte	0x1
 770 026a 70       		.byte	0x70
 771 026b E7000000 		.4byte	0xe7
 772 026f 38000000 		.4byte	.LLST2
 773 0273 0A       		.uleb128 0xa
 774 0274 08000000 		.4byte	.LVL13
 775 0278 EB010000 		.4byte	0x1eb
 776 027c 14       		.uleb128 0x14
 777 027d 0E000000 		.4byte	.LVL14
 778 0281 12010000 		.4byte	0x112
 779 0285 90020000 		.4byte	0x290
 780 0289 15       		.uleb128 0x15
 781 028a 01       		.uleb128 0x1
 782 028b 50       		.byte	0x50
 783 028c 02       		.uleb128 0x2
 784 028d 74       		.byte	0x74
 785 028e 00       		.sleb128 0
 786 028f 00       		.byte	0
 787 0290 14       		.uleb128 0x14
 788 0291 14000000 		.4byte	.LVL15
 789 0295 71010000 		.4byte	0x171
 790 0299 A3020000 		.4byte	0x2a3
 791 029d 15       		.uleb128 0x15
 792 029e 01       		.uleb128 0x1
 793 029f 50       		.byte	0x50
 794 02a0 01       		.uleb128 0x1
 795 02a1 37       		.byte	0x37
 796 02a2 00       		.byte	0
 797 02a3 0A       		.uleb128 0xa
 798 02a4 18000000 		.4byte	.LVL16
 799 02a8 C3010000 		.4byte	0x1c3
 800 02ac 00       		.byte	0
 801 02ad 09       		.uleb128 0x9
 802 02ae E3010000 		.4byte	.LASF33
 803 02b2 01       		.byte	0x1
 804 02b3 8E       		.byte	0x8e
 805 02b4 00000000 		.4byte	.LFB65
 806 02b8 14000000 		.4byte	.LFE65-.LFB65
ARM GAS  C:\Users\pxc\AppData\Local\Temp\ccgh5T0F.s 			page 23


 807 02bc 01       		.uleb128 0x1
 808 02bd 9C       		.byte	0x9c
 809 02be D5020000 		.4byte	0x2d5
 810 02c2 0A       		.uleb128 0xa
 811 02c3 06000000 		.4byte	.LVL17
 812 02c7 EB010000 		.4byte	0x1eb
 813 02cb 0A       		.uleb128 0xa
 814 02cc 0C000000 		.4byte	.LVL18
 815 02d0 12010000 		.4byte	0x112
 816 02d4 00       		.byte	0
 817 02d5 12       		.uleb128 0x12
 818 02d6 AB000000 		.4byte	.LASF34
 819 02da 01       		.byte	0x1
 820 02db 9801     		.2byte	0x198
 821 02dd 00000000 		.4byte	.LFB74
 822 02e1 0C000000 		.4byte	.LFE74-.LFB74
 823 02e5 01       		.uleb128 0x1
 824 02e6 9C       		.byte	0x9c
 825 02e7 12       		.uleb128 0x12
 826 02e8 24000000 		.4byte	.LASF35
 827 02ec 01       		.byte	0x1
 828 02ed B101     		.2byte	0x1b1
 829 02ef 00000000 		.4byte	.LFB75
 830 02f3 0C000000 		.4byte	.LFE75-.LFB75
 831 02f7 01       		.uleb128 0x1
 832 02f8 9C       		.byte	0x9c
 833 02f9 17       		.uleb128 0x17
 834 02fa 34010000 		.4byte	.LASF36
 835 02fe 05       		.byte	0x5
 836 02ff 2A06     		.2byte	0x62a
 837 0301 05030000 		.4byte	0x305
 838 0305 08       		.uleb128 0x8
 839 0306 8B000000 		.4byte	0x8b
 840 030a 18       		.uleb128 0x18
 841 030b 94010000 		.4byte	.LASF37
 842 030f 01       		.byte	0x1
 843 0310 1F       		.byte	0x1f
 844 0311 A1000000 		.4byte	0xa1
 845 0315 05       		.uleb128 0x5
 846 0316 03       		.byte	0x3
 847 0317 00000000 		.4byte	time_1ms
 848 031b 18       		.uleb128 0x18
 849 031c 1E020000 		.4byte	.LASF38
 850 0320 01       		.byte	0x1
 851 0321 20       		.byte	0x20
 852 0322 A1000000 		.4byte	0xa1
 853 0326 05       		.uleb128 0x5
 854 0327 03       		.byte	0x3
 855 0328 00000000 		.4byte	time_1ms_state
 856 032c 18       		.uleb128 0x18
 857 032d 46030000 		.4byte	.LASF39
 858 0331 01       		.byte	0x1
 859 0332 21       		.byte	0x21
 860 0333 A1000000 		.4byte	0xa1
 861 0337 05       		.uleb128 0x5
 862 0338 03       		.byte	0x3
 863 0339 00000000 		.4byte	time_5ms
ARM GAS  C:\Users\pxc\AppData\Local\Temp\ccgh5T0F.s 			page 24


 864 033d 18       		.uleb128 0x18
 865 033e 76000000 		.4byte	.LASF40
 866 0342 01       		.byte	0x1
 867 0343 22       		.byte	0x22
 868 0344 96000000 		.4byte	0x96
 869 0348 05       		.uleb128 0x5
 870 0349 03       		.byte	0x3
 871 034a 00000000 		.4byte	time_5ms_state
 872 034e 18       		.uleb128 0x18
 873 034f EE000000 		.4byte	.LASF41
 874 0353 01       		.byte	0x1
 875 0354 23       		.byte	0x23
 876 0355 A1000000 		.4byte	0xa1
 877 0359 05       		.uleb128 0x5
 878 035a 03       		.byte	0x3
 879 035b 00000000 		.4byte	time_1s
 880 035f 18       		.uleb128 0x18
 881 0360 F2010000 		.4byte	.LASF42
 882 0364 01       		.byte	0x1
 883 0365 24       		.byte	0x24
 884 0366 A1000000 		.4byte	0xa1
 885 036a 05       		.uleb128 0x5
 886 036b 03       		.byte	0x3
 887 036c 00000000 		.4byte	time_1s_state
 888 0370 18       		.uleb128 0x18
 889 0371 C7010000 		.4byte	.LASF43
 890 0375 01       		.byte	0x1
 891 0376 25       		.byte	0x25
 892 0377 A1000000 		.4byte	0xa1
 893 037b 05       		.uleb128 0x5
 894 037c 03       		.byte	0x3
 895 037d 00000000 		.4byte	time_100ms
 896 0381 18       		.uleb128 0x18
 897 0382 DD000000 		.4byte	.LASF44
 898 0386 01       		.byte	0x1
 899 0387 26       		.byte	0x26
 900 0388 A1000000 		.4byte	0xa1
 901 038c 05       		.uleb128 0x5
 902 038d 03       		.byte	0x3
 903 038e 00000000 		.4byte	time_100ms_state
 904 0392 19       		.uleb128 0x19
 905 0393 41010000 		.4byte	.LASF49
 906 0397 06       		.byte	0x6
 907 0398 21       		.byte	0x21
 908 0399 00       		.byte	0
 909              		.section	.debug_abbrev,"",%progbits
 910              	.Ldebug_abbrev0:
 911 0000 01       		.uleb128 0x1
 912 0001 11       		.uleb128 0x11
 913 0002 01       		.byte	0x1
 914 0003 25       		.uleb128 0x25
 915 0004 0E       		.uleb128 0xe
 916 0005 13       		.uleb128 0x13
 917 0006 0B       		.uleb128 0xb
 918 0007 03       		.uleb128 0x3
 919 0008 0E       		.uleb128 0xe
 920 0009 1B       		.uleb128 0x1b
ARM GAS  C:\Users\pxc\AppData\Local\Temp\ccgh5T0F.s 			page 25


 921 000a 0E       		.uleb128 0xe
 922 000b 55       		.uleb128 0x55
 923 000c 17       		.uleb128 0x17
 924 000d 11       		.uleb128 0x11
 925 000e 01       		.uleb128 0x1
 926 000f 10       		.uleb128 0x10
 927 0010 17       		.uleb128 0x17
 928 0011 00       		.byte	0
 929 0012 00       		.byte	0
 930 0013 02       		.uleb128 0x2
 931 0014 24       		.uleb128 0x24
 932 0015 00       		.byte	0
 933 0016 0B       		.uleb128 0xb
 934 0017 0B       		.uleb128 0xb
 935 0018 3E       		.uleb128 0x3e
 936 0019 0B       		.uleb128 0xb
 937 001a 03       		.uleb128 0x3
 938 001b 08       		.uleb128 0x8
 939 001c 00       		.byte	0
 940 001d 00       		.byte	0
 941 001e 03       		.uleb128 0x3
 942 001f 24       		.uleb128 0x24
 943 0020 00       		.byte	0
 944 0021 0B       		.uleb128 0xb
 945 0022 0B       		.uleb128 0xb
 946 0023 3E       		.uleb128 0x3e
 947 0024 0B       		.uleb128 0xb
 948 0025 03       		.uleb128 0x3
 949 0026 0E       		.uleb128 0xe
 950 0027 00       		.byte	0
 951 0028 00       		.byte	0
 952 0029 04       		.uleb128 0x4
 953 002a 16       		.uleb128 0x16
 954 002b 00       		.byte	0
 955 002c 03       		.uleb128 0x3
 956 002d 0E       		.uleb128 0xe
 957 002e 3A       		.uleb128 0x3a
 958 002f 0B       		.uleb128 0xb
 959 0030 3B       		.uleb128 0x3b
 960 0031 0B       		.uleb128 0xb
 961 0032 49       		.uleb128 0x49
 962 0033 13       		.uleb128 0x13
 963 0034 00       		.byte	0
 964 0035 00       		.byte	0
 965 0036 05       		.uleb128 0x5
 966 0037 0F       		.uleb128 0xf
 967 0038 00       		.byte	0
 968 0039 0B       		.uleb128 0xb
 969 003a 0B       		.uleb128 0xb
 970 003b 49       		.uleb128 0x49
 971 003c 13       		.uleb128 0x13
 972 003d 00       		.byte	0
 973 003e 00       		.byte	0
 974 003f 06       		.uleb128 0x6
 975 0040 15       		.uleb128 0x15
 976 0041 00       		.byte	0
 977 0042 27       		.uleb128 0x27
ARM GAS  C:\Users\pxc\AppData\Local\Temp\ccgh5T0F.s 			page 26


 978 0043 19       		.uleb128 0x19
 979 0044 00       		.byte	0
 980 0045 00       		.byte	0
 981 0046 07       		.uleb128 0x7
 982 0047 16       		.uleb128 0x16
 983 0048 00       		.byte	0
 984 0049 03       		.uleb128 0x3
 985 004a 0E       		.uleb128 0xe
 986 004b 3A       		.uleb128 0x3a
 987 004c 0B       		.uleb128 0xb
 988 004d 3B       		.uleb128 0x3b
 989 004e 05       		.uleb128 0x5
 990 004f 49       		.uleb128 0x49
 991 0050 13       		.uleb128 0x13
 992 0051 00       		.byte	0
 993 0052 00       		.byte	0
 994 0053 08       		.uleb128 0x8
 995 0054 35       		.uleb128 0x35
 996 0055 00       		.byte	0
 997 0056 49       		.uleb128 0x49
 998 0057 13       		.uleb128 0x13
 999 0058 00       		.byte	0
 1000 0059 00       		.byte	0
 1001 005a 09       		.uleb128 0x9
 1002 005b 2E       		.uleb128 0x2e
 1003 005c 01       		.byte	0x1
 1004 005d 3F       		.uleb128 0x3f
 1005 005e 19       		.uleb128 0x19
 1006 005f 03       		.uleb128 0x3
 1007 0060 0E       		.uleb128 0xe
 1008 0061 3A       		.uleb128 0x3a
 1009 0062 0B       		.uleb128 0xb
 1010 0063 3B       		.uleb128 0x3b
 1011 0064 0B       		.uleb128 0xb
 1012 0065 27       		.uleb128 0x27
 1013 0066 19       		.uleb128 0x19
 1014 0067 11       		.uleb128 0x11
 1015 0068 01       		.uleb128 0x1
 1016 0069 12       		.uleb128 0x12
 1017 006a 06       		.uleb128 0x6
 1018 006b 40       		.uleb128 0x40
 1019 006c 18       		.uleb128 0x18
 1020 006d 9742     		.uleb128 0x2117
 1021 006f 19       		.uleb128 0x19
 1022 0070 01       		.uleb128 0x1
 1023 0071 13       		.uleb128 0x13
 1024 0072 00       		.byte	0
 1025 0073 00       		.byte	0
 1026 0074 0A       		.uleb128 0xa
 1027 0075 898201   		.uleb128 0x4109
 1028 0078 00       		.byte	0
 1029 0079 11       		.uleb128 0x11
 1030 007a 01       		.uleb128 0x1
 1031 007b 31       		.uleb128 0x31
 1032 007c 13       		.uleb128 0x13
 1033 007d 00       		.byte	0
 1034 007e 00       		.byte	0
ARM GAS  C:\Users\pxc\AppData\Local\Temp\ccgh5T0F.s 			page 27


 1035 007f 0B       		.uleb128 0xb
 1036 0080 05       		.uleb128 0x5
 1037 0081 00       		.byte	0
 1038 0082 03       		.uleb128 0x3
 1039 0083 0E       		.uleb128 0xe
 1040 0084 3A       		.uleb128 0x3a
 1041 0085 0B       		.uleb128 0xb
 1042 0086 3B       		.uleb128 0x3b
 1043 0087 0B       		.uleb128 0xb
 1044 0088 49       		.uleb128 0x49
 1045 0089 13       		.uleb128 0x13
 1046 008a 02       		.uleb128 0x2
 1047 008b 18       		.uleb128 0x18
 1048 008c 00       		.byte	0
 1049 008d 00       		.byte	0
 1050 008e 0C       		.uleb128 0xc
 1051 008f 34       		.uleb128 0x34
 1052 0090 00       		.byte	0
 1053 0091 03       		.uleb128 0x3
 1054 0092 0E       		.uleb128 0xe
 1055 0093 3A       		.uleb128 0x3a
 1056 0094 0B       		.uleb128 0xb
 1057 0095 3B       		.uleb128 0x3b
 1058 0096 0B       		.uleb128 0xb
 1059 0097 49       		.uleb128 0x49
 1060 0098 13       		.uleb128 0x13
 1061 0099 02       		.uleb128 0x2
 1062 009a 18       		.uleb128 0x18
 1063 009b 00       		.byte	0
 1064 009c 00       		.byte	0
 1065 009d 0D       		.uleb128 0xd
 1066 009e 2E       		.uleb128 0x2e
 1067 009f 01       		.byte	0x1
 1068 00a0 3F       		.uleb128 0x3f
 1069 00a1 19       		.uleb128 0x19
 1070 00a2 03       		.uleb128 0x3
 1071 00a3 0E       		.uleb128 0xe
 1072 00a4 3A       		.uleb128 0x3a
 1073 00a5 0B       		.uleb128 0xb
 1074 00a6 3B       		.uleb128 0x3b
 1075 00a7 05       		.uleb128 0x5
 1076 00a8 27       		.uleb128 0x27
 1077 00a9 19       		.uleb128 0x19
 1078 00aa 49       		.uleb128 0x49
 1079 00ab 13       		.uleb128 0x13
 1080 00ac 11       		.uleb128 0x11
 1081 00ad 01       		.uleb128 0x1
 1082 00ae 12       		.uleb128 0x12
 1083 00af 06       		.uleb128 0x6
 1084 00b0 40       		.uleb128 0x40
 1085 00b1 18       		.uleb128 0x18
 1086 00b2 9742     		.uleb128 0x2117
 1087 00b4 19       		.uleb128 0x19
 1088 00b5 01       		.uleb128 0x1
 1089 00b6 13       		.uleb128 0x13
 1090 00b7 00       		.byte	0
 1091 00b8 00       		.byte	0
ARM GAS  C:\Users\pxc\AppData\Local\Temp\ccgh5T0F.s 			page 28


 1092 00b9 0E       		.uleb128 0xe
 1093 00ba 34       		.uleb128 0x34
 1094 00bb 00       		.byte	0
 1095 00bc 03       		.uleb128 0x3
 1096 00bd 0E       		.uleb128 0xe
 1097 00be 3A       		.uleb128 0x3a
 1098 00bf 0B       		.uleb128 0xb
 1099 00c0 3B       		.uleb128 0x3b
 1100 00c1 05       		.uleb128 0x5
 1101 00c2 49       		.uleb128 0x49
 1102 00c3 13       		.uleb128 0x13
 1103 00c4 02       		.uleb128 0x2
 1104 00c5 18       		.uleb128 0x18
 1105 00c6 00       		.byte	0
 1106 00c7 00       		.byte	0
 1107 00c8 0F       		.uleb128 0xf
 1108 00c9 2E       		.uleb128 0x2e
 1109 00ca 01       		.byte	0x1
 1110 00cb 3F       		.uleb128 0x3f
 1111 00cc 19       		.uleb128 0x19
 1112 00cd 03       		.uleb128 0x3
 1113 00ce 0E       		.uleb128 0xe
 1114 00cf 3A       		.uleb128 0x3a
 1115 00d0 0B       		.uleb128 0xb
 1116 00d1 3B       		.uleb128 0x3b
 1117 00d2 05       		.uleb128 0x5
 1118 00d3 27       		.uleb128 0x27
 1119 00d4 19       		.uleb128 0x19
 1120 00d5 11       		.uleb128 0x11
 1121 00d6 01       		.uleb128 0x1
 1122 00d7 12       		.uleb128 0x12
 1123 00d8 06       		.uleb128 0x6
 1124 00d9 40       		.uleb128 0x40
 1125 00da 18       		.uleb128 0x18
 1126 00db 9742     		.uleb128 0x2117
 1127 00dd 19       		.uleb128 0x19
 1128 00de 01       		.uleb128 0x1
 1129 00df 13       		.uleb128 0x13
 1130 00e0 00       		.byte	0
 1131 00e1 00       		.byte	0
 1132 00e2 10       		.uleb128 0x10
 1133 00e3 05       		.uleb128 0x5
 1134 00e4 00       		.byte	0
 1135 00e5 03       		.uleb128 0x3
 1136 00e6 0E       		.uleb128 0xe
 1137 00e7 3A       		.uleb128 0x3a
 1138 00e8 0B       		.uleb128 0xb
 1139 00e9 3B       		.uleb128 0x3b
 1140 00ea 05       		.uleb128 0x5
 1141 00eb 49       		.uleb128 0x49
 1142 00ec 13       		.uleb128 0x13
 1143 00ed 02       		.uleb128 0x2
 1144 00ee 17       		.uleb128 0x17
 1145 00ef 00       		.byte	0
 1146 00f0 00       		.byte	0
 1147 00f1 11       		.uleb128 0x11
 1148 00f2 34       		.uleb128 0x34
ARM GAS  C:\Users\pxc\AppData\Local\Temp\ccgh5T0F.s 			page 29


 1149 00f3 00       		.byte	0
 1150 00f4 03       		.uleb128 0x3
 1151 00f5 0E       		.uleb128 0xe
 1152 00f6 3A       		.uleb128 0x3a
 1153 00f7 0B       		.uleb128 0xb
 1154 00f8 3B       		.uleb128 0x3b
 1155 00f9 05       		.uleb128 0x5
 1156 00fa 49       		.uleb128 0x49
 1157 00fb 13       		.uleb128 0x13
 1158 00fc 02       		.uleb128 0x2
 1159 00fd 17       		.uleb128 0x17
 1160 00fe 00       		.byte	0
 1161 00ff 00       		.byte	0
 1162 0100 12       		.uleb128 0x12
 1163 0101 2E       		.uleb128 0x2e
 1164 0102 00       		.byte	0
 1165 0103 3F       		.uleb128 0x3f
 1166 0104 19       		.uleb128 0x19
 1167 0105 03       		.uleb128 0x3
 1168 0106 0E       		.uleb128 0xe
 1169 0107 3A       		.uleb128 0x3a
 1170 0108 0B       		.uleb128 0xb
 1171 0109 3B       		.uleb128 0x3b
 1172 010a 05       		.uleb128 0x5
 1173 010b 27       		.uleb128 0x27
 1174 010c 19       		.uleb128 0x19
 1175 010d 11       		.uleb128 0x11
 1176 010e 01       		.uleb128 0x1
 1177 010f 12       		.uleb128 0x12
 1178 0110 06       		.uleb128 0x6
 1179 0111 40       		.uleb128 0x40
 1180 0112 18       		.uleb128 0x18
 1181 0113 9742     		.uleb128 0x2117
 1182 0115 19       		.uleb128 0x19
 1183 0116 00       		.byte	0
 1184 0117 00       		.byte	0
 1185 0118 13       		.uleb128 0x13
 1186 0119 2E       		.uleb128 0x2e
 1187 011a 00       		.byte	0
 1188 011b 3F       		.uleb128 0x3f
 1189 011c 19       		.uleb128 0x19
 1190 011d 03       		.uleb128 0x3
 1191 011e 0E       		.uleb128 0xe
 1192 011f 3A       		.uleb128 0x3a
 1193 0120 0B       		.uleb128 0xb
 1194 0121 3B       		.uleb128 0x3b
 1195 0122 05       		.uleb128 0x5
 1196 0123 27       		.uleb128 0x27
 1197 0124 19       		.uleb128 0x19
 1198 0125 49       		.uleb128 0x49
 1199 0126 13       		.uleb128 0x13
 1200 0127 11       		.uleb128 0x11
 1201 0128 01       		.uleb128 0x1
 1202 0129 12       		.uleb128 0x12
 1203 012a 06       		.uleb128 0x6
 1204 012b 40       		.uleb128 0x40
 1205 012c 18       		.uleb128 0x18
ARM GAS  C:\Users\pxc\AppData\Local\Temp\ccgh5T0F.s 			page 30


 1206 012d 9742     		.uleb128 0x2117
 1207 012f 19       		.uleb128 0x19
 1208 0130 00       		.byte	0
 1209 0131 00       		.byte	0
 1210 0132 14       		.uleb128 0x14
 1211 0133 898201   		.uleb128 0x4109
 1212 0136 01       		.byte	0x1
 1213 0137 11       		.uleb128 0x11
 1214 0138 01       		.uleb128 0x1
 1215 0139 31       		.uleb128 0x31
 1216 013a 13       		.uleb128 0x13
 1217 013b 01       		.uleb128 0x1
 1218 013c 13       		.uleb128 0x13
 1219 013d 00       		.byte	0
 1220 013e 00       		.byte	0
 1221 013f 15       		.uleb128 0x15
 1222 0140 8A8201   		.uleb128 0x410a
 1223 0143 00       		.byte	0
 1224 0144 02       		.uleb128 0x2
 1225 0145 18       		.uleb128 0x18
 1226 0146 9142     		.uleb128 0x2111
 1227 0148 18       		.uleb128 0x18
 1228 0149 00       		.byte	0
 1229 014a 00       		.byte	0
 1230 014b 16       		.uleb128 0x16
 1231 014c 05       		.uleb128 0x5
 1232 014d 00       		.byte	0
 1233 014e 03       		.uleb128 0x3
 1234 014f 0E       		.uleb128 0xe
 1235 0150 3A       		.uleb128 0x3a
 1236 0151 0B       		.uleb128 0xb
 1237 0152 3B       		.uleb128 0x3b
 1238 0153 0B       		.uleb128 0xb
 1239 0154 49       		.uleb128 0x49
 1240 0155 13       		.uleb128 0x13
 1241 0156 02       		.uleb128 0x2
 1242 0157 17       		.uleb128 0x17
 1243 0158 00       		.byte	0
 1244 0159 00       		.byte	0
 1245 015a 17       		.uleb128 0x17
 1246 015b 34       		.uleb128 0x34
 1247 015c 00       		.byte	0
 1248 015d 03       		.uleb128 0x3
 1249 015e 0E       		.uleb128 0xe
 1250 015f 3A       		.uleb128 0x3a
 1251 0160 0B       		.uleb128 0xb
 1252 0161 3B       		.uleb128 0x3b
 1253 0162 05       		.uleb128 0x5
 1254 0163 49       		.uleb128 0x49
 1255 0164 13       		.uleb128 0x13
 1256 0165 3F       		.uleb128 0x3f
 1257 0166 19       		.uleb128 0x19
 1258 0167 3C       		.uleb128 0x3c
 1259 0168 19       		.uleb128 0x19
 1260 0169 00       		.byte	0
 1261 016a 00       		.byte	0
 1262 016b 18       		.uleb128 0x18
ARM GAS  C:\Users\pxc\AppData\Local\Temp\ccgh5T0F.s 			page 31


 1263 016c 34       		.uleb128 0x34
 1264 016d 00       		.byte	0
 1265 016e 03       		.uleb128 0x3
 1266 016f 0E       		.uleb128 0xe
 1267 0170 3A       		.uleb128 0x3a
 1268 0171 0B       		.uleb128 0xb
 1269 0172 3B       		.uleb128 0x3b
 1270 0173 0B       		.uleb128 0xb
 1271 0174 49       		.uleb128 0x49
 1272 0175 13       		.uleb128 0x13
 1273 0176 3F       		.uleb128 0x3f
 1274 0177 19       		.uleb128 0x19
 1275 0178 02       		.uleb128 0x2
 1276 0179 18       		.uleb128 0x18
 1277 017a 00       		.byte	0
 1278 017b 00       		.byte	0
 1279 017c 19       		.uleb128 0x19
 1280 017d 2E       		.uleb128 0x2e
 1281 017e 00       		.byte	0
 1282 017f 3F       		.uleb128 0x3f
 1283 0180 19       		.uleb128 0x19
 1284 0181 03       		.uleb128 0x3
 1285 0182 0E       		.uleb128 0xe
 1286 0183 3A       		.uleb128 0x3a
 1287 0184 0B       		.uleb128 0xb
 1288 0185 3B       		.uleb128 0x3b
 1289 0186 0B       		.uleb128 0xb
 1290 0187 27       		.uleb128 0x27
 1291 0188 19       		.uleb128 0x19
 1292 0189 3C       		.uleb128 0x3c
 1293 018a 19       		.uleb128 0x19
 1294 018b 00       		.byte	0
 1295 018c 00       		.byte	0
 1296 018d 00       		.byte	0
 1297              		.section	.debug_loc,"",%progbits
 1298              	.Ldebug_loc0:
 1299              	.LLST0:
 1300 0000 00000000 		.4byte	.LVL4
 1301 0004 02000000 		.4byte	.LVL5
 1302 0008 0100     		.2byte	0x1
 1303 000a 50       		.byte	0x50
 1304 000b 02000000 		.4byte	.LVL5
 1305 000f 10000000 		.4byte	.LFE69
 1306 0013 0400     		.2byte	0x4
 1307 0015 F3       		.byte	0xf3
 1308 0016 01       		.uleb128 0x1
 1309 0017 50       		.byte	0x50
 1310 0018 9F       		.byte	0x9f
 1311 0019 00000000 		.4byte	0
 1312 001d 00000000 		.4byte	0
 1313              	.LLST1:
 1314 0021 04000000 		.4byte	.LVL6
 1315 0025 06000000 		.4byte	.LVL7
 1316 0029 0500     		.2byte	0x5
 1317 002b 70       		.byte	0x70
 1318 002c 00       		.sleb128 0
 1319 002d 35       		.byte	0x35
ARM GAS  C:\Users\pxc\AppData\Local\Temp\ccgh5T0F.s 			page 32


 1320 002e 25       		.byte	0x25
 1321 002f 9F       		.byte	0x9f
 1322 0030 00000000 		.4byte	0
 1323 0034 00000000 		.4byte	0
 1324              	.LLST2:
 1325 0038 00000000 		.4byte	.LVL12
 1326 003c 07000000 		.4byte	.LVL13-1
 1327 0040 0100     		.2byte	0x1
 1328 0042 50       		.byte	0x50
 1329 0043 07000000 		.4byte	.LVL13-1
 1330 0047 1A000000 		.4byte	.LFE64
 1331 004b 0100     		.2byte	0x1
 1332 004d 54       		.byte	0x54
 1333 004e 00000000 		.4byte	0
 1334 0052 00000000 		.4byte	0
 1335              		.section	.debug_aranges,"",%progbits
 1336 0000 7C000000 		.4byte	0x7c
 1337 0004 0200     		.2byte	0x2
 1338 0006 00000000 		.4byte	.Ldebug_info0
 1339 000a 04       		.byte	0x4
 1340 000b 00       		.byte	0
 1341 000c 0000     		.2byte	0
 1342 000e 0000     		.2byte	0
 1343 0010 00000000 		.4byte	.LFB66
 1344 0014 94000000 		.4byte	.LFE66-.LFB66
 1345 0018 00000000 		.4byte	.LFB67
 1346 001c 0C000000 		.4byte	.LFE67-.LFB67
 1347 0020 00000000 		.4byte	.LFB68
 1348 0024 0C000000 		.4byte	.LFE68-.LFB68
 1349 0028 00000000 		.4byte	.LFB69
 1350 002c 10000000 		.4byte	.LFE69-.LFB69
 1351 0030 00000000 		.4byte	.LFB70
 1352 0034 0C000000 		.4byte	.LFE70-.LFB70
 1353 0038 00000000 		.4byte	.LFB71
 1354 003c 0C000000 		.4byte	.LFE71-.LFB71
 1355 0040 00000000 		.4byte	.LFB72
 1356 0044 18000000 		.4byte	.LFE72-.LFB72
 1357 0048 00000000 		.4byte	.LFB73
 1358 004c 0C000000 		.4byte	.LFE73-.LFB73
 1359 0050 00000000 		.4byte	.LFB63
 1360 0054 1C000000 		.4byte	.LFE63-.LFB63
 1361 0058 00000000 		.4byte	.LFB64
 1362 005c 1A000000 		.4byte	.LFE64-.LFB64
 1363 0060 00000000 		.4byte	.LFB65
 1364 0064 14000000 		.4byte	.LFE65-.LFB65
 1365 0068 00000000 		.4byte	.LFB74
 1366 006c 0C000000 		.4byte	.LFE74-.LFB74
 1367 0070 00000000 		.4byte	.LFB75
 1368 0074 0C000000 		.4byte	.LFE75-.LFB75
 1369 0078 00000000 		.4byte	0
 1370 007c 00000000 		.4byte	0
 1371              		.section	.debug_ranges,"",%progbits
 1372              	.Ldebug_ranges0:
 1373 0000 00000000 		.4byte	.LFB66
 1374 0004 94000000 		.4byte	.LFE66
 1375 0008 00000000 		.4byte	.LFB67
 1376 000c 0C000000 		.4byte	.LFE67
ARM GAS  C:\Users\pxc\AppData\Local\Temp\ccgh5T0F.s 			page 33


 1377 0010 00000000 		.4byte	.LFB68
 1378 0014 0C000000 		.4byte	.LFE68
 1379 0018 00000000 		.4byte	.LFB69
 1380 001c 10000000 		.4byte	.LFE69
 1381 0020 00000000 		.4byte	.LFB70
 1382 0024 0C000000 		.4byte	.LFE70
 1383 0028 00000000 		.4byte	.LFB71
 1384 002c 0C000000 		.4byte	.LFE71
 1385 0030 00000000 		.4byte	.LFB72
 1386 0034 18000000 		.4byte	.LFE72
 1387 0038 00000000 		.4byte	.LFB73
 1388 003c 0C000000 		.4byte	.LFE73
 1389 0040 00000000 		.4byte	.LFB63
 1390 0044 1C000000 		.4byte	.LFE63
 1391 0048 00000000 		.4byte	.LFB64
 1392 004c 1A000000 		.4byte	.LFE64
 1393 0050 00000000 		.4byte	.LFB65
 1394 0054 14000000 		.4byte	.LFE65
 1395 0058 00000000 		.4byte	.LFB74
 1396 005c 0C000000 		.4byte	.LFE74
 1397 0060 00000000 		.4byte	.LFB75
 1398 0064 0C000000 		.4byte	.LFE75
 1399 0068 00000000 		.4byte	0
 1400 006c 00000000 		.4byte	0
 1401              		.section	.debug_line,"",%progbits
 1402              	.Ldebug_line0:
 1403 0000 76020000 		.section	.debug_str,"MS",%progbits,1
 1403      02007801 
 1403      00000201 
 1403      FB0E0D00 
 1403      01010101 
 1404              	.LASF22:
 1405 0000 6973725F 		.ascii	"isr_timer_SetVector\000"
 1405      74696D65 
 1405      725F5365 
 1405      74566563 
 1405      746F7200 
 1406              	.LASF19:
 1407 0014 72656733 		.ascii	"reg32\000"
 1407      3200
 1408              	.LASF11:
 1409 001a 5F5F696E 		.ascii	"__int32_t\000"
 1409      7433325F 
 1409      7400
 1410              	.LASF35:
 1411 0024 6973725F 		.ascii	"isr_timer_ClearPending\000"
 1411      74696D65 
 1411      725F436C 
 1411      65617250 
 1411      656E6469 
 1412              	.LASF47:
 1413 003b 443A5C72 		.ascii	"D:\\robot\\git_code\\robot_car_V5\\car.cydsn\000"
 1413      6F626F74 
 1413      5C676974 
 1413      5F636F64 
 1413      655C726F 
 1414              	.LASF30:
ARM GAS  C:\Users\pxc\AppData\Local\Temp\ccgh5T0F.s 			page 34


 1415 0064 6973725F 		.ascii	"isr_timer_Disable\000"
 1415      74696D65 
 1415      725F4469 
 1415      7361626C 
 1415      6500
 1416              	.LASF40:
 1417 0076 74696D65 		.ascii	"time_5ms_state\000"
 1417      5F356D73 
 1417      5F737461 
 1417      746500
 1418              	.LASF27:
 1419 0085 6973725F 		.ascii	"isr_timer_GetVector\000"
 1419      74696D65 
 1419      725F4765 
 1419      74566563 
 1419      746F7200 
 1420              	.LASF32:
 1421 0099 6973725F 		.ascii	"isr_timer_StartEx\000"
 1421      74696D65 
 1421      725F5374 
 1421      61727445 
 1421      7800
 1422              	.LASF34:
 1423 00ab 6973725F 		.ascii	"isr_timer_SetPending\000"
 1423      74696D65 
 1423      725F5365 
 1423      7450656E 
 1423      64696E67 
 1424              	.LASF16:
 1425 00c0 666C6F61 		.ascii	"float\000"
 1425      7400
 1426              	.LASF8:
 1427 00c6 6C6F6E67 		.ascii	"long long unsigned int\000"
 1427      206C6F6E 
 1427      6720756E 
 1427      7369676E 
 1427      65642069 
 1428              	.LASF44:
 1429 00dd 74696D65 		.ascii	"time_100ms_state\000"
 1429      5F313030 
 1429      6D735F73 
 1429      74617465 
 1429      00
 1430              	.LASF41:
 1431 00ee 74696D65 		.ascii	"time_1s\000"
 1431      5F317300 
 1432              	.LASF18:
 1433 00f6 72656738 		.ascii	"reg8\000"
 1433      00
 1434              	.LASF6:
 1435 00fb 6C6F6E67 		.ascii	"long unsigned int\000"
 1435      20756E73 
 1435      69676E65 
 1435      6420696E 
 1435      7400
 1436              	.LASF4:
 1437 010d 73686F72 		.ascii	"short unsigned int\000"
ARM GAS  C:\Users\pxc\AppData\Local\Temp\ccgh5T0F.s 			page 35


 1437      7420756E 
 1437      7369676E 
 1437      65642069 
 1437      6E7400
 1438              	.LASF21:
 1439 0120 6973725F 		.ascii	"isr_timer_Interrupt\000"
 1439      74696D65 
 1439      725F496E 
 1439      74657272 
 1439      75707400 
 1440              	.LASF36:
 1441 0134 49544D5F 		.ascii	"ITM_RxBuffer\000"
 1441      52784275 
 1441      66666572 
 1441      00
 1442              	.LASF49:
 1443 0141 74696D65 		.ascii	"timer_ticks\000"
 1443      725F7469 
 1443      636B7300 
 1444              	.LASF28:
 1445 014d 6973725F 		.ascii	"isr_timer_GetPriority\000"
 1445      74696D65 
 1445      725F4765 
 1445      74507269 
 1445      6F726974 
 1446              	.LASF17:
 1447 0163 646F7562 		.ascii	"double\000"
 1447      6C6500
 1448              	.LASF3:
 1449 016a 73686F72 		.ascii	"short int\000"
 1449      7420696E 
 1449      7400
 1450              	.LASF26:
 1451 0174 7072696F 		.ascii	"priority\000"
 1451      72697479 
 1451      00
 1452              	.LASF14:
 1453 017d 75696E74 		.ascii	"uint16\000"
 1453      313600
 1454              	.LASF31:
 1455 0184 6973725F 		.ascii	"isr_timer_Start\000"
 1455      74696D65 
 1455      725F5374 
 1455      61727400 
 1456              	.LASF37:
 1457 0194 74696D65 		.ascii	"time_1ms\000"
 1457      5F316D73 
 1457      00
 1458              	.LASF15:
 1459 019d 75696E74 		.ascii	"uint32\000"
 1459      333200
 1460              	.LASF2:
 1461 01a4 756E7369 		.ascii	"unsigned char\000"
 1461      676E6564 
 1461      20636861 
 1461      7200
 1462              	.LASF0:
ARM GAS  C:\Users\pxc\AppData\Local\Temp\ccgh5T0F.s 			page 36


 1463 01b2 756E7369 		.ascii	"unsigned int\000"
 1463      676E6564 
 1463      20696E74 
 1463      00
 1464              	.LASF25:
 1465 01bf 61646472 		.ascii	"address\000"
 1465      65737300 
 1466              	.LASF43:
 1467 01c7 74696D65 		.ascii	"time_100ms\000"
 1467      5F313030 
 1467      6D7300
 1468              	.LASF29:
 1469 01d2 6973725F 		.ascii	"isr_timer_Enable\000"
 1469      74696D65 
 1469      725F456E 
 1469      61626C65 
 1469      00
 1470              	.LASF33:
 1471 01e3 6973725F 		.ascii	"isr_timer_Stop\000"
 1471      74696D65 
 1471      725F5374 
 1471      6F7000
 1472              	.LASF42:
 1473 01f2 74696D65 		.ascii	"time_1s_state\000"
 1473      5F31735F 
 1473      73746174 
 1473      6500
 1474              	.LASF20:
 1475 0200 63796973 		.ascii	"cyisraddress\000"
 1475      72616464 
 1475      72657373 
 1475      00
 1476              	.LASF12:
 1477 020d 696E7433 		.ascii	"int32_t\000"
 1477      325F7400 
 1478              	.LASF9:
 1479 0215 73697A65 		.ascii	"sizetype\000"
 1479      74797065 
 1479      00
 1480              	.LASF38:
 1481 021e 74696D65 		.ascii	"time_1ms_state\000"
 1481      5F316D73 
 1481      5F737461 
 1481      746500
 1482              	.LASF7:
 1483 022d 6C6F6E67 		.ascii	"long long int\000"
 1483      206C6F6E 
 1483      6720696E 
 1483      7400
 1484              	.LASF24:
 1485 023b 6973725F 		.ascii	"isr_timer_SetPriority\000"
 1485      74696D65 
 1485      725F5365 
 1485      74507269 
 1485      6F726974 
 1486              	.LASF10:
 1487 0251 63686172 		.ascii	"char\000"
ARM GAS  C:\Users\pxc\AppData\Local\Temp\ccgh5T0F.s 			page 37


 1487      00
 1488              	.LASF23:
 1489 0256 72616D56 		.ascii	"ramVectorTable\000"
 1489      6563746F 
 1489      72546162 
 1489      6C6500
 1490              	.LASF45:
 1491 0265 474E5520 		.ascii	"GNU C 4.9.3 20150303 (release) [ARM/embedded-4_9-br"
 1491      4320342E 
 1491      392E3320 
 1491      32303135 
 1491      30333033 
 1492 0298 616E6368 		.ascii	"anch revision 221220] -mcpu=cortex-m3 -mthumb -g -O"
 1492      20726576 
 1492      6973696F 
 1492      6E203232 
 1492      31323230 
 1493 02cb 67202D66 		.ascii	"g -ffunction-sections -ffat-lto-objects\000"
 1493      66756E63 
 1493      74696F6E 
 1493      2D736563 
 1493      74696F6E 
 1494              	.LASF46:
 1495 02f3 2E5C4765 		.ascii	".\\Generated_Source\\PSoC5\\isr_timer.c\000"
 1495      6E657261 
 1495      7465645F 
 1495      536F7572 
 1495      63655C50 
 1496              	.LASF48:
 1497 0318 6973725F 		.ascii	"isr_timer_GetState\000"
 1497      74696D65 
 1497      725F4765 
 1497      74537461 
 1497      746500
 1498              	.LASF13:
 1499 032b 75696E74 		.ascii	"uint8\000"
 1499      3800
 1500              	.LASF5:
 1501 0331 6C6F6E67 		.ascii	"long int\000"
 1501      20696E74 
 1501      00
 1502              	.LASF1:
 1503 033a 7369676E 		.ascii	"signed char\000"
 1503      65642063 
 1503      68617200 
 1504              	.LASF39:
 1505 0346 74696D65 		.ascii	"time_5ms\000"
 1505      5F356D73 
 1505      00
 1506              		.ident	"GCC: (GNU Tools for ARM Embedded Processors) 4.9.3 20150303 (release) [ARM/embedded-4_9-br
