ARM GAS  C:\Users\pxc\AppData\Local\Temp\ccUsaYck.s 			page 1


   1              		.syntax unified
   2              		.cpu cortex-m3
   3              		.fpu softvfp
   4              		.eabi_attribute 20, 1
   5              		.eabi_attribute 21, 1
   6              		.eabi_attribute 23, 3
   7              		.eabi_attribute 24, 1
   8              		.eabi_attribute 25, 1
   9              		.eabi_attribute 26, 1
  10              		.eabi_attribute 30, 1
  11              		.eabi_attribute 34, 1
  12              		.eabi_attribute 18, 4
  13              		.thumb
  14              		.file	"isr_echo.c"
  15              		.text
  16              	.Ltext0:
  17              		.cfi_sections	.debug_frame
  18              		.section	.text.isr_echo_Interrupt,"ax",%progbits
  19              		.align	2
  20              		.global	isr_echo_Interrupt
  21              		.thumb
  22              		.thumb_func
  23              		.type	isr_echo_Interrupt, %function
  24              	isr_echo_Interrupt:
  25              	.LFB3:
  26              		.file 1 ".\\Generated_Source\\PSoC5\\isr_echo.c"
   1:.\Generated_Source\PSoC5/isr_echo.c **** /*******************************************************************************
   2:.\Generated_Source\PSoC5/isr_echo.c **** * File Name: isr_echo.c  
   3:.\Generated_Source\PSoC5/isr_echo.c **** * Version 1.70
   4:.\Generated_Source\PSoC5/isr_echo.c **** *
   5:.\Generated_Source\PSoC5/isr_echo.c **** *  Description:
   6:.\Generated_Source\PSoC5/isr_echo.c **** *   API for controlling the state of an interrupt.
   7:.\Generated_Source\PSoC5/isr_echo.c **** *
   8:.\Generated_Source\PSoC5/isr_echo.c **** *
   9:.\Generated_Source\PSoC5/isr_echo.c **** *  Note:
  10:.\Generated_Source\PSoC5/isr_echo.c **** *
  11:.\Generated_Source\PSoC5/isr_echo.c **** ********************************************************************************
  12:.\Generated_Source\PSoC5/isr_echo.c **** * Copyright 2008-2015, Cypress Semiconductor Corporation.  All rights reserved.
  13:.\Generated_Source\PSoC5/isr_echo.c **** * You may use this file only in accordance with the license, terms, conditions, 
  14:.\Generated_Source\PSoC5/isr_echo.c **** * disclaimers, and limitations in the end user license agreement accompanying 
  15:.\Generated_Source\PSoC5/isr_echo.c **** * the software package with which this file was provided.
  16:.\Generated_Source\PSoC5/isr_echo.c **** *******************************************************************************/
  17:.\Generated_Source\PSoC5/isr_echo.c **** 
  18:.\Generated_Source\PSoC5/isr_echo.c **** 
  19:.\Generated_Source\PSoC5/isr_echo.c **** #include <cydevice_trm.h>
  20:.\Generated_Source\PSoC5/isr_echo.c **** #include <CyLib.h>
  21:.\Generated_Source\PSoC5/isr_echo.c **** #include <isr_echo.h>
  22:.\Generated_Source\PSoC5/isr_echo.c **** #include "cyapicallbacks.h"
  23:.\Generated_Source\PSoC5/isr_echo.c **** 
  24:.\Generated_Source\PSoC5/isr_echo.c **** #if !defined(isr_echo__REMOVED) /* Check for removal by optimization */
  25:.\Generated_Source\PSoC5/isr_echo.c **** 
  26:.\Generated_Source\PSoC5/isr_echo.c **** /*******************************************************************************
  27:.\Generated_Source\PSoC5/isr_echo.c **** *  Place your includes, defines and code here 
  28:.\Generated_Source\PSoC5/isr_echo.c **** ********************************************************************************/
  29:.\Generated_Source\PSoC5/isr_echo.c **** /* `#START isr_echo_intc` */
  30:.\Generated_Source\PSoC5/isr_echo.c **** 
  31:.\Generated_Source\PSoC5/isr_echo.c **** /* `#END` */
ARM GAS  C:\Users\pxc\AppData\Local\Temp\ccUsaYck.s 			page 2


  32:.\Generated_Source\PSoC5/isr_echo.c **** 
  33:.\Generated_Source\PSoC5/isr_echo.c **** #ifndef CYINT_IRQ_BASE
  34:.\Generated_Source\PSoC5/isr_echo.c **** #define CYINT_IRQ_BASE      16
  35:.\Generated_Source\PSoC5/isr_echo.c **** #endif /* CYINT_IRQ_BASE */
  36:.\Generated_Source\PSoC5/isr_echo.c **** #ifndef CYINT_VECT_TABLE
  37:.\Generated_Source\PSoC5/isr_echo.c **** #define CYINT_VECT_TABLE    ((cyisraddress **) CYREG_NVIC_VECT_OFFSET)
  38:.\Generated_Source\PSoC5/isr_echo.c **** #endif /* CYINT_VECT_TABLE */
  39:.\Generated_Source\PSoC5/isr_echo.c **** 
  40:.\Generated_Source\PSoC5/isr_echo.c **** /* Declared in startup, used to set unused interrupts to. */
  41:.\Generated_Source\PSoC5/isr_echo.c **** CY_ISR_PROTO(IntDefaultHandler);
  42:.\Generated_Source\PSoC5/isr_echo.c **** 
  43:.\Generated_Source\PSoC5/isr_echo.c **** 
  44:.\Generated_Source\PSoC5/isr_echo.c **** /*******************************************************************************
  45:.\Generated_Source\PSoC5/isr_echo.c **** * Function Name: isr_echo_Start
  46:.\Generated_Source\PSoC5/isr_echo.c **** ********************************************************************************
  47:.\Generated_Source\PSoC5/isr_echo.c **** *
  48:.\Generated_Source\PSoC5/isr_echo.c **** * Summary:
  49:.\Generated_Source\PSoC5/isr_echo.c **** *  Set up the interrupt and enable it. This function disables the interrupt, 
  50:.\Generated_Source\PSoC5/isr_echo.c **** *  sets the default interrupt vector, sets the priority from the value in the
  51:.\Generated_Source\PSoC5/isr_echo.c **** *  Design Wide Resources Interrupt Editor, then enables the interrupt to the 
  52:.\Generated_Source\PSoC5/isr_echo.c **** *  interrupt controller.
  53:.\Generated_Source\PSoC5/isr_echo.c **** *
  54:.\Generated_Source\PSoC5/isr_echo.c **** * Parameters:  
  55:.\Generated_Source\PSoC5/isr_echo.c **** *   None
  56:.\Generated_Source\PSoC5/isr_echo.c **** *
  57:.\Generated_Source\PSoC5/isr_echo.c **** * Return:
  58:.\Generated_Source\PSoC5/isr_echo.c **** *   None
  59:.\Generated_Source\PSoC5/isr_echo.c **** *
  60:.\Generated_Source\PSoC5/isr_echo.c **** *******************************************************************************/
  61:.\Generated_Source\PSoC5/isr_echo.c **** void isr_echo_Start(void)
  62:.\Generated_Source\PSoC5/isr_echo.c **** {
  63:.\Generated_Source\PSoC5/isr_echo.c ****     /* For all we know the interrupt is active. */
  64:.\Generated_Source\PSoC5/isr_echo.c ****     isr_echo_Disable();
  65:.\Generated_Source\PSoC5/isr_echo.c **** 
  66:.\Generated_Source\PSoC5/isr_echo.c ****     /* Set the ISR to point to the isr_echo Interrupt. */
  67:.\Generated_Source\PSoC5/isr_echo.c ****     isr_echo_SetVector(&isr_echo_Interrupt);
  68:.\Generated_Source\PSoC5/isr_echo.c **** 
  69:.\Generated_Source\PSoC5/isr_echo.c ****     /* Set the priority. */
  70:.\Generated_Source\PSoC5/isr_echo.c ****     isr_echo_SetPriority((uint8)isr_echo_INTC_PRIOR_NUMBER);
  71:.\Generated_Source\PSoC5/isr_echo.c **** 
  72:.\Generated_Source\PSoC5/isr_echo.c ****     /* Enable it. */
  73:.\Generated_Source\PSoC5/isr_echo.c ****     isr_echo_Enable();
  74:.\Generated_Source\PSoC5/isr_echo.c **** }
  75:.\Generated_Source\PSoC5/isr_echo.c **** 
  76:.\Generated_Source\PSoC5/isr_echo.c **** 
  77:.\Generated_Source\PSoC5/isr_echo.c **** /*******************************************************************************
  78:.\Generated_Source\PSoC5/isr_echo.c **** * Function Name: isr_echo_StartEx
  79:.\Generated_Source\PSoC5/isr_echo.c **** ********************************************************************************
  80:.\Generated_Source\PSoC5/isr_echo.c **** *
  81:.\Generated_Source\PSoC5/isr_echo.c **** * Summary:
  82:.\Generated_Source\PSoC5/isr_echo.c **** *  Sets up the interrupt and enables it. This function disables the interrupt,
  83:.\Generated_Source\PSoC5/isr_echo.c **** *  sets the interrupt vector based on the address passed in, sets the priority 
  84:.\Generated_Source\PSoC5/isr_echo.c **** *  from the value in the Design Wide Resources Interrupt Editor, then enables 
  85:.\Generated_Source\PSoC5/isr_echo.c **** *  the interrupt to the interrupt controller.
  86:.\Generated_Source\PSoC5/isr_echo.c **** *  
  87:.\Generated_Source\PSoC5/isr_echo.c **** *  When defining ISR functions, the CY_ISR and CY_ISR_PROTO macros should be 
  88:.\Generated_Source\PSoC5/isr_echo.c **** *  used to provide consistent definition across compilers:
ARM GAS  C:\Users\pxc\AppData\Local\Temp\ccUsaYck.s 			page 3


  89:.\Generated_Source\PSoC5/isr_echo.c **** *  
  90:.\Generated_Source\PSoC5/isr_echo.c **** *  Function definition example:
  91:.\Generated_Source\PSoC5/isr_echo.c **** *   CY_ISR(MyISR)
  92:.\Generated_Source\PSoC5/isr_echo.c **** *   {
  93:.\Generated_Source\PSoC5/isr_echo.c **** *   }
  94:.\Generated_Source\PSoC5/isr_echo.c **** *   Function prototype example:
  95:.\Generated_Source\PSoC5/isr_echo.c **** *   CY_ISR_PROTO(MyISR);
  96:.\Generated_Source\PSoC5/isr_echo.c **** *
  97:.\Generated_Source\PSoC5/isr_echo.c **** * Parameters:  
  98:.\Generated_Source\PSoC5/isr_echo.c **** *   address: Address of the ISR to set in the interrupt vector table.
  99:.\Generated_Source\PSoC5/isr_echo.c **** *
 100:.\Generated_Source\PSoC5/isr_echo.c **** * Return:
 101:.\Generated_Source\PSoC5/isr_echo.c **** *   None
 102:.\Generated_Source\PSoC5/isr_echo.c **** *
 103:.\Generated_Source\PSoC5/isr_echo.c **** *******************************************************************************/
 104:.\Generated_Source\PSoC5/isr_echo.c **** void isr_echo_StartEx(cyisraddress address)
 105:.\Generated_Source\PSoC5/isr_echo.c **** {
 106:.\Generated_Source\PSoC5/isr_echo.c ****     /* For all we know the interrupt is active. */
 107:.\Generated_Source\PSoC5/isr_echo.c ****     isr_echo_Disable();
 108:.\Generated_Source\PSoC5/isr_echo.c **** 
 109:.\Generated_Source\PSoC5/isr_echo.c ****     /* Set the ISR to point to the isr_echo Interrupt. */
 110:.\Generated_Source\PSoC5/isr_echo.c ****     isr_echo_SetVector(address);
 111:.\Generated_Source\PSoC5/isr_echo.c **** 
 112:.\Generated_Source\PSoC5/isr_echo.c ****     /* Set the priority. */
 113:.\Generated_Source\PSoC5/isr_echo.c ****     isr_echo_SetPriority((uint8)isr_echo_INTC_PRIOR_NUMBER);
 114:.\Generated_Source\PSoC5/isr_echo.c **** 
 115:.\Generated_Source\PSoC5/isr_echo.c ****     /* Enable it. */
 116:.\Generated_Source\PSoC5/isr_echo.c ****     isr_echo_Enable();
 117:.\Generated_Source\PSoC5/isr_echo.c **** }
 118:.\Generated_Source\PSoC5/isr_echo.c **** 
 119:.\Generated_Source\PSoC5/isr_echo.c **** 
 120:.\Generated_Source\PSoC5/isr_echo.c **** /*******************************************************************************
 121:.\Generated_Source\PSoC5/isr_echo.c **** * Function Name: isr_echo_Stop
 122:.\Generated_Source\PSoC5/isr_echo.c **** ********************************************************************************
 123:.\Generated_Source\PSoC5/isr_echo.c **** *
 124:.\Generated_Source\PSoC5/isr_echo.c **** * Summary:
 125:.\Generated_Source\PSoC5/isr_echo.c **** *   Disables and removes the interrupt.
 126:.\Generated_Source\PSoC5/isr_echo.c **** *
 127:.\Generated_Source\PSoC5/isr_echo.c **** * Parameters:  
 128:.\Generated_Source\PSoC5/isr_echo.c **** *   None
 129:.\Generated_Source\PSoC5/isr_echo.c **** *
 130:.\Generated_Source\PSoC5/isr_echo.c **** * Return:
 131:.\Generated_Source\PSoC5/isr_echo.c **** *   None
 132:.\Generated_Source\PSoC5/isr_echo.c **** *
 133:.\Generated_Source\PSoC5/isr_echo.c **** *******************************************************************************/
 134:.\Generated_Source\PSoC5/isr_echo.c **** void isr_echo_Stop(void)
 135:.\Generated_Source\PSoC5/isr_echo.c **** {
 136:.\Generated_Source\PSoC5/isr_echo.c ****     /* Disable this interrupt. */
 137:.\Generated_Source\PSoC5/isr_echo.c ****     isr_echo_Disable();
 138:.\Generated_Source\PSoC5/isr_echo.c **** 
 139:.\Generated_Source\PSoC5/isr_echo.c ****     /* Set the ISR to point to the passive one. */
 140:.\Generated_Source\PSoC5/isr_echo.c ****     isr_echo_SetVector(&IntDefaultHandler);
 141:.\Generated_Source\PSoC5/isr_echo.c **** }
 142:.\Generated_Source\PSoC5/isr_echo.c **** 
 143:.\Generated_Source\PSoC5/isr_echo.c **** 
 144:.\Generated_Source\PSoC5/isr_echo.c **** /*******************************************************************************
 145:.\Generated_Source\PSoC5/isr_echo.c **** * Function Name: isr_echo_Interrupt
ARM GAS  C:\Users\pxc\AppData\Local\Temp\ccUsaYck.s 			page 4


 146:.\Generated_Source\PSoC5/isr_echo.c **** ********************************************************************************
 147:.\Generated_Source\PSoC5/isr_echo.c **** *
 148:.\Generated_Source\PSoC5/isr_echo.c **** * Summary:
 149:.\Generated_Source\PSoC5/isr_echo.c **** *   The default Interrupt Service Routine for isr_echo.
 150:.\Generated_Source\PSoC5/isr_echo.c **** *
 151:.\Generated_Source\PSoC5/isr_echo.c **** *   Add custom code between the coments to keep the next version of this file
 152:.\Generated_Source\PSoC5/isr_echo.c **** *   from over writting your code.
 153:.\Generated_Source\PSoC5/isr_echo.c **** *
 154:.\Generated_Source\PSoC5/isr_echo.c **** * Parameters:  
 155:.\Generated_Source\PSoC5/isr_echo.c **** *
 156:.\Generated_Source\PSoC5/isr_echo.c **** * Return:
 157:.\Generated_Source\PSoC5/isr_echo.c **** *   None
 158:.\Generated_Source\PSoC5/isr_echo.c **** *
 159:.\Generated_Source\PSoC5/isr_echo.c **** *******************************************************************************/
 160:.\Generated_Source\PSoC5/isr_echo.c **** CY_ISR(isr_echo_Interrupt)
 161:.\Generated_Source\PSoC5/isr_echo.c **** {
  27              		.loc 1 161 0
  28              		.cfi_startproc
  29              		@ args = 0, pretend = 0, frame = 0
  30              		@ frame_needed = 0, uses_anonymous_args = 0
  31              		@ link register save eliminated.
  32              	.LVL0:
  33 0000 7047     		bx	lr
  34              		.cfi_endproc
  35              	.LFE3:
  36              		.size	isr_echo_Interrupt, .-isr_echo_Interrupt
  37 0002 00BF     		.section	.text.isr_echo_SetVector,"ax",%progbits
  38              		.align	2
  39              		.global	isr_echo_SetVector
  40              		.thumb
  41              		.thumb_func
  42              		.type	isr_echo_SetVector, %function
  43              	isr_echo_SetVector:
  44              	.LFB4:
 162:.\Generated_Source\PSoC5/isr_echo.c ****     #ifdef isr_echo_INTERRUPT_INTERRUPT_CALLBACK
 163:.\Generated_Source\PSoC5/isr_echo.c ****         isr_echo_Interrupt_InterruptCallback();
 164:.\Generated_Source\PSoC5/isr_echo.c ****     #endif /* isr_echo_INTERRUPT_INTERRUPT_CALLBACK */ 
 165:.\Generated_Source\PSoC5/isr_echo.c **** 
 166:.\Generated_Source\PSoC5/isr_echo.c ****     /*  Place your Interrupt code here. */
 167:.\Generated_Source\PSoC5/isr_echo.c ****     /* `#START isr_echo_Interrupt` */
 168:.\Generated_Source\PSoC5/isr_echo.c ****     uint8 count;
 169:.\Generated_Source\PSoC5/isr_echo.c ****     
 170:.\Generated_Source\PSoC5/isr_echo.c ****     count = 1;
 171:.\Generated_Source\PSoC5/isr_echo.c ****     /* `#END` */
 172:.\Generated_Source\PSoC5/isr_echo.c **** }
 173:.\Generated_Source\PSoC5/isr_echo.c **** 
 174:.\Generated_Source\PSoC5/isr_echo.c **** 
 175:.\Generated_Source\PSoC5/isr_echo.c **** /*******************************************************************************
 176:.\Generated_Source\PSoC5/isr_echo.c **** * Function Name: isr_echo_SetVector
 177:.\Generated_Source\PSoC5/isr_echo.c **** ********************************************************************************
 178:.\Generated_Source\PSoC5/isr_echo.c **** *
 179:.\Generated_Source\PSoC5/isr_echo.c **** * Summary:
 180:.\Generated_Source\PSoC5/isr_echo.c **** *   Change the ISR vector for the Interrupt. Note calling isr_echo_Start
 181:.\Generated_Source\PSoC5/isr_echo.c **** *   will override any effect this method would have had. To set the vector 
 182:.\Generated_Source\PSoC5/isr_echo.c **** *   before the component has been started use isr_echo_StartEx instead.
 183:.\Generated_Source\PSoC5/isr_echo.c **** * 
 184:.\Generated_Source\PSoC5/isr_echo.c **** *   When defining ISR functions, the CY_ISR and CY_ISR_PROTO macros should be 
ARM GAS  C:\Users\pxc\AppData\Local\Temp\ccUsaYck.s 			page 5


 185:.\Generated_Source\PSoC5/isr_echo.c **** *   used to provide consistent definition across compilers:
 186:.\Generated_Source\PSoC5/isr_echo.c **** *
 187:.\Generated_Source\PSoC5/isr_echo.c **** *   Function definition example:
 188:.\Generated_Source\PSoC5/isr_echo.c **** *   CY_ISR(MyISR)
 189:.\Generated_Source\PSoC5/isr_echo.c **** *   {
 190:.\Generated_Source\PSoC5/isr_echo.c **** *   }
 191:.\Generated_Source\PSoC5/isr_echo.c **** *
 192:.\Generated_Source\PSoC5/isr_echo.c **** *   Function prototype example:
 193:.\Generated_Source\PSoC5/isr_echo.c **** *     CY_ISR_PROTO(MyISR);
 194:.\Generated_Source\PSoC5/isr_echo.c **** *
 195:.\Generated_Source\PSoC5/isr_echo.c **** * Parameters:
 196:.\Generated_Source\PSoC5/isr_echo.c **** *   address: Address of the ISR to set in the interrupt vector table.
 197:.\Generated_Source\PSoC5/isr_echo.c **** *
 198:.\Generated_Source\PSoC5/isr_echo.c **** * Return:
 199:.\Generated_Source\PSoC5/isr_echo.c **** *   None
 200:.\Generated_Source\PSoC5/isr_echo.c **** *
 201:.\Generated_Source\PSoC5/isr_echo.c **** *******************************************************************************/
 202:.\Generated_Source\PSoC5/isr_echo.c **** void isr_echo_SetVector(cyisraddress address)
 203:.\Generated_Source\PSoC5/isr_echo.c **** {
  45              		.loc 1 203 0
  46              		.cfi_startproc
  47              		@ args = 0, pretend = 0, frame = 0
  48              		@ frame_needed = 0, uses_anonymous_args = 0
  49              		@ link register save eliminated.
  50              	.LVL1:
 204:.\Generated_Source\PSoC5/isr_echo.c ****     cyisraddress * ramVectorTable;
 205:.\Generated_Source\PSoC5/isr_echo.c **** 
 206:.\Generated_Source\PSoC5/isr_echo.c ****     ramVectorTable = (cyisraddress *) *CYINT_VECT_TABLE;
  51              		.loc 1 206 0
  52 0000 014B     		ldr	r3, .L3
  53 0002 1B68     		ldr	r3, [r3]
  54              	.LVL2:
 207:.\Generated_Source\PSoC5/isr_echo.c **** 
 208:.\Generated_Source\PSoC5/isr_echo.c ****     ramVectorTable[CYINT_IRQ_BASE + (uint32)isr_echo__INTC_NUMBER] = address;
  55              		.loc 1 208 0
  56 0004 D864     		str	r0, [r3, #76]
  57 0006 7047     		bx	lr
  58              	.L4:
  59              		.align	2
  60              	.L3:
  61 0008 08ED00E0 		.word	-536810232
  62              		.cfi_endproc
  63              	.LFE4:
  64              		.size	isr_echo_SetVector, .-isr_echo_SetVector
  65              		.section	.text.isr_echo_GetVector,"ax",%progbits
  66              		.align	2
  67              		.global	isr_echo_GetVector
  68              		.thumb
  69              		.thumb_func
  70              		.type	isr_echo_GetVector, %function
  71              	isr_echo_GetVector:
  72              	.LFB5:
 209:.\Generated_Source\PSoC5/isr_echo.c **** }
 210:.\Generated_Source\PSoC5/isr_echo.c **** 
 211:.\Generated_Source\PSoC5/isr_echo.c **** 
 212:.\Generated_Source\PSoC5/isr_echo.c **** /*******************************************************************************
 213:.\Generated_Source\PSoC5/isr_echo.c **** * Function Name: isr_echo_GetVector
ARM GAS  C:\Users\pxc\AppData\Local\Temp\ccUsaYck.s 			page 6


 214:.\Generated_Source\PSoC5/isr_echo.c **** ********************************************************************************
 215:.\Generated_Source\PSoC5/isr_echo.c **** *
 216:.\Generated_Source\PSoC5/isr_echo.c **** * Summary:
 217:.\Generated_Source\PSoC5/isr_echo.c **** *   Gets the "address" of the current ISR vector for the Interrupt.
 218:.\Generated_Source\PSoC5/isr_echo.c **** *
 219:.\Generated_Source\PSoC5/isr_echo.c **** * Parameters:
 220:.\Generated_Source\PSoC5/isr_echo.c **** *   None
 221:.\Generated_Source\PSoC5/isr_echo.c **** *
 222:.\Generated_Source\PSoC5/isr_echo.c **** * Return:
 223:.\Generated_Source\PSoC5/isr_echo.c **** *   Address of the ISR in the interrupt vector table.
 224:.\Generated_Source\PSoC5/isr_echo.c **** *
 225:.\Generated_Source\PSoC5/isr_echo.c **** *******************************************************************************/
 226:.\Generated_Source\PSoC5/isr_echo.c **** cyisraddress isr_echo_GetVector(void)
 227:.\Generated_Source\PSoC5/isr_echo.c **** {
  73              		.loc 1 227 0
  74              		.cfi_startproc
  75              		@ args = 0, pretend = 0, frame = 0
  76              		@ frame_needed = 0, uses_anonymous_args = 0
  77              		@ link register save eliminated.
 228:.\Generated_Source\PSoC5/isr_echo.c ****     cyisraddress * ramVectorTable;
 229:.\Generated_Source\PSoC5/isr_echo.c **** 
 230:.\Generated_Source\PSoC5/isr_echo.c ****     ramVectorTable = (cyisraddress *) *CYINT_VECT_TABLE;
  78              		.loc 1 230 0
  79 0000 014B     		ldr	r3, .L6
  80 0002 1B68     		ldr	r3, [r3]
  81              	.LVL3:
 231:.\Generated_Source\PSoC5/isr_echo.c **** 
 232:.\Generated_Source\PSoC5/isr_echo.c ****     return ramVectorTable[CYINT_IRQ_BASE + (uint32)isr_echo__INTC_NUMBER];
 233:.\Generated_Source\PSoC5/isr_echo.c **** }
  82              		.loc 1 233 0
  83 0004 D86C     		ldr	r0, [r3, #76]
  84 0006 7047     		bx	lr
  85              	.L7:
  86              		.align	2
  87              	.L6:
  88 0008 08ED00E0 		.word	-536810232
  89              		.cfi_endproc
  90              	.LFE5:
  91              		.size	isr_echo_GetVector, .-isr_echo_GetVector
  92              		.section	.text.isr_echo_SetPriority,"ax",%progbits
  93              		.align	2
  94              		.global	isr_echo_SetPriority
  95              		.thumb
  96              		.thumb_func
  97              		.type	isr_echo_SetPriority, %function
  98              	isr_echo_SetPriority:
  99              	.LFB6:
 234:.\Generated_Source\PSoC5/isr_echo.c **** 
 235:.\Generated_Source\PSoC5/isr_echo.c **** 
 236:.\Generated_Source\PSoC5/isr_echo.c **** /*******************************************************************************
 237:.\Generated_Source\PSoC5/isr_echo.c **** * Function Name: isr_echo_SetPriority
 238:.\Generated_Source\PSoC5/isr_echo.c **** ********************************************************************************
 239:.\Generated_Source\PSoC5/isr_echo.c **** *
 240:.\Generated_Source\PSoC5/isr_echo.c **** * Summary:
 241:.\Generated_Source\PSoC5/isr_echo.c **** *   Sets the Priority of the Interrupt. 
 242:.\Generated_Source\PSoC5/isr_echo.c **** *
 243:.\Generated_Source\PSoC5/isr_echo.c **** *   Note calling isr_echo_Start or isr_echo_StartEx will 
ARM GAS  C:\Users\pxc\AppData\Local\Temp\ccUsaYck.s 			page 7


 244:.\Generated_Source\PSoC5/isr_echo.c **** *   override any effect this API would have had. This API should only be called
 245:.\Generated_Source\PSoC5/isr_echo.c **** *   after isr_echo_Start or isr_echo_StartEx has been called. 
 246:.\Generated_Source\PSoC5/isr_echo.c **** *   To set the initial priority for the component, use the Design-Wide Resources
 247:.\Generated_Source\PSoC5/isr_echo.c **** *   Interrupt Editor.
 248:.\Generated_Source\PSoC5/isr_echo.c **** *
 249:.\Generated_Source\PSoC5/isr_echo.c **** *   Note This API has no effect on Non-maskable interrupt NMI).
 250:.\Generated_Source\PSoC5/isr_echo.c **** *
 251:.\Generated_Source\PSoC5/isr_echo.c **** * Parameters:
 252:.\Generated_Source\PSoC5/isr_echo.c **** *   priority: Priority of the interrupt, 0 being the highest priority
 253:.\Generated_Source\PSoC5/isr_echo.c **** *             PSoC 3 and PSoC 5LP: Priority is from 0 to 7.
 254:.\Generated_Source\PSoC5/isr_echo.c **** *             PSoC 4: Priority is from 0 to 3.
 255:.\Generated_Source\PSoC5/isr_echo.c **** *
 256:.\Generated_Source\PSoC5/isr_echo.c **** * Return:
 257:.\Generated_Source\PSoC5/isr_echo.c **** *   None
 258:.\Generated_Source\PSoC5/isr_echo.c **** *
 259:.\Generated_Source\PSoC5/isr_echo.c **** *******************************************************************************/
 260:.\Generated_Source\PSoC5/isr_echo.c **** void isr_echo_SetPriority(uint8 priority)
 261:.\Generated_Source\PSoC5/isr_echo.c **** {
 100              		.loc 1 261 0
 101              		.cfi_startproc
 102              		@ args = 0, pretend = 0, frame = 0
 103              		@ frame_needed = 0, uses_anonymous_args = 0
 104              		@ link register save eliminated.
 105              	.LVL4:
 262:.\Generated_Source\PSoC5/isr_echo.c ****     *isr_echo_INTC_PRIOR = priority << 5;
 106              		.loc 1 262 0
 107 0000 4001     		lsls	r0, r0, #5
 108              	.LVL5:
 109 0002 C0B2     		uxtb	r0, r0
 110 0004 014B     		ldr	r3, .L9
 111 0006 1870     		strb	r0, [r3]
 112 0008 7047     		bx	lr
 113              	.L10:
 114 000a 00BF     		.align	2
 115              	.L9:
 116 000c 03E400E0 		.word	-536812541
 117              		.cfi_endproc
 118              	.LFE6:
 119              		.size	isr_echo_SetPriority, .-isr_echo_SetPriority
 120              		.section	.text.isr_echo_GetPriority,"ax",%progbits
 121              		.align	2
 122              		.global	isr_echo_GetPriority
 123              		.thumb
 124              		.thumb_func
 125              		.type	isr_echo_GetPriority, %function
 126              	isr_echo_GetPriority:
 127              	.LFB7:
 263:.\Generated_Source\PSoC5/isr_echo.c **** }
 264:.\Generated_Source\PSoC5/isr_echo.c **** 
 265:.\Generated_Source\PSoC5/isr_echo.c **** 
 266:.\Generated_Source\PSoC5/isr_echo.c **** /*******************************************************************************
 267:.\Generated_Source\PSoC5/isr_echo.c **** * Function Name: isr_echo_GetPriority
 268:.\Generated_Source\PSoC5/isr_echo.c **** ********************************************************************************
 269:.\Generated_Source\PSoC5/isr_echo.c **** *
 270:.\Generated_Source\PSoC5/isr_echo.c **** * Summary:
 271:.\Generated_Source\PSoC5/isr_echo.c **** *   Gets the Priority of the Interrupt.
 272:.\Generated_Source\PSoC5/isr_echo.c **** *
ARM GAS  C:\Users\pxc\AppData\Local\Temp\ccUsaYck.s 			page 8


 273:.\Generated_Source\PSoC5/isr_echo.c **** * Parameters:
 274:.\Generated_Source\PSoC5/isr_echo.c **** *   None
 275:.\Generated_Source\PSoC5/isr_echo.c **** *
 276:.\Generated_Source\PSoC5/isr_echo.c **** * Return:
 277:.\Generated_Source\PSoC5/isr_echo.c **** *   Priority of the interrupt, 0 being the highest priority
 278:.\Generated_Source\PSoC5/isr_echo.c **** *    PSoC 3 and PSoC 5LP: Priority is from 0 to 7.
 279:.\Generated_Source\PSoC5/isr_echo.c **** *    PSoC 4: Priority is from 0 to 3.
 280:.\Generated_Source\PSoC5/isr_echo.c **** *
 281:.\Generated_Source\PSoC5/isr_echo.c **** *******************************************************************************/
 282:.\Generated_Source\PSoC5/isr_echo.c **** uint8 isr_echo_GetPriority(void)
 283:.\Generated_Source\PSoC5/isr_echo.c **** {
 128              		.loc 1 283 0
 129              		.cfi_startproc
 130              		@ args = 0, pretend = 0, frame = 0
 131              		@ frame_needed = 0, uses_anonymous_args = 0
 132              		@ link register save eliminated.
 284:.\Generated_Source\PSoC5/isr_echo.c ****     uint8 priority;
 285:.\Generated_Source\PSoC5/isr_echo.c **** 
 286:.\Generated_Source\PSoC5/isr_echo.c **** 
 287:.\Generated_Source\PSoC5/isr_echo.c ****     priority = *isr_echo_INTC_PRIOR >> 5;
 133              		.loc 1 287 0
 134 0000 014B     		ldr	r3, .L12
 135 0002 1878     		ldrb	r0, [r3]	@ zero_extendqisi2
 136              	.LVL6:
 288:.\Generated_Source\PSoC5/isr_echo.c **** 
 289:.\Generated_Source\PSoC5/isr_echo.c ****     return priority;
 290:.\Generated_Source\PSoC5/isr_echo.c **** }
 137              		.loc 1 290 0
 138 0004 4009     		lsrs	r0, r0, #5
 139              	.LVL7:
 140 0006 7047     		bx	lr
 141              	.L13:
 142              		.align	2
 143              	.L12:
 144 0008 03E400E0 		.word	-536812541
 145              		.cfi_endproc
 146              	.LFE7:
 147              		.size	isr_echo_GetPriority, .-isr_echo_GetPriority
 148              		.section	.text.isr_echo_Enable,"ax",%progbits
 149              		.align	2
 150              		.global	isr_echo_Enable
 151              		.thumb
 152              		.thumb_func
 153              		.type	isr_echo_Enable, %function
 154              	isr_echo_Enable:
 155              	.LFB8:
 291:.\Generated_Source\PSoC5/isr_echo.c **** 
 292:.\Generated_Source\PSoC5/isr_echo.c **** 
 293:.\Generated_Source\PSoC5/isr_echo.c **** /*******************************************************************************
 294:.\Generated_Source\PSoC5/isr_echo.c **** * Function Name: isr_echo_Enable
 295:.\Generated_Source\PSoC5/isr_echo.c **** ********************************************************************************
 296:.\Generated_Source\PSoC5/isr_echo.c **** *
 297:.\Generated_Source\PSoC5/isr_echo.c **** * Summary:
 298:.\Generated_Source\PSoC5/isr_echo.c **** *   Enables the interrupt to the interrupt controller. Do not call this function
 299:.\Generated_Source\PSoC5/isr_echo.c **** *   unless ISR_Start() has been called or the functionality of the ISR_Start() 
 300:.\Generated_Source\PSoC5/isr_echo.c **** *   function, which sets the vector and the priority, has been called.
 301:.\Generated_Source\PSoC5/isr_echo.c **** *
ARM GAS  C:\Users\pxc\AppData\Local\Temp\ccUsaYck.s 			page 9


 302:.\Generated_Source\PSoC5/isr_echo.c **** * Parameters:
 303:.\Generated_Source\PSoC5/isr_echo.c **** *   None
 304:.\Generated_Source\PSoC5/isr_echo.c **** *
 305:.\Generated_Source\PSoC5/isr_echo.c **** * Return:
 306:.\Generated_Source\PSoC5/isr_echo.c **** *   None
 307:.\Generated_Source\PSoC5/isr_echo.c **** *
 308:.\Generated_Source\PSoC5/isr_echo.c **** *******************************************************************************/
 309:.\Generated_Source\PSoC5/isr_echo.c **** void isr_echo_Enable(void)
 310:.\Generated_Source\PSoC5/isr_echo.c **** {
 156              		.loc 1 310 0
 157              		.cfi_startproc
 158              		@ args = 0, pretend = 0, frame = 0
 159              		@ frame_needed = 0, uses_anonymous_args = 0
 160              		@ link register save eliminated.
 311:.\Generated_Source\PSoC5/isr_echo.c ****     /* Enable the general interrupt. */
 312:.\Generated_Source\PSoC5/isr_echo.c ****     *isr_echo_INTC_SET_EN = isr_echo__INTC_MASK;
 161              		.loc 1 312 0
 162 0000 0822     		movs	r2, #8
 163 0002 014B     		ldr	r3, .L15
 164 0004 1A60     		str	r2, [r3]
 165 0006 7047     		bx	lr
 166              	.L16:
 167              		.align	2
 168              	.L15:
 169 0008 00E100E0 		.word	-536813312
 170              		.cfi_endproc
 171              	.LFE8:
 172              		.size	isr_echo_Enable, .-isr_echo_Enable
 173              		.section	.text.isr_echo_GetState,"ax",%progbits
 174              		.align	2
 175              		.global	isr_echo_GetState
 176              		.thumb
 177              		.thumb_func
 178              		.type	isr_echo_GetState, %function
 179              	isr_echo_GetState:
 180              	.LFB9:
 313:.\Generated_Source\PSoC5/isr_echo.c **** }
 314:.\Generated_Source\PSoC5/isr_echo.c **** 
 315:.\Generated_Source\PSoC5/isr_echo.c **** 
 316:.\Generated_Source\PSoC5/isr_echo.c **** /*******************************************************************************
 317:.\Generated_Source\PSoC5/isr_echo.c **** * Function Name: isr_echo_GetState
 318:.\Generated_Source\PSoC5/isr_echo.c **** ********************************************************************************
 319:.\Generated_Source\PSoC5/isr_echo.c **** *
 320:.\Generated_Source\PSoC5/isr_echo.c **** * Summary:
 321:.\Generated_Source\PSoC5/isr_echo.c **** *   Gets the state (enabled, disabled) of the Interrupt.
 322:.\Generated_Source\PSoC5/isr_echo.c **** *
 323:.\Generated_Source\PSoC5/isr_echo.c **** * Parameters:
 324:.\Generated_Source\PSoC5/isr_echo.c **** *   None
 325:.\Generated_Source\PSoC5/isr_echo.c **** *
 326:.\Generated_Source\PSoC5/isr_echo.c **** * Return:
 327:.\Generated_Source\PSoC5/isr_echo.c **** *   1 if enabled, 0 if disabled.
 328:.\Generated_Source\PSoC5/isr_echo.c **** *
 329:.\Generated_Source\PSoC5/isr_echo.c **** *******************************************************************************/
 330:.\Generated_Source\PSoC5/isr_echo.c **** uint8 isr_echo_GetState(void)
 331:.\Generated_Source\PSoC5/isr_echo.c **** {
 181              		.loc 1 331 0
 182              		.cfi_startproc
ARM GAS  C:\Users\pxc\AppData\Local\Temp\ccUsaYck.s 			page 10


 183              		@ args = 0, pretend = 0, frame = 0
 184              		@ frame_needed = 0, uses_anonymous_args = 0
 185              		@ link register save eliminated.
 332:.\Generated_Source\PSoC5/isr_echo.c ****     /* Get the state of the general interrupt. */
 333:.\Generated_Source\PSoC5/isr_echo.c ****     return ((*isr_echo_INTC_SET_EN & (uint32)isr_echo__INTC_MASK) != 0u) ? 1u:0u;
 186              		.loc 1 333 0
 187 0000 044B     		ldr	r3, .L20
 188 0002 1B68     		ldr	r3, [r3]
 189 0004 13F0080F 		tst	r3, #8
 190 0008 01D0     		beq	.L19
 191 000a 0120     		movs	r0, #1
 192 000c 7047     		bx	lr
 193              	.L19:
 194 000e 0020     		movs	r0, #0
 334:.\Generated_Source\PSoC5/isr_echo.c **** }
 195              		.loc 1 334 0
 196 0010 7047     		bx	lr
 197              	.L21:
 198 0012 00BF     		.align	2
 199              	.L20:
 200 0014 00E100E0 		.word	-536813312
 201              		.cfi_endproc
 202              	.LFE9:
 203              		.size	isr_echo_GetState, .-isr_echo_GetState
 204              		.section	.text.isr_echo_Disable,"ax",%progbits
 205              		.align	2
 206              		.global	isr_echo_Disable
 207              		.thumb
 208              		.thumb_func
 209              		.type	isr_echo_Disable, %function
 210              	isr_echo_Disable:
 211              	.LFB10:
 335:.\Generated_Source\PSoC5/isr_echo.c **** 
 336:.\Generated_Source\PSoC5/isr_echo.c **** 
 337:.\Generated_Source\PSoC5/isr_echo.c **** /*******************************************************************************
 338:.\Generated_Source\PSoC5/isr_echo.c **** * Function Name: isr_echo_Disable
 339:.\Generated_Source\PSoC5/isr_echo.c **** ********************************************************************************
 340:.\Generated_Source\PSoC5/isr_echo.c **** *
 341:.\Generated_Source\PSoC5/isr_echo.c **** * Summary:
 342:.\Generated_Source\PSoC5/isr_echo.c **** *   Disables the Interrupt in the interrupt controller.
 343:.\Generated_Source\PSoC5/isr_echo.c **** *
 344:.\Generated_Source\PSoC5/isr_echo.c **** * Parameters:
 345:.\Generated_Source\PSoC5/isr_echo.c **** *   None
 346:.\Generated_Source\PSoC5/isr_echo.c **** *
 347:.\Generated_Source\PSoC5/isr_echo.c **** * Return:
 348:.\Generated_Source\PSoC5/isr_echo.c **** *   None
 349:.\Generated_Source\PSoC5/isr_echo.c **** *
 350:.\Generated_Source\PSoC5/isr_echo.c **** *******************************************************************************/
 351:.\Generated_Source\PSoC5/isr_echo.c **** void isr_echo_Disable(void)
 352:.\Generated_Source\PSoC5/isr_echo.c **** {
 212              		.loc 1 352 0
 213              		.cfi_startproc
 214              		@ args = 0, pretend = 0, frame = 0
 215              		@ frame_needed = 0, uses_anonymous_args = 0
 216              		@ link register save eliminated.
 353:.\Generated_Source\PSoC5/isr_echo.c ****     /* Disable the general interrupt. */
 354:.\Generated_Source\PSoC5/isr_echo.c ****     *isr_echo_INTC_CLR_EN = isr_echo__INTC_MASK;
ARM GAS  C:\Users\pxc\AppData\Local\Temp\ccUsaYck.s 			page 11


 217              		.loc 1 354 0
 218 0000 0822     		movs	r2, #8
 219 0002 014B     		ldr	r3, .L23
 220 0004 1A60     		str	r2, [r3]
 221 0006 7047     		bx	lr
 222              	.L24:
 223              		.align	2
 224              	.L23:
 225 0008 80E100E0 		.word	-536813184
 226              		.cfi_endproc
 227              	.LFE10:
 228              		.size	isr_echo_Disable, .-isr_echo_Disable
 229              		.section	.text.isr_echo_Start,"ax",%progbits
 230              		.align	2
 231              		.global	isr_echo_Start
 232              		.thumb
 233              		.thumb_func
 234              		.type	isr_echo_Start, %function
 235              	isr_echo_Start:
 236              	.LFB0:
  62:.\Generated_Source\PSoC5/isr_echo.c ****     /* For all we know the interrupt is active. */
 237              		.loc 1 62 0
 238              		.cfi_startproc
 239              		@ args = 0, pretend = 0, frame = 0
 240              		@ frame_needed = 0, uses_anonymous_args = 0
 241 0000 08B5     		push	{r3, lr}
 242              		.cfi_def_cfa_offset 8
 243              		.cfi_offset 3, -8
 244              		.cfi_offset 14, -4
  64:.\Generated_Source\PSoC5/isr_echo.c **** 
 245              		.loc 1 64 0
 246 0002 FFF7FEFF 		bl	isr_echo_Disable
 247              	.LVL8:
  67:.\Generated_Source\PSoC5/isr_echo.c **** 
 248              		.loc 1 67 0
 249 0006 0448     		ldr	r0, .L27
 250 0008 FFF7FEFF 		bl	isr_echo_SetVector
 251              	.LVL9:
  70:.\Generated_Source\PSoC5/isr_echo.c **** 
 252              		.loc 1 70 0
 253 000c 0720     		movs	r0, #7
 254 000e FFF7FEFF 		bl	isr_echo_SetPriority
 255              	.LVL10:
  73:.\Generated_Source\PSoC5/isr_echo.c **** }
 256              		.loc 1 73 0
 257 0012 FFF7FEFF 		bl	isr_echo_Enable
 258              	.LVL11:
 259 0016 08BD     		pop	{r3, pc}
 260              	.L28:
 261              		.align	2
 262              	.L27:
 263 0018 00000000 		.word	isr_echo_Interrupt
 264              		.cfi_endproc
 265              	.LFE0:
 266              		.size	isr_echo_Start, .-isr_echo_Start
 267              		.section	.text.isr_echo_StartEx,"ax",%progbits
 268              		.align	2
ARM GAS  C:\Users\pxc\AppData\Local\Temp\ccUsaYck.s 			page 12


 269              		.global	isr_echo_StartEx
 270              		.thumb
 271              		.thumb_func
 272              		.type	isr_echo_StartEx, %function
 273              	isr_echo_StartEx:
 274              	.LFB1:
 105:.\Generated_Source\PSoC5/isr_echo.c ****     /* For all we know the interrupt is active. */
 275              		.loc 1 105 0
 276              		.cfi_startproc
 277              		@ args = 0, pretend = 0, frame = 0
 278              		@ frame_needed = 0, uses_anonymous_args = 0
 279              	.LVL12:
 280 0000 10B5     		push	{r4, lr}
 281              		.cfi_def_cfa_offset 8
 282              		.cfi_offset 4, -8
 283              		.cfi_offset 14, -4
 284 0002 0446     		mov	r4, r0
 107:.\Generated_Source\PSoC5/isr_echo.c **** 
 285              		.loc 1 107 0
 286 0004 FFF7FEFF 		bl	isr_echo_Disable
 287              	.LVL13:
 110:.\Generated_Source\PSoC5/isr_echo.c **** 
 288              		.loc 1 110 0
 289 0008 2046     		mov	r0, r4
 290 000a FFF7FEFF 		bl	isr_echo_SetVector
 291              	.LVL14:
 113:.\Generated_Source\PSoC5/isr_echo.c **** 
 292              		.loc 1 113 0
 293 000e 0720     		movs	r0, #7
 294 0010 FFF7FEFF 		bl	isr_echo_SetPriority
 295              	.LVL15:
 116:.\Generated_Source\PSoC5/isr_echo.c **** }
 296              		.loc 1 116 0
 297 0014 FFF7FEFF 		bl	isr_echo_Enable
 298              	.LVL16:
 299 0018 10BD     		pop	{r4, pc}
 300              		.cfi_endproc
 301              	.LFE1:
 302              		.size	isr_echo_StartEx, .-isr_echo_StartEx
 303 001a 00BF     		.section	.text.isr_echo_Stop,"ax",%progbits
 304              		.align	2
 305              		.global	isr_echo_Stop
 306              		.thumb
 307              		.thumb_func
 308              		.type	isr_echo_Stop, %function
 309              	isr_echo_Stop:
 310              	.LFB2:
 135:.\Generated_Source\PSoC5/isr_echo.c ****     /* Disable this interrupt. */
 311              		.loc 1 135 0
 312              		.cfi_startproc
 313              		@ args = 0, pretend = 0, frame = 0
 314              		@ frame_needed = 0, uses_anonymous_args = 0
 315 0000 08B5     		push	{r3, lr}
 316              		.cfi_def_cfa_offset 8
 317              		.cfi_offset 3, -8
 318              		.cfi_offset 14, -4
 137:.\Generated_Source\PSoC5/isr_echo.c **** 
ARM GAS  C:\Users\pxc\AppData\Local\Temp\ccUsaYck.s 			page 13


 319              		.loc 1 137 0
 320 0002 FFF7FEFF 		bl	isr_echo_Disable
 321              	.LVL17:
 140:.\Generated_Source\PSoC5/isr_echo.c **** }
 322              		.loc 1 140 0
 323 0006 0248     		ldr	r0, .L33
 324 0008 FFF7FEFF 		bl	isr_echo_SetVector
 325              	.LVL18:
 326 000c 08BD     		pop	{r3, pc}
 327              	.L34:
 328 000e 00BF     		.align	2
 329              	.L33:
 330 0010 00000000 		.word	IntDefaultHandler
 331              		.cfi_endproc
 332              	.LFE2:
 333              		.size	isr_echo_Stop, .-isr_echo_Stop
 334              		.section	.text.isr_echo_SetPending,"ax",%progbits
 335              		.align	2
 336              		.global	isr_echo_SetPending
 337              		.thumb
 338              		.thumb_func
 339              		.type	isr_echo_SetPending, %function
 340              	isr_echo_SetPending:
 341              	.LFB11:
 355:.\Generated_Source\PSoC5/isr_echo.c **** }
 356:.\Generated_Source\PSoC5/isr_echo.c **** 
 357:.\Generated_Source\PSoC5/isr_echo.c **** 
 358:.\Generated_Source\PSoC5/isr_echo.c **** /*******************************************************************************
 359:.\Generated_Source\PSoC5/isr_echo.c **** * Function Name: isr_echo_SetPending
 360:.\Generated_Source\PSoC5/isr_echo.c **** ********************************************************************************
 361:.\Generated_Source\PSoC5/isr_echo.c **** *
 362:.\Generated_Source\PSoC5/isr_echo.c **** * Summary:
 363:.\Generated_Source\PSoC5/isr_echo.c **** *   Causes the Interrupt to enter the pending state, a software method of
 364:.\Generated_Source\PSoC5/isr_echo.c **** *   generating the interrupt.
 365:.\Generated_Source\PSoC5/isr_echo.c **** *
 366:.\Generated_Source\PSoC5/isr_echo.c **** * Parameters:
 367:.\Generated_Source\PSoC5/isr_echo.c **** *   None
 368:.\Generated_Source\PSoC5/isr_echo.c **** *
 369:.\Generated_Source\PSoC5/isr_echo.c **** * Return:
 370:.\Generated_Source\PSoC5/isr_echo.c **** *   None
 371:.\Generated_Source\PSoC5/isr_echo.c **** *
 372:.\Generated_Source\PSoC5/isr_echo.c **** * Side Effects:
 373:.\Generated_Source\PSoC5/isr_echo.c **** *   If interrupts are enabled and the interrupt is set up properly, the ISR is
 374:.\Generated_Source\PSoC5/isr_echo.c **** *   entered (depending on the priority of this interrupt and other pending 
 375:.\Generated_Source\PSoC5/isr_echo.c **** *   interrupts).
 376:.\Generated_Source\PSoC5/isr_echo.c **** *
 377:.\Generated_Source\PSoC5/isr_echo.c **** *******************************************************************************/
 378:.\Generated_Source\PSoC5/isr_echo.c **** void isr_echo_SetPending(void)
 379:.\Generated_Source\PSoC5/isr_echo.c **** {
 342              		.loc 1 379 0
 343              		.cfi_startproc
 344              		@ args = 0, pretend = 0, frame = 0
 345              		@ frame_needed = 0, uses_anonymous_args = 0
 346              		@ link register save eliminated.
 380:.\Generated_Source\PSoC5/isr_echo.c ****     *isr_echo_INTC_SET_PD = isr_echo__INTC_MASK;
 347              		.loc 1 380 0
 348 0000 0822     		movs	r2, #8
ARM GAS  C:\Users\pxc\AppData\Local\Temp\ccUsaYck.s 			page 14


 349 0002 014B     		ldr	r3, .L36
 350 0004 1A60     		str	r2, [r3]
 351 0006 7047     		bx	lr
 352              	.L37:
 353              		.align	2
 354              	.L36:
 355 0008 00E200E0 		.word	-536813056
 356              		.cfi_endproc
 357              	.LFE11:
 358              		.size	isr_echo_SetPending, .-isr_echo_SetPending
 359              		.section	.text.isr_echo_ClearPending,"ax",%progbits
 360              		.align	2
 361              		.global	isr_echo_ClearPending
 362              		.thumb
 363              		.thumb_func
 364              		.type	isr_echo_ClearPending, %function
 365              	isr_echo_ClearPending:
 366              	.LFB12:
 381:.\Generated_Source\PSoC5/isr_echo.c **** }
 382:.\Generated_Source\PSoC5/isr_echo.c **** 
 383:.\Generated_Source\PSoC5/isr_echo.c **** 
 384:.\Generated_Source\PSoC5/isr_echo.c **** /*******************************************************************************
 385:.\Generated_Source\PSoC5/isr_echo.c **** * Function Name: isr_echo_ClearPending
 386:.\Generated_Source\PSoC5/isr_echo.c **** ********************************************************************************
 387:.\Generated_Source\PSoC5/isr_echo.c **** *
 388:.\Generated_Source\PSoC5/isr_echo.c **** * Summary:
 389:.\Generated_Source\PSoC5/isr_echo.c **** *   Clears a pending interrupt in the interrupt controller.
 390:.\Generated_Source\PSoC5/isr_echo.c **** *
 391:.\Generated_Source\PSoC5/isr_echo.c **** *   Note Some interrupt sources are clear-on-read and require the block 
 392:.\Generated_Source\PSoC5/isr_echo.c **** *   interrupt/status register to be read/cleared with the appropriate block API 
 393:.\Generated_Source\PSoC5/isr_echo.c **** *   (GPIO, UART, and so on). Otherwise the ISR will continue to remain in 
 394:.\Generated_Source\PSoC5/isr_echo.c **** *   pending state even though the interrupt itself is cleared using this API.
 395:.\Generated_Source\PSoC5/isr_echo.c **** *
 396:.\Generated_Source\PSoC5/isr_echo.c **** * Parameters:
 397:.\Generated_Source\PSoC5/isr_echo.c **** *   None
 398:.\Generated_Source\PSoC5/isr_echo.c **** *
 399:.\Generated_Source\PSoC5/isr_echo.c **** * Return:
 400:.\Generated_Source\PSoC5/isr_echo.c **** *   None
 401:.\Generated_Source\PSoC5/isr_echo.c **** *
 402:.\Generated_Source\PSoC5/isr_echo.c **** *******************************************************************************/
 403:.\Generated_Source\PSoC5/isr_echo.c **** void isr_echo_ClearPending(void)
 404:.\Generated_Source\PSoC5/isr_echo.c **** {
 367              		.loc 1 404 0
 368              		.cfi_startproc
 369              		@ args = 0, pretend = 0, frame = 0
 370              		@ frame_needed = 0, uses_anonymous_args = 0
 371              		@ link register save eliminated.
 405:.\Generated_Source\PSoC5/isr_echo.c ****     *isr_echo_INTC_CLR_PD = isr_echo__INTC_MASK;
 372              		.loc 1 405 0
 373 0000 0822     		movs	r2, #8
 374 0002 014B     		ldr	r3, .L39
 375 0004 1A60     		str	r2, [r3]
 376 0006 7047     		bx	lr
 377              	.L40:
 378              		.align	2
 379              	.L39:
 380 0008 80E200E0 		.word	-536812928
ARM GAS  C:\Users\pxc\AppData\Local\Temp\ccUsaYck.s 			page 15


 381              		.cfi_endproc
 382              	.LFE12:
 383              		.size	isr_echo_ClearPending, .-isr_echo_ClearPending
 384              		.text
 385              	.Letext0:
 386              		.file 2 "Generated_Source\\PSoC5/cytypes.h"
 387              		.section	.debug_info,"",%progbits
 388              	.Ldebug_info0:
 389 0000 D6020000 		.4byte	0x2d6
 390 0004 0400     		.2byte	0x4
 391 0006 00000000 		.4byte	.Ldebug_abbrev0
 392 000a 04       		.byte	0x4
 393 000b 01       		.uleb128 0x1
 394 000c 09010000 		.4byte	.LASF34
 395 0010 01       		.byte	0x1
 396 0011 06000000 		.4byte	.LASF35
 397 0015 B3010000 		.4byte	.LASF36
 398 0019 00000000 		.4byte	.Ldebug_ranges0+0
 399 001d 00000000 		.4byte	0
 400 0021 00000000 		.4byte	.Ldebug_line0
 401 0025 02       		.uleb128 0x2
 402 0026 04       		.byte	0x4
 403 0027 05       		.byte	0x5
 404 0028 696E7400 		.ascii	"int\000"
 405 002c 03       		.uleb128 0x3
 406 002d 04       		.byte	0x4
 407 002e 07       		.byte	0x7
 408 002f A6010000 		.4byte	.LASF0
 409 0033 03       		.uleb128 0x3
 410 0034 01       		.byte	0x1
 411 0035 06       		.byte	0x6
 412 0036 B3020000 		.4byte	.LASF1
 413 003a 03       		.uleb128 0x3
 414 003b 01       		.byte	0x1
 415 003c 08       		.byte	0x8
 416 003d 7A000000 		.4byte	.LASF2
 417 0041 03       		.uleb128 0x3
 418 0042 02       		.byte	0x2
 419 0043 05       		.byte	0x5
 420 0044 6A020000 		.4byte	.LASF3
 421 0048 03       		.uleb128 0x3
 422 0049 02       		.byte	0x2
 423 004a 07       		.byte	0x7
 424 004b 42000000 		.4byte	.LASF4
 425 004f 03       		.uleb128 0x3
 426 0050 04       		.byte	0x4
 427 0051 05       		.byte	0x5
 428 0052 85020000 		.4byte	.LASF5
 429 0056 03       		.uleb128 0x3
 430 0057 04       		.byte	0x4
 431 0058 07       		.byte	0x7
 432 0059 9E000000 		.4byte	.LASF6
 433 005d 03       		.uleb128 0x3
 434 005e 08       		.byte	0x8
 435 005f 05       		.byte	0x5
 436 0060 22020000 		.4byte	.LASF7
 437 0064 03       		.uleb128 0x3
ARM GAS  C:\Users\pxc\AppData\Local\Temp\ccUsaYck.s 			page 16


 438 0065 08       		.byte	0x8
 439 0066 07       		.byte	0x7
 440 0067 F0010000 		.4byte	.LASF8
 441 006b 03       		.uleb128 0x3
 442 006c 04       		.byte	0x4
 443 006d 07       		.byte	0x7
 444 006e 19020000 		.4byte	.LASF9
 445 0072 04       		.uleb128 0x4
 446 0073 04       		.byte	0x4
 447 0074 78000000 		.4byte	0x78
 448 0078 05       		.uleb128 0x5
 449 0079 03       		.uleb128 0x3
 450 007a 01       		.byte	0x1
 451 007b 08       		.byte	0x8
 452 007c 30020000 		.4byte	.LASF10
 453 0080 06       		.uleb128 0x6
 454 0081 B0000000 		.4byte	.LASF11
 455 0085 02       		.byte	0x2
 456 0086 C2       		.byte	0xc2
 457 0087 3A000000 		.4byte	0x3a
 458 008b 06       		.uleb128 0x6
 459 008c 02010000 		.4byte	.LASF12
 460 0090 02       		.byte	0x2
 461 0091 C4       		.byte	0xc4
 462 0092 56000000 		.4byte	0x56
 463 0096 03       		.uleb128 0x3
 464 0097 04       		.byte	0x4
 465 0098 04       		.byte	0x4
 466 0099 74000000 		.4byte	.LASF13
 467 009d 03       		.uleb128 0x3
 468 009e 08       		.byte	0x8
 469 009f 04       		.byte	0x4
 470 00a0 E6000000 		.4byte	.LASF14
 471 00a4 07       		.uleb128 0x7
 472 00a5 14020000 		.4byte	.LASF15
 473 00a9 02       		.byte	0x2
 474 00aa 6C01     		.2byte	0x16c
 475 00ac B0000000 		.4byte	0xb0
 476 00b0 08       		.uleb128 0x8
 477 00b1 80000000 		.4byte	0x80
 478 00b5 07       		.uleb128 0x7
 479 00b6 00000000 		.4byte	.LASF16
 480 00ba 02       		.byte	0x2
 481 00bb 6E01     		.2byte	0x16e
 482 00bd C1000000 		.4byte	0xc1
 483 00c1 08       		.uleb128 0x8
 484 00c2 8B000000 		.4byte	0x8b
 485 00c6 07       		.uleb128 0x7
 486 00c7 07020000 		.4byte	.LASF17
 487 00cb 02       		.byte	0x2
 488 00cc 7E01     		.2byte	0x17e
 489 00ce 72000000 		.4byte	0x72
 490 00d2 09       		.uleb128 0x9
 491 00d3 57020000 		.4byte	.LASF18
 492 00d7 01       		.byte	0x1
 493 00d8 A0       		.byte	0xa0
 494 00d9 00000000 		.4byte	.LFB3
ARM GAS  C:\Users\pxc\AppData\Local\Temp\ccUsaYck.s 			page 17


 495 00dd 02000000 		.4byte	.LFE3-.LFB3
 496 00e1 01       		.uleb128 0x1
 497 00e2 9C       		.byte	0x9c
 498 00e3 F4000000 		.4byte	0xf4
 499 00e7 0A       		.uleb128 0xa
 500 00e8 3C000000 		.4byte	.LASF20
 501 00ec 01       		.byte	0x1
 502 00ed A8       		.byte	0xa8
 503 00ee 80000000 		.4byte	0x80
 504 00f2 01       		.byte	0x1
 505 00f3 00       		.byte	0
 506 00f4 09       		.uleb128 0x9
 507 00f5 B6000000 		.4byte	.LASF19
 508 00f9 01       		.byte	0x1
 509 00fa CA       		.byte	0xca
 510 00fb 00000000 		.4byte	.LFB4
 511 00ff 0C000000 		.4byte	.LFE4-.LFB4
 512 0103 01       		.uleb128 0x1
 513 0104 9C       		.byte	0x9c
 514 0105 24010000 		.4byte	0x124
 515 0109 0B       		.uleb128 0xb
 516 010a E8010000 		.4byte	.LASF23
 517 010e 01       		.byte	0x1
 518 010f CA       		.byte	0xca
 519 0110 C6000000 		.4byte	0xc6
 520 0114 01       		.uleb128 0x1
 521 0115 50       		.byte	0x50
 522 0116 0C       		.uleb128 0xc
 523 0117 35020000 		.4byte	.LASF21
 524 011b 01       		.byte	0x1
 525 011c CC       		.byte	0xcc
 526 011d 24010000 		.4byte	0x124
 527 0121 01       		.uleb128 0x1
 528 0122 53       		.byte	0x53
 529 0123 00       		.byte	0
 530 0124 04       		.uleb128 0x4
 531 0125 04       		.byte	0x4
 532 0126 C6000000 		.4byte	0xc6
 533 012a 0D       		.uleb128 0xd
 534 012b 44020000 		.4byte	.LASF25
 535 012f 01       		.byte	0x1
 536 0130 E2       		.byte	0xe2
 537 0131 C6000000 		.4byte	0xc6
 538 0135 00000000 		.4byte	.LFB5
 539 0139 0C000000 		.4byte	.LFE5-.LFB5
 540 013d 01       		.uleb128 0x1
 541 013e 9C       		.byte	0x9c
 542 013f 51010000 		.4byte	0x151
 543 0143 0C       		.uleb128 0xc
 544 0144 35020000 		.4byte	.LASF21
 545 0148 01       		.byte	0x1
 546 0149 E4       		.byte	0xe4
 547 014a 24010000 		.4byte	0x124
 548 014e 01       		.uleb128 0x1
 549 014f 53       		.byte	0x53
 550 0150 00       		.byte	0
 551 0151 0E       		.uleb128 0xe
ARM GAS  C:\Users\pxc\AppData\Local\Temp\ccUsaYck.s 			page 18


 552 0152 9E020000 		.4byte	.LASF22
 553 0156 01       		.byte	0x1
 554 0157 0401     		.2byte	0x104
 555 0159 00000000 		.4byte	.LFB6
 556 015d 10000000 		.4byte	.LFE6-.LFB6
 557 0161 01       		.uleb128 0x1
 558 0162 9C       		.byte	0x9c
 559 0163 78010000 		.4byte	0x178
 560 0167 0F       		.uleb128 0xf
 561 0168 C9000000 		.4byte	.LASF24
 562 016c 01       		.byte	0x1
 563 016d 0401     		.2byte	0x104
 564 016f 80000000 		.4byte	0x80
 565 0173 00000000 		.4byte	.LLST0
 566 0177 00       		.byte	0
 567 0178 10       		.uleb128 0x10
 568 0179 ED000000 		.4byte	.LASF26
 569 017d 01       		.byte	0x1
 570 017e 1A01     		.2byte	0x11a
 571 0180 80000000 		.4byte	0x80
 572 0184 00000000 		.4byte	.LFB7
 573 0188 0C000000 		.4byte	.LFE7-.LFB7
 574 018c 01       		.uleb128 0x1
 575 018d 9C       		.byte	0x9c
 576 018e A3010000 		.4byte	0x1a3
 577 0192 11       		.uleb128 0x11
 578 0193 C9000000 		.4byte	.LASF24
 579 0197 01       		.byte	0x1
 580 0198 1C01     		.2byte	0x11c
 581 019a 80000000 		.4byte	0x80
 582 019e 21000000 		.4byte	.LLST1
 583 01a2 00       		.byte	0
 584 01a3 12       		.uleb128 0x12
 585 01a4 8E020000 		.4byte	.LASF27
 586 01a8 01       		.byte	0x1
 587 01a9 3501     		.2byte	0x135
 588 01ab 00000000 		.4byte	.LFB8
 589 01af 0C000000 		.4byte	.LFE8-.LFB8
 590 01b3 01       		.uleb128 0x1
 591 01b4 9C       		.byte	0x9c
 592 01b5 13       		.uleb128 0x13
 593 01b6 2A000000 		.4byte	.LASF37
 594 01ba 01       		.byte	0x1
 595 01bb 4A01     		.2byte	0x14a
 596 01bd 80000000 		.4byte	0x80
 597 01c1 00000000 		.4byte	.LFB9
 598 01c5 18000000 		.4byte	.LFE9-.LFB9
 599 01c9 01       		.uleb128 0x1
 600 01ca 9C       		.byte	0x9c
 601 01cb 12       		.uleb128 0x12
 602 01cc 63000000 		.4byte	.LASF28
 603 01d0 01       		.byte	0x1
 604 01d1 5F01     		.2byte	0x15f
 605 01d3 00000000 		.4byte	.LFB10
 606 01d7 0C000000 		.4byte	.LFE10-.LFB10
 607 01db 01       		.uleb128 0x1
 608 01dc 9C       		.byte	0x9c
ARM GAS  C:\Users\pxc\AppData\Local\Temp\ccUsaYck.s 			page 19


 609 01dd 09       		.uleb128 0x9
 610 01de 97010000 		.4byte	.LASF29
 611 01e2 01       		.byte	0x1
 612 01e3 3D       		.byte	0x3d
 613 01e4 00000000 		.4byte	.LFB0
 614 01e8 1C000000 		.4byte	.LFE0-.LFB0
 615 01ec 01       		.uleb128 0x1
 616 01ed 9C       		.byte	0x9c
 617 01ee 2F020000 		.4byte	0x22f
 618 01f2 14       		.uleb128 0x14
 619 01f3 06000000 		.4byte	.LVL8
 620 01f7 CB010000 		.4byte	0x1cb
 621 01fb 15       		.uleb128 0x15
 622 01fc 0C000000 		.4byte	.LVL9
 623 0200 F4000000 		.4byte	0xf4
 624 0204 12020000 		.4byte	0x212
 625 0208 16       		.uleb128 0x16
 626 0209 01       		.uleb128 0x1
 627 020a 50       		.byte	0x50
 628 020b 05       		.uleb128 0x5
 629 020c 03       		.byte	0x3
 630 020d 00000000 		.4byte	isr_echo_Interrupt
 631 0211 00       		.byte	0
 632 0212 15       		.uleb128 0x15
 633 0213 12000000 		.4byte	.LVL10
 634 0217 51010000 		.4byte	0x151
 635 021b 25020000 		.4byte	0x225
 636 021f 16       		.uleb128 0x16
 637 0220 01       		.uleb128 0x1
 638 0221 50       		.byte	0x50
 639 0222 01       		.uleb128 0x1
 640 0223 37       		.byte	0x37
 641 0224 00       		.byte	0
 642 0225 14       		.uleb128 0x14
 643 0226 16000000 		.4byte	.LVL11
 644 022a A3010000 		.4byte	0x1a3
 645 022e 00       		.byte	0
 646 022f 09       		.uleb128 0x9
 647 0230 74020000 		.4byte	.LASF30
 648 0234 01       		.byte	0x1
 649 0235 68       		.byte	0x68
 650 0236 00000000 		.4byte	.LFB1
 651 023a 1A000000 		.4byte	.LFE1-.LFB1
 652 023e 01       		.uleb128 0x1
 653 023f 9C       		.byte	0x9c
 654 0240 8D020000 		.4byte	0x28d
 655 0244 17       		.uleb128 0x17
 656 0245 E8010000 		.4byte	.LASF23
 657 0249 01       		.byte	0x1
 658 024a 68       		.byte	0x68
 659 024b C6000000 		.4byte	0xc6
 660 024f 38000000 		.4byte	.LLST2
 661 0253 14       		.uleb128 0x14
 662 0254 08000000 		.4byte	.LVL13
 663 0258 CB010000 		.4byte	0x1cb
 664 025c 15       		.uleb128 0x15
 665 025d 0E000000 		.4byte	.LVL14
ARM GAS  C:\Users\pxc\AppData\Local\Temp\ccUsaYck.s 			page 20


 666 0261 F4000000 		.4byte	0xf4
 667 0265 70020000 		.4byte	0x270
 668 0269 16       		.uleb128 0x16
 669 026a 01       		.uleb128 0x1
 670 026b 50       		.byte	0x50
 671 026c 02       		.uleb128 0x2
 672 026d 74       		.byte	0x74
 673 026e 00       		.sleb128 0
 674 026f 00       		.byte	0
 675 0270 15       		.uleb128 0x15
 676 0271 14000000 		.4byte	.LVL15
 677 0275 51010000 		.4byte	0x151
 678 0279 83020000 		.4byte	0x283
 679 027d 16       		.uleb128 0x16
 680 027e 01       		.uleb128 0x1
 681 027f 50       		.byte	0x50
 682 0280 01       		.uleb128 0x1
 683 0281 37       		.byte	0x37
 684 0282 00       		.byte	0
 685 0283 14       		.uleb128 0x14
 686 0284 18000000 		.4byte	.LVL16
 687 0288 A3010000 		.4byte	0x1a3
 688 028c 00       		.byte	0
 689 028d 09       		.uleb128 0x9
 690 028e 55000000 		.4byte	.LASF31
 691 0292 01       		.byte	0x1
 692 0293 86       		.byte	0x86
 693 0294 00000000 		.4byte	.LFB2
 694 0298 14000000 		.4byte	.LFE2-.LFB2
 695 029c 01       		.uleb128 0x1
 696 029d 9C       		.byte	0x9c
 697 029e B5020000 		.4byte	0x2b5
 698 02a2 14       		.uleb128 0x14
 699 02a3 06000000 		.4byte	.LVL17
 700 02a7 CB010000 		.4byte	0x1cb
 701 02ab 14       		.uleb128 0x14
 702 02ac 0C000000 		.4byte	.LVL18
 703 02b0 F4000000 		.4byte	0xf4
 704 02b4 00       		.byte	0
 705 02b5 12       		.uleb128 0x12
 706 02b6 D2000000 		.4byte	.LASF32
 707 02ba 01       		.byte	0x1
 708 02bb 7A01     		.2byte	0x17a
 709 02bd 00000000 		.4byte	.LFB11
 710 02c1 0C000000 		.4byte	.LFE11-.LFB11
 711 02c5 01       		.uleb128 0x1
 712 02c6 9C       		.byte	0x9c
 713 02c7 12       		.uleb128 0x12
 714 02c8 88000000 		.4byte	.LASF33
 715 02cc 01       		.byte	0x1
 716 02cd 9301     		.2byte	0x193
 717 02cf 00000000 		.4byte	.LFB12
 718 02d3 0C000000 		.4byte	.LFE12-.LFB12
 719 02d7 01       		.uleb128 0x1
 720 02d8 9C       		.byte	0x9c
 721 02d9 00       		.byte	0
 722              		.section	.debug_abbrev,"",%progbits
ARM GAS  C:\Users\pxc\AppData\Local\Temp\ccUsaYck.s 			page 21


 723              	.Ldebug_abbrev0:
 724 0000 01       		.uleb128 0x1
 725 0001 11       		.uleb128 0x11
 726 0002 01       		.byte	0x1
 727 0003 25       		.uleb128 0x25
 728 0004 0E       		.uleb128 0xe
 729 0005 13       		.uleb128 0x13
 730 0006 0B       		.uleb128 0xb
 731 0007 03       		.uleb128 0x3
 732 0008 0E       		.uleb128 0xe
 733 0009 1B       		.uleb128 0x1b
 734 000a 0E       		.uleb128 0xe
 735 000b 55       		.uleb128 0x55
 736 000c 17       		.uleb128 0x17
 737 000d 11       		.uleb128 0x11
 738 000e 01       		.uleb128 0x1
 739 000f 10       		.uleb128 0x10
 740 0010 17       		.uleb128 0x17
 741 0011 00       		.byte	0
 742 0012 00       		.byte	0
 743 0013 02       		.uleb128 0x2
 744 0014 24       		.uleb128 0x24
 745 0015 00       		.byte	0
 746 0016 0B       		.uleb128 0xb
 747 0017 0B       		.uleb128 0xb
 748 0018 3E       		.uleb128 0x3e
 749 0019 0B       		.uleb128 0xb
 750 001a 03       		.uleb128 0x3
 751 001b 08       		.uleb128 0x8
 752 001c 00       		.byte	0
 753 001d 00       		.byte	0
 754 001e 03       		.uleb128 0x3
 755 001f 24       		.uleb128 0x24
 756 0020 00       		.byte	0
 757 0021 0B       		.uleb128 0xb
 758 0022 0B       		.uleb128 0xb
 759 0023 3E       		.uleb128 0x3e
 760 0024 0B       		.uleb128 0xb
 761 0025 03       		.uleb128 0x3
 762 0026 0E       		.uleb128 0xe
 763 0027 00       		.byte	0
 764 0028 00       		.byte	0
 765 0029 04       		.uleb128 0x4
 766 002a 0F       		.uleb128 0xf
 767 002b 00       		.byte	0
 768 002c 0B       		.uleb128 0xb
 769 002d 0B       		.uleb128 0xb
 770 002e 49       		.uleb128 0x49
 771 002f 13       		.uleb128 0x13
 772 0030 00       		.byte	0
 773 0031 00       		.byte	0
 774 0032 05       		.uleb128 0x5
 775 0033 15       		.uleb128 0x15
 776 0034 00       		.byte	0
 777 0035 27       		.uleb128 0x27
 778 0036 19       		.uleb128 0x19
 779 0037 00       		.byte	0
ARM GAS  C:\Users\pxc\AppData\Local\Temp\ccUsaYck.s 			page 22


 780 0038 00       		.byte	0
 781 0039 06       		.uleb128 0x6
 782 003a 16       		.uleb128 0x16
 783 003b 00       		.byte	0
 784 003c 03       		.uleb128 0x3
 785 003d 0E       		.uleb128 0xe
 786 003e 3A       		.uleb128 0x3a
 787 003f 0B       		.uleb128 0xb
 788 0040 3B       		.uleb128 0x3b
 789 0041 0B       		.uleb128 0xb
 790 0042 49       		.uleb128 0x49
 791 0043 13       		.uleb128 0x13
 792 0044 00       		.byte	0
 793 0045 00       		.byte	0
 794 0046 07       		.uleb128 0x7
 795 0047 16       		.uleb128 0x16
 796 0048 00       		.byte	0
 797 0049 03       		.uleb128 0x3
 798 004a 0E       		.uleb128 0xe
 799 004b 3A       		.uleb128 0x3a
 800 004c 0B       		.uleb128 0xb
 801 004d 3B       		.uleb128 0x3b
 802 004e 05       		.uleb128 0x5
 803 004f 49       		.uleb128 0x49
 804 0050 13       		.uleb128 0x13
 805 0051 00       		.byte	0
 806 0052 00       		.byte	0
 807 0053 08       		.uleb128 0x8
 808 0054 35       		.uleb128 0x35
 809 0055 00       		.byte	0
 810 0056 49       		.uleb128 0x49
 811 0057 13       		.uleb128 0x13
 812 0058 00       		.byte	0
 813 0059 00       		.byte	0
 814 005a 09       		.uleb128 0x9
 815 005b 2E       		.uleb128 0x2e
 816 005c 01       		.byte	0x1
 817 005d 3F       		.uleb128 0x3f
 818 005e 19       		.uleb128 0x19
 819 005f 03       		.uleb128 0x3
 820 0060 0E       		.uleb128 0xe
 821 0061 3A       		.uleb128 0x3a
 822 0062 0B       		.uleb128 0xb
 823 0063 3B       		.uleb128 0x3b
 824 0064 0B       		.uleb128 0xb
 825 0065 27       		.uleb128 0x27
 826 0066 19       		.uleb128 0x19
 827 0067 11       		.uleb128 0x11
 828 0068 01       		.uleb128 0x1
 829 0069 12       		.uleb128 0x12
 830 006a 06       		.uleb128 0x6
 831 006b 40       		.uleb128 0x40
 832 006c 18       		.uleb128 0x18
 833 006d 9742     		.uleb128 0x2117
 834 006f 19       		.uleb128 0x19
 835 0070 01       		.uleb128 0x1
 836 0071 13       		.uleb128 0x13
ARM GAS  C:\Users\pxc\AppData\Local\Temp\ccUsaYck.s 			page 23


 837 0072 00       		.byte	0
 838 0073 00       		.byte	0
 839 0074 0A       		.uleb128 0xa
 840 0075 34       		.uleb128 0x34
 841 0076 00       		.byte	0
 842 0077 03       		.uleb128 0x3
 843 0078 0E       		.uleb128 0xe
 844 0079 3A       		.uleb128 0x3a
 845 007a 0B       		.uleb128 0xb
 846 007b 3B       		.uleb128 0x3b
 847 007c 0B       		.uleb128 0xb
 848 007d 49       		.uleb128 0x49
 849 007e 13       		.uleb128 0x13
 850 007f 1C       		.uleb128 0x1c
 851 0080 0B       		.uleb128 0xb
 852 0081 00       		.byte	0
 853 0082 00       		.byte	0
 854 0083 0B       		.uleb128 0xb
 855 0084 05       		.uleb128 0x5
 856 0085 00       		.byte	0
 857 0086 03       		.uleb128 0x3
 858 0087 0E       		.uleb128 0xe
 859 0088 3A       		.uleb128 0x3a
 860 0089 0B       		.uleb128 0xb
 861 008a 3B       		.uleb128 0x3b
 862 008b 0B       		.uleb128 0xb
 863 008c 49       		.uleb128 0x49
 864 008d 13       		.uleb128 0x13
 865 008e 02       		.uleb128 0x2
 866 008f 18       		.uleb128 0x18
 867 0090 00       		.byte	0
 868 0091 00       		.byte	0
 869 0092 0C       		.uleb128 0xc
 870 0093 34       		.uleb128 0x34
 871 0094 00       		.byte	0
 872 0095 03       		.uleb128 0x3
 873 0096 0E       		.uleb128 0xe
 874 0097 3A       		.uleb128 0x3a
 875 0098 0B       		.uleb128 0xb
 876 0099 3B       		.uleb128 0x3b
 877 009a 0B       		.uleb128 0xb
 878 009b 49       		.uleb128 0x49
 879 009c 13       		.uleb128 0x13
 880 009d 02       		.uleb128 0x2
 881 009e 18       		.uleb128 0x18
 882 009f 00       		.byte	0
 883 00a0 00       		.byte	0
 884 00a1 0D       		.uleb128 0xd
 885 00a2 2E       		.uleb128 0x2e
 886 00a3 01       		.byte	0x1
 887 00a4 3F       		.uleb128 0x3f
 888 00a5 19       		.uleb128 0x19
 889 00a6 03       		.uleb128 0x3
 890 00a7 0E       		.uleb128 0xe
 891 00a8 3A       		.uleb128 0x3a
 892 00a9 0B       		.uleb128 0xb
 893 00aa 3B       		.uleb128 0x3b
ARM GAS  C:\Users\pxc\AppData\Local\Temp\ccUsaYck.s 			page 24


 894 00ab 0B       		.uleb128 0xb
 895 00ac 27       		.uleb128 0x27
 896 00ad 19       		.uleb128 0x19
 897 00ae 49       		.uleb128 0x49
 898 00af 13       		.uleb128 0x13
 899 00b0 11       		.uleb128 0x11
 900 00b1 01       		.uleb128 0x1
 901 00b2 12       		.uleb128 0x12
 902 00b3 06       		.uleb128 0x6
 903 00b4 40       		.uleb128 0x40
 904 00b5 18       		.uleb128 0x18
 905 00b6 9742     		.uleb128 0x2117
 906 00b8 19       		.uleb128 0x19
 907 00b9 01       		.uleb128 0x1
 908 00ba 13       		.uleb128 0x13
 909 00bb 00       		.byte	0
 910 00bc 00       		.byte	0
 911 00bd 0E       		.uleb128 0xe
 912 00be 2E       		.uleb128 0x2e
 913 00bf 01       		.byte	0x1
 914 00c0 3F       		.uleb128 0x3f
 915 00c1 19       		.uleb128 0x19
 916 00c2 03       		.uleb128 0x3
 917 00c3 0E       		.uleb128 0xe
 918 00c4 3A       		.uleb128 0x3a
 919 00c5 0B       		.uleb128 0xb
 920 00c6 3B       		.uleb128 0x3b
 921 00c7 05       		.uleb128 0x5
 922 00c8 27       		.uleb128 0x27
 923 00c9 19       		.uleb128 0x19
 924 00ca 11       		.uleb128 0x11
 925 00cb 01       		.uleb128 0x1
 926 00cc 12       		.uleb128 0x12
 927 00cd 06       		.uleb128 0x6
 928 00ce 40       		.uleb128 0x40
 929 00cf 18       		.uleb128 0x18
 930 00d0 9742     		.uleb128 0x2117
 931 00d2 19       		.uleb128 0x19
 932 00d3 01       		.uleb128 0x1
 933 00d4 13       		.uleb128 0x13
 934 00d5 00       		.byte	0
 935 00d6 00       		.byte	0
 936 00d7 0F       		.uleb128 0xf
 937 00d8 05       		.uleb128 0x5
 938 00d9 00       		.byte	0
 939 00da 03       		.uleb128 0x3
 940 00db 0E       		.uleb128 0xe
 941 00dc 3A       		.uleb128 0x3a
 942 00dd 0B       		.uleb128 0xb
 943 00de 3B       		.uleb128 0x3b
 944 00df 05       		.uleb128 0x5
 945 00e0 49       		.uleb128 0x49
 946 00e1 13       		.uleb128 0x13
 947 00e2 02       		.uleb128 0x2
 948 00e3 17       		.uleb128 0x17
 949 00e4 00       		.byte	0
 950 00e5 00       		.byte	0
ARM GAS  C:\Users\pxc\AppData\Local\Temp\ccUsaYck.s 			page 25


 951 00e6 10       		.uleb128 0x10
 952 00e7 2E       		.uleb128 0x2e
 953 00e8 01       		.byte	0x1
 954 00e9 3F       		.uleb128 0x3f
 955 00ea 19       		.uleb128 0x19
 956 00eb 03       		.uleb128 0x3
 957 00ec 0E       		.uleb128 0xe
 958 00ed 3A       		.uleb128 0x3a
 959 00ee 0B       		.uleb128 0xb
 960 00ef 3B       		.uleb128 0x3b
 961 00f0 05       		.uleb128 0x5
 962 00f1 27       		.uleb128 0x27
 963 00f2 19       		.uleb128 0x19
 964 00f3 49       		.uleb128 0x49
 965 00f4 13       		.uleb128 0x13
 966 00f5 11       		.uleb128 0x11
 967 00f6 01       		.uleb128 0x1
 968 00f7 12       		.uleb128 0x12
 969 00f8 06       		.uleb128 0x6
 970 00f9 40       		.uleb128 0x40
 971 00fa 18       		.uleb128 0x18
 972 00fb 9742     		.uleb128 0x2117
 973 00fd 19       		.uleb128 0x19
 974 00fe 01       		.uleb128 0x1
 975 00ff 13       		.uleb128 0x13
 976 0100 00       		.byte	0
 977 0101 00       		.byte	0
 978 0102 11       		.uleb128 0x11
 979 0103 34       		.uleb128 0x34
 980 0104 00       		.byte	0
 981 0105 03       		.uleb128 0x3
 982 0106 0E       		.uleb128 0xe
 983 0107 3A       		.uleb128 0x3a
 984 0108 0B       		.uleb128 0xb
 985 0109 3B       		.uleb128 0x3b
 986 010a 05       		.uleb128 0x5
 987 010b 49       		.uleb128 0x49
 988 010c 13       		.uleb128 0x13
 989 010d 02       		.uleb128 0x2
 990 010e 17       		.uleb128 0x17
 991 010f 00       		.byte	0
 992 0110 00       		.byte	0
 993 0111 12       		.uleb128 0x12
 994 0112 2E       		.uleb128 0x2e
 995 0113 00       		.byte	0
 996 0114 3F       		.uleb128 0x3f
 997 0115 19       		.uleb128 0x19
 998 0116 03       		.uleb128 0x3
 999 0117 0E       		.uleb128 0xe
 1000 0118 3A       		.uleb128 0x3a
 1001 0119 0B       		.uleb128 0xb
 1002 011a 3B       		.uleb128 0x3b
 1003 011b 05       		.uleb128 0x5
 1004 011c 27       		.uleb128 0x27
 1005 011d 19       		.uleb128 0x19
 1006 011e 11       		.uleb128 0x11
 1007 011f 01       		.uleb128 0x1
ARM GAS  C:\Users\pxc\AppData\Local\Temp\ccUsaYck.s 			page 26


 1008 0120 12       		.uleb128 0x12
 1009 0121 06       		.uleb128 0x6
 1010 0122 40       		.uleb128 0x40
 1011 0123 18       		.uleb128 0x18
 1012 0124 9742     		.uleb128 0x2117
 1013 0126 19       		.uleb128 0x19
 1014 0127 00       		.byte	0
 1015 0128 00       		.byte	0
 1016 0129 13       		.uleb128 0x13
 1017 012a 2E       		.uleb128 0x2e
 1018 012b 00       		.byte	0
 1019 012c 3F       		.uleb128 0x3f
 1020 012d 19       		.uleb128 0x19
 1021 012e 03       		.uleb128 0x3
 1022 012f 0E       		.uleb128 0xe
 1023 0130 3A       		.uleb128 0x3a
 1024 0131 0B       		.uleb128 0xb
 1025 0132 3B       		.uleb128 0x3b
 1026 0133 05       		.uleb128 0x5
 1027 0134 27       		.uleb128 0x27
 1028 0135 19       		.uleb128 0x19
 1029 0136 49       		.uleb128 0x49
 1030 0137 13       		.uleb128 0x13
 1031 0138 11       		.uleb128 0x11
 1032 0139 01       		.uleb128 0x1
 1033 013a 12       		.uleb128 0x12
 1034 013b 06       		.uleb128 0x6
 1035 013c 40       		.uleb128 0x40
 1036 013d 18       		.uleb128 0x18
 1037 013e 9742     		.uleb128 0x2117
 1038 0140 19       		.uleb128 0x19
 1039 0141 00       		.byte	0
 1040 0142 00       		.byte	0
 1041 0143 14       		.uleb128 0x14
 1042 0144 898201   		.uleb128 0x4109
 1043 0147 00       		.byte	0
 1044 0148 11       		.uleb128 0x11
 1045 0149 01       		.uleb128 0x1
 1046 014a 31       		.uleb128 0x31
 1047 014b 13       		.uleb128 0x13
 1048 014c 00       		.byte	0
 1049 014d 00       		.byte	0
 1050 014e 15       		.uleb128 0x15
 1051 014f 898201   		.uleb128 0x4109
 1052 0152 01       		.byte	0x1
 1053 0153 11       		.uleb128 0x11
 1054 0154 01       		.uleb128 0x1
 1055 0155 31       		.uleb128 0x31
 1056 0156 13       		.uleb128 0x13
 1057 0157 01       		.uleb128 0x1
 1058 0158 13       		.uleb128 0x13
 1059 0159 00       		.byte	0
 1060 015a 00       		.byte	0
 1061 015b 16       		.uleb128 0x16
 1062 015c 8A8201   		.uleb128 0x410a
 1063 015f 00       		.byte	0
 1064 0160 02       		.uleb128 0x2
ARM GAS  C:\Users\pxc\AppData\Local\Temp\ccUsaYck.s 			page 27


 1065 0161 18       		.uleb128 0x18
 1066 0162 9142     		.uleb128 0x2111
 1067 0164 18       		.uleb128 0x18
 1068 0165 00       		.byte	0
 1069 0166 00       		.byte	0
 1070 0167 17       		.uleb128 0x17
 1071 0168 05       		.uleb128 0x5
 1072 0169 00       		.byte	0
 1073 016a 03       		.uleb128 0x3
 1074 016b 0E       		.uleb128 0xe
 1075 016c 3A       		.uleb128 0x3a
 1076 016d 0B       		.uleb128 0xb
 1077 016e 3B       		.uleb128 0x3b
 1078 016f 0B       		.uleb128 0xb
 1079 0170 49       		.uleb128 0x49
 1080 0171 13       		.uleb128 0x13
 1081 0172 02       		.uleb128 0x2
 1082 0173 17       		.uleb128 0x17
 1083 0174 00       		.byte	0
 1084 0175 00       		.byte	0
 1085 0176 00       		.byte	0
 1086              		.section	.debug_loc,"",%progbits
 1087              	.Ldebug_loc0:
 1088              	.LLST0:
 1089 0000 00000000 		.4byte	.LVL4
 1090 0004 02000000 		.4byte	.LVL5
 1091 0008 0100     		.2byte	0x1
 1092 000a 50       		.byte	0x50
 1093 000b 02000000 		.4byte	.LVL5
 1094 000f 10000000 		.4byte	.LFE6
 1095 0013 0400     		.2byte	0x4
 1096 0015 F3       		.byte	0xf3
 1097 0016 01       		.uleb128 0x1
 1098 0017 50       		.byte	0x50
 1099 0018 9F       		.byte	0x9f
 1100 0019 00000000 		.4byte	0
 1101 001d 00000000 		.4byte	0
 1102              	.LLST1:
 1103 0021 04000000 		.4byte	.LVL6
 1104 0025 06000000 		.4byte	.LVL7
 1105 0029 0500     		.2byte	0x5
 1106 002b 70       		.byte	0x70
 1107 002c 00       		.sleb128 0
 1108 002d 35       		.byte	0x35
 1109 002e 25       		.byte	0x25
 1110 002f 9F       		.byte	0x9f
 1111 0030 00000000 		.4byte	0
 1112 0034 00000000 		.4byte	0
 1113              	.LLST2:
 1114 0038 00000000 		.4byte	.LVL12
 1115 003c 07000000 		.4byte	.LVL13-1
 1116 0040 0100     		.2byte	0x1
 1117 0042 50       		.byte	0x50
 1118 0043 07000000 		.4byte	.LVL13-1
 1119 0047 1A000000 		.4byte	.LFE1
 1120 004b 0100     		.2byte	0x1
 1121 004d 54       		.byte	0x54
ARM GAS  C:\Users\pxc\AppData\Local\Temp\ccUsaYck.s 			page 28


 1122 004e 00000000 		.4byte	0
 1123 0052 00000000 		.4byte	0
 1124              		.section	.debug_aranges,"",%progbits
 1125 0000 7C000000 		.4byte	0x7c
 1126 0004 0200     		.2byte	0x2
 1127 0006 00000000 		.4byte	.Ldebug_info0
 1128 000a 04       		.byte	0x4
 1129 000b 00       		.byte	0
 1130 000c 0000     		.2byte	0
 1131 000e 0000     		.2byte	0
 1132 0010 00000000 		.4byte	.LFB3
 1133 0014 02000000 		.4byte	.LFE3-.LFB3
 1134 0018 00000000 		.4byte	.LFB4
 1135 001c 0C000000 		.4byte	.LFE4-.LFB4
 1136 0020 00000000 		.4byte	.LFB5
 1137 0024 0C000000 		.4byte	.LFE5-.LFB5
 1138 0028 00000000 		.4byte	.LFB6
 1139 002c 10000000 		.4byte	.LFE6-.LFB6
 1140 0030 00000000 		.4byte	.LFB7
 1141 0034 0C000000 		.4byte	.LFE7-.LFB7
 1142 0038 00000000 		.4byte	.LFB8
 1143 003c 0C000000 		.4byte	.LFE8-.LFB8
 1144 0040 00000000 		.4byte	.LFB9
 1145 0044 18000000 		.4byte	.LFE9-.LFB9
 1146 0048 00000000 		.4byte	.LFB10
 1147 004c 0C000000 		.4byte	.LFE10-.LFB10
 1148 0050 00000000 		.4byte	.LFB0
 1149 0054 1C000000 		.4byte	.LFE0-.LFB0
 1150 0058 00000000 		.4byte	.LFB1
 1151 005c 1A000000 		.4byte	.LFE1-.LFB1
 1152 0060 00000000 		.4byte	.LFB2
 1153 0064 14000000 		.4byte	.LFE2-.LFB2
 1154 0068 00000000 		.4byte	.LFB11
 1155 006c 0C000000 		.4byte	.LFE11-.LFB11
 1156 0070 00000000 		.4byte	.LFB12
 1157 0074 0C000000 		.4byte	.LFE12-.LFB12
 1158 0078 00000000 		.4byte	0
 1159 007c 00000000 		.4byte	0
 1160              		.section	.debug_ranges,"",%progbits
 1161              	.Ldebug_ranges0:
 1162 0000 00000000 		.4byte	.LFB3
 1163 0004 02000000 		.4byte	.LFE3
 1164 0008 00000000 		.4byte	.LFB4
 1165 000c 0C000000 		.4byte	.LFE4
 1166 0010 00000000 		.4byte	.LFB5
 1167 0014 0C000000 		.4byte	.LFE5
 1168 0018 00000000 		.4byte	.LFB6
 1169 001c 10000000 		.4byte	.LFE6
 1170 0020 00000000 		.4byte	.LFB7
 1171 0024 0C000000 		.4byte	.LFE7
 1172 0028 00000000 		.4byte	.LFB8
 1173 002c 0C000000 		.4byte	.LFE8
 1174 0030 00000000 		.4byte	.LFB9
 1175 0034 18000000 		.4byte	.LFE9
 1176 0038 00000000 		.4byte	.LFB10
 1177 003c 0C000000 		.4byte	.LFE10
 1178 0040 00000000 		.4byte	.LFB0
ARM GAS  C:\Users\pxc\AppData\Local\Temp\ccUsaYck.s 			page 29


 1179 0044 1C000000 		.4byte	.LFE0
 1180 0048 00000000 		.4byte	.LFB1
 1181 004c 1A000000 		.4byte	.LFE1
 1182 0050 00000000 		.4byte	.LFB2
 1183 0054 14000000 		.4byte	.LFE2
 1184 0058 00000000 		.4byte	.LFB11
 1185 005c 0C000000 		.4byte	.LFE11
 1186 0060 00000000 		.4byte	.LFB12
 1187 0064 0C000000 		.4byte	.LFE12
 1188 0068 00000000 		.4byte	0
 1189 006c 00000000 		.4byte	0
 1190              		.section	.debug_line,"",%progbits
 1191              	.Ldebug_line0:
 1192 0000 4A010000 		.section	.debug_str,"MS",%progbits,1
 1192      02005E00 
 1192      00000201 
 1192      FB0E0D00 
 1192      01010101 
 1193              	.LASF16:
 1194 0000 72656733 		.ascii	"reg32\000"
 1194      3200
 1195              	.LASF35:
 1196 0006 2E5C4765 		.ascii	".\\Generated_Source\\PSoC5\\isr_echo.c\000"
 1196      6E657261 
 1196      7465645F 
 1196      536F7572 
 1196      63655C50 
 1197              	.LASF37:
 1198 002a 6973725F 		.ascii	"isr_echo_GetState\000"
 1198      6563686F 
 1198      5F476574 
 1198      53746174 
 1198      6500
 1199              	.LASF20:
 1200 003c 636F756E 		.ascii	"count\000"
 1200      7400
 1201              	.LASF4:
 1202 0042 73686F72 		.ascii	"short unsigned int\000"
 1202      7420756E 
 1202      7369676E 
 1202      65642069 
 1202      6E7400
 1203              	.LASF31:
 1204 0055 6973725F 		.ascii	"isr_echo_Stop\000"
 1204      6563686F 
 1204      5F53746F 
 1204      7000
 1205              	.LASF28:
 1206 0063 6973725F 		.ascii	"isr_echo_Disable\000"
 1206      6563686F 
 1206      5F446973 
 1206      61626C65 
 1206      00
 1207              	.LASF13:
 1208 0074 666C6F61 		.ascii	"float\000"
 1208      7400
 1209              	.LASF2:
ARM GAS  C:\Users\pxc\AppData\Local\Temp\ccUsaYck.s 			page 30


 1210 007a 756E7369 		.ascii	"unsigned char\000"
 1210      676E6564 
 1210      20636861 
 1210      7200
 1211              	.LASF33:
 1212 0088 6973725F 		.ascii	"isr_echo_ClearPending\000"
 1212      6563686F 
 1212      5F436C65 
 1212      61725065 
 1212      6E64696E 
 1213              	.LASF6:
 1214 009e 6C6F6E67 		.ascii	"long unsigned int\000"
 1214      20756E73 
 1214      69676E65 
 1214      6420696E 
 1214      7400
 1215              	.LASF11:
 1216 00b0 75696E74 		.ascii	"uint8\000"
 1216      3800
 1217              	.LASF19:
 1218 00b6 6973725F 		.ascii	"isr_echo_SetVector\000"
 1218      6563686F 
 1218      5F536574 
 1218      56656374 
 1218      6F7200
 1219              	.LASF24:
 1220 00c9 7072696F 		.ascii	"priority\000"
 1220      72697479 
 1220      00
 1221              	.LASF32:
 1222 00d2 6973725F 		.ascii	"isr_echo_SetPending\000"
 1222      6563686F 
 1222      5F536574 
 1222      50656E64 
 1222      696E6700 
 1223              	.LASF14:
 1224 00e6 646F7562 		.ascii	"double\000"
 1224      6C6500
 1225              	.LASF26:
 1226 00ed 6973725F 		.ascii	"isr_echo_GetPriority\000"
 1226      6563686F 
 1226      5F476574 
 1226      5072696F 
 1226      72697479 
 1227              	.LASF12:
 1228 0102 75696E74 		.ascii	"uint32\000"
 1228      333200
 1229              	.LASF34:
 1230 0109 474E5520 		.ascii	"GNU C 4.9.3 20150303 (release) [ARM/embedded-4_9-br"
 1230      4320342E 
 1230      392E3320 
 1230      32303135 
 1230      30333033 
 1231 013c 616E6368 		.ascii	"anch revision 221220] -mcpu=cortex-m3 -mthumb -g -O"
 1231      20726576 
 1231      6973696F 
 1231      6E203232 
ARM GAS  C:\Users\pxc\AppData\Local\Temp\ccUsaYck.s 			page 31


 1231      31323230 
 1232 016f 67202D66 		.ascii	"g -ffunction-sections -ffat-lto-objects\000"
 1232      66756E63 
 1232      74696F6E 
 1232      2D736563 
 1232      74696F6E 
 1233              	.LASF29:
 1234 0197 6973725F 		.ascii	"isr_echo_Start\000"
 1234      6563686F 
 1234      5F537461 
 1234      727400
 1235              	.LASF0:
 1236 01a6 756E7369 		.ascii	"unsigned int\000"
 1236      676E6564 
 1236      20696E74 
 1236      00
 1237              	.LASF36:
 1238 01b3 433A5C55 		.ascii	"C:\\Users\\pxc\\Desktop\\linshiceshi\\robot-car\\ca"
 1238      73657273 
 1238      5C707863 
 1238      5C446573 
 1238      6B746F70 
 1239 01e0 722E6379 		.ascii	"r.cydsn\000"
 1239      64736E00 
 1240              	.LASF23:
 1241 01e8 61646472 		.ascii	"address\000"
 1241      65737300 
 1242              	.LASF8:
 1243 01f0 6C6F6E67 		.ascii	"long long unsigned int\000"
 1243      206C6F6E 
 1243      6720756E 
 1243      7369676E 
 1243      65642069 
 1244              	.LASF17:
 1245 0207 63796973 		.ascii	"cyisraddress\000"
 1245      72616464 
 1245      72657373 
 1245      00
 1246              	.LASF15:
 1247 0214 72656738 		.ascii	"reg8\000"
 1247      00
 1248              	.LASF9:
 1249 0219 73697A65 		.ascii	"sizetype\000"
 1249      74797065 
 1249      00
 1250              	.LASF7:
 1251 0222 6C6F6E67 		.ascii	"long long int\000"
 1251      206C6F6E 
 1251      6720696E 
 1251      7400
 1252              	.LASF10:
 1253 0230 63686172 		.ascii	"char\000"
 1253      00
 1254              	.LASF21:
 1255 0235 72616D56 		.ascii	"ramVectorTable\000"
 1255      6563746F 
 1255      72546162 
ARM GAS  C:\Users\pxc\AppData\Local\Temp\ccUsaYck.s 			page 32


 1255      6C6500
 1256              	.LASF25:
 1257 0244 6973725F 		.ascii	"isr_echo_GetVector\000"
 1257      6563686F 
 1257      5F476574 
 1257      56656374 
 1257      6F7200
 1258              	.LASF18:
 1259 0257 6973725F 		.ascii	"isr_echo_Interrupt\000"
 1259      6563686F 
 1259      5F496E74 
 1259      65727275 
 1259      707400
 1260              	.LASF3:
 1261 026a 73686F72 		.ascii	"short int\000"
 1261      7420696E 
 1261      7400
 1262              	.LASF30:
 1263 0274 6973725F 		.ascii	"isr_echo_StartEx\000"
 1263      6563686F 
 1263      5F537461 
 1263      72744578 
 1263      00
 1264              	.LASF5:
 1265 0285 6C6F6E67 		.ascii	"long int\000"
 1265      20696E74 
 1265      00
 1266              	.LASF27:
 1267 028e 6973725F 		.ascii	"isr_echo_Enable\000"
 1267      6563686F 
 1267      5F456E61 
 1267      626C6500 
 1268              	.LASF22:
 1269 029e 6973725F 		.ascii	"isr_echo_SetPriority\000"
 1269      6563686F 
 1269      5F536574 
 1269      5072696F 
 1269      72697479 
 1270              	.LASF1:
 1271 02b3 7369676E 		.ascii	"signed char\000"
 1271      65642063 
 1271      68617200 
 1272              		.ident	"GCC: (GNU Tools for ARM Embedded Processors) 4.9.3 20150303 (release) [ARM/embedded-4_9-br
