ARM GAS  C:\Users\PANXIA~1\AppData\Local\Temp\ccHaikkU.s 			page 1


   1              		.syntax unified
   2              		.cpu cortex-m3
   3              		.fpu softvfp
   4              		.eabi_attribute 20, 1
   5              		.eabi_attribute 21, 1
   6              		.eabi_attribute 23, 3
   7              		.eabi_attribute 24, 1
   8              		.eabi_attribute 25, 1
   9              		.eabi_attribute 26, 1
  10              		.eabi_attribute 30, 1
  11              		.eabi_attribute 34, 1
  12              		.eabi_attribute 18, 4
  13              		.thumb
  14              		.file	"led.c"
  15              		.text
  16              	.Ltext0:
  17              		.cfi_sections	.debug_frame
  18              		.section	.text.led_init,"ax",%progbits
  19              		.align	2
  20              		.global	led_init
  21              		.thumb
  22              		.thumb_func
  23              		.type	led_init, %function
  24              	led_init:
  25              	.LFB63:
  26              		.file 1 ".\\led.c"
   1:.\led.c       **** /* ========================================
   2:.\led.c       ****  *
   3:.\led.c       ****  * Copyright YOUR COMPANY, THE YEAR
   4:.\led.c       ****  * All Rights Reserved
   5:.\led.c       ****  * UNPUBLISHED, LICENSED SOFTWARE.
   6:.\led.c       ****  *
   7:.\led.c       ****  * CONFIDENTIAL AND PROPRIETARY INFORMATION
   8:.\led.c       ****  * WHICH IS THE PROPERTY OF your company.
   9:.\led.c       ****  *
  10:.\led.c       ****  * ========================================
  11:.\led.c       **** */
  12:.\led.c       **** 
  13:.\led.c       **** /* [] END OF FILE */
  14:.\led.c       **** #include "led.h"
  15:.\led.c       **** #include "car.h"
  16:.\led.c       **** 
  17:.\led.c       **** static uint8 led_togle;
  18:.\led.c       **** static uint8 led_num;
  19:.\led.c       **** static uint8 led_cur;
  20:.\led.c       **** static uint8 led_per;
  21:.\led.c       **** 
  22:.\led.c       **** void led_init()
  23:.\led.c       **** {
  27              		.loc 1 23 0
  28              		.cfi_startproc
  29              		@ args = 0, pretend = 0, frame = 0
  30              		@ frame_needed = 0, uses_anonymous_args = 0
  31              		@ link register save eliminated.
  32 0000 7047     		bx	lr
  33              		.cfi_endproc
  34              	.LFE63:
ARM GAS  C:\Users\PANXIA~1\AppData\Local\Temp\ccHaikkU.s 			page 2


  35              		.size	led_init, .-led_init
  36 0002 00BF     		.section	.text.LED_SET_NUM,"ax",%progbits
  37              		.align	2
  38              		.global	LED_SET_NUM
  39              		.thumb
  40              		.thumb_func
  41              		.type	LED_SET_NUM, %function
  42              	LED_SET_NUM:
  43              	.LFB64:
  24:.\led.c       ****     
  25:.\led.c       **** }
  26:.\led.c       **** void LED_SET_NUM(uint8 num)
  27:.\led.c       **** {
  44              		.loc 1 27 0
  45              		.cfi_startproc
  46              		@ args = 0, pretend = 0, frame = 0
  47              		@ frame_needed = 0, uses_anonymous_args = 0
  48              		@ link register save eliminated.
  49              	.LVL0:
  28:.\led.c       ****     led_num = num;
  50              		.loc 1 28 0
  51 0000 014B     		ldr	r3, .L3
  52 0002 1870     		strb	r0, [r3]
  53 0004 7047     		bx	lr
  54              	.L4:
  55 0006 00BF     		.align	2
  56              	.L3:
  57 0008 00000000 		.word	.LANCHOR0
  58              		.cfi_endproc
  59              	.LFE64:
  60              		.size	LED_SET_NUM, .-LED_SET_NUM
  61              		.section	.text.LED_loop,"ax",%progbits
  62              		.align	2
  63              		.global	LED_loop
  64              		.thumb
  65              		.thumb_func
  66              		.type	LED_loop, %function
  67              	LED_loop:
  68              	.LFB65:
  29:.\led.c       **** }
  30:.\led.c       **** void LED_loop()
  31:.\led.c       **** {
  69              		.loc 1 31 0
  70              		.cfi_startproc
  71              		@ args = 0, pretend = 0, frame = 0
  72              		@ frame_needed = 0, uses_anonymous_args = 0
  73 0000 08B5     		push	{r3, lr}
  74              		.cfi_def_cfa_offset 8
  75              		.cfi_offset 3, -8
  76              		.cfi_offset 14, -4
  32:.\led.c       ****     int i ;
  33:.\led.c       ****     
  34:.\led.c       ****     
  35:.\led.c       ****     if(led_num >0)
  77              		.loc 1 35 0
  78 0002 244B     		ldr	r3, .L12
  79 0004 1B78     		ldrb	r3, [r3]	@ zero_extendqisi2
ARM GAS  C:\Users\PANXIA~1\AppData\Local\Temp\ccHaikkU.s 			page 3


  80 0006 8BB3     		cbz	r3, .L6
  36:.\led.c       ****     {
  37:.\led.c       ****         led_togle ++;
  81              		.loc 1 37 0
  82 0008 224A     		ldr	r2, .L12
  83 000a 5378     		ldrb	r3, [r2, #1]	@ zero_extendqisi2
  84 000c 0133     		adds	r3, r3, #1
  85 000e DBB2     		uxtb	r3, r3
  86 0010 5370     		strb	r3, [r2, #1]
  38:.\led.c       ****         if(led_togle == 1)
  87              		.loc 1 38 0
  88 0012 012B     		cmp	r3, #1
  89 0014 0FD1     		bne	.L7
  39:.\led.c       ****         {
  40:.\led.c       ****           PWM_LED_1_WriteCompare(0);
  90              		.loc 1 40 0
  91 0016 0020     		movs	r0, #0
  92 0018 FFF7FEFF 		bl	PWM_LED_1_WriteCompare
  93              	.LVL1:
  41:.\led.c       ****           PWM_LED_2_WriteCompare(0);
  94              		.loc 1 41 0
  95 001c 0020     		movs	r0, #0
  96 001e FFF7FEFF 		bl	PWM_LED_2_WriteCompare
  97              	.LVL2:
  42:.\led.c       ****           PWM_LED_3_WriteCompare(0);
  98              		.loc 1 42 0
  99 0022 0020     		movs	r0, #0
 100 0024 FFF7FEFF 		bl	PWM_LED_3_WriteCompare
 101              	.LVL3:
  43:.\led.c       ****           PWM_LED_4_WriteCompare(0);
 102              		.loc 1 43 0
 103 0028 0020     		movs	r0, #0
 104 002a FFF7FEFF 		bl	PWM_LED_4_WriteCompare
 105              	.LVL4:
  44:.\led.c       ****         debug_time_Write(0);
 106              		.loc 1 44 0
 107 002e 0020     		movs	r0, #0
 108 0030 FFF7FEFF 		bl	debug_time_Write
 109              	.LVL5:
 110 0034 1AE0     		b	.L6
 111              	.L7:
  45:.\led.c       ****         }  
  46:.\led.c       ****         else if(led_togle == 2)
 112              		.loc 1 46 0
 113 0036 022B     		cmp	r3, #2
 114 0038 18D1     		bne	.L6
  47:.\led.c       ****         {   
  48:.\led.c       ****           PWM_LED_1_WriteCompare(10000);
 115              		.loc 1 48 0
 116 003a 42F21070 		movw	r0, #10000
 117 003e FFF7FEFF 		bl	PWM_LED_1_WriteCompare
 118              	.LVL6:
  49:.\led.c       ****           PWM_LED_2_WriteCompare(10000);
 119              		.loc 1 49 0
 120 0042 42F21070 		movw	r0, #10000
 121 0046 FFF7FEFF 		bl	PWM_LED_2_WriteCompare
 122              	.LVL7:
ARM GAS  C:\Users\PANXIA~1\AppData\Local\Temp\ccHaikkU.s 			page 4


  50:.\led.c       ****           PWM_LED_3_WriteCompare(10000);
 123              		.loc 1 50 0
 124 004a 42F21070 		movw	r0, #10000
 125 004e FFF7FEFF 		bl	PWM_LED_3_WriteCompare
 126              	.LVL8:
  51:.\led.c       ****           PWM_LED_4_WriteCompare(10000);
 127              		.loc 1 51 0
 128 0052 42F21070 		movw	r0, #10000
 129 0056 FFF7FEFF 		bl	PWM_LED_4_WriteCompare
 130              	.LVL9:
  52:.\led.c       ****            debug_time_Write(1);
 131              		.loc 1 52 0
 132 005a 0120     		movs	r0, #1
 133 005c FFF7FEFF 		bl	debug_time_Write
 134              	.LVL10:
  53:.\led.c       ****           led_togle = 0;
 135              		.loc 1 53 0
 136 0060 0C4B     		ldr	r3, .L12
 137 0062 0022     		movs	r2, #0
 138 0064 5A70     		strb	r2, [r3, #1]
  54:.\led.c       ****           led_num--;
 139              		.loc 1 54 0
 140 0066 1A78     		ldrb	r2, [r3]	@ zero_extendqisi2
 141 0068 013A     		subs	r2, r2, #1
 142 006a 1A70     		strb	r2, [r3]
 143              	.L6:
  55:.\led.c       ****         }
  56:.\led.c       ****     }
  57:.\led.c       ****     led_cur = g_Car.error;
 144              		.loc 1 57 0
 145 006c 0A4B     		ldr	r3, .L12+4
 146 006e 5B78     		ldrb	r3, [r3, #1]	@ zero_extendqisi2
 147 0070 084A     		ldr	r2, .L12
 148 0072 9370     		strb	r3, [r2, #2]
  58:.\led.c       ****     if(led_cur != led_per)
 149              		.loc 1 58 0
 150 0074 D278     		ldrb	r2, [r2, #3]	@ zero_extendqisi2
 151 0076 9342     		cmp	r3, r2
 152 0078 0BD0     		beq	.L5
  59:.\led.c       ****     {
  60:.\led.c       ****        if(g_Car.error == 1)
 153              		.loc 1 60 0
 154 007a 012B     		cmp	r3, #1
 155 007c 03D1     		bne	.L9
  61:.\led.c       ****        {
  62:.\led.c       ****          LED_SET_NUM(30);
 156              		.loc 1 62 0
 157 007e 1E20     		movs	r0, #30
 158 0080 FFF7FEFF 		bl	LED_SET_NUM
 159              	.LVL11:
 160 0084 02E0     		b	.L10
 161              	.L9:
  63:.\led.c       ****        }
  64:.\led.c       ****        else
  65:.\led.c       ****        {
  66:.\led.c       ****          LED_SET_NUM(1);
 162              		.loc 1 66 0
ARM GAS  C:\Users\PANXIA~1\AppData\Local\Temp\ccHaikkU.s 			page 5


 163 0086 0120     		movs	r0, #1
 164 0088 FFF7FEFF 		bl	LED_SET_NUM
 165              	.LVL12:
 166              	.L10:
  67:.\led.c       ****        }
  68:.\led.c       ****       led_per = led_cur;
 167              		.loc 1 68 0
 168 008c 014B     		ldr	r3, .L12
 169 008e 9A78     		ldrb	r2, [r3, #2]	@ zero_extendqisi2
 170 0090 DA70     		strb	r2, [r3, #3]
 171              	.L5:
 172 0092 08BD     		pop	{r3, pc}
 173              	.L13:
 174              		.align	2
 175              	.L12:
 176 0094 00000000 		.word	.LANCHOR0
 177 0098 00000000 		.word	g_Car
 178              		.cfi_endproc
 179              	.LFE65:
 180              		.size	LED_loop, .-LED_loop
 181              		.section	.text.LED_DIS_ERROR,"ax",%progbits
 182              		.align	2
 183              		.global	LED_DIS_ERROR
 184              		.thumb
 185              		.thumb_func
 186              		.type	LED_DIS_ERROR, %function
 187              	LED_DIS_ERROR:
 188              	.LFB66:
  69:.\led.c       ****     }
  70:.\led.c       **** 
  71:.\led.c       ****     
  72:.\led.c       **** 
  73:.\led.c       **** }
  74:.\led.c       **** 
  75:.\led.c       **** void LED_DIS_ERROR(uint8 num)
  76:.\led.c       **** {
 189              		.loc 1 76 0
 190              		.cfi_startproc
 191              		@ args = 0, pretend = 0, frame = 0
 192              		@ frame_needed = 0, uses_anonymous_args = 0
 193              		@ link register save eliminated.
 194              	.LVL13:
 195 0000 7047     		bx	lr
 196              		.cfi_endproc
 197              	.LFE66:
 198              		.size	LED_DIS_ERROR, .-LED_DIS_ERROR
 199              		.comm	g_Car,96,4
 200 0002 00BF     		.bss
 201              		.set	.LANCHOR0,. + 0
 202              		.type	led_num, %object
 203              		.size	led_num, 1
 204              	led_num:
 205 0000 00       		.space	1
 206              		.type	led_togle, %object
 207              		.size	led_togle, 1
 208              	led_togle:
 209 0001 00       		.space	1
ARM GAS  C:\Users\PANXIA~1\AppData\Local\Temp\ccHaikkU.s 			page 6


 210              		.type	led_cur, %object
 211              		.size	led_cur, 1
 212              	led_cur:
 213 0002 00       		.space	1
 214              		.type	led_per, %object
 215              		.size	led_per, 1
 216              	led_per:
 217 0003 00       		.space	1
 218              		.text
 219              	.Letext0:
 220              		.file 2 "d:\\program files (x86)\\cypress\\psoc creator\\3.3\\psoc creator\\import\\gnu\\arm\\4.9.
 221              		.file 3 "d:\\program files (x86)\\cypress\\psoc creator\\3.3\\psoc creator\\import\\gnu\\arm\\4.9.
 222              		.file 4 "Generated_Source\\PSoC5/cytypes.h"
 223              		.file 5 ".\\car.h"
 224              		.file 6 "Generated_Source\\PSoC5/core_cm3.h"
 225              		.file 7 "Generated_Source\\PSoC5/PWM_LED_1.h"
 226              		.file 8 "Generated_Source\\PSoC5/PWM_LED_2.h"
 227              		.file 9 "Generated_Source\\PSoC5/PWM_LED_3.h"
 228              		.file 10 "Generated_Source\\PSoC5/PWM_LED_4.h"
 229              		.file 11 "Generated_Source\\PSoC5/debug_time.h"
 230              		.section	.debug_info,"",%progbits
 231              	.Ldebug_info0:
 232 0000 8D050000 		.4byte	0x58d
 233 0004 0400     		.2byte	0x4
 234 0006 00000000 		.4byte	.Ldebug_abbrev0
 235 000a 04       		.byte	0x4
 236 000b 01       		.uleb128 0x1
 237 000c C4020000 		.4byte	.LASF87
 238 0010 01       		.byte	0x1
 239 0011 40020000 		.4byte	.LASF88
 240 0015 EC010000 		.4byte	.LASF89
 241 0019 00000000 		.4byte	.Ldebug_ranges0+0
 242 001d 00000000 		.4byte	0
 243 0021 00000000 		.4byte	.Ldebug_line0
 244 0025 02       		.uleb128 0x2
 245 0026 01       		.byte	0x1
 246 0027 06       		.byte	0x6
 247 0028 48020000 		.4byte	.LASF0
 248 002c 02       		.uleb128 0x2
 249 002d 01       		.byte	0x1
 250 002e 08       		.byte	0x8
 251 002f 20020000 		.4byte	.LASF1
 252 0033 02       		.uleb128 0x2
 253 0034 02       		.byte	0x2
 254 0035 05       		.byte	0x5
 255 0036 42000000 		.4byte	.LASF2
 256 003a 02       		.uleb128 0x2
 257 003b 02       		.byte	0x2
 258 003c 07       		.byte	0x7
 259 003d 9D020000 		.4byte	.LASF3
 260 0041 03       		.uleb128 0x3
 261 0042 89040000 		.4byte	.LASF9
 262 0046 02       		.byte	0x2
 263 0047 3F       		.byte	0x3f
 264 0048 4C000000 		.4byte	0x4c
 265 004c 02       		.uleb128 0x2
 266 004d 04       		.byte	0x4
ARM GAS  C:\Users\PANXIA~1\AppData\Local\Temp\ccHaikkU.s 			page 7


 267 004e 05       		.byte	0x5
 268 004f 7B010000 		.4byte	.LASF4
 269 0053 02       		.uleb128 0x2
 270 0054 04       		.byte	0x4
 271 0055 07       		.byte	0x7
 272 0056 0A040000 		.4byte	.LASF5
 273 005a 02       		.uleb128 0x2
 274 005b 08       		.byte	0x8
 275 005c 05       		.byte	0x5
 276 005d 5B010000 		.4byte	.LASF6
 277 0061 02       		.uleb128 0x2
 278 0062 08       		.byte	0x8
 279 0063 07       		.byte	0x7
 280 0064 54020000 		.4byte	.LASF7
 281 0068 04       		.uleb128 0x4
 282 0069 04       		.byte	0x4
 283 006a 05       		.byte	0x5
 284 006b 696E7400 		.ascii	"int\000"
 285 006f 02       		.uleb128 0x2
 286 0070 04       		.byte	0x4
 287 0071 07       		.byte	0x7
 288 0072 6B020000 		.4byte	.LASF8
 289 0076 03       		.uleb128 0x3
 290 0077 52030000 		.4byte	.LASF10
 291 007b 03       		.byte	0x3
 292 007c 2C       		.byte	0x2c
 293 007d 41000000 		.4byte	0x41
 294 0081 03       		.uleb128 0x3
 295 0082 F4000000 		.4byte	.LASF11
 296 0086 04       		.byte	0x4
 297 0087 C2       		.byte	0xc2
 298 0088 2C000000 		.4byte	0x2c
 299 008c 03       		.uleb128 0x3
 300 008d E7000000 		.4byte	.LASF12
 301 0091 04       		.byte	0x4
 302 0092 C3       		.byte	0xc3
 303 0093 3A000000 		.4byte	0x3a
 304 0097 03       		.uleb128 0x3
 305 0098 F7030000 		.4byte	.LASF13
 306 009c 04       		.byte	0x4
 307 009d C4       		.byte	0xc4
 308 009e 53000000 		.4byte	0x53
 309 00a2 03       		.uleb128 0x3
 310 00a3 EE000000 		.4byte	.LASF14
 311 00a7 04       		.byte	0x4
 312 00a8 C6       		.byte	0xc6
 313 00a9 33000000 		.4byte	0x33
 314 00ad 03       		.uleb128 0x3
 315 00ae 1C040000 		.4byte	.LASF15
 316 00b2 04       		.byte	0x4
 317 00b3 C7       		.byte	0xc7
 318 00b4 4C000000 		.4byte	0x4c
 319 00b8 02       		.uleb128 0x2
 320 00b9 04       		.byte	0x4
 321 00ba 04       		.byte	0x4
 322 00bb 55010000 		.4byte	.LASF16
 323 00bf 02       		.uleb128 0x2
ARM GAS  C:\Users\PANXIA~1\AppData\Local\Temp\ccHaikkU.s 			page 8


 324 00c0 08       		.byte	0x8
 325 00c1 04       		.byte	0x4
 326 00c2 C5000000 		.4byte	.LASF17
 327 00c6 02       		.uleb128 0x2
 328 00c7 01       		.byte	0x1
 329 00c8 08       		.byte	0x8
 330 00c9 BF020000 		.4byte	.LASF18
 331 00cd 02       		.uleb128 0x2
 332 00ce 04       		.byte	0x4
 333 00cf 07       		.byte	0x7
 334 00d0 8A010000 		.4byte	.LASF19
 335 00d4 05       		.uleb128 0x5
 336 00d5 EF030000 		.4byte	.LASF29
 337 00d9 01       		.byte	0x1
 338 00da 05       		.byte	0x5
 339 00db 0F       		.byte	0xf
 340 00dc 1C010000 		.4byte	0x11c
 341 00e0 06       		.uleb128 0x6
 342 00e1 555000   		.ascii	"UP\000"
 343 00e4 00       		.sleb128 0
 344 00e5 07       		.uleb128 0x7
 345 00e6 9A030000 		.4byte	.LASF20
 346 00ea 01       		.sleb128 1
 347 00eb 07       		.uleb128 0x7
 348 00ec D4010000 		.4byte	.LASF21
 349 00f0 02       		.sleb128 2
 350 00f1 07       		.uleb128 0x7
 351 00f2 32000000 		.4byte	.LASF22
 352 00f6 03       		.sleb128 3
 353 00f7 07       		.uleb128 0x7
 354 00f8 B7020000 		.4byte	.LASF23
 355 00fc 04       		.sleb128 4
 356 00fd 07       		.uleb128 0x7
 357 00fe A4000000 		.4byte	.LASF24
 358 0102 05       		.sleb128 5
 359 0103 07       		.uleb128 0x7
 360 0104 CA010000 		.4byte	.LASF25
 361 0108 06       		.sleb128 6
 362 0109 07       		.uleb128 0x7
 363 010a E1010000 		.4byte	.LASF26
 364 010e 07       		.sleb128 7
 365 010f 07       		.uleb128 0x7
 366 0110 A1040000 		.4byte	.LASF27
 367 0114 08       		.sleb128 8
 368 0115 07       		.uleb128 0x7
 369 0116 72010000 		.4byte	.LASF28
 370 011a 09       		.sleb128 9
 371 011b 00       		.byte	0
 372 011c 05       		.uleb128 0x5
 373 011d AD000000 		.4byte	.LASF30
 374 0121 01       		.byte	0x1
 375 0122 05       		.byte	0x5
 376 0123 14       		.byte	0x14
 377 0124 3B010000 		.4byte	0x13b
 378 0128 07       		.uleb128 0x7
 379 0129 AA010000 		.4byte	.LASF31
 380 012d 00       		.sleb128 0
ARM GAS  C:\Users\PANXIA~1\AppData\Local\Temp\ccHaikkU.s 			page 9


 381 012e 07       		.uleb128 0x7
 382 012f D5000000 		.4byte	.LASF32
 383 0133 01       		.sleb128 1
 384 0134 07       		.uleb128 0x7
 385 0135 C6040000 		.4byte	.LASF33
 386 0139 02       		.sleb128 2
 387 013a 00       		.byte	0
 388 013b 08       		.uleb128 0x8
 389 013c 04       		.byte	0x4
 390 013d 05       		.byte	0x5
 391 013e 16       		.byte	0x16
 392 013f 5C010000 		.4byte	0x15c
 393 0143 09       		.uleb128 0x9
 394 0144 70776D00 		.ascii	"pwm\000"
 395 0148 05       		.byte	0x5
 396 0149 18       		.byte	0x18
 397 014a 8C000000 		.4byte	0x8c
 398 014e 00       		.byte	0
 399 014f 09       		.uleb128 0x9
 400 0150 64697200 		.ascii	"dir\000"
 401 0154 05       		.byte	0x5
 402 0155 19       		.byte	0x19
 403 0156 1C010000 		.4byte	0x11c
 404 015a 02       		.byte	0x2
 405 015b 00       		.byte	0
 406 015c 03       		.uleb128 0x3
 407 015d 37010000 		.4byte	.LASF34
 408 0161 05       		.byte	0x5
 409 0162 1A       		.byte	0x1a
 410 0163 3B010000 		.4byte	0x13b
 411 0167 08       		.uleb128 0x8
 412 0168 14       		.byte	0x14
 413 0169 05       		.byte	0x5
 414 016a 1B       		.byte	0x1b
 415 016b D0010000 		.4byte	0x1d0
 416 016f 0A       		.uleb128 0xa
 417 0170 93030000 		.4byte	.LASF35
 418 0174 05       		.byte	0x5
 419 0175 1D       		.byte	0x1d
 420 0176 97000000 		.4byte	0x97
 421 017a 00       		.byte	0
 422 017b 0A       		.uleb128 0xa
 423 017c 22040000 		.4byte	.LASF36
 424 0180 05       		.byte	0x5
 425 0181 1E       		.byte	0x1e
 426 0182 8C000000 		.4byte	0x8c
 427 0186 04       		.byte	0x4
 428 0187 0A       		.uleb128 0xa
 429 0188 B3030000 		.4byte	.LASF37
 430 018c 05       		.byte	0x5
 431 018d 1F       		.byte	0x1f
 432 018e 8C000000 		.4byte	0x8c
 433 0192 06       		.byte	0x6
 434 0193 0A       		.uleb128 0xa
 435 0194 08010000 		.4byte	.LASF38
 436 0198 05       		.byte	0x5
 437 0199 20       		.byte	0x20
ARM GAS  C:\Users\PANXIA~1\AppData\Local\Temp\ccHaikkU.s 			page 10


 438 019a 8C000000 		.4byte	0x8c
 439 019e 08       		.byte	0x8
 440 019f 0A       		.uleb128 0xa
 441 01a0 9F030000 		.4byte	.LASF39
 442 01a4 05       		.byte	0x5
 443 01a5 21       		.byte	0x21
 444 01a6 8C000000 		.4byte	0x8c
 445 01aa 0A       		.byte	0xa
 446 01ab 0A       		.uleb128 0xa
 447 01ac 15000000 		.4byte	.LASF40
 448 01b0 05       		.byte	0x5
 449 01b1 22       		.byte	0x22
 450 01b2 97000000 		.4byte	0x97
 451 01b6 0C       		.byte	0xc
 452 01b7 0A       		.uleb128 0xa
 453 01b8 B2010000 		.4byte	.LASF41
 454 01bc 05       		.byte	0x5
 455 01bd 23       		.byte	0x23
 456 01be 8C000000 		.4byte	0x8c
 457 01c2 10       		.byte	0x10
 458 01c3 0A       		.uleb128 0xa
 459 01c4 86030000 		.4byte	.LASF42
 460 01c8 05       		.byte	0x5
 461 01c9 24       		.byte	0x24
 462 01ca 8C000000 		.4byte	0x8c
 463 01ce 12       		.byte	0x12
 464 01cf 00       		.byte	0
 465 01d0 03       		.uleb128 0x3
 466 01d1 00000000 		.4byte	.LASF43
 467 01d5 05       		.byte	0x5
 468 01d6 25       		.byte	0x25
 469 01d7 67010000 		.4byte	0x167
 470 01db 08       		.uleb128 0x8
 471 01dc 60       		.byte	0x60
 472 01dd 05       		.byte	0x5
 473 01de 26       		.byte	0x26
 474 01df 70030000 		.4byte	0x370
 475 01e3 0A       		.uleb128 0xa
 476 01e4 69010000 		.4byte	.LASF44
 477 01e8 05       		.byte	0x5
 478 01e9 28       		.byte	0x28
 479 01ea 81000000 		.4byte	0x81
 480 01ee 00       		.byte	0
 481 01ef 0A       		.uleb128 0xa
 482 01f0 C0040000 		.4byte	.LASF45
 483 01f4 05       		.byte	0x5
 484 01f5 29       		.byte	0x29
 485 01f6 81000000 		.4byte	0x81
 486 01fa 01       		.byte	0x1
 487 01fb 0A       		.uleb128 0xa
 488 01fc D1040000 		.4byte	.LASF46
 489 0200 05       		.byte	0x5
 490 0201 2A       		.byte	0x2a
 491 0202 D4000000 		.4byte	0xd4
 492 0206 02       		.byte	0x2
 493 0207 0A       		.uleb128 0xa
 494 0208 C0030000 		.4byte	.LASF47
ARM GAS  C:\Users\PANXIA~1\AppData\Local\Temp\ccHaikkU.s 			page 11


 495 020c 05       		.byte	0x5
 496 020d 2B       		.byte	0x2b
 497 020e D4000000 		.4byte	0xd4
 498 0212 03       		.byte	0x3
 499 0213 0A       		.uleb128 0xa
 500 0214 D9010000 		.4byte	.LASF48
 501 0218 05       		.byte	0x5
 502 0219 2C       		.byte	0x2c
 503 021a D4000000 		.4byte	0xd4
 504 021e 04       		.byte	0x4
 505 021f 0A       		.uleb128 0xa
 506 0220 97000000 		.4byte	.LASF49
 507 0224 05       		.byte	0x5
 508 0225 2D       		.byte	0x2d
 509 0226 D4000000 		.4byte	0xd4
 510 022a 05       		.byte	0x5
 511 022b 0A       		.uleb128 0xa
 512 022c 93040000 		.4byte	.LASF50
 513 0230 05       		.byte	0x5
 514 0231 2E       		.byte	0x2e
 515 0232 8C000000 		.4byte	0x8c
 516 0236 06       		.byte	0x6
 517 0237 0A       		.uleb128 0xa
 518 0238 78040000 		.4byte	.LASF51
 519 023c 05       		.byte	0x5
 520 023d 2F       		.byte	0x2f
 521 023e 5C010000 		.4byte	0x15c
 522 0242 08       		.byte	0x8
 523 0243 0A       		.uleb128 0xa
 524 0244 2E020000 		.4byte	.LASF52
 525 0248 05       		.byte	0x5
 526 0249 30       		.byte	0x30
 527 024a 5C010000 		.4byte	0x15c
 528 024e 0C       		.byte	0xc
 529 024f 0A       		.uleb128 0xa
 530 0250 66040000 		.4byte	.LASF53
 531 0254 05       		.byte	0x5
 532 0255 31       		.byte	0x31
 533 0256 5C010000 		.4byte	0x15c
 534 025a 10       		.byte	0x10
 535 025b 0A       		.uleb128 0xa
 536 025c 63000000 		.4byte	.LASF54
 537 0260 05       		.byte	0x5
 538 0261 32       		.byte	0x32
 539 0262 5C010000 		.4byte	0x15c
 540 0266 14       		.byte	0x14
 541 0267 0A       		.uleb128 0xa
 542 0268 3F010000 		.4byte	.LASF55
 543 026c 05       		.byte	0x5
 544 026d 33       		.byte	0x33
 545 026e 8C000000 		.4byte	0x8c
 546 0272 18       		.byte	0x18
 547 0273 0A       		.uleb128 0xa
 548 0274 5A030000 		.4byte	.LASF56
 549 0278 05       		.byte	0x5
 550 0279 34       		.byte	0x34
 551 027a 8C000000 		.4byte	0x8c
ARM GAS  C:\Users\PANXIA~1\AppData\Local\Temp\ccHaikkU.s 			page 12


 552 027e 1A       		.byte	0x1a
 553 027f 0A       		.uleb128 0xa
 554 0280 18010000 		.4byte	.LASF57
 555 0284 05       		.byte	0x5
 556 0285 35       		.byte	0x35
 557 0286 8C000000 		.4byte	0x8c
 558 028a 1C       		.byte	0x1c
 559 028b 0A       		.uleb128 0xa
 560 028c 70030000 		.4byte	.LASF58
 561 0290 05       		.byte	0x5
 562 0291 36       		.byte	0x36
 563 0292 8C000000 		.4byte	0x8c
 564 0296 1E       		.byte	0x1e
 565 0297 0A       		.uleb128 0xa
 566 0298 DE000000 		.4byte	.LASF59
 567 029c 05       		.byte	0x5
 568 029d 37       		.byte	0x37
 569 029e 81000000 		.4byte	0x81
 570 02a2 20       		.byte	0x20
 571 02a3 0A       		.uleb128 0xa
 572 02a4 88000000 		.4byte	.LASF60
 573 02a8 05       		.byte	0x5
 574 02a9 38       		.byte	0x38
 575 02aa 8C000000 		.4byte	0x8c
 576 02ae 22       		.byte	0x22
 577 02af 0A       		.uleb128 0xa
 578 02b0 24000000 		.4byte	.LASF61
 579 02b4 05       		.byte	0x5
 580 02b5 39       		.byte	0x39
 581 02b6 8C000000 		.4byte	0x8c
 582 02ba 24       		.byte	0x24
 583 02bb 0A       		.uleb128 0xa
 584 02bc 48040000 		.4byte	.LASF62
 585 02c0 05       		.byte	0x5
 586 02c1 3A       		.byte	0x3a
 587 02c2 81000000 		.4byte	0x81
 588 02c6 26       		.byte	0x26
 589 02c7 09       		.uleb128 0x9
 590 02c8 586B6D00 		.ascii	"Xkm\000"
 591 02cc 05       		.byte	0x5
 592 02cd 3B       		.byte	0x3b
 593 02ce AD000000 		.4byte	0xad
 594 02d2 28       		.byte	0x28
 595 02d3 0A       		.uleb128 0xa
 596 02d4 7E000000 		.4byte	.LASF63
 597 02d8 05       		.byte	0x5
 598 02d9 3C       		.byte	0x3c
 599 02da 81000000 		.4byte	0x81
 600 02de 2C       		.byte	0x2c
 601 02df 0A       		.uleb128 0xa
 602 02e0 5E040000 		.4byte	.LASF64
 603 02e4 05       		.byte	0x5
 604 02e5 3D       		.byte	0x3d
 605 02e6 8C000000 		.4byte	0x8c
 606 02ea 2E       		.byte	0x2e
 607 02eb 0A       		.uleb128 0xa
 608 02ec 40040000 		.4byte	.LASF65
ARM GAS  C:\Users\PANXIA~1\AppData\Local\Temp\ccHaikkU.s 			page 13


 609 02f0 05       		.byte	0x5
 610 02f1 3E       		.byte	0x3e
 611 02f2 81000000 		.4byte	0x81
 612 02f6 30       		.byte	0x30
 613 02f7 0A       		.uleb128 0xa
 614 02f8 A6040000 		.4byte	.LASF66
 615 02fc 05       		.byte	0x5
 616 02fd 3F       		.byte	0x3f
 617 02fe 97000000 		.4byte	0x97
 618 0302 34       		.byte	0x34
 619 0303 0A       		.uleb128 0xa
 620 0304 FA000000 		.4byte	.LASF67
 621 0308 05       		.byte	0x5
 622 0309 40       		.byte	0x40
 623 030a 81000000 		.4byte	0x81
 624 030e 38       		.byte	0x38
 625 030f 0A       		.uleb128 0xa
 626 0310 BF010000 		.4byte	.LASF68
 627 0314 05       		.byte	0x5
 628 0315 41       		.byte	0x41
 629 0316 D0010000 		.4byte	0x1d0
 630 031a 3C       		.byte	0x3c
 631 031b 0A       		.uleb128 0xa
 632 031c 32040000 		.4byte	.LASF69
 633 0320 05       		.byte	0x5
 634 0321 42       		.byte	0x42
 635 0322 81000000 		.4byte	0x81
 636 0326 50       		.byte	0x50
 637 0327 0A       		.uleb128 0xa
 638 0328 88020000 		.4byte	.LASF70
 639 032c 05       		.byte	0x5
 640 032d 43       		.byte	0x43
 641 032e 8C000000 		.4byte	0x8c
 642 0332 52       		.byte	0x52
 643 0333 0A       		.uleb128 0xa
 644 0334 B0020000 		.4byte	.LASF71
 645 0338 05       		.byte	0x5
 646 0339 44       		.byte	0x44
 647 033a 81000000 		.4byte	0x81
 648 033e 54       		.byte	0x54
 649 033f 09       		.uleb128 0x9
 650 0340 415F5600 		.ascii	"A_V\000"
 651 0344 05       		.byte	0x5
 652 0345 45       		.byte	0x45
 653 0346 A2000000 		.4byte	0xa2
 654 034a 56       		.byte	0x56
 655 034b 0A       		.uleb128 0xa
 656 034c FE030000 		.4byte	.LASF72
 657 0350 05       		.byte	0x5
 658 0351 46       		.byte	0x46
 659 0352 A2000000 		.4byte	0xa2
 660 0356 58       		.byte	0x58
 661 0357 0A       		.uleb128 0xa
 662 0358 80020000 		.4byte	.LASF73
 663 035c 05       		.byte	0x5
 664 035d 47       		.byte	0x47
 665 035e A2000000 		.4byte	0xa2
ARM GAS  C:\Users\PANXIA~1\AppData\Local\Temp\ccHaikkU.s 			page 14


 666 0362 5A       		.byte	0x5a
 667 0363 09       		.uleb128 0x9
 668 0364 63617000 		.ascii	"cap\000"
 669 0368 05       		.byte	0x5
 670 0369 48       		.byte	0x48
 671 036a A2000000 		.4byte	0xa2
 672 036e 5C       		.byte	0x5c
 673 036f 00       		.byte	0
 674 0370 03       		.uleb128 0x3
 675 0371 AD030000 		.4byte	.LASF74
 676 0375 05       		.byte	0x5
 677 0376 49       		.byte	0x49
 678 0377 DB010000 		.4byte	0x1db
 679 037b 0B       		.uleb128 0xb
 680 037c CC000000 		.4byte	.LASF90
 681 0380 01       		.byte	0x1
 682 0381 16       		.byte	0x16
 683 0382 00000000 		.4byte	.LFB63
 684 0386 02000000 		.4byte	.LFE63-.LFB63
 685 038a 01       		.uleb128 0x1
 686 038b 9C       		.byte	0x9c
 687 038c 0C       		.uleb128 0xc
 688 038d E3030000 		.4byte	.LASF75
 689 0391 01       		.byte	0x1
 690 0392 1A       		.byte	0x1a
 691 0393 00000000 		.4byte	.LFB64
 692 0397 0C000000 		.4byte	.LFE64-.LFB64
 693 039b 01       		.uleb128 0x1
 694 039c 9C       		.byte	0x9c
 695 039d AF030000 		.4byte	0x3af
 696 03a1 0D       		.uleb128 0xd
 697 03a2 6E756D00 		.ascii	"num\000"
 698 03a6 01       		.byte	0x1
 699 03a7 1A       		.byte	0x1a
 700 03a8 81000000 		.4byte	0x81
 701 03ac 01       		.uleb128 0x1
 702 03ad 50       		.byte	0x50
 703 03ae 00       		.byte	0
 704 03af 0E       		.uleb128 0xe
 705 03b0 2E010000 		.4byte	.LASF91
 706 03b4 01       		.byte	0x1
 707 03b5 1E       		.byte	0x1e
 708 03b6 00000000 		.4byte	.LFB65
 709 03ba 9C000000 		.4byte	.LFE65-.LFB65
 710 03be 01       		.uleb128 0x1
 711 03bf 9C       		.byte	0x9c
 712 03c0 B6040000 		.4byte	0x4b6
 713 03c4 0F       		.uleb128 0xf
 714 03c5 6900     		.ascii	"i\000"
 715 03c7 01       		.byte	0x1
 716 03c8 20       		.byte	0x20
 717 03c9 68000000 		.4byte	0x68
 718 03cd 10       		.uleb128 0x10
 719 03ce 1C000000 		.4byte	.LVL1
 720 03d2 3F050000 		.4byte	0x53f
 721 03d6 E0030000 		.4byte	0x3e0
 722 03da 11       		.uleb128 0x11
ARM GAS  C:\Users\PANXIA~1\AppData\Local\Temp\ccHaikkU.s 			page 15


 723 03db 01       		.uleb128 0x1
 724 03dc 50       		.byte	0x50
 725 03dd 01       		.uleb128 0x1
 726 03de 30       		.byte	0x30
 727 03df 00       		.byte	0
 728 03e0 10       		.uleb128 0x10
 729 03e1 22000000 		.4byte	.LVL2
 730 03e5 50050000 		.4byte	0x550
 731 03e9 F3030000 		.4byte	0x3f3
 732 03ed 11       		.uleb128 0x11
 733 03ee 01       		.uleb128 0x1
 734 03ef 50       		.byte	0x50
 735 03f0 01       		.uleb128 0x1
 736 03f1 30       		.byte	0x30
 737 03f2 00       		.byte	0
 738 03f3 10       		.uleb128 0x10
 739 03f4 28000000 		.4byte	.LVL3
 740 03f8 61050000 		.4byte	0x561
 741 03fc 06040000 		.4byte	0x406
 742 0400 11       		.uleb128 0x11
 743 0401 01       		.uleb128 0x1
 744 0402 50       		.byte	0x50
 745 0403 01       		.uleb128 0x1
 746 0404 30       		.byte	0x30
 747 0405 00       		.byte	0
 748 0406 10       		.uleb128 0x10
 749 0407 2E000000 		.4byte	.LVL4
 750 040b 72050000 		.4byte	0x572
 751 040f 19040000 		.4byte	0x419
 752 0413 11       		.uleb128 0x11
 753 0414 01       		.uleb128 0x1
 754 0415 50       		.byte	0x50
 755 0416 01       		.uleb128 0x1
 756 0417 30       		.byte	0x30
 757 0418 00       		.byte	0
 758 0419 10       		.uleb128 0x10
 759 041a 34000000 		.4byte	.LVL5
 760 041e 83050000 		.4byte	0x583
 761 0422 2C040000 		.4byte	0x42c
 762 0426 11       		.uleb128 0x11
 763 0427 01       		.uleb128 0x1
 764 0428 50       		.byte	0x50
 765 0429 01       		.uleb128 0x1
 766 042a 30       		.byte	0x30
 767 042b 00       		.byte	0
 768 042c 10       		.uleb128 0x10
 769 042d 42000000 		.4byte	.LVL6
 770 0431 3F050000 		.4byte	0x53f
 771 0435 41040000 		.4byte	0x441
 772 0439 11       		.uleb128 0x11
 773 043a 01       		.uleb128 0x1
 774 043b 50       		.byte	0x50
 775 043c 03       		.uleb128 0x3
 776 043d 0A       		.byte	0xa
 777 043e 1027     		.2byte	0x2710
 778 0440 00       		.byte	0
 779 0441 10       		.uleb128 0x10
ARM GAS  C:\Users\PANXIA~1\AppData\Local\Temp\ccHaikkU.s 			page 16


 780 0442 4A000000 		.4byte	.LVL7
 781 0446 50050000 		.4byte	0x550
 782 044a 56040000 		.4byte	0x456
 783 044e 11       		.uleb128 0x11
 784 044f 01       		.uleb128 0x1
 785 0450 50       		.byte	0x50
 786 0451 03       		.uleb128 0x3
 787 0452 0A       		.byte	0xa
 788 0453 1027     		.2byte	0x2710
 789 0455 00       		.byte	0
 790 0456 10       		.uleb128 0x10
 791 0457 52000000 		.4byte	.LVL8
 792 045b 61050000 		.4byte	0x561
 793 045f 6B040000 		.4byte	0x46b
 794 0463 11       		.uleb128 0x11
 795 0464 01       		.uleb128 0x1
 796 0465 50       		.byte	0x50
 797 0466 03       		.uleb128 0x3
 798 0467 0A       		.byte	0xa
 799 0468 1027     		.2byte	0x2710
 800 046a 00       		.byte	0
 801 046b 10       		.uleb128 0x10
 802 046c 5A000000 		.4byte	.LVL9
 803 0470 72050000 		.4byte	0x572
 804 0474 80040000 		.4byte	0x480
 805 0478 11       		.uleb128 0x11
 806 0479 01       		.uleb128 0x1
 807 047a 50       		.byte	0x50
 808 047b 03       		.uleb128 0x3
 809 047c 0A       		.byte	0xa
 810 047d 1027     		.2byte	0x2710
 811 047f 00       		.byte	0
 812 0480 10       		.uleb128 0x10
 813 0481 60000000 		.4byte	.LVL10
 814 0485 83050000 		.4byte	0x583
 815 0489 93040000 		.4byte	0x493
 816 048d 11       		.uleb128 0x11
 817 048e 01       		.uleb128 0x1
 818 048f 50       		.byte	0x50
 819 0490 01       		.uleb128 0x1
 820 0491 31       		.byte	0x31
 821 0492 00       		.byte	0
 822 0493 10       		.uleb128 0x10
 823 0494 84000000 		.4byte	.LVL11
 824 0498 8C030000 		.4byte	0x38c
 825 049c A6040000 		.4byte	0x4a6
 826 04a0 11       		.uleb128 0x11
 827 04a1 01       		.uleb128 0x1
 828 04a2 50       		.byte	0x50
 829 04a3 01       		.uleb128 0x1
 830 04a4 4E       		.byte	0x4e
 831 04a5 00       		.byte	0
 832 04a6 12       		.uleb128 0x12
 833 04a7 8C000000 		.4byte	.LVL12
 834 04ab 8C030000 		.4byte	0x38c
 835 04af 11       		.uleb128 0x11
 836 04b0 01       		.uleb128 0x1
ARM GAS  C:\Users\PANXIA~1\AppData\Local\Temp\ccHaikkU.s 			page 17


 837 04b1 50       		.byte	0x50
 838 04b2 01       		.uleb128 0x1
 839 04b3 31       		.byte	0x31
 840 04b4 00       		.byte	0
 841 04b5 00       		.byte	0
 842 04b6 0C       		.uleb128 0xc
 843 04b7 B7000000 		.4byte	.LASF76
 844 04bb 01       		.byte	0x1
 845 04bc 4B       		.byte	0x4b
 846 04bd 00000000 		.4byte	.LFB66
 847 04c1 02000000 		.4byte	.LFE66-.LFB66
 848 04c5 01       		.uleb128 0x1
 849 04c6 9C       		.byte	0x9c
 850 04c7 D9040000 		.4byte	0x4d9
 851 04cb 0D       		.uleb128 0xd
 852 04cc 6E756D00 		.ascii	"num\000"
 853 04d0 01       		.byte	0x1
 854 04d1 4B       		.byte	0x4b
 855 04d2 81000000 		.4byte	0x81
 856 04d6 01       		.uleb128 0x1
 857 04d7 50       		.byte	0x50
 858 04d8 00       		.byte	0
 859 04d9 13       		.uleb128 0x13
 860 04da 38000000 		.4byte	.LASF77
 861 04de 01       		.byte	0x1
 862 04df 11       		.byte	0x11
 863 04e0 81000000 		.4byte	0x81
 864 04e4 05       		.uleb128 0x5
 865 04e5 03       		.byte	0x3
 866 04e6 01000000 		.4byte	led_togle
 867 04ea 13       		.uleb128 0x13
 868 04eb 0D000000 		.4byte	.LASF78
 869 04ef 01       		.byte	0x1
 870 04f0 12       		.byte	0x12
 871 04f1 81000000 		.4byte	0x81
 872 04f5 05       		.uleb128 0x5
 873 04f6 03       		.byte	0x3
 874 04f7 00000000 		.4byte	led_num
 875 04fb 13       		.uleb128 0x13
 876 04fc 76000000 		.4byte	.LASF79
 877 0500 01       		.byte	0x1
 878 0501 13       		.byte	0x13
 879 0502 81000000 		.4byte	0x81
 880 0506 05       		.uleb128 0x5
 881 0507 03       		.byte	0x3
 882 0508 02000000 		.4byte	led_cur
 883 050c 13       		.uleb128 0x13
 884 050d 78020000 		.4byte	.LASF80
 885 0511 01       		.byte	0x1
 886 0512 14       		.byte	0x14
 887 0513 81000000 		.4byte	0x81
 888 0517 05       		.uleb128 0x5
 889 0518 03       		.byte	0x3
 890 0519 03000000 		.4byte	led_per
 891 051d 14       		.uleb128 0x14
 892 051e D9040000 		.4byte	.LASF81
 893 0522 06       		.byte	0x6
ARM GAS  C:\Users\PANXIA~1\AppData\Local\Temp\ccHaikkU.s 			page 18


 894 0523 2A06     		.2byte	0x62a
 895 0525 29050000 		.4byte	0x529
 896 0529 15       		.uleb128 0x15
 897 052a 76000000 		.4byte	0x76
 898 052e 16       		.uleb128 0x16
 899 052f 84010000 		.4byte	.LASF82
 900 0533 05       		.byte	0x5
 901 0534 4C       		.byte	0x4c
 902 0535 70030000 		.4byte	0x370
 903 0539 05       		.uleb128 0x5
 904 053a 03       		.byte	0x3
 905 053b 00000000 		.4byte	g_Car
 906 053f 17       		.uleb128 0x17
 907 0540 93010000 		.4byte	.LASF83
 908 0544 07       		.byte	0x7
 909 0545 C3       		.byte	0xc3
 910 0546 50050000 		.4byte	0x550
 911 054a 18       		.uleb128 0x18
 912 054b 8C000000 		.4byte	0x8c
 913 054f 00       		.byte	0
 914 0550 17       		.uleb128 0x17
 915 0551 CC030000 		.4byte	.LASF84
 916 0555 08       		.byte	0x8
 917 0556 C3       		.byte	0xc3
 918 0557 61050000 		.4byte	0x561
 919 055b 18       		.uleb128 0x18
 920 055c 8C000000 		.4byte	0x8c
 921 0560 00       		.byte	0
 922 0561 17       		.uleb128 0x17
 923 0562 4C000000 		.4byte	.LASF85
 924 0566 09       		.byte	0x9
 925 0567 C3       		.byte	0xc3
 926 0568 72050000 		.4byte	0x572
 927 056c 18       		.uleb128 0x18
 928 056d 8C000000 		.4byte	0x8c
 929 0571 00       		.byte	0
 930 0572 17       		.uleb128 0x17
 931 0573 E6040000 		.4byte	.LASF86
 932 0577 0A       		.byte	0xa
 933 0578 C3       		.byte	0xc3
 934 0579 83050000 		.4byte	0x583
 935 057d 18       		.uleb128 0x18
 936 057e 8C000000 		.4byte	0x8c
 937 0582 00       		.byte	0
 938 0583 19       		.uleb128 0x19
 939 0584 AF040000 		.4byte	.LASF92
 940 0588 0B       		.byte	0xb
 941 0589 28       		.byte	0x28
 942 058a 18       		.uleb128 0x18
 943 058b 81000000 		.4byte	0x81
 944 058f 00       		.byte	0
 945 0590 00       		.byte	0
 946              		.section	.debug_abbrev,"",%progbits
 947              	.Ldebug_abbrev0:
 948 0000 01       		.uleb128 0x1
 949 0001 11       		.uleb128 0x11
 950 0002 01       		.byte	0x1
ARM GAS  C:\Users\PANXIA~1\AppData\Local\Temp\ccHaikkU.s 			page 19


 951 0003 25       		.uleb128 0x25
 952 0004 0E       		.uleb128 0xe
 953 0005 13       		.uleb128 0x13
 954 0006 0B       		.uleb128 0xb
 955 0007 03       		.uleb128 0x3
 956 0008 0E       		.uleb128 0xe
 957 0009 1B       		.uleb128 0x1b
 958 000a 0E       		.uleb128 0xe
 959 000b 55       		.uleb128 0x55
 960 000c 17       		.uleb128 0x17
 961 000d 11       		.uleb128 0x11
 962 000e 01       		.uleb128 0x1
 963 000f 10       		.uleb128 0x10
 964 0010 17       		.uleb128 0x17
 965 0011 00       		.byte	0
 966 0012 00       		.byte	0
 967 0013 02       		.uleb128 0x2
 968 0014 24       		.uleb128 0x24
 969 0015 00       		.byte	0
 970 0016 0B       		.uleb128 0xb
 971 0017 0B       		.uleb128 0xb
 972 0018 3E       		.uleb128 0x3e
 973 0019 0B       		.uleb128 0xb
 974 001a 03       		.uleb128 0x3
 975 001b 0E       		.uleb128 0xe
 976 001c 00       		.byte	0
 977 001d 00       		.byte	0
 978 001e 03       		.uleb128 0x3
 979 001f 16       		.uleb128 0x16
 980 0020 00       		.byte	0
 981 0021 03       		.uleb128 0x3
 982 0022 0E       		.uleb128 0xe
 983 0023 3A       		.uleb128 0x3a
 984 0024 0B       		.uleb128 0xb
 985 0025 3B       		.uleb128 0x3b
 986 0026 0B       		.uleb128 0xb
 987 0027 49       		.uleb128 0x49
 988 0028 13       		.uleb128 0x13
 989 0029 00       		.byte	0
 990 002a 00       		.byte	0
 991 002b 04       		.uleb128 0x4
 992 002c 24       		.uleb128 0x24
 993 002d 00       		.byte	0
 994 002e 0B       		.uleb128 0xb
 995 002f 0B       		.uleb128 0xb
 996 0030 3E       		.uleb128 0x3e
 997 0031 0B       		.uleb128 0xb
 998 0032 03       		.uleb128 0x3
 999 0033 08       		.uleb128 0x8
 1000 0034 00       		.byte	0
 1001 0035 00       		.byte	0
 1002 0036 05       		.uleb128 0x5
 1003 0037 04       		.uleb128 0x4
 1004 0038 01       		.byte	0x1
 1005 0039 03       		.uleb128 0x3
 1006 003a 0E       		.uleb128 0xe
 1007 003b 0B       		.uleb128 0xb
ARM GAS  C:\Users\PANXIA~1\AppData\Local\Temp\ccHaikkU.s 			page 20


 1008 003c 0B       		.uleb128 0xb
 1009 003d 3A       		.uleb128 0x3a
 1010 003e 0B       		.uleb128 0xb
 1011 003f 3B       		.uleb128 0x3b
 1012 0040 0B       		.uleb128 0xb
 1013 0041 01       		.uleb128 0x1
 1014 0042 13       		.uleb128 0x13
 1015 0043 00       		.byte	0
 1016 0044 00       		.byte	0
 1017 0045 06       		.uleb128 0x6
 1018 0046 28       		.uleb128 0x28
 1019 0047 00       		.byte	0
 1020 0048 03       		.uleb128 0x3
 1021 0049 08       		.uleb128 0x8
 1022 004a 1C       		.uleb128 0x1c
 1023 004b 0D       		.uleb128 0xd
 1024 004c 00       		.byte	0
 1025 004d 00       		.byte	0
 1026 004e 07       		.uleb128 0x7
 1027 004f 28       		.uleb128 0x28
 1028 0050 00       		.byte	0
 1029 0051 03       		.uleb128 0x3
 1030 0052 0E       		.uleb128 0xe
 1031 0053 1C       		.uleb128 0x1c
 1032 0054 0D       		.uleb128 0xd
 1033 0055 00       		.byte	0
 1034 0056 00       		.byte	0
 1035 0057 08       		.uleb128 0x8
 1036 0058 13       		.uleb128 0x13
 1037 0059 01       		.byte	0x1
 1038 005a 0B       		.uleb128 0xb
 1039 005b 0B       		.uleb128 0xb
 1040 005c 3A       		.uleb128 0x3a
 1041 005d 0B       		.uleb128 0xb
 1042 005e 3B       		.uleb128 0x3b
 1043 005f 0B       		.uleb128 0xb
 1044 0060 01       		.uleb128 0x1
 1045 0061 13       		.uleb128 0x13
 1046 0062 00       		.byte	0
 1047 0063 00       		.byte	0
 1048 0064 09       		.uleb128 0x9
 1049 0065 0D       		.uleb128 0xd
 1050 0066 00       		.byte	0
 1051 0067 03       		.uleb128 0x3
 1052 0068 08       		.uleb128 0x8
 1053 0069 3A       		.uleb128 0x3a
 1054 006a 0B       		.uleb128 0xb
 1055 006b 3B       		.uleb128 0x3b
 1056 006c 0B       		.uleb128 0xb
 1057 006d 49       		.uleb128 0x49
 1058 006e 13       		.uleb128 0x13
 1059 006f 38       		.uleb128 0x38
 1060 0070 0B       		.uleb128 0xb
 1061 0071 00       		.byte	0
 1062 0072 00       		.byte	0
 1063 0073 0A       		.uleb128 0xa
 1064 0074 0D       		.uleb128 0xd
ARM GAS  C:\Users\PANXIA~1\AppData\Local\Temp\ccHaikkU.s 			page 21


 1065 0075 00       		.byte	0
 1066 0076 03       		.uleb128 0x3
 1067 0077 0E       		.uleb128 0xe
 1068 0078 3A       		.uleb128 0x3a
 1069 0079 0B       		.uleb128 0xb
 1070 007a 3B       		.uleb128 0x3b
 1071 007b 0B       		.uleb128 0xb
 1072 007c 49       		.uleb128 0x49
 1073 007d 13       		.uleb128 0x13
 1074 007e 38       		.uleb128 0x38
 1075 007f 0B       		.uleb128 0xb
 1076 0080 00       		.byte	0
 1077 0081 00       		.byte	0
 1078 0082 0B       		.uleb128 0xb
 1079 0083 2E       		.uleb128 0x2e
 1080 0084 00       		.byte	0
 1081 0085 3F       		.uleb128 0x3f
 1082 0086 19       		.uleb128 0x19
 1083 0087 03       		.uleb128 0x3
 1084 0088 0E       		.uleb128 0xe
 1085 0089 3A       		.uleb128 0x3a
 1086 008a 0B       		.uleb128 0xb
 1087 008b 3B       		.uleb128 0x3b
 1088 008c 0B       		.uleb128 0xb
 1089 008d 11       		.uleb128 0x11
 1090 008e 01       		.uleb128 0x1
 1091 008f 12       		.uleb128 0x12
 1092 0090 06       		.uleb128 0x6
 1093 0091 40       		.uleb128 0x40
 1094 0092 18       		.uleb128 0x18
 1095 0093 9742     		.uleb128 0x2117
 1096 0095 19       		.uleb128 0x19
 1097 0096 00       		.byte	0
 1098 0097 00       		.byte	0
 1099 0098 0C       		.uleb128 0xc
 1100 0099 2E       		.uleb128 0x2e
 1101 009a 01       		.byte	0x1
 1102 009b 3F       		.uleb128 0x3f
 1103 009c 19       		.uleb128 0x19
 1104 009d 03       		.uleb128 0x3
 1105 009e 0E       		.uleb128 0xe
 1106 009f 3A       		.uleb128 0x3a
 1107 00a0 0B       		.uleb128 0xb
 1108 00a1 3B       		.uleb128 0x3b
 1109 00a2 0B       		.uleb128 0xb
 1110 00a3 27       		.uleb128 0x27
 1111 00a4 19       		.uleb128 0x19
 1112 00a5 11       		.uleb128 0x11
 1113 00a6 01       		.uleb128 0x1
 1114 00a7 12       		.uleb128 0x12
 1115 00a8 06       		.uleb128 0x6
 1116 00a9 40       		.uleb128 0x40
 1117 00aa 18       		.uleb128 0x18
 1118 00ab 9742     		.uleb128 0x2117
 1119 00ad 19       		.uleb128 0x19
 1120 00ae 01       		.uleb128 0x1
 1121 00af 13       		.uleb128 0x13
ARM GAS  C:\Users\PANXIA~1\AppData\Local\Temp\ccHaikkU.s 			page 22


 1122 00b0 00       		.byte	0
 1123 00b1 00       		.byte	0
 1124 00b2 0D       		.uleb128 0xd
 1125 00b3 05       		.uleb128 0x5
 1126 00b4 00       		.byte	0
 1127 00b5 03       		.uleb128 0x3
 1128 00b6 08       		.uleb128 0x8
 1129 00b7 3A       		.uleb128 0x3a
 1130 00b8 0B       		.uleb128 0xb
 1131 00b9 3B       		.uleb128 0x3b
 1132 00ba 0B       		.uleb128 0xb
 1133 00bb 49       		.uleb128 0x49
 1134 00bc 13       		.uleb128 0x13
 1135 00bd 02       		.uleb128 0x2
 1136 00be 18       		.uleb128 0x18
 1137 00bf 00       		.byte	0
 1138 00c0 00       		.byte	0
 1139 00c1 0E       		.uleb128 0xe
 1140 00c2 2E       		.uleb128 0x2e
 1141 00c3 01       		.byte	0x1
 1142 00c4 3F       		.uleb128 0x3f
 1143 00c5 19       		.uleb128 0x19
 1144 00c6 03       		.uleb128 0x3
 1145 00c7 0E       		.uleb128 0xe
 1146 00c8 3A       		.uleb128 0x3a
 1147 00c9 0B       		.uleb128 0xb
 1148 00ca 3B       		.uleb128 0x3b
 1149 00cb 0B       		.uleb128 0xb
 1150 00cc 11       		.uleb128 0x11
 1151 00cd 01       		.uleb128 0x1
 1152 00ce 12       		.uleb128 0x12
 1153 00cf 06       		.uleb128 0x6
 1154 00d0 40       		.uleb128 0x40
 1155 00d1 18       		.uleb128 0x18
 1156 00d2 9742     		.uleb128 0x2117
 1157 00d4 19       		.uleb128 0x19
 1158 00d5 01       		.uleb128 0x1
 1159 00d6 13       		.uleb128 0x13
 1160 00d7 00       		.byte	0
 1161 00d8 00       		.byte	0
 1162 00d9 0F       		.uleb128 0xf
 1163 00da 34       		.uleb128 0x34
 1164 00db 00       		.byte	0
 1165 00dc 03       		.uleb128 0x3
 1166 00dd 08       		.uleb128 0x8
 1167 00de 3A       		.uleb128 0x3a
 1168 00df 0B       		.uleb128 0xb
 1169 00e0 3B       		.uleb128 0x3b
 1170 00e1 0B       		.uleb128 0xb
 1171 00e2 49       		.uleb128 0x49
 1172 00e3 13       		.uleb128 0x13
 1173 00e4 00       		.byte	0
 1174 00e5 00       		.byte	0
 1175 00e6 10       		.uleb128 0x10
 1176 00e7 898201   		.uleb128 0x4109
 1177 00ea 01       		.byte	0x1
 1178 00eb 11       		.uleb128 0x11
ARM GAS  C:\Users\PANXIA~1\AppData\Local\Temp\ccHaikkU.s 			page 23


 1179 00ec 01       		.uleb128 0x1
 1180 00ed 31       		.uleb128 0x31
 1181 00ee 13       		.uleb128 0x13
 1182 00ef 01       		.uleb128 0x1
 1183 00f0 13       		.uleb128 0x13
 1184 00f1 00       		.byte	0
 1185 00f2 00       		.byte	0
 1186 00f3 11       		.uleb128 0x11
 1187 00f4 8A8201   		.uleb128 0x410a
 1188 00f7 00       		.byte	0
 1189 00f8 02       		.uleb128 0x2
 1190 00f9 18       		.uleb128 0x18
 1191 00fa 9142     		.uleb128 0x2111
 1192 00fc 18       		.uleb128 0x18
 1193 00fd 00       		.byte	0
 1194 00fe 00       		.byte	0
 1195 00ff 12       		.uleb128 0x12
 1196 0100 898201   		.uleb128 0x4109
 1197 0103 01       		.byte	0x1
 1198 0104 11       		.uleb128 0x11
 1199 0105 01       		.uleb128 0x1
 1200 0106 31       		.uleb128 0x31
 1201 0107 13       		.uleb128 0x13
 1202 0108 00       		.byte	0
 1203 0109 00       		.byte	0
 1204 010a 13       		.uleb128 0x13
 1205 010b 34       		.uleb128 0x34
 1206 010c 00       		.byte	0
 1207 010d 03       		.uleb128 0x3
 1208 010e 0E       		.uleb128 0xe
 1209 010f 3A       		.uleb128 0x3a
 1210 0110 0B       		.uleb128 0xb
 1211 0111 3B       		.uleb128 0x3b
 1212 0112 0B       		.uleb128 0xb
 1213 0113 49       		.uleb128 0x49
 1214 0114 13       		.uleb128 0x13
 1215 0115 02       		.uleb128 0x2
 1216 0116 18       		.uleb128 0x18
 1217 0117 00       		.byte	0
 1218 0118 00       		.byte	0
 1219 0119 14       		.uleb128 0x14
 1220 011a 34       		.uleb128 0x34
 1221 011b 00       		.byte	0
 1222 011c 03       		.uleb128 0x3
 1223 011d 0E       		.uleb128 0xe
 1224 011e 3A       		.uleb128 0x3a
 1225 011f 0B       		.uleb128 0xb
 1226 0120 3B       		.uleb128 0x3b
 1227 0121 05       		.uleb128 0x5
 1228 0122 49       		.uleb128 0x49
 1229 0123 13       		.uleb128 0x13
 1230 0124 3F       		.uleb128 0x3f
 1231 0125 19       		.uleb128 0x19
 1232 0126 3C       		.uleb128 0x3c
 1233 0127 19       		.uleb128 0x19
 1234 0128 00       		.byte	0
 1235 0129 00       		.byte	0
ARM GAS  C:\Users\PANXIA~1\AppData\Local\Temp\ccHaikkU.s 			page 24


 1236 012a 15       		.uleb128 0x15
 1237 012b 35       		.uleb128 0x35
 1238 012c 00       		.byte	0
 1239 012d 49       		.uleb128 0x49
 1240 012e 13       		.uleb128 0x13
 1241 012f 00       		.byte	0
 1242 0130 00       		.byte	0
 1243 0131 16       		.uleb128 0x16
 1244 0132 34       		.uleb128 0x34
 1245 0133 00       		.byte	0
 1246 0134 03       		.uleb128 0x3
 1247 0135 0E       		.uleb128 0xe
 1248 0136 3A       		.uleb128 0x3a
 1249 0137 0B       		.uleb128 0xb
 1250 0138 3B       		.uleb128 0x3b
 1251 0139 0B       		.uleb128 0xb
 1252 013a 49       		.uleb128 0x49
 1253 013b 13       		.uleb128 0x13
 1254 013c 3F       		.uleb128 0x3f
 1255 013d 19       		.uleb128 0x19
 1256 013e 02       		.uleb128 0x2
 1257 013f 18       		.uleb128 0x18
 1258 0140 00       		.byte	0
 1259 0141 00       		.byte	0
 1260 0142 17       		.uleb128 0x17
 1261 0143 2E       		.uleb128 0x2e
 1262 0144 01       		.byte	0x1
 1263 0145 3F       		.uleb128 0x3f
 1264 0146 19       		.uleb128 0x19
 1265 0147 03       		.uleb128 0x3
 1266 0148 0E       		.uleb128 0xe
 1267 0149 3A       		.uleb128 0x3a
 1268 014a 0B       		.uleb128 0xb
 1269 014b 3B       		.uleb128 0x3b
 1270 014c 0B       		.uleb128 0xb
 1271 014d 27       		.uleb128 0x27
 1272 014e 19       		.uleb128 0x19
 1273 014f 3C       		.uleb128 0x3c
 1274 0150 19       		.uleb128 0x19
 1275 0151 01       		.uleb128 0x1
 1276 0152 13       		.uleb128 0x13
 1277 0153 00       		.byte	0
 1278 0154 00       		.byte	0
 1279 0155 18       		.uleb128 0x18
 1280 0156 05       		.uleb128 0x5
 1281 0157 00       		.byte	0
 1282 0158 49       		.uleb128 0x49
 1283 0159 13       		.uleb128 0x13
 1284 015a 00       		.byte	0
 1285 015b 00       		.byte	0
 1286 015c 19       		.uleb128 0x19
 1287 015d 2E       		.uleb128 0x2e
 1288 015e 01       		.byte	0x1
 1289 015f 3F       		.uleb128 0x3f
 1290 0160 19       		.uleb128 0x19
 1291 0161 03       		.uleb128 0x3
 1292 0162 0E       		.uleb128 0xe
ARM GAS  C:\Users\PANXIA~1\AppData\Local\Temp\ccHaikkU.s 			page 25


 1293 0163 3A       		.uleb128 0x3a
 1294 0164 0B       		.uleb128 0xb
 1295 0165 3B       		.uleb128 0x3b
 1296 0166 0B       		.uleb128 0xb
 1297 0167 27       		.uleb128 0x27
 1298 0168 19       		.uleb128 0x19
 1299 0169 3C       		.uleb128 0x3c
 1300 016a 19       		.uleb128 0x19
 1301 016b 00       		.byte	0
 1302 016c 00       		.byte	0
 1303 016d 00       		.byte	0
 1304              		.section	.debug_aranges,"",%progbits
 1305 0000 34000000 		.4byte	0x34
 1306 0004 0200     		.2byte	0x2
 1307 0006 00000000 		.4byte	.Ldebug_info0
 1308 000a 04       		.byte	0x4
 1309 000b 00       		.byte	0
 1310 000c 0000     		.2byte	0
 1311 000e 0000     		.2byte	0
 1312 0010 00000000 		.4byte	.LFB63
 1313 0014 02000000 		.4byte	.LFE63-.LFB63
 1314 0018 00000000 		.4byte	.LFB64
 1315 001c 0C000000 		.4byte	.LFE64-.LFB64
 1316 0020 00000000 		.4byte	.LFB65
 1317 0024 9C000000 		.4byte	.LFE65-.LFB65
 1318 0028 00000000 		.4byte	.LFB66
 1319 002c 02000000 		.4byte	.LFE66-.LFB66
 1320 0030 00000000 		.4byte	0
 1321 0034 00000000 		.4byte	0
 1322              		.section	.debug_ranges,"",%progbits
 1323              	.Ldebug_ranges0:
 1324 0000 00000000 		.4byte	.LFB63
 1325 0004 02000000 		.4byte	.LFE63
 1326 0008 00000000 		.4byte	.LFB64
 1327 000c 0C000000 		.4byte	.LFE64
 1328 0010 00000000 		.4byte	.LFB65
 1329 0014 9C000000 		.4byte	.LFE65
 1330 0018 00000000 		.4byte	.LFB66
 1331 001c 02000000 		.4byte	.LFE66
 1332 0020 00000000 		.4byte	0
 1333 0024 00000000 		.4byte	0
 1334              		.section	.debug_line,"",%progbits
 1335              	.Ldebug_line0:
 1336 0000 F9010000 		.section	.debug_str,"MS",%progbits,1
 1336      02009F01 
 1336      00000201 
 1336      FB0E0D00 
 1336      01010101 
 1337              	.LASF43:
 1338 0000 535F5359 		.ascii	"S_SYSTEMINFO\000"
 1338      5354454D 
 1338      494E464F 
 1338      00
 1339              	.LASF78:
 1340 000d 6C65645F 		.ascii	"led_num\000"
 1340      6E756D00 
 1341              	.LASF40:
ARM GAS  C:\Users\PANXIA~1\AppData\Local\Temp\ccHaikkU.s 			page 26


 1342 0015 746F746F 		.ascii	"totol_run_time\000"
 1342      6C5F7275 
 1342      6E5F7469 
 1342      6D6500
 1343              	.LASF61:
 1344 0024 64697374 		.ascii	"distance_back\000"
 1344      616E6365 
 1344      5F626163 
 1344      6B00
 1345              	.LASF22:
 1346 0032 52494748 		.ascii	"RIGHT\000"
 1346      5400
 1347              	.LASF77:
 1348 0038 6C65645F 		.ascii	"led_togle\000"
 1348      746F676C 
 1348      6500
 1349              	.LASF2:
 1350 0042 73686F72 		.ascii	"short int\000"
 1350      7420696E 
 1350      7400
 1351              	.LASF85:
 1352 004c 50574D5F 		.ascii	"PWM_LED_3_WriteCompare\000"
 1352      4C45445F 
 1352      335F5772 
 1352      69746543 
 1352      6F6D7061 
 1353              	.LASF54:
 1354 0063 72696768 		.ascii	"right_behind_wheel\000"
 1354      745F6265 
 1354      68696E64 
 1354      5F776865 
 1354      656C00
 1355              	.LASF79:
 1356 0076 6C65645F 		.ascii	"led_cur\000"
 1356      63757200 
 1357              	.LASF63:
 1358 007e 4D5F436F 		.ascii	"M_Command\000"
 1358      6D6D616E 
 1358      6400
 1359              	.LASF60:
 1360 0088 64697374 		.ascii	"distance_front\000"
 1360      616E6365 
 1360      5F66726F 
 1360      6E7400
 1361              	.LASF49:
 1362 0097 7365745F 		.ascii	"set_push_dir\000"
 1362      70757368 
 1362      5F646972 
 1362      00
 1363              	.LASF24:
 1364 00a4 55505F52 		.ascii	"UP_RIGHT\000"
 1364      49474854 
 1364      00
 1365              	.LASF30:
 1366 00ad 57484545 		.ascii	"WHEEL_DIR\000"
 1366      4C5F4449 
 1366      5200
ARM GAS  C:\Users\PANXIA~1\AppData\Local\Temp\ccHaikkU.s 			page 27


 1367              	.LASF76:
 1368 00b7 4C45445F 		.ascii	"LED_DIS_ERROR\000"
 1368      4449535F 
 1368      4552524F 
 1368      5200
 1369              	.LASF17:
 1370 00c5 646F7562 		.ascii	"double\000"
 1370      6C6500
 1371              	.LASF90:
 1372 00cc 6C65645F 		.ascii	"led_init\000"
 1372      696E6974 
 1372      00
 1373              	.LASF32:
 1374 00d5 52455645 		.ascii	"REVERSAL\000"
 1374      5253414C 
 1374      00
 1375              	.LASF59:
 1376 00de 68656172 		.ascii	"hearting\000"
 1376      74696E67 
 1376      00
 1377              	.LASF12:
 1378 00e7 75696E74 		.ascii	"uint16\000"
 1378      313600
 1379              	.LASF14:
 1380 00ee 696E7431 		.ascii	"int16\000"
 1380      3600
 1381              	.LASF11:
 1382 00f4 75696E74 		.ascii	"uint8\000"
 1382      3800
 1383              	.LASF67:
 1384 00fa 66616C6C 		.ascii	"fallback_mode\000"
 1384      6261636B 
 1384      5F6D6F64 
 1384      6500
 1385              	.LASF38:
 1386 0108 6361725F 		.ascii	"car_runing_time\000"
 1386      72756E69 
 1386      6E675F74 
 1386      696D6500 
 1387              	.LASF57:
 1388 0118 73746565 		.ascii	"steering_cur_positon2\000"
 1388      72696E67 
 1388      5F637572 
 1388      5F706F73 
 1388      69746F6E 
 1389              	.LASF91:
 1390 012e 4C45445F 		.ascii	"LED_loop\000"
 1390      6C6F6F70 
 1390      00
 1391              	.LASF34:
 1392 0137 535F5748 		.ascii	"S_WHEEL\000"
 1392      45454C00 
 1393              	.LASF55:
 1394 013f 73746565 		.ascii	"steering_cur_positon1\000"
 1394      72696E67 
 1394      5F637572 
 1394      5F706F73 
ARM GAS  C:\Users\PANXIA~1\AppData\Local\Temp\ccHaikkU.s 			page 28


 1394      69746F6E 
 1395              	.LASF16:
 1396 0155 666C6F61 		.ascii	"float\000"
 1396      7400
 1397              	.LASF6:
 1398 015b 6C6F6E67 		.ascii	"long long int\000"
 1398      206C6F6E 
 1398      6720696E 
 1398      7400
 1399              	.LASF44:
 1400 0169 4361725F 		.ascii	"Car_lock\000"
 1400      6C6F636B 
 1400      00
 1401              	.LASF28:
 1402 0172 57414954 		.ascii	"WAIT_DIR\000"
 1402      5F444952 
 1402      00
 1403              	.LASF4:
 1404 017b 6C6F6E67 		.ascii	"long int\000"
 1404      20696E74 
 1404      00
 1405              	.LASF82:
 1406 0184 675F4361 		.ascii	"g_Car\000"
 1406      7200
 1407              	.LASF19:
 1408 018a 73697A65 		.ascii	"sizetype\000"
 1408      74797065 
 1408      00
 1409              	.LASF83:
 1410 0193 50574D5F 		.ascii	"PWM_LED_1_WriteCompare\000"
 1410      4C45445F 
 1410      315F5772 
 1410      69746543 
 1410      6F6D7061 
 1411              	.LASF31:
 1412 01aa 464F5257 		.ascii	"FORWARD\000"
 1412      41524400 
 1413              	.LASF41:
 1414 01b2 68617264 		.ascii	"hardware_ver\000"
 1414      77617265 
 1414      5F766572 
 1414      00
 1415              	.LASF68:
 1416 01bf 73797374 		.ascii	"systeminfo\000"
 1416      656D696E 
 1416      666F00
 1417              	.LASF25:
 1418 01ca 444F574E 		.ascii	"DOWN_LEFT\000"
 1418      5F4C4546 
 1418      5400
 1419              	.LASF21:
 1420 01d4 4C454654 		.ascii	"LEFT\000"
 1420      00
 1421              	.LASF48:
 1422 01d9 7072655F 		.ascii	"pre_dir\000"
 1422      64697200 
 1423              	.LASF26:
ARM GAS  C:\Users\PANXIA~1\AppData\Local\Temp\ccHaikkU.s 			page 29


 1424 01e1 444F574E 		.ascii	"DOWN_RIGHT\000"
 1424      5F524947 
 1424      485400
 1425              	.LASF89:
 1426 01ec 463A5C70 		.ascii	"F:\\project\\robot\\T1\\FW\\trunk\\robot_car_V5\\ca"
 1426      726F6A65 
 1426      63745C72 
 1426      6F626F74 
 1426      5C54315C 
 1427 0218 722E6379 		.ascii	"r.cydsn\000"
 1427      64736E00 
 1428              	.LASF1:
 1429 0220 756E7369 		.ascii	"unsigned char\000"
 1429      676E6564 
 1429      20636861 
 1429      7200
 1430              	.LASF52:
 1431 022e 6C656674 		.ascii	"left_behind_wheel\000"
 1431      5F626568 
 1431      696E645F 
 1431      77686565 
 1431      6C00
 1432              	.LASF88:
 1433 0240 2E5C6C65 		.ascii	".\\led.c\000"
 1433      642E6300 
 1434              	.LASF0:
 1435 0248 7369676E 		.ascii	"signed char\000"
 1435      65642063 
 1435      68617200 
 1436              	.LASF7:
 1437 0254 6C6F6E67 		.ascii	"long long unsigned int\000"
 1437      206C6F6E 
 1437      6720756E 
 1437      7369676E 
 1437      65642069 
 1438              	.LASF8:
 1439 026b 756E7369 		.ascii	"unsigned int\000"
 1439      676E6564 
 1439      20696E74 
 1439      00
 1440              	.LASF80:
 1441 0278 6C65645F 		.ascii	"led_per\000"
 1441      70657200 
 1442              	.LASF73:
 1443 0280 63757272 		.ascii	"current\000"
 1443      656E7400 
 1444              	.LASF70:
 1445 0288 73706565 		.ascii	"speed_control_preiod\000"
 1445      645F636F 
 1445      6E74726F 
 1445      6C5F7072 
 1445      65696F64 
 1446              	.LASF3:
 1447 029d 73686F72 		.ascii	"short unsigned int\000"
 1447      7420756E 
 1447      7369676E 
 1447      65642069 
ARM GAS  C:\Users\PANXIA~1\AppData\Local\Temp\ccHaikkU.s 			page 30


 1447      6E7400
 1448              	.LASF71:
 1449 02b0 6C696865 		.ascii	"liheqi\000"
 1449      716900
 1450              	.LASF23:
 1451 02b7 55505F4C 		.ascii	"UP_LEFT\000"
 1451      45465400 
 1452              	.LASF18:
 1453 02bf 63686172 		.ascii	"char\000"
 1453      00
 1454              	.LASF87:
 1455 02c4 474E5520 		.ascii	"GNU C 4.9.3 20150303 (release) [ARM/embedded-4_9-br"
 1455      4320342E 
 1455      392E3320 
 1455      32303135 
 1455      30333033 
 1456 02f7 616E6368 		.ascii	"anch revision 221220] -mcpu=cortex-m3 -mthumb -g -O"
 1456      20726576 
 1456      6973696F 
 1456      6E203232 
 1456      31323230 
 1457 032a 67202D66 		.ascii	"g -ffunction-sections -ffat-lto-objects\000"
 1457      66756E63 
 1457      74696F6E 
 1457      2D736563 
 1457      74696F6E 
 1458              	.LASF10:
 1459 0352 696E7433 		.ascii	"int32_t\000"
 1459      325F7400 
 1460              	.LASF56:
 1461 035a 73746565 		.ascii	"steering_set_positon1\000"
 1461      72696E67 
 1461      5F736574 
 1461      5F706F73 
 1461      69746F6E 
 1462              	.LASF58:
 1463 0370 73746565 		.ascii	"steering_set_positon2\000"
 1463      72696E67 
 1463      5F736574 
 1463      5F706F73 
 1463      69746F6E 
 1464              	.LASF42:
 1465 0386 736F6674 		.ascii	"software_ver\000"
 1465      77617265 
 1465      5F766572 
 1465      00
 1466              	.LASF35:
 1467 0393 4E554C4C 		.ascii	"NULL_S\000"
 1467      5F5300
 1468              	.LASF20:
 1469 039a 444F574E 		.ascii	"DOWN\000"
 1469      00
 1470              	.LASF39:
 1471 039f 6C617374 		.ascii	"last_run_time\000"
 1471      5F72756E 
 1471      5F74696D 
 1471      6500
ARM GAS  C:\Users\PANXIA~1\AppData\Local\Temp\ccHaikkU.s 			page 31


 1472              	.LASF74:
 1473 03ad 535F4341 		.ascii	"S_CAR\000"
 1473      5200
 1474              	.LASF37:
 1475 03b3 6375725F 		.ascii	"cur_run_time\000"
 1475      72756E5F 
 1475      74696D65 
 1475      00
 1476              	.LASF47:
 1477 03c0 7365745F 		.ascii	"set_ptz_dir\000"
 1477      70747A5F 
 1477      64697200 
 1478              	.LASF84:
 1479 03cc 50574D5F 		.ascii	"PWM_LED_2_WriteCompare\000"
 1479      4C45445F 
 1479      325F5772 
 1479      69746543 
 1479      6F6D7061 
 1480              	.LASF75:
 1481 03e3 4C45445F 		.ascii	"LED_SET_NUM\000"
 1481      5345545F 
 1481      4E554D00 
 1482              	.LASF29:
 1483 03ef 4341525F 		.ascii	"CAR_DIR\000"
 1483      44495200 
 1484              	.LASF13:
 1485 03f7 75696E74 		.ascii	"uint32\000"
 1485      333200
 1486              	.LASF72:
 1487 03fe 62617474 		.ascii	"batteryTemp\000"
 1487      65727954 
 1487      656D7000 
 1488              	.LASF5:
 1489 040a 6C6F6E67 		.ascii	"long unsigned int\000"
 1489      20756E73 
 1489      69676E65 
 1489      6420696E 
 1489      7400
 1490              	.LASF15:
 1491 041c 696E7433 		.ascii	"int32\000"
 1491      3200
 1492              	.LASF36:
 1493 0422 746F746F 		.ascii	"totol_run_count\000"
 1493      6C5F7275 
 1493      6E5F636F 
 1493      756E7400 
 1494              	.LASF69:
 1495 0432 73687574 		.ascii	"shutdown_flag\000"
 1495      646F776E 
 1495      5F666C61 
 1495      6700
 1496              	.LASF65:
 1497 0440 4D5F7261 		.ascii	"M_radix\000"
 1497      64697800 
 1498              	.LASF62:
 1499 0448 6D656173 		.ascii	"measure_distance_flag\000"
 1499      7572655F 
ARM GAS  C:\Users\PANXIA~1\AppData\Local\Temp\ccHaikkU.s 			page 32


 1499      64697374 
 1499      616E6365 
 1499      5F666C61 
 1500              	.LASF64:
 1501 045e 4D5F7661 		.ascii	"M_value\000"
 1501      6C756500 
 1502              	.LASF53:
 1503 0466 72696768 		.ascii	"right_front_wheel\000"
 1503      745F6672 
 1503      6F6E745F 
 1503      77686565 
 1503      6C00
 1504              	.LASF51:
 1505 0478 6C656674 		.ascii	"left_front_wheel\000"
 1505      5F66726F 
 1505      6E745F77 
 1505      6865656C 
 1505      00
 1506              	.LASF9:
 1507 0489 5F5F696E 		.ascii	"__int32_t\000"
 1507      7433325F 
 1507      7400
 1508              	.LASF50:
 1509 0493 7365745F 		.ascii	"set_car_speed\000"
 1509      6361725F 
 1509      73706565 
 1509      6400
 1510              	.LASF27:
 1511 04a1 53544F50 		.ascii	"STOP\000"
 1511      00
 1512              	.LASF66:
 1513 04a6 4D5F7265 		.ascii	"M_result\000"
 1513      73756C74 
 1513      00
 1514              	.LASF92:
 1515 04af 64656275 		.ascii	"debug_time_Write\000"
 1515      675F7469 
 1515      6D655F57 
 1515      72697465 
 1515      00
 1516              	.LASF45:
 1517 04c0 6572726F 		.ascii	"error\000"
 1517      7200
 1518              	.LASF33:
 1519 04c6 57484545 		.ascii	"WHEEL_STOP\000"
 1519      4C5F5354 
 1519      4F5000
 1520              	.LASF46:
 1521 04d1 7365745F 		.ascii	"set_dir\000"
 1521      64697200 
 1522              	.LASF81:
 1523 04d9 49544D5F 		.ascii	"ITM_RxBuffer\000"
 1523      52784275 
 1523      66666572 
 1523      00
 1524              	.LASF86:
 1525 04e6 50574D5F 		.ascii	"PWM_LED_4_WriteCompare\000"
ARM GAS  C:\Users\PANXIA~1\AppData\Local\Temp\ccHaikkU.s 			page 33


 1525      4C45445F 
 1525      345F5772 
 1525      69746543 
 1525      6F6D7061 
 1526              		.ident	"GCC: (GNU Tools for ARM Embedded Processors) 4.9.3 20150303 (release) [ARM/embedded-4_9-br
