ARM GAS  C:\Users\PANXIA~1\AppData\Local\Temp\ccfIXroa.s 			page 1


   1              		.syntax unified
   2              		.cpu cortex-m3
   3              		.fpu softvfp
   4              		.eabi_attribute 20, 1
   5              		.eabi_attribute 21, 1
   6              		.eabi_attribute 23, 3
   7              		.eabi_attribute 24, 1
   8              		.eabi_attribute 25, 1
   9              		.eabi_attribute 26, 1
  10              		.eabi_attribute 30, 1
  11              		.eabi_attribute 34, 1
  12              		.eabi_attribute 18, 4
  13              		.thumb
  14              		.file	"M_thickness.c"
  15              		.text
  16              	.Ltext0:
  17              		.cfi_sections	.debug_frame
  18              		.section	.text.shutdown_50s,"ax",%progbits
  19              		.align	2
  20              		.global	shutdown_50s
  21              		.thumb
  22              		.thumb_func
  23              		.type	shutdown_50s, %function
  24              	shutdown_50s:
  25              	.LFB63:
  26              		.file 1 ".\\M_thickness.c"
   1:.\M_thickness.c **** /* ========================================
   2:.\M_thickness.c ****  *
   3:.\M_thickness.c ****  * Copyright YOUR COMPANY, THE YEAR
   4:.\M_thickness.c ****  * All Rights Reserved
   5:.\M_thickness.c ****  * UNPUBLISHED, LICENSED SOFTWARE.
   6:.\M_thickness.c ****  *
   7:.\M_thickness.c ****  * CONFIDENTIAL AND PROPRIETARY INFORMATION
   8:.\M_thickness.c ****  * WHICH IS THE PROPERTY OF your company.
   9:.\M_thickness.c ****  *
  10:.\M_thickness.c ****  * ========================================
  11:.\M_thickness.c **** */
  12:.\M_thickness.c **** #include "M_thickness.h"
  13:.\M_thickness.c **** #include "Car.h"
  14:.\M_thickness.c **** 
  15:.\M_thickness.c **** 
  16:.\M_thickness.c **** uint8 change_flag = 0;
  17:.\M_thickness.c **** void M_Data_Receive_Anl(uint8 *data_buf,uint8 num);
  18:.\M_thickness.c **** void shutdown_50s()
  19:.\M_thickness.c **** {
  27              		.loc 1 19 0
  28              		.cfi_startproc
  29              		@ args = 0, pretend = 0, frame = 0
  30              		@ frame_needed = 0, uses_anonymous_args = 0
  31 0000 08B5     		push	{r3, lr}
  32              		.cfi_def_cfa_offset 8
  33              		.cfi_offset 3, -8
  34              		.cfi_offset 14, -4
  20:.\M_thickness.c ****  
  21:.\M_thickness.c ****      M_DOWN_Write(1);
  35              		.loc 1 21 0
  36 0002 0120     		movs	r0, #1
ARM GAS  C:\Users\PANXIA~1\AppData\Local\Temp\ccfIXroa.s 			page 2


  37 0004 FFF7FEFF 		bl	M_DOWN_Write
  38              	.LVL0:
  22:.\M_thickness.c ****      M_UP_Write(1);
  39              		.loc 1 22 0
  40 0008 0120     		movs	r0, #1
  41 000a FFF7FEFF 		bl	M_UP_Write
  42              	.LVL1:
  23:.\M_thickness.c ****      M_ZERO_Write(1);
  43              		.loc 1 23 0
  44 000e 0120     		movs	r0, #1
  45 0010 FFF7FEFF 		bl	M_ZERO_Write
  46              	.LVL2:
  47 0014 08BD     		pop	{r3, pc}
  48              		.cfi_endproc
  49              	.LFE63:
  50              		.size	shutdown_50s, .-shutdown_50s
  51 0016 00BF     		.section	.text.Control_M_loop,"ax",%progbits
  52              		.align	2
  53              		.global	Control_M_loop
  54              		.thumb
  55              		.thumb_func
  56              		.type	Control_M_loop, %function
  57              	Control_M_loop:
  58              	.LFB64:
  24:.\M_thickness.c **** }
  25:.\M_thickness.c **** void Control_M_loop()
  26:.\M_thickness.c **** {
  59              		.loc 1 26 0
  60              		.cfi_startproc
  61              		@ args = 0, pretend = 0, frame = 0
  62              		@ frame_needed = 0, uses_anonymous_args = 0
  63 0000 08B5     		push	{r3, lr}
  64              		.cfi_def_cfa_offset 8
  65              		.cfi_offset 3, -8
  66              		.cfi_offset 14, -4
  27:.\M_thickness.c ****     if(g_Car.M_Command == M_POWER_ON)
  67              		.loc 1 27 0
  68 0002 444B     		ldr	r3, .L15
  69 0004 93F82C30 		ldrb	r3, [r3, #44]	@ zero_extendqisi2
  70 0008 012B     		cmp	r3, #1
  71 000a 1FD1     		bne	.L4
  28:.\M_thickness.c ****     {
  29:.\M_thickness.c ****         if(change_flag == 0) 
  72              		.loc 1 29 0
  73 000c 424B     		ldr	r3, .L15+4
  74 000e 1B78     		ldrb	r3, [r3]	@ zero_extendqisi2
  75 0010 7BB9     		cbnz	r3, .L5
  30:.\M_thickness.c ****         {
  31:.\M_thickness.c ****             M_PWR_Write(1) ;//导通继电器输出5v
  76              		.loc 1 31 0
  77 0012 0120     		movs	r0, #1
  78 0014 FFF7FEFF 		bl	M_PWR_Write
  79              	.LVL3:
  32:.\M_thickness.c ****             M_DOWN_Write(0);
  80              		.loc 1 32 0
  81 0018 0020     		movs	r0, #0
  82 001a FFF7FEFF 		bl	M_DOWN_Write
ARM GAS  C:\Users\PANXIA~1\AppData\Local\Temp\ccfIXroa.s 			page 3


  83              	.LVL4:
  33:.\M_thickness.c ****             M_UP_Write(0)  ;
  84              		.loc 1 33 0
  85 001e 0020     		movs	r0, #0
  86 0020 FFF7FEFF 		bl	M_UP_Write
  87              	.LVL5:
  34:.\M_thickness.c ****             M_ZERO_Write(0);
  88              		.loc 1 34 0
  89 0024 0020     		movs	r0, #0
  90 0026 FFF7FEFF 		bl	M_ZERO_Write
  91              	.LVL6:
  35:.\M_thickness.c ****             
  36:.\M_thickness.c ****             change_flag = 1;
  92              		.loc 1 36 0
  93 002a 0122     		movs	r2, #1
  94 002c 3A4B     		ldr	r3, .L15+4
  95 002e 1A70     		strb	r2, [r3]
  96 0030 08BD     		pop	{r3, pc}
  97              	.L5:
  37:.\M_thickness.c ****         }
  38:.\M_thickness.c ****         else
  39:.\M_thickness.c ****         {
  40:.\M_thickness.c ****             M_PWR_Write(0);
  98              		.loc 1 40 0
  99 0032 0020     		movs	r0, #0
 100 0034 FFF7FEFF 		bl	M_PWR_Write
 101              	.LVL7:
  41:.\M_thickness.c ****             change_flag = 0; 
 102              		.loc 1 41 0
 103 0038 0022     		movs	r2, #0
 104 003a 374B     		ldr	r3, .L15+4
 105 003c 1A70     		strb	r2, [r3]
  42:.\M_thickness.c ****             g_Car.M_Command = M_NONE;
 106              		.loc 1 42 0
 107 003e 354B     		ldr	r3, .L15
 108 0040 83F82C20 		strb	r2, [r3, #44]
  43:.\M_thickness.c ****             g_Car.shutdown_flag = 1;
 109              		.loc 1 43 0
 110 0044 0122     		movs	r2, #1
 111 0046 83F85020 		strb	r2, [r3, #80]
 112 004a 08BD     		pop	{r3, pc}
 113              	.L4:
  44:.\M_thickness.c ****         }
  45:.\M_thickness.c ****         
  46:.\M_thickness.c ****     }
  47:.\M_thickness.c ****     else if(g_Car.M_Command == M_SHUT_DOWN)
 114              		.loc 1 47 0
 115 004c 022B     		cmp	r3, #2
 116 004e 16D1     		bne	.L7
  48:.\M_thickness.c ****     {
  49:.\M_thickness.c ****         if(change_flag == 0) 
 117              		.loc 1 49 0
 118 0050 314B     		ldr	r3, .L15+4
 119 0052 1B78     		ldrb	r3, [r3]	@ zero_extendqisi2
 120 0054 1BB9     		cbnz	r3, .L8
  50:.\M_thickness.c ****         {
  51:.\M_thickness.c ****         
ARM GAS  C:\Users\PANXIA~1\AppData\Local\Temp\ccfIXroa.s 			page 4


  52:.\M_thickness.c ****             change_flag = 1;
 121              		.loc 1 52 0
 122 0056 0122     		movs	r2, #1
 123 0058 2F4B     		ldr	r3, .L15+4
 124 005a 1A70     		strb	r2, [r3]
 125 005c 08BD     		pop	{r3, pc}
 126              	.L8:
  53:.\M_thickness.c ****         }
  54:.\M_thickness.c ****         else
  55:.\M_thickness.c ****         { 
  56:.\M_thickness.c ****     
  57:.\M_thickness.c ****             
  58:.\M_thickness.c ****             M_DOWN_Write(1);
 127              		.loc 1 58 0
 128 005e 0120     		movs	r0, #1
 129 0060 FFF7FEFF 		bl	M_DOWN_Write
 130              	.LVL8:
  59:.\M_thickness.c ****             M_UP_Write(1);
 131              		.loc 1 59 0
 132 0064 0120     		movs	r0, #1
 133 0066 FFF7FEFF 		bl	M_UP_Write
 134              	.LVL9:
  60:.\M_thickness.c ****             M_ZERO_Write(1);
 135              		.loc 1 60 0
 136 006a 0120     		movs	r0, #1
 137 006c FFF7FEFF 		bl	M_ZERO_Write
 138              	.LVL10:
  61:.\M_thickness.c ****           
  62:.\M_thickness.c ****             change_flag = 0; 
 139              		.loc 1 62 0
 140 0070 0023     		movs	r3, #0
 141 0072 294A     		ldr	r2, .L15+4
 142 0074 1370     		strb	r3, [r2]
  63:.\M_thickness.c ****             g_Car.M_Command = M_NONE;
 143              		.loc 1 63 0
 144 0076 274A     		ldr	r2, .L15
 145 0078 82F82C30 		strb	r3, [r2, #44]
 146 007c 08BD     		pop	{r3, pc}
 147              	.L7:
  64:.\M_thickness.c ****         }
  65:.\M_thickness.c ****     }
  66:.\M_thickness.c ****     else if (g_Car.M_Command == M_UP)
 148              		.loc 1 66 0
 149 007e 032B     		cmp	r3, #3
 150 0080 16D1     		bne	.L9
  67:.\M_thickness.c ****     {
  68:.\M_thickness.c ****         if(change_flag == 0) 
 151              		.loc 1 68 0
 152 0082 254B     		ldr	r3, .L15+4
 153 0084 1B78     		ldrb	r3, [r3]	@ zero_extendqisi2
 154 0086 33B9     		cbnz	r3, .L10
  69:.\M_thickness.c ****         {
  70:.\M_thickness.c ****             M_UP_Write(1) ;
 155              		.loc 1 70 0
 156 0088 0120     		movs	r0, #1
 157 008a FFF7FEFF 		bl	M_UP_Write
 158              	.LVL11:
ARM GAS  C:\Users\PANXIA~1\AppData\Local\Temp\ccfIXroa.s 			page 5


  71:.\M_thickness.c ****             change_flag = 1;
 159              		.loc 1 71 0
 160 008e 0122     		movs	r2, #1
 161 0090 214B     		ldr	r3, .L15+4
 162 0092 1A70     		strb	r2, [r3]
 163 0094 08BD     		pop	{r3, pc}
 164              	.L10:
  72:.\M_thickness.c ****         }
  73:.\M_thickness.c ****         else
  74:.\M_thickness.c ****         { 
  75:.\M_thickness.c ****             M_UP_Write(0);
 165              		.loc 1 75 0
 166 0096 0020     		movs	r0, #0
 167 0098 FFF7FEFF 		bl	M_UP_Write
 168              	.LVL12:
  76:.\M_thickness.c ****        
  77:.\M_thickness.c ****             change_flag = 0; 
 169              		.loc 1 77 0
 170 009c 0022     		movs	r2, #0
 171 009e 1E4B     		ldr	r3, .L15+4
 172 00a0 1A70     		strb	r2, [r3]
  78:.\M_thickness.c ****             g_Car.M_Command  =  M_NONE;
 173              		.loc 1 78 0
 174 00a2 1C4B     		ldr	r3, .L15
 175 00a4 83F82C20 		strb	r2, [r3, #44]
  79:.\M_thickness.c ****              g_Car.shutdown_flag = 1;
 176              		.loc 1 79 0
 177 00a8 0122     		movs	r2, #1
 178 00aa 83F85020 		strb	r2, [r3, #80]
 179 00ae 08BD     		pop	{r3, pc}
 180              	.L9:
  80:.\M_thickness.c ****         }
  81:.\M_thickness.c ****     }
  82:.\M_thickness.c ****     else if (g_Car.M_Command == M_DOWN)
 181              		.loc 1 82 0
 182 00b0 042B     		cmp	r3, #4
 183 00b2 16D1     		bne	.L11
  83:.\M_thickness.c ****     {
  84:.\M_thickness.c ****         if(change_flag == 0) 
 184              		.loc 1 84 0
 185 00b4 184B     		ldr	r3, .L15+4
 186 00b6 1B78     		ldrb	r3, [r3]	@ zero_extendqisi2
 187 00b8 33B9     		cbnz	r3, .L12
  85:.\M_thickness.c ****         {
  86:.\M_thickness.c ****             M_DOWN_Write(1) ;
 188              		.loc 1 86 0
 189 00ba 0120     		movs	r0, #1
 190 00bc FFF7FEFF 		bl	M_DOWN_Write
 191              	.LVL13:
  87:.\M_thickness.c ****             change_flag = 1;
 192              		.loc 1 87 0
 193 00c0 0122     		movs	r2, #1
 194 00c2 154B     		ldr	r3, .L15+4
 195 00c4 1A70     		strb	r2, [r3]
 196 00c6 08BD     		pop	{r3, pc}
 197              	.L12:
  88:.\M_thickness.c ****         }
ARM GAS  C:\Users\PANXIA~1\AppData\Local\Temp\ccfIXroa.s 			page 6


  89:.\M_thickness.c ****         else
  90:.\M_thickness.c ****         { 
  91:.\M_thickness.c ****             M_DOWN_Write(0);
 198              		.loc 1 91 0
 199 00c8 0020     		movs	r0, #0
 200 00ca FFF7FEFF 		bl	M_DOWN_Write
 201              	.LVL14:
  92:.\M_thickness.c ****        
  93:.\M_thickness.c ****             change_flag = 0; 
 202              		.loc 1 93 0
 203 00ce 0022     		movs	r2, #0
 204 00d0 114B     		ldr	r3, .L15+4
 205 00d2 1A70     		strb	r2, [r3]
  94:.\M_thickness.c ****             g_Car.M_Command = M_NONE;
 206              		.loc 1 94 0
 207 00d4 0F4B     		ldr	r3, .L15
 208 00d6 83F82C20 		strb	r2, [r3, #44]
  95:.\M_thickness.c ****              g_Car.shutdown_flag = 1;
 209              		.loc 1 95 0
 210 00da 0122     		movs	r2, #1
 211 00dc 83F85020 		strb	r2, [r3, #80]
 212 00e0 08BD     		pop	{r3, pc}
 213              	.L11:
  96:.\M_thickness.c ****         }
  97:.\M_thickness.c ****     }
  98:.\M_thickness.c ****     else if (g_Car.M_Command == M_ZERO)
 214              		.loc 1 98 0
 215 00e2 052B     		cmp	r3, #5
 216 00e4 15D1     		bne	.L3
  99:.\M_thickness.c ****     {
 100:.\M_thickness.c ****         if(change_flag == 0) 
 217              		.loc 1 100 0
 218 00e6 0C4B     		ldr	r3, .L15+4
 219 00e8 1B78     		ldrb	r3, [r3]	@ zero_extendqisi2
 220 00ea 33B9     		cbnz	r3, .L13
 101:.\M_thickness.c ****         {
 102:.\M_thickness.c ****             M_ZERO_Write(1) ;
 221              		.loc 1 102 0
 222 00ec 0120     		movs	r0, #1
 223 00ee FFF7FEFF 		bl	M_ZERO_Write
 224              	.LVL15:
 103:.\M_thickness.c ****             change_flag = 1;
 225              		.loc 1 103 0
 226 00f2 0122     		movs	r2, #1
 227 00f4 084B     		ldr	r3, .L15+4
 228 00f6 1A70     		strb	r2, [r3]
 229 00f8 08BD     		pop	{r3, pc}
 230              	.L13:
 104:.\M_thickness.c ****         }
 105:.\M_thickness.c ****         else
 106:.\M_thickness.c ****         { 
 107:.\M_thickness.c ****             M_ZERO_Write(0);
 231              		.loc 1 107 0
 232 00fa 0020     		movs	r0, #0
 233 00fc FFF7FEFF 		bl	M_ZERO_Write
 234              	.LVL16:
 108:.\M_thickness.c ****        
ARM GAS  C:\Users\PANXIA~1\AppData\Local\Temp\ccfIXroa.s 			page 7


 109:.\M_thickness.c ****             change_flag = 0; 
 235              		.loc 1 109 0
 236 0100 0022     		movs	r2, #0
 237 0102 054B     		ldr	r3, .L15+4
 238 0104 1A70     		strb	r2, [r3]
 110:.\M_thickness.c ****             g_Car.M_Command = M_NONE;
 239              		.loc 1 110 0
 240 0106 034B     		ldr	r3, .L15
 241 0108 83F82C20 		strb	r2, [r3, #44]
 111:.\M_thickness.c ****              g_Car.shutdown_flag = 1;
 242              		.loc 1 111 0
 243 010c 0122     		movs	r2, #1
 244 010e 83F85020 		strb	r2, [r3, #80]
 245              	.L3:
 246 0112 08BD     		pop	{r3, pc}
 247              	.L16:
 248              		.align	2
 249              	.L15:
 250 0114 00000000 		.word	g_Car
 251 0118 00000000 		.word	.LANCHOR0
 252              		.cfi_endproc
 253              	.LFE64:
 254              		.size	Control_M_loop, .-Control_M_loop
 255              		.section	.text.M_Data_Receive_Anl,"ax",%progbits
 256              		.align	2
 257              		.global	M_Data_Receive_Anl
 258              		.thumb
 259              		.thumb_func
 260              		.type	M_Data_Receive_Anl, %function
 261              	M_Data_Receive_Anl:
 262              	.LFB66:
 112:.\M_thickness.c ****         }
 113:.\M_thickness.c ****     }
 114:.\M_thickness.c ****     
 115:.\M_thickness.c **** }
 116:.\M_thickness.c ****  static uint8 temp[50];
 117:.\M_thickness.c ****     static uint16 count;
 118:.\M_thickness.c **** 
 119:.\M_thickness.c **** void M_Data_Receive_Prepare(uint8 data)
 120:.\M_thickness.c **** {
 121:.\M_thickness.c **** 	static uint8 RxBuffer[50];
 122:.\M_thickness.c ****    
 123:.\M_thickness.c **** 	static uint8 _data_len = 0,_data_cnt = 0;
 124:.\M_thickness.c **** 	static uint8 state = 0;
 125:.\M_thickness.c ****     
 126:.\M_thickness.c **** 	temp[count] = data;
 127:.\M_thickness.c ****     count++;
 128:.\M_thickness.c **** 	if(state==0&&data==16)
 129:.\M_thickness.c **** 	{
 130:.\M_thickness.c **** 		state=1;
 131:.\M_thickness.c **** 		RxBuffer[0]=data;
 132:.\M_thickness.c **** 	}
 133:.\M_thickness.c **** 	else if(state==1&&data==8)
 134:.\M_thickness.c **** 	{
 135:.\M_thickness.c **** 		state=2;
 136:.\M_thickness.c **** 		RxBuffer[1]=data;
 137:.\M_thickness.c **** 	}
ARM GAS  C:\Users\PANXIA~1\AppData\Local\Temp\ccfIXroa.s 			page 8


 138:.\M_thickness.c **** 	else if(state==2&&data==7) //fuciton
 139:.\M_thickness.c **** 	{
 140:.\M_thickness.c **** 		state=3;
 141:.\M_thickness.c **** 		RxBuffer[2]=data;
 142:.\M_thickness.c ****         _data_len = 7;
 143:.\M_thickness.c **** 		_data_cnt = 0;
 144:.\M_thickness.c **** 	}
 145:.\M_thickness.c **** 	else if(state==3&&_data_len>0)//data
 146:.\M_thickness.c **** 	{
 147:.\M_thickness.c **** 		_data_len--;
 148:.\M_thickness.c **** 		RxBuffer[3+_data_cnt++]=data;
 149:.\M_thickness.c **** 		if(_data_len==0)
 150:.\M_thickness.c **** 		   state = 4;
 151:.\M_thickness.c **** 	}
 152:.\M_thickness.c **** 	else if(state==4)//sum
 153:.\M_thickness.c **** 	{
 154:.\M_thickness.c **** 		state = 0;
 155:.\M_thickness.c **** 		RxBuffer[3+_data_cnt]=data;
 156:.\M_thickness.c **** 		M_Data_Receive_Anl(RxBuffer,_data_cnt+4);
 157:.\M_thickness.c ****         count = 0;
 158:.\M_thickness.c **** 	}
 159:.\M_thickness.c **** 	else
 160:.\M_thickness.c **** 		state = 0;
 161:.\M_thickness.c ****     
 162:.\M_thickness.c **** 
 163:.\M_thickness.c **** }
 164:.\M_thickness.c **** void M_Data_Receive_Anl(uint8 *data_buf,uint8 num)
 165:.\M_thickness.c **** {
 263              		.loc 1 165 0
 264              		.cfi_startproc
 265              		@ args = 0, pretend = 0, frame = 0
 266              		@ frame_needed = 0, uses_anonymous_args = 0
 267              		@ link register save eliminated.
 268              	.LVL17:
 269 0000 10B4     		push	{r4}
 270              		.cfi_def_cfa_offset 4
 271              		.cfi_offset 4, -4
 272              	.LVL18:
 166:.\M_thickness.c ****     uint8 sum = 0;
 167:.\M_thickness.c ****     uint8 temp = 0;
 168:.\M_thickness.c ****     
 169:.\M_thickness.c ****     uint8 i=0;
 170:.\M_thickness.c **** 	for( i=1;i<(num-1);i++)
 273              		.loc 1 170 0
 274 0002 0123     		movs	r3, #1
 166:.\M_thickness.c ****     uint8 sum = 0;
 275              		.loc 1 166 0
 276 0004 0022     		movs	r2, #0
 277              		.loc 1 170 0
 278 0006 04E0     		b	.L18
 279              	.LVL19:
 280              	.L19:
 171:.\M_thickness.c **** 		sum += *(data_buf+i);
 281              		.loc 1 171 0 discriminator 3
 282 0008 C45C     		ldrb	r4, [r0, r3]	@ zero_extendqisi2
 283 000a 2244     		add	r2, r2, r4
 284              	.LVL20:
ARM GAS  C:\Users\PANXIA~1\AppData\Local\Temp\ccfIXroa.s 			page 9


 285 000c D2B2     		uxtb	r2, r2
 286              	.LVL21:
 170:.\M_thickness.c **** 		sum += *(data_buf+i);
 287              		.loc 1 170 0 discriminator 3
 288 000e 0133     		adds	r3, r3, #1
 289              	.LVL22:
 290 0010 DBB2     		uxtb	r3, r3
 291              	.LVL23:
 292              	.L18:
 170:.\M_thickness.c **** 		sum += *(data_buf+i);
 293              		.loc 1 170 0 is_stmt 0 discriminator 1
 294 0012 4C1E     		subs	r4, r1, #1
 295 0014 A342     		cmp	r3, r4
 296 0016 F7DB     		blt	.L19
 172:.\M_thickness.c **** 	if(!(sum==*(data_buf+num-1)))		return;		                
 297              		.loc 1 172 0 is_stmt 1
 298 0018 035D     		ldrb	r3, [r0, r4]	@ zero_extendqisi2
 299              	.LVL24:
 300 001a 9342     		cmp	r3, r2
 301 001c 0DD1     		bne	.L17
 173:.\M_thickness.c ****     g_Car.M_value = *(data_buf+7)*10+*(data_buf+8);
 302              		.loc 1 173 0
 303 001e C379     		ldrb	r3, [r0, #7]	@ zero_extendqisi2
 304 0020 017A     		ldrb	r1, [r0, #8]	@ zero_extendqisi2
 305              	.LVL25:
 306 0022 074A     		ldr	r2, .L22
 307              	.LVL26:
 308 0024 03EB8303 		add	r3, r3, r3, lsl #2
 309 0028 5C00     		lsls	r4, r3, #1
 310 002a 6318     		adds	r3, r4, r1
 311 002c D385     		strh	r3, [r2, #46]	@ movhi
 174:.\M_thickness.c ****     g_Car.M_radix = *(data_buf+9);
 312              		.loc 1 174 0
 313 002e 437A     		ldrb	r3, [r0, #9]	@ zero_extendqisi2
 314 0030 82F83030 		strb	r3, [r2, #48]
 175:.\M_thickness.c ****     
 176:.\M_thickness.c ****     g_Car.shutdown_flag = 1;
 315              		.loc 1 176 0
 316 0034 0123     		movs	r3, #1
 317 0036 82F85030 		strb	r3, [r2, #80]
 318              	.L17:
 177:.\M_thickness.c **** 
 178:.\M_thickness.c **** }
 319              		.loc 1 178 0
 320 003a 5DF8044B 		ldr	r4, [sp], #4
 321              		.cfi_restore 4
 322              		.cfi_def_cfa_offset 0
 323 003e 7047     		bx	lr
 324              	.L23:
 325              		.align	2
 326              	.L22:
 327 0040 00000000 		.word	g_Car
 328              		.cfi_endproc
 329              	.LFE66:
 330              		.size	M_Data_Receive_Anl, .-M_Data_Receive_Anl
 331              		.section	.text.M_Data_Receive_Prepare,"ax",%progbits
 332              		.align	2
ARM GAS  C:\Users\PANXIA~1\AppData\Local\Temp\ccfIXroa.s 			page 10


 333              		.global	M_Data_Receive_Prepare
 334              		.thumb
 335              		.thumb_func
 336              		.type	M_Data_Receive_Prepare, %function
 337              	M_Data_Receive_Prepare:
 338              	.LFB65:
 120:.\M_thickness.c **** 	static uint8 RxBuffer[50];
 339              		.loc 1 120 0
 340              		.cfi_startproc
 341              		@ args = 0, pretend = 0, frame = 0
 342              		@ frame_needed = 0, uses_anonymous_args = 0
 343              	.LVL27:
 344 0000 38B5     		push	{r3, r4, r5, lr}
 345              		.cfi_def_cfa_offset 16
 346              		.cfi_offset 3, -16
 347              		.cfi_offset 4, -12
 348              		.cfi_offset 5, -8
 349              		.cfi_offset 14, -4
 126:.\M_thickness.c ****     count++;
 350              		.loc 1 126 0
 351 0002 2F4B     		ldr	r3, .L32
 352 0004 5A88     		ldrh	r2, [r3, #2]
 353 0006 9918     		adds	r1, r3, r2
 354 0008 0871     		strb	r0, [r1, #4]
 127:.\M_thickness.c **** 	if(state==0&&data==16)
 355              		.loc 1 127 0
 356 000a 0132     		adds	r2, r2, #1
 357 000c 5A80     		strh	r2, [r3, #2]	@ movhi
 128:.\M_thickness.c **** 	{
 358              		.loc 1 128 0
 359 000e 93F83630 		ldrb	r3, [r3, #54]	@ zero_extendqisi2
 360 0012 43B9     		cbnz	r3, .L25
 128:.\M_thickness.c **** 	{
 361              		.loc 1 128 0 is_stmt 0 discriminator 1
 362 0014 1028     		cmp	r0, #16
 363 0016 06D1     		bne	.L25
 130:.\M_thickness.c **** 		RxBuffer[0]=data;
 364              		.loc 1 130 0 is_stmt 1
 365 0018 294B     		ldr	r3, .L32
 366 001a 0122     		movs	r2, #1
 367 001c 83F83620 		strb	r2, [r3, #54]
 131:.\M_thickness.c **** 	}
 368              		.loc 1 131 0
 369 0020 83F83800 		strb	r0, [r3, #56]
 370 0024 38BD     		pop	{r3, r4, r5, pc}
 371              	.L25:
 133:.\M_thickness.c **** 	{
 372              		.loc 1 133 0
 373 0026 012B     		cmp	r3, #1
 374 0028 08D1     		bne	.L27
 133:.\M_thickness.c **** 	{
 375              		.loc 1 133 0 is_stmt 0 discriminator 1
 376 002a 0828     		cmp	r0, #8
 377 002c 06D1     		bne	.L27
 135:.\M_thickness.c **** 		RxBuffer[1]=data;
 378              		.loc 1 135 0 is_stmt 1
 379 002e 244B     		ldr	r3, .L32
ARM GAS  C:\Users\PANXIA~1\AppData\Local\Temp\ccfIXroa.s 			page 11


 380 0030 0222     		movs	r2, #2
 381 0032 83F83620 		strb	r2, [r3, #54]
 136:.\M_thickness.c **** 	}
 382              		.loc 1 136 0
 383 0036 83F83900 		strb	r0, [r3, #57]
 384 003a 38BD     		pop	{r3, r4, r5, pc}
 385              	.L27:
 138:.\M_thickness.c **** 	{
 386              		.loc 1 138 0
 387 003c 022B     		cmp	r3, #2
 388 003e 0ED1     		bne	.L28
 138:.\M_thickness.c **** 	{
 389              		.loc 1 138 0 is_stmt 0 discriminator 1
 390 0040 0728     		cmp	r0, #7
 391 0042 0CD1     		bne	.L28
 140:.\M_thickness.c **** 		RxBuffer[2]=data;
 392              		.loc 1 140 0 is_stmt 1
 393 0044 1E4B     		ldr	r3, .L32
 394 0046 0322     		movs	r2, #3
 395 0048 83F83620 		strb	r2, [r3, #54]
 141:.\M_thickness.c ****         _data_len = 7;
 396              		.loc 1 141 0
 397 004c 83F83A00 		strb	r0, [r3, #58]
 142:.\M_thickness.c **** 		_data_cnt = 0;
 398              		.loc 1 142 0
 399 0050 0722     		movs	r2, #7
 400 0052 83F86A20 		strb	r2, [r3, #106]
 143:.\M_thickness.c **** 	}
 401              		.loc 1 143 0
 402 0056 0022     		movs	r2, #0
 403 0058 83F86B20 		strb	r2, [r3, #107]
 404 005c 38BD     		pop	{r3, r4, r5, pc}
 405              	.L28:
 145:.\M_thickness.c **** 	{
 406              		.loc 1 145 0
 407 005e 032B     		cmp	r3, #3
 408 0060 15D1     		bne	.L29
 145:.\M_thickness.c **** 	{
 409              		.loc 1 145 0 is_stmt 0 discriminator 1
 410 0062 174A     		ldr	r2, .L32
 411 0064 92F86A20 		ldrb	r2, [r2, #106]	@ zero_extendqisi2
 412 0068 8AB1     		cbz	r2, .L29
 147:.\M_thickness.c **** 		RxBuffer[3+_data_cnt++]=data;
 413              		.loc 1 147 0 is_stmt 1
 414 006a 013A     		subs	r2, r2, #1
 415 006c D2B2     		uxtb	r2, r2
 416 006e 1449     		ldr	r1, .L32
 417 0070 81F86A20 		strb	r2, [r1, #106]
 148:.\M_thickness.c **** 		if(_data_len==0)
 418              		.loc 1 148 0
 419 0074 91F86B30 		ldrb	r3, [r1, #107]	@ zero_extendqisi2
 420 0078 5C1C     		adds	r4, r3, #1
 421 007a 81F86B40 		strb	r4, [r1, #107]
 422 007e 0B44     		add	r3, r3, r1
 423 0080 83F83B00 		strb	r0, [r3, #59]
 149:.\M_thickness.c **** 		   state = 4;
 424              		.loc 1 149 0
ARM GAS  C:\Users\PANXIA~1\AppData\Local\Temp\ccfIXroa.s 			page 12


 425 0084 D2B9     		cbnz	r2, .L24
 150:.\M_thickness.c **** 	}
 426              		.loc 1 150 0
 427 0086 0422     		movs	r2, #4
 428 0088 81F83620 		strb	r2, [r1, #54]
 429 008c 38BD     		pop	{r3, r4, r5, pc}
 430              	.L29:
 152:.\M_thickness.c **** 	{
 431              		.loc 1 152 0
 432 008e 042B     		cmp	r3, #4
 433 0090 10D1     		bne	.L30
 154:.\M_thickness.c **** 		RxBuffer[3+_data_cnt]=data;
 434              		.loc 1 154 0
 435 0092 0B4C     		ldr	r4, .L32
 436 0094 0025     		movs	r5, #0
 437 0096 84F83650 		strb	r5, [r4, #54]
 155:.\M_thickness.c **** 		M_Data_Receive_Anl(RxBuffer,_data_cnt+4);
 438              		.loc 1 155 0
 439 009a 94F86B10 		ldrb	r1, [r4, #107]	@ zero_extendqisi2
 440 009e 6318     		adds	r3, r4, r1
 441 00a0 83F83B00 		strb	r0, [r3, #59]
 156:.\M_thickness.c ****         count = 0;
 442              		.loc 1 156 0
 443 00a4 0431     		adds	r1, r1, #4
 444 00a6 04F13800 		add	r0, r4, #56
 445              	.LVL28:
 446 00aa C9B2     		uxtb	r1, r1
 447 00ac FFF7FEFF 		bl	M_Data_Receive_Anl
 448              	.LVL29:
 157:.\M_thickness.c **** 	}
 449              		.loc 1 157 0
 450 00b0 6580     		strh	r5, [r4, #2]	@ movhi
 451 00b2 38BD     		pop	{r3, r4, r5, pc}
 452              	.LVL30:
 453              	.L30:
 160:.\M_thickness.c ****     
 454              		.loc 1 160 0
 455 00b4 0022     		movs	r2, #0
 456 00b6 024B     		ldr	r3, .L32
 457 00b8 83F83620 		strb	r2, [r3, #54]
 458              	.L24:
 459 00bc 38BD     		pop	{r3, r4, r5, pc}
 460              	.L33:
 461 00be 00BF     		.align	2
 462              	.L32:
 463 00c0 00000000 		.word	.LANCHOR0
 464              		.cfi_endproc
 465              	.LFE65:
 466              		.size	M_Data_Receive_Prepare, .-M_Data_Receive_Prepare
 467              		.global	change_flag
 468              		.comm	g_Car,96,4
 469              		.bss
 470              		.align	2
 471              		.set	.LANCHOR0,. + 0
 472              		.type	change_flag, %object
 473              		.size	change_flag, 1
 474              	change_flag:
ARM GAS  C:\Users\PANXIA~1\AppData\Local\Temp\ccfIXroa.s 			page 13


 475 0000 00       		.space	1
 476 0001 00       		.space	1
 477              		.type	count, %object
 478              		.size	count, 2
 479              	count:
 480 0002 0000     		.space	2
 481              		.type	temp, %object
 482              		.size	temp, 50
 483              	temp:
 484 0004 00000000 		.space	50
 484      00000000 
 484      00000000 
 484      00000000 
 484      00000000 
 485              		.type	state.6805, %object
 486              		.size	state.6805, 1
 487              	state.6805:
 488 0036 00       		.space	1
 489 0037 00       		.space	1
 490              		.type	RxBuffer.6802, %object
 491              		.size	RxBuffer.6802, 50
 492              	RxBuffer.6802:
 493 0038 00000000 		.space	50
 493      00000000 
 493      00000000 
 493      00000000 
 493      00000000 
 494              		.type	_data_len.6803, %object
 495              		.size	_data_len.6803, 1
 496              	_data_len.6803:
 497 006a 00       		.space	1
 498              		.type	_data_cnt.6804, %object
 499              		.size	_data_cnt.6804, 1
 500              	_data_cnt.6804:
 501 006b 00       		.space	1
 502              		.text
 503              	.Letext0:
 504              		.file 2 "d:\\program files (x86)\\cypress\\psoc creator\\3.3\\psoc creator\\import\\gnu\\arm\\4.9.
 505              		.file 3 "d:\\program files (x86)\\cypress\\psoc creator\\3.3\\psoc creator\\import\\gnu\\arm\\4.9.
 506              		.file 4 "Generated_Source\\PSoC5/cytypes.h"
 507              		.file 5 ".\\Car.h"
 508              		.file 6 "Generated_Source\\PSoC5/core_cm3.h"
 509              		.file 7 "Generated_Source\\PSoC5/M_DOWN.h"
 510              		.file 8 "Generated_Source\\PSoC5/M_UP.h"
 511              		.file 9 "Generated_Source\\PSoC5/M_ZERO.h"
 512              		.file 10 "Generated_Source\\PSoC5/M_PWR.h"
 513              		.section	.debug_info,"",%progbits
 514              	.Ldebug_info0:
 515 0000 5D060000 		.4byte	0x65d
 516 0004 0400     		.2byte	0x4
 517 0006 00000000 		.4byte	.Ldebug_abbrev0
 518 000a 04       		.byte	0x4
 519 000b 01       		.uleb128 0x1
 520 000c F1020000 		.4byte	.LASF93
 521 0010 01       		.byte	0x1
 522 0011 B0000000 		.4byte	.LASF94
 523 0015 2A020000 		.4byte	.LASF95
ARM GAS  C:\Users\PANXIA~1\AppData\Local\Temp\ccfIXroa.s 			page 14


 524 0019 00000000 		.4byte	.Ldebug_ranges0+0
 525 001d 00000000 		.4byte	0
 526 0021 00000000 		.4byte	.Ldebug_line0
 527 0025 02       		.uleb128 0x2
 528 0026 01       		.byte	0x1
 529 0027 06       		.byte	0x6
 530 0028 6C020000 		.4byte	.LASF0
 531 002c 02       		.uleb128 0x2
 532 002d 01       		.byte	0x1
 533 002e 08       		.byte	0x8
 534 002f 5E020000 		.4byte	.LASF1
 535 0033 02       		.uleb128 0x2
 536 0034 02       		.byte	0x2
 537 0035 05       		.byte	0x5
 538 0036 44000000 		.4byte	.LASF2
 539 003a 02       		.uleb128 0x2
 540 003b 02       		.byte	0x2
 541 003c 07       		.byte	0x7
 542 003d CA020000 		.4byte	.LASF3
 543 0041 03       		.uleb128 0x3
 544 0042 98040000 		.4byte	.LASF9
 545 0046 02       		.byte	0x2
 546 0047 3F       		.byte	0x3f
 547 0048 4C000000 		.4byte	0x4c
 548 004c 02       		.uleb128 0x2
 549 004d 04       		.byte	0x4
 550 004e 05       		.byte	0x5
 551 004f A3010000 		.4byte	.LASF4
 552 0053 02       		.uleb128 0x2
 553 0054 04       		.byte	0x4
 554 0055 07       		.byte	0x7
 555 0056 17040000 		.4byte	.LASF5
 556 005a 02       		.uleb128 0x2
 557 005b 08       		.byte	0x8
 558 005c 05       		.byte	0x5
 559 005d 83010000 		.4byte	.LASF6
 560 0061 02       		.uleb128 0x2
 561 0062 08       		.byte	0x8
 562 0063 07       		.byte	0x7
 563 0064 78020000 		.4byte	.LASF7
 564 0068 04       		.uleb128 0x4
 565 0069 04       		.byte	0x4
 566 006a 05       		.byte	0x5
 567 006b 696E7400 		.ascii	"int\000"
 568 006f 02       		.uleb128 0x2
 569 0070 04       		.byte	0x4
 570 0071 07       		.byte	0x7
 571 0072 9C020000 		.4byte	.LASF8
 572 0076 03       		.uleb128 0x3
 573 0077 7F030000 		.4byte	.LASF10
 574 007b 03       		.byte	0x3
 575 007c 2C       		.byte	0x2c
 576 007d 41000000 		.4byte	0x41
 577 0081 03       		.uleb128 0x3
 578 0082 11010000 		.4byte	.LASF11
 579 0086 04       		.byte	0x4
 580 0087 C2       		.byte	0xc2
ARM GAS  C:\Users\PANXIA~1\AppData\Local\Temp\ccfIXroa.s 			page 15


 581 0088 2C000000 		.4byte	0x2c
 582 008c 03       		.uleb128 0x3
 583 008d F3000000 		.4byte	.LASF12
 584 0091 04       		.byte	0x4
 585 0092 C3       		.byte	0xc3
 586 0093 3A000000 		.4byte	0x3a
 587 0097 03       		.uleb128 0x3
 588 0098 F8030000 		.4byte	.LASF13
 589 009c 04       		.byte	0x4
 590 009d C4       		.byte	0xc4
 591 009e 53000000 		.4byte	0x53
 592 00a2 03       		.uleb128 0x3
 593 00a3 4B010000 		.4byte	.LASF14
 594 00a7 04       		.byte	0x4
 595 00a8 C6       		.byte	0xc6
 596 00a9 33000000 		.4byte	0x33
 597 00ad 03       		.uleb128 0x3
 598 00ae 29040000 		.4byte	.LASF15
 599 00b2 04       		.byte	0x4
 600 00b3 C7       		.byte	0xc7
 601 00b4 4C000000 		.4byte	0x4c
 602 00b8 02       		.uleb128 0x2
 603 00b9 04       		.byte	0x4
 604 00ba 04       		.byte	0x4
 605 00bb 7D010000 		.4byte	.LASF16
 606 00bf 02       		.uleb128 0x2
 607 00c0 08       		.byte	0x8
 608 00c1 04       		.byte	0x4
 609 00c2 CA000000 		.4byte	.LASF17
 610 00c6 02       		.uleb128 0x2
 611 00c7 01       		.byte	0x1
 612 00c8 08       		.byte	0x8
 613 00c9 EC020000 		.4byte	.LASF18
 614 00cd 02       		.uleb128 0x2
 615 00ce 04       		.byte	0x4
 616 00cf 07       		.byte	0x7
 617 00d0 61000000 		.4byte	.LASF19
 618 00d4 05       		.uleb128 0x5
 619 00d5 F0030000 		.4byte	.LASF29
 620 00d9 01       		.byte	0x1
 621 00da 05       		.byte	0x5
 622 00db 0F       		.byte	0xf
 623 00dc 1C010000 		.4byte	0x11c
 624 00e0 06       		.uleb128 0x6
 625 00e1 555000   		.ascii	"UP\000"
 626 00e4 00       		.sleb128 0
 627 00e5 07       		.uleb128 0x7
 628 00e6 C7030000 		.4byte	.LASF20
 629 00ea 01       		.sleb128 1
 630 00eb 07       		.uleb128 0x7
 631 00ec 12020000 		.4byte	.LASF21
 632 00f0 02       		.sleb128 2
 633 00f1 07       		.uleb128 0x7
 634 00f2 2A000000 		.4byte	.LASF22
 635 00f6 03       		.sleb128 3
 636 00f7 07       		.uleb128 0x7
 637 00f8 E4020000 		.4byte	.LASF23
ARM GAS  C:\Users\PANXIA~1\AppData\Local\Temp\ccfIXroa.s 			page 16


 638 00fc 04       		.sleb128 4
 639 00fd 07       		.uleb128 0x7
 640 00fe A7000000 		.4byte	.LASF24
 641 0102 05       		.sleb128 5
 642 0103 07       		.uleb128 0x7
 643 0104 08020000 		.4byte	.LASF25
 644 0108 06       		.sleb128 6
 645 0109 07       		.uleb128 0x7
 646 010a 1F020000 		.4byte	.LASF26
 647 010e 07       		.sleb128 7
 648 010f 07       		.uleb128 0x7
 649 0110 B0040000 		.4byte	.LASF27
 650 0114 08       		.sleb128 8
 651 0115 07       		.uleb128 0x7
 652 0116 9A010000 		.4byte	.LASF28
 653 011a 09       		.sleb128 9
 654 011b 00       		.byte	0
 655 011c 05       		.uleb128 0x5
 656 011d C0000000 		.4byte	.LASF30
 657 0121 01       		.byte	0x1
 658 0122 05       		.byte	0x5
 659 0123 14       		.byte	0x14
 660 0124 3B010000 		.4byte	0x13b
 661 0128 07       		.uleb128 0x7
 662 0129 D7010000 		.4byte	.LASF31
 663 012d 00       		.sleb128 0
 664 012e 07       		.uleb128 0x7
 665 012f D9000000 		.4byte	.LASF32
 666 0133 01       		.sleb128 1
 667 0134 07       		.uleb128 0x7
 668 0135 CC040000 		.4byte	.LASF33
 669 0139 02       		.sleb128 2
 670 013a 00       		.byte	0
 671 013b 08       		.uleb128 0x8
 672 013c 04       		.byte	0x4
 673 013d 05       		.byte	0x5
 674 013e 16       		.byte	0x16
 675 013f 5C010000 		.4byte	0x15c
 676 0143 09       		.uleb128 0x9
 677 0144 70776D00 		.ascii	"pwm\000"
 678 0148 05       		.byte	0x5
 679 0149 18       		.byte	0x18
 680 014a 8C000000 		.4byte	0x8c
 681 014e 00       		.byte	0
 682 014f 09       		.uleb128 0x9
 683 0150 64697200 		.ascii	"dir\000"
 684 0154 05       		.byte	0x5
 685 0155 19       		.byte	0x19
 686 0156 1C010000 		.4byte	0x11c
 687 015a 02       		.byte	0x2
 688 015b 00       		.byte	0
 689 015c 03       		.uleb128 0x3
 690 015d 5F010000 		.4byte	.LASF34
 691 0161 05       		.byte	0x5
 692 0162 1A       		.byte	0x1a
 693 0163 3B010000 		.4byte	0x13b
 694 0167 08       		.uleb128 0x8
ARM GAS  C:\Users\PANXIA~1\AppData\Local\Temp\ccfIXroa.s 			page 17


 695 0168 14       		.byte	0x14
 696 0169 05       		.byte	0x5
 697 016a 1B       		.byte	0x1b
 698 016b D0010000 		.4byte	0x1d0
 699 016f 0A       		.uleb128 0xa
 700 0170 C0030000 		.4byte	.LASF35
 701 0174 05       		.byte	0x5
 702 0175 1D       		.byte	0x1d
 703 0176 97000000 		.4byte	0x97
 704 017a 00       		.byte	0
 705 017b 0A       		.uleb128 0xa
 706 017c 2F040000 		.4byte	.LASF36
 707 0180 05       		.byte	0x5
 708 0181 1E       		.byte	0x1e
 709 0182 8C000000 		.4byte	0x8c
 710 0186 04       		.byte	0x4
 711 0187 0A       		.uleb128 0xa
 712 0188 D2030000 		.4byte	.LASF37
 713 018c 05       		.byte	0x5
 714 018d 1F       		.byte	0x1f
 715 018e 8C000000 		.4byte	0x8c
 716 0192 06       		.byte	0x6
 717 0193 0A       		.uleb128 0xa
 718 0194 25010000 		.4byte	.LASF38
 719 0198 05       		.byte	0x5
 720 0199 20       		.byte	0x20
 721 019a 8C000000 		.4byte	0x8c
 722 019e 08       		.byte	0x8
 723 019f 0A       		.uleb128 0xa
 724 01a0 51010000 		.4byte	.LASF39
 725 01a4 05       		.byte	0x5
 726 01a5 21       		.byte	0x21
 727 01a6 8C000000 		.4byte	0x8c
 728 01aa 0A       		.byte	0xa
 729 01ab 0A       		.uleb128 0xa
 730 01ac 0D000000 		.4byte	.LASF40
 731 01b0 05       		.byte	0x5
 732 01b1 22       		.byte	0x22
 733 01b2 97000000 		.4byte	0x97
 734 01b6 0C       		.byte	0xc
 735 01b7 0A       		.uleb128 0xa
 736 01b8 DF010000 		.4byte	.LASF41
 737 01bc 05       		.byte	0x5
 738 01bd 23       		.byte	0x23
 739 01be 8C000000 		.4byte	0x8c
 740 01c2 10       		.byte	0x10
 741 01c3 0A       		.uleb128 0xa
 742 01c4 B3030000 		.4byte	.LASF42
 743 01c8 05       		.byte	0x5
 744 01c9 24       		.byte	0x24
 745 01ca 8C000000 		.4byte	0x8c
 746 01ce 12       		.byte	0x12
 747 01cf 00       		.byte	0
 748 01d0 03       		.uleb128 0x3
 749 01d1 00000000 		.4byte	.LASF43
 750 01d5 05       		.byte	0x5
 751 01d6 25       		.byte	0x25
ARM GAS  C:\Users\PANXIA~1\AppData\Local\Temp\ccfIXroa.s 			page 18


 752 01d7 67010000 		.4byte	0x167
 753 01db 08       		.uleb128 0x8
 754 01dc 60       		.byte	0x60
 755 01dd 05       		.byte	0x5
 756 01de 26       		.byte	0x26
 757 01df 70030000 		.4byte	0x370
 758 01e3 0A       		.uleb128 0xa
 759 01e4 91010000 		.4byte	.LASF44
 760 01e8 05       		.byte	0x5
 761 01e9 28       		.byte	0x28
 762 01ea 81000000 		.4byte	0x81
 763 01ee 00       		.byte	0
 764 01ef 0A       		.uleb128 0xa
 765 01f0 BE040000 		.4byte	.LASF45
 766 01f4 05       		.byte	0x5
 767 01f5 29       		.byte	0x29
 768 01f6 81000000 		.4byte	0x81
 769 01fa 01       		.byte	0x1
 770 01fb 0A       		.uleb128 0xa
 771 01fc EB000000 		.4byte	.LASF46
 772 0200 05       		.byte	0x5
 773 0201 2A       		.byte	0x2a
 774 0202 D4000000 		.4byte	0xd4
 775 0206 02       		.byte	0x2
 776 0207 0A       		.uleb128 0xa
 777 0208 DF030000 		.4byte	.LASF47
 778 020c 05       		.byte	0x5
 779 020d 2B       		.byte	0x2b
 780 020e D4000000 		.4byte	0xd4
 781 0212 03       		.byte	0x3
 782 0213 0A       		.uleb128 0xa
 783 0214 17020000 		.4byte	.LASF48
 784 0218 05       		.byte	0x5
 785 0219 2C       		.byte	0x2c
 786 021a D4000000 		.4byte	0xd4
 787 021e 04       		.byte	0x4
 788 021f 0A       		.uleb128 0xa
 789 0220 9A000000 		.4byte	.LASF49
 790 0224 05       		.byte	0x5
 791 0225 2D       		.byte	0x2d
 792 0226 D4000000 		.4byte	0xd4
 793 022a 05       		.byte	0x5
 794 022b 0A       		.uleb128 0xa
 795 022c A2040000 		.4byte	.LASF50
 796 0230 05       		.byte	0x5
 797 0231 2E       		.byte	0x2e
 798 0232 8C000000 		.4byte	0x8c
 799 0236 06       		.byte	0x6
 800 0237 0A       		.uleb128 0xa
 801 0238 EC010000 		.4byte	.LASF51
 802 023c 05       		.byte	0x5
 803 023d 2F       		.byte	0x2f
 804 023e 5C010000 		.4byte	0x15c
 805 0242 08       		.byte	0x8
 806 0243 0A       		.uleb128 0xa
 807 0244 B2010000 		.4byte	.LASF52
 808 0248 05       		.byte	0x5
ARM GAS  C:\Users\PANXIA~1\AppData\Local\Temp\ccfIXroa.s 			page 19


 809 0249 30       		.byte	0x30
 810 024a 5C010000 		.4byte	0x15c
 811 024e 0C       		.byte	0xc
 812 024f 0A       		.uleb128 0xa
 813 0250 86040000 		.4byte	.LASF53
 814 0254 05       		.byte	0x5
 815 0255 31       		.byte	0x31
 816 0256 5C010000 		.4byte	0x15c
 817 025a 10       		.byte	0x10
 818 025b 0A       		.uleb128 0xa
 819 025c C4010000 		.4byte	.LASF54
 820 0260 05       		.byte	0x5
 821 0261 32       		.byte	0x32
 822 0262 5C010000 		.4byte	0x15c
 823 0266 14       		.byte	0x14
 824 0267 0A       		.uleb128 0xa
 825 0268 67010000 		.4byte	.LASF55
 826 026c 05       		.byte	0x5
 827 026d 33       		.byte	0x33
 828 026e 8C000000 		.4byte	0x8c
 829 0272 18       		.byte	0x18
 830 0273 0A       		.uleb128 0xa
 831 0274 87030000 		.4byte	.LASF56
 832 0278 05       		.byte	0x5
 833 0279 34       		.byte	0x34
 834 027a 8C000000 		.4byte	0x8c
 835 027e 1A       		.byte	0x1a
 836 027f 0A       		.uleb128 0xa
 837 0280 35010000 		.4byte	.LASF57
 838 0284 05       		.byte	0x5
 839 0285 35       		.byte	0x35
 840 0286 8C000000 		.4byte	0x8c
 841 028a 1C       		.byte	0x1c
 842 028b 0A       		.uleb128 0xa
 843 028c 9D030000 		.4byte	.LASF58
 844 0290 05       		.byte	0x5
 845 0291 36       		.byte	0x36
 846 0292 8C000000 		.4byte	0x8c
 847 0296 1E       		.byte	0x1e
 848 0297 0A       		.uleb128 0xa
 849 0298 E2000000 		.4byte	.LASF59
 850 029c 05       		.byte	0x5
 851 029d 37       		.byte	0x37
 852 029e 81000000 		.4byte	0x81
 853 02a2 20       		.byte	0x20
 854 02a3 0A       		.uleb128 0xa
 855 02a4 8B000000 		.4byte	.LASF60
 856 02a8 05       		.byte	0x5
 857 02a9 38       		.byte	0x38
 858 02aa 8C000000 		.4byte	0x8c
 859 02ae 22       		.byte	0x22
 860 02af 0A       		.uleb128 0xa
 861 02b0 1C000000 		.4byte	.LASF61
 862 02b4 05       		.byte	0x5
 863 02b5 39       		.byte	0x39
 864 02b6 8C000000 		.4byte	0x8c
 865 02ba 24       		.byte	0x24
ARM GAS  C:\Users\PANXIA~1\AppData\Local\Temp\ccfIXroa.s 			page 20


 866 02bb 0A       		.uleb128 0xa
 867 02bc 57040000 		.4byte	.LASF62
 868 02c0 05       		.byte	0x5
 869 02c1 3A       		.byte	0x3a
 870 02c2 81000000 		.4byte	0x81
 871 02c6 26       		.byte	0x26
 872 02c7 09       		.uleb128 0x9
 873 02c8 586B6D00 		.ascii	"Xkm\000"
 874 02cc 05       		.byte	0x5
 875 02cd 3B       		.byte	0x3b
 876 02ce AD000000 		.4byte	0xad
 877 02d2 28       		.byte	0x28
 878 02d3 0A       		.uleb128 0xa
 879 02d4 6A000000 		.4byte	.LASF63
 880 02d8 05       		.byte	0x5
 881 02d9 3C       		.byte	0x3c
 882 02da 81000000 		.4byte	0x81
 883 02de 2C       		.byte	0x2c
 884 02df 0A       		.uleb128 0xa
 885 02e0 6D040000 		.4byte	.LASF64
 886 02e4 05       		.byte	0x5
 887 02e5 3D       		.byte	0x3d
 888 02e6 8C000000 		.4byte	0x8c
 889 02ea 2E       		.byte	0x2e
 890 02eb 0A       		.uleb128 0xa
 891 02ec D1000000 		.4byte	.LASF65
 892 02f0 05       		.byte	0x5
 893 02f1 3E       		.byte	0x3e
 894 02f2 81000000 		.4byte	0x81
 895 02f6 30       		.byte	0x30
 896 02f7 0A       		.uleb128 0xa
 897 02f8 B5040000 		.4byte	.LASF66
 898 02fc 05       		.byte	0x5
 899 02fd 3F       		.byte	0x3f
 900 02fe 97000000 		.4byte	0x97
 901 0302 34       		.byte	0x34
 902 0303 0A       		.uleb128 0xa
 903 0304 17010000 		.4byte	.LASF67
 904 0308 05       		.byte	0x5
 905 0309 40       		.byte	0x40
 906 030a 81000000 		.4byte	0x81
 907 030e 38       		.byte	0x38
 908 030f 0A       		.uleb128 0xa
 909 0310 FD010000 		.4byte	.LASF68
 910 0314 05       		.byte	0x5
 911 0315 41       		.byte	0x41
 912 0316 D0010000 		.4byte	0x1d0
 913 031a 3C       		.byte	0x3c
 914 031b 0A       		.uleb128 0xa
 915 031c 3F040000 		.4byte	.LASF69
 916 0320 05       		.byte	0x5
 917 0321 42       		.byte	0x42
 918 0322 81000000 		.4byte	0x81
 919 0326 50       		.byte	0x50
 920 0327 0A       		.uleb128 0xa
 921 0328 B5020000 		.4byte	.LASF70
 922 032c 05       		.byte	0x5
ARM GAS  C:\Users\PANXIA~1\AppData\Local\Temp\ccfIXroa.s 			page 21


 923 032d 43       		.byte	0x43
 924 032e 8C000000 		.4byte	0x8c
 925 0332 52       		.byte	0x52
 926 0333 0A       		.uleb128 0xa
 927 0334 DD020000 		.4byte	.LASF71
 928 0338 05       		.byte	0x5
 929 0339 44       		.byte	0x44
 930 033a 81000000 		.4byte	0x81
 931 033e 54       		.byte	0x54
 932 033f 09       		.uleb128 0x9
 933 0340 415F5600 		.ascii	"A_V\000"
 934 0344 05       		.byte	0x5
 935 0345 45       		.byte	0x45
 936 0346 A2000000 		.4byte	0xa2
 937 034a 56       		.byte	0x56
 938 034b 0A       		.uleb128 0xa
 939 034c 0B040000 		.4byte	.LASF72
 940 0350 05       		.byte	0x5
 941 0351 46       		.byte	0x46
 942 0352 A2000000 		.4byte	0xa2
 943 0356 58       		.byte	0x58
 944 0357 0A       		.uleb128 0xa
 945 0358 C4040000 		.4byte	.LASF73
 946 035c 05       		.byte	0x5
 947 035d 47       		.byte	0x47
 948 035e A2000000 		.4byte	0xa2
 949 0362 5A       		.byte	0x5a
 950 0363 09       		.uleb128 0x9
 951 0364 63617000 		.ascii	"cap\000"
 952 0368 05       		.byte	0x5
 953 0369 48       		.byte	0x48
 954 036a A2000000 		.4byte	0xa2
 955 036e 5C       		.byte	0x5c
 956 036f 00       		.byte	0
 957 0370 03       		.uleb128 0x3
 958 0371 CC030000 		.4byte	.LASF74
 959 0375 05       		.byte	0x5
 960 0376 49       		.byte	0x49
 961 0377 DB010000 		.4byte	0x1db
 962 037b 0B       		.uleb128 0xb
 963 037c D7040000 		.4byte	.LASF75
 964 0380 01       		.byte	0x1
 965 0381 12       		.byte	0x12
 966 0382 00000000 		.4byte	.LFB63
 967 0386 16000000 		.4byte	.LFE63-.LFB63
 968 038a 01       		.uleb128 0x1
 969 038b 9C       		.byte	0x9c
 970 038c C6030000 		.4byte	0x3c6
 971 0390 0C       		.uleb128 0xc
 972 0391 08000000 		.4byte	.LVL0
 973 0395 20060000 		.4byte	0x620
 974 0399 A3030000 		.4byte	0x3a3
 975 039d 0D       		.uleb128 0xd
 976 039e 01       		.uleb128 0x1
 977 039f 50       		.byte	0x50
 978 03a0 01       		.uleb128 0x1
 979 03a1 31       		.byte	0x31
ARM GAS  C:\Users\PANXIA~1\AppData\Local\Temp\ccfIXroa.s 			page 22


 980 03a2 00       		.byte	0
 981 03a3 0C       		.uleb128 0xc
 982 03a4 0E000000 		.4byte	.LVL1
 983 03a8 31060000 		.4byte	0x631
 984 03ac B6030000 		.4byte	0x3b6
 985 03b0 0D       		.uleb128 0xd
 986 03b1 01       		.uleb128 0x1
 987 03b2 50       		.byte	0x50
 988 03b3 01       		.uleb128 0x1
 989 03b4 31       		.byte	0x31
 990 03b5 00       		.byte	0
 991 03b6 0E       		.uleb128 0xe
 992 03b7 14000000 		.4byte	.LVL2
 993 03bb 42060000 		.4byte	0x642
 994 03bf 0D       		.uleb128 0xd
 995 03c0 01       		.uleb128 0x1
 996 03c1 50       		.byte	0x50
 997 03c2 01       		.uleb128 0x1
 998 03c3 31       		.byte	0x31
 999 03c4 00       		.byte	0
 1000 03c5 00       		.byte	0
 1001 03c6 0B       		.uleb128 0xb
 1002 03c7 FA040000 		.4byte	.LASF76
 1003 03cb 01       		.byte	0x1
 1004 03cc 19       		.byte	0x19
 1005 03cd 00000000 		.4byte	.LFB64
 1006 03d1 1C010000 		.4byte	.LFE64-.LFB64
 1007 03d5 01       		.uleb128 0x1
 1008 03d6 9C       		.byte	0x9c
 1009 03d7 E2040000 		.4byte	0x4e2
 1010 03db 0C       		.uleb128 0xc
 1011 03dc 18000000 		.4byte	.LVL3
 1012 03e0 53060000 		.4byte	0x653
 1013 03e4 EE030000 		.4byte	0x3ee
 1014 03e8 0D       		.uleb128 0xd
 1015 03e9 01       		.uleb128 0x1
 1016 03ea 50       		.byte	0x50
 1017 03eb 01       		.uleb128 0x1
 1018 03ec 31       		.byte	0x31
 1019 03ed 00       		.byte	0
 1020 03ee 0C       		.uleb128 0xc
 1021 03ef 1E000000 		.4byte	.LVL4
 1022 03f3 20060000 		.4byte	0x620
 1023 03f7 01040000 		.4byte	0x401
 1024 03fb 0D       		.uleb128 0xd
 1025 03fc 01       		.uleb128 0x1
 1026 03fd 50       		.byte	0x50
 1027 03fe 01       		.uleb128 0x1
 1028 03ff 30       		.byte	0x30
 1029 0400 00       		.byte	0
 1030 0401 0C       		.uleb128 0xc
 1031 0402 24000000 		.4byte	.LVL5
 1032 0406 31060000 		.4byte	0x631
 1033 040a 14040000 		.4byte	0x414
 1034 040e 0D       		.uleb128 0xd
 1035 040f 01       		.uleb128 0x1
 1036 0410 50       		.byte	0x50
ARM GAS  C:\Users\PANXIA~1\AppData\Local\Temp\ccfIXroa.s 			page 23


 1037 0411 01       		.uleb128 0x1
 1038 0412 30       		.byte	0x30
 1039 0413 00       		.byte	0
 1040 0414 0C       		.uleb128 0xc
 1041 0415 2A000000 		.4byte	.LVL6
 1042 0419 42060000 		.4byte	0x642
 1043 041d 27040000 		.4byte	0x427
 1044 0421 0D       		.uleb128 0xd
 1045 0422 01       		.uleb128 0x1
 1046 0423 50       		.byte	0x50
 1047 0424 01       		.uleb128 0x1
 1048 0425 30       		.byte	0x30
 1049 0426 00       		.byte	0
 1050 0427 0C       		.uleb128 0xc
 1051 0428 38000000 		.4byte	.LVL7
 1052 042c 53060000 		.4byte	0x653
 1053 0430 3A040000 		.4byte	0x43a
 1054 0434 0D       		.uleb128 0xd
 1055 0435 01       		.uleb128 0x1
 1056 0436 50       		.byte	0x50
 1057 0437 01       		.uleb128 0x1
 1058 0438 30       		.byte	0x30
 1059 0439 00       		.byte	0
 1060 043a 0C       		.uleb128 0xc
 1061 043b 64000000 		.4byte	.LVL8
 1062 043f 20060000 		.4byte	0x620
 1063 0443 4D040000 		.4byte	0x44d
 1064 0447 0D       		.uleb128 0xd
 1065 0448 01       		.uleb128 0x1
 1066 0449 50       		.byte	0x50
 1067 044a 01       		.uleb128 0x1
 1068 044b 31       		.byte	0x31
 1069 044c 00       		.byte	0
 1070 044d 0C       		.uleb128 0xc
 1071 044e 6A000000 		.4byte	.LVL9
 1072 0452 31060000 		.4byte	0x631
 1073 0456 60040000 		.4byte	0x460
 1074 045a 0D       		.uleb128 0xd
 1075 045b 01       		.uleb128 0x1
 1076 045c 50       		.byte	0x50
 1077 045d 01       		.uleb128 0x1
 1078 045e 31       		.byte	0x31
 1079 045f 00       		.byte	0
 1080 0460 0C       		.uleb128 0xc
 1081 0461 70000000 		.4byte	.LVL10
 1082 0465 42060000 		.4byte	0x642
 1083 0469 73040000 		.4byte	0x473
 1084 046d 0D       		.uleb128 0xd
 1085 046e 01       		.uleb128 0x1
 1086 046f 50       		.byte	0x50
 1087 0470 01       		.uleb128 0x1
 1088 0471 31       		.byte	0x31
 1089 0472 00       		.byte	0
 1090 0473 0C       		.uleb128 0xc
 1091 0474 8E000000 		.4byte	.LVL11
 1092 0478 31060000 		.4byte	0x631
 1093 047c 86040000 		.4byte	0x486
ARM GAS  C:\Users\PANXIA~1\AppData\Local\Temp\ccfIXroa.s 			page 24


 1094 0480 0D       		.uleb128 0xd
 1095 0481 01       		.uleb128 0x1
 1096 0482 50       		.byte	0x50
 1097 0483 01       		.uleb128 0x1
 1098 0484 31       		.byte	0x31
 1099 0485 00       		.byte	0
 1100 0486 0C       		.uleb128 0xc
 1101 0487 9C000000 		.4byte	.LVL12
 1102 048b 31060000 		.4byte	0x631
 1103 048f 99040000 		.4byte	0x499
 1104 0493 0D       		.uleb128 0xd
 1105 0494 01       		.uleb128 0x1
 1106 0495 50       		.byte	0x50
 1107 0496 01       		.uleb128 0x1
 1108 0497 30       		.byte	0x30
 1109 0498 00       		.byte	0
 1110 0499 0C       		.uleb128 0xc
 1111 049a C0000000 		.4byte	.LVL13
 1112 049e 20060000 		.4byte	0x620
 1113 04a2 AC040000 		.4byte	0x4ac
 1114 04a6 0D       		.uleb128 0xd
 1115 04a7 01       		.uleb128 0x1
 1116 04a8 50       		.byte	0x50
 1117 04a9 01       		.uleb128 0x1
 1118 04aa 31       		.byte	0x31
 1119 04ab 00       		.byte	0
 1120 04ac 0C       		.uleb128 0xc
 1121 04ad CE000000 		.4byte	.LVL14
 1122 04b1 20060000 		.4byte	0x620
 1123 04b5 BF040000 		.4byte	0x4bf
 1124 04b9 0D       		.uleb128 0xd
 1125 04ba 01       		.uleb128 0x1
 1126 04bb 50       		.byte	0x50
 1127 04bc 01       		.uleb128 0x1
 1128 04bd 30       		.byte	0x30
 1129 04be 00       		.byte	0
 1130 04bf 0C       		.uleb128 0xc
 1131 04c0 F2000000 		.4byte	.LVL15
 1132 04c4 42060000 		.4byte	0x642
 1133 04c8 D2040000 		.4byte	0x4d2
 1134 04cc 0D       		.uleb128 0xd
 1135 04cd 01       		.uleb128 0x1
 1136 04ce 50       		.byte	0x50
 1137 04cf 01       		.uleb128 0x1
 1138 04d0 31       		.byte	0x31
 1139 04d1 00       		.byte	0
 1140 04d2 0E       		.uleb128 0xe
 1141 04d3 00010000 		.4byte	.LVL16
 1142 04d7 42060000 		.4byte	0x642
 1143 04db 0D       		.uleb128 0xd
 1144 04dc 01       		.uleb128 0x1
 1145 04dd 50       		.byte	0x50
 1146 04de 01       		.uleb128 0x1
 1147 04df 30       		.byte	0x30
 1148 04e0 00       		.byte	0
 1149 04e1 00       		.byte	0
 1150 04e2 0F       		.uleb128 0xf
ARM GAS  C:\Users\PANXIA~1\AppData\Local\Temp\ccfIXroa.s 			page 25


 1151 04e3 4E000000 		.4byte	.LASF79
 1152 04e7 01       		.byte	0x1
 1153 04e8 A4       		.byte	0xa4
 1154 04e9 00000000 		.4byte	.LFB66
 1155 04ed 44000000 		.4byte	.LFE66-.LFB66
 1156 04f1 01       		.uleb128 0x1
 1157 04f2 9C       		.byte	0x9c
 1158 04f3 3C050000 		.4byte	0x53c
 1159 04f7 10       		.uleb128 0x10
 1160 04f8 F1040000 		.4byte	.LASF77
 1161 04fc 01       		.byte	0x1
 1162 04fd A4       		.byte	0xa4
 1163 04fe 3C050000 		.4byte	0x53c
 1164 0502 01       		.uleb128 0x1
 1165 0503 50       		.byte	0x50
 1166 0504 11       		.uleb128 0x11
 1167 0505 6E756D00 		.ascii	"num\000"
 1168 0509 01       		.byte	0x1
 1169 050a A4       		.byte	0xa4
 1170 050b 81000000 		.4byte	0x81
 1171 050f 00000000 		.4byte	.LLST0
 1172 0513 12       		.uleb128 0x12
 1173 0514 73756D00 		.ascii	"sum\000"
 1174 0518 01       		.byte	0x1
 1175 0519 A6       		.byte	0xa6
 1176 051a 81000000 		.4byte	0x81
 1177 051e 21000000 		.4byte	.LLST1
 1178 0522 13       		.uleb128 0x13
 1179 0523 3F000000 		.4byte	.LASF78
 1180 0527 01       		.byte	0x1
 1181 0528 A7       		.byte	0xa7
 1182 0529 81000000 		.4byte	0x81
 1183 052d 00       		.byte	0
 1184 052e 12       		.uleb128 0x12
 1185 052f 6900     		.ascii	"i\000"
 1186 0531 01       		.byte	0x1
 1187 0532 A9       		.byte	0xa9
 1188 0533 81000000 		.4byte	0x81
 1189 0537 4B000000 		.4byte	.LLST2
 1190 053b 00       		.byte	0
 1191 053c 14       		.uleb128 0x14
 1192 053d 04       		.byte	0x4
 1193 053e 81000000 		.4byte	0x81
 1194 0542 0F       		.uleb128 0xf
 1195 0543 74000000 		.4byte	.LASF80
 1196 0547 01       		.byte	0x1
 1197 0548 77       		.byte	0x77
 1198 0549 00000000 		.4byte	.LFB65
 1199 054d C4000000 		.4byte	.LFE65-.LFB65
 1200 0551 01       		.uleb128 0x1
 1201 0552 9C       		.byte	0x9c
 1202 0553 BB050000 		.4byte	0x5bb
 1203 0557 15       		.uleb128 0x15
 1204 0558 EB030000 		.4byte	.LASF81
 1205 055c 01       		.byte	0x1
 1206 055d 77       		.byte	0x77
 1207 055e 81000000 		.4byte	0x81
ARM GAS  C:\Users\PANXIA~1\AppData\Local\Temp\ccfIXroa.s 			page 26


 1208 0562 75000000 		.4byte	.LLST3
 1209 0566 16       		.uleb128 0x16
 1210 0567 30000000 		.4byte	.LASF82
 1211 056b 01       		.byte	0x1
 1212 056c 79       		.byte	0x79
 1213 056d BB050000 		.4byte	0x5bb
 1214 0571 05       		.uleb128 0x5
 1215 0572 03       		.byte	0x3
 1216 0573 38000000 		.4byte	RxBuffer.6802
 1217 0577 16       		.uleb128 0x16
 1218 0578 4D040000 		.4byte	.LASF83
 1219 057c 01       		.byte	0x1
 1220 057d 7B       		.byte	0x7b
 1221 057e 81000000 		.4byte	0x81
 1222 0582 05       		.uleb128 0x5
 1223 0583 03       		.byte	0x3
 1224 0584 6A000000 		.4byte	_data_len.6803
 1225 0588 16       		.uleb128 0x16
 1226 0589 FA000000 		.4byte	.LASF84
 1227 058d 01       		.byte	0x1
 1228 058e 7B       		.byte	0x7b
 1229 058f 81000000 		.4byte	0x81
 1230 0593 05       		.uleb128 0x5
 1231 0594 03       		.byte	0x3
 1232 0595 6B000000 		.4byte	_data_cnt.6804
 1233 0599 16       		.uleb128 0x16
 1234 059a 39000000 		.4byte	.LASF85
 1235 059e 01       		.byte	0x1
 1236 059f 7C       		.byte	0x7c
 1237 05a0 81000000 		.4byte	0x81
 1238 05a4 05       		.uleb128 0x5
 1239 05a5 03       		.byte	0x3
 1240 05a6 36000000 		.4byte	state.6805
 1241 05aa 0E       		.uleb128 0xe
 1242 05ab B0000000 		.4byte	.LVL29
 1243 05af E2040000 		.4byte	0x4e2
 1244 05b3 0D       		.uleb128 0xd
 1245 05b4 01       		.uleb128 0x1
 1246 05b5 50       		.byte	0x50
 1247 05b6 02       		.uleb128 0x2
 1248 05b7 74       		.byte	0x74
 1249 05b8 38       		.sleb128 56
 1250 05b9 00       		.byte	0
 1251 05ba 00       		.byte	0
 1252 05bb 17       		.uleb128 0x17
 1253 05bc 81000000 		.4byte	0x81
 1254 05c0 CB050000 		.4byte	0x5cb
 1255 05c4 18       		.uleb128 0x18
 1256 05c5 CD000000 		.4byte	0xcd
 1257 05c9 31       		.byte	0x31
 1258 05ca 00       		.byte	0
 1259 05cb 16       		.uleb128 0x16
 1260 05cc 3F000000 		.4byte	.LASF78
 1261 05d0 01       		.byte	0x1
 1262 05d1 74       		.byte	0x74
 1263 05d2 BB050000 		.4byte	0x5bb
 1264 05d6 05       		.uleb128 0x5
ARM GAS  C:\Users\PANXIA~1\AppData\Local\Temp\ccfIXroa.s 			page 27


 1265 05d7 03       		.byte	0x3
 1266 05d8 04000000 		.4byte	temp
 1267 05dc 16       		.uleb128 0x16
 1268 05dd 80040000 		.4byte	.LASF86
 1269 05e1 01       		.byte	0x1
 1270 05e2 75       		.byte	0x75
 1271 05e3 8C000000 		.4byte	0x8c
 1272 05e7 05       		.uleb128 0x5
 1273 05e8 03       		.byte	0x3
 1274 05e9 02000000 		.4byte	count
 1275 05ed 19       		.uleb128 0x19
 1276 05ee E4040000 		.4byte	.LASF87
 1277 05f2 06       		.byte	0x6
 1278 05f3 2A06     		.2byte	0x62a
 1279 05f5 F9050000 		.4byte	0x5f9
 1280 05f9 1A       		.uleb128 0x1a
 1281 05fa 76000000 		.4byte	0x76
 1282 05fe 1B       		.uleb128 0x1b
 1283 05ff AC010000 		.4byte	.LASF88
 1284 0603 05       		.byte	0x5
 1285 0604 4C       		.byte	0x4c
 1286 0605 70030000 		.4byte	0x370
 1287 0609 05       		.uleb128 0x5
 1288 060a 03       		.byte	0x3
 1289 060b 00000000 		.4byte	g_Car
 1290 060f 1B       		.uleb128 0x1b
 1291 0610 A9020000 		.4byte	.LASF89
 1292 0614 01       		.byte	0x1
 1293 0615 10       		.byte	0x10
 1294 0616 81000000 		.4byte	0x81
 1295 061a 05       		.uleb128 0x5
 1296 061b 03       		.byte	0x3
 1297 061c 00000000 		.4byte	change_flag
 1298 0620 1C       		.uleb128 0x1c
 1299 0621 04010000 		.4byte	.LASF90
 1300 0625 07       		.byte	0x7
 1301 0626 28       		.byte	0x28
 1302 0627 31060000 		.4byte	0x631
 1303 062b 1D       		.uleb128 0x1d
 1304 062c 81000000 		.4byte	0x81
 1305 0630 00       		.byte	0
 1306 0631 1C       		.uleb128 0x1c
 1307 0632 75040000 		.4byte	.LASF91
 1308 0636 08       		.byte	0x8
 1309 0637 28       		.byte	0x28
 1310 0638 42060000 		.4byte	0x642
 1311 063c 1D       		.uleb128 0x1d
 1312 063d 81000000 		.4byte	0x81
 1313 0641 00       		.byte	0
 1314 0642 1C       		.uleb128 0x1c
 1315 0643 8F020000 		.4byte	.LASF92
 1316 0647 09       		.byte	0x9
 1317 0648 28       		.byte	0x28
 1318 0649 53060000 		.4byte	0x653
 1319 064d 1D       		.uleb128 0x1d
 1320 064e 81000000 		.4byte	0x81
 1321 0652 00       		.byte	0
ARM GAS  C:\Users\PANXIA~1\AppData\Local\Temp\ccfIXroa.s 			page 28


 1322 0653 1E       		.uleb128 0x1e
 1323 0654 FF030000 		.4byte	.LASF96
 1324 0658 0A       		.byte	0xa
 1325 0659 28       		.byte	0x28
 1326 065a 1D       		.uleb128 0x1d
 1327 065b 81000000 		.4byte	0x81
 1328 065f 00       		.byte	0
 1329 0660 00       		.byte	0
 1330              		.section	.debug_abbrev,"",%progbits
 1331              	.Ldebug_abbrev0:
 1332 0000 01       		.uleb128 0x1
 1333 0001 11       		.uleb128 0x11
 1334 0002 01       		.byte	0x1
 1335 0003 25       		.uleb128 0x25
 1336 0004 0E       		.uleb128 0xe
 1337 0005 13       		.uleb128 0x13
 1338 0006 0B       		.uleb128 0xb
 1339 0007 03       		.uleb128 0x3
 1340 0008 0E       		.uleb128 0xe
 1341 0009 1B       		.uleb128 0x1b
 1342 000a 0E       		.uleb128 0xe
 1343 000b 55       		.uleb128 0x55
 1344 000c 17       		.uleb128 0x17
 1345 000d 11       		.uleb128 0x11
 1346 000e 01       		.uleb128 0x1
 1347 000f 10       		.uleb128 0x10
 1348 0010 17       		.uleb128 0x17
 1349 0011 00       		.byte	0
 1350 0012 00       		.byte	0
 1351 0013 02       		.uleb128 0x2
 1352 0014 24       		.uleb128 0x24
 1353 0015 00       		.byte	0
 1354 0016 0B       		.uleb128 0xb
 1355 0017 0B       		.uleb128 0xb
 1356 0018 3E       		.uleb128 0x3e
 1357 0019 0B       		.uleb128 0xb
 1358 001a 03       		.uleb128 0x3
 1359 001b 0E       		.uleb128 0xe
 1360 001c 00       		.byte	0
 1361 001d 00       		.byte	0
 1362 001e 03       		.uleb128 0x3
 1363 001f 16       		.uleb128 0x16
 1364 0020 00       		.byte	0
 1365 0021 03       		.uleb128 0x3
 1366 0022 0E       		.uleb128 0xe
 1367 0023 3A       		.uleb128 0x3a
 1368 0024 0B       		.uleb128 0xb
 1369 0025 3B       		.uleb128 0x3b
 1370 0026 0B       		.uleb128 0xb
 1371 0027 49       		.uleb128 0x49
 1372 0028 13       		.uleb128 0x13
 1373 0029 00       		.byte	0
 1374 002a 00       		.byte	0
 1375 002b 04       		.uleb128 0x4
 1376 002c 24       		.uleb128 0x24
 1377 002d 00       		.byte	0
 1378 002e 0B       		.uleb128 0xb
ARM GAS  C:\Users\PANXIA~1\AppData\Local\Temp\ccfIXroa.s 			page 29


 1379 002f 0B       		.uleb128 0xb
 1380 0030 3E       		.uleb128 0x3e
 1381 0031 0B       		.uleb128 0xb
 1382 0032 03       		.uleb128 0x3
 1383 0033 08       		.uleb128 0x8
 1384 0034 00       		.byte	0
 1385 0035 00       		.byte	0
 1386 0036 05       		.uleb128 0x5
 1387 0037 04       		.uleb128 0x4
 1388 0038 01       		.byte	0x1
 1389 0039 03       		.uleb128 0x3
 1390 003a 0E       		.uleb128 0xe
 1391 003b 0B       		.uleb128 0xb
 1392 003c 0B       		.uleb128 0xb
 1393 003d 3A       		.uleb128 0x3a
 1394 003e 0B       		.uleb128 0xb
 1395 003f 3B       		.uleb128 0x3b
 1396 0040 0B       		.uleb128 0xb
 1397 0041 01       		.uleb128 0x1
 1398 0042 13       		.uleb128 0x13
 1399 0043 00       		.byte	0
 1400 0044 00       		.byte	0
 1401 0045 06       		.uleb128 0x6
 1402 0046 28       		.uleb128 0x28
 1403 0047 00       		.byte	0
 1404 0048 03       		.uleb128 0x3
 1405 0049 08       		.uleb128 0x8
 1406 004a 1C       		.uleb128 0x1c
 1407 004b 0D       		.uleb128 0xd
 1408 004c 00       		.byte	0
 1409 004d 00       		.byte	0
 1410 004e 07       		.uleb128 0x7
 1411 004f 28       		.uleb128 0x28
 1412 0050 00       		.byte	0
 1413 0051 03       		.uleb128 0x3
 1414 0052 0E       		.uleb128 0xe
 1415 0053 1C       		.uleb128 0x1c
 1416 0054 0D       		.uleb128 0xd
 1417 0055 00       		.byte	0
 1418 0056 00       		.byte	0
 1419 0057 08       		.uleb128 0x8
 1420 0058 13       		.uleb128 0x13
 1421 0059 01       		.byte	0x1
 1422 005a 0B       		.uleb128 0xb
 1423 005b 0B       		.uleb128 0xb
 1424 005c 3A       		.uleb128 0x3a
 1425 005d 0B       		.uleb128 0xb
 1426 005e 3B       		.uleb128 0x3b
 1427 005f 0B       		.uleb128 0xb
 1428 0060 01       		.uleb128 0x1
 1429 0061 13       		.uleb128 0x13
 1430 0062 00       		.byte	0
 1431 0063 00       		.byte	0
 1432 0064 09       		.uleb128 0x9
 1433 0065 0D       		.uleb128 0xd
 1434 0066 00       		.byte	0
 1435 0067 03       		.uleb128 0x3
ARM GAS  C:\Users\PANXIA~1\AppData\Local\Temp\ccfIXroa.s 			page 30


 1436 0068 08       		.uleb128 0x8
 1437 0069 3A       		.uleb128 0x3a
 1438 006a 0B       		.uleb128 0xb
 1439 006b 3B       		.uleb128 0x3b
 1440 006c 0B       		.uleb128 0xb
 1441 006d 49       		.uleb128 0x49
 1442 006e 13       		.uleb128 0x13
 1443 006f 38       		.uleb128 0x38
 1444 0070 0B       		.uleb128 0xb
 1445 0071 00       		.byte	0
 1446 0072 00       		.byte	0
 1447 0073 0A       		.uleb128 0xa
 1448 0074 0D       		.uleb128 0xd
 1449 0075 00       		.byte	0
 1450 0076 03       		.uleb128 0x3
 1451 0077 0E       		.uleb128 0xe
 1452 0078 3A       		.uleb128 0x3a
 1453 0079 0B       		.uleb128 0xb
 1454 007a 3B       		.uleb128 0x3b
 1455 007b 0B       		.uleb128 0xb
 1456 007c 49       		.uleb128 0x49
 1457 007d 13       		.uleb128 0x13
 1458 007e 38       		.uleb128 0x38
 1459 007f 0B       		.uleb128 0xb
 1460 0080 00       		.byte	0
 1461 0081 00       		.byte	0
 1462 0082 0B       		.uleb128 0xb
 1463 0083 2E       		.uleb128 0x2e
 1464 0084 01       		.byte	0x1
 1465 0085 3F       		.uleb128 0x3f
 1466 0086 19       		.uleb128 0x19
 1467 0087 03       		.uleb128 0x3
 1468 0088 0E       		.uleb128 0xe
 1469 0089 3A       		.uleb128 0x3a
 1470 008a 0B       		.uleb128 0xb
 1471 008b 3B       		.uleb128 0x3b
 1472 008c 0B       		.uleb128 0xb
 1473 008d 11       		.uleb128 0x11
 1474 008e 01       		.uleb128 0x1
 1475 008f 12       		.uleb128 0x12
 1476 0090 06       		.uleb128 0x6
 1477 0091 40       		.uleb128 0x40
 1478 0092 18       		.uleb128 0x18
 1479 0093 9742     		.uleb128 0x2117
 1480 0095 19       		.uleb128 0x19
 1481 0096 01       		.uleb128 0x1
 1482 0097 13       		.uleb128 0x13
 1483 0098 00       		.byte	0
 1484 0099 00       		.byte	0
 1485 009a 0C       		.uleb128 0xc
 1486 009b 898201   		.uleb128 0x4109
 1487 009e 01       		.byte	0x1
 1488 009f 11       		.uleb128 0x11
 1489 00a0 01       		.uleb128 0x1
 1490 00a1 31       		.uleb128 0x31
 1491 00a2 13       		.uleb128 0x13
 1492 00a3 01       		.uleb128 0x1
ARM GAS  C:\Users\PANXIA~1\AppData\Local\Temp\ccfIXroa.s 			page 31


 1493 00a4 13       		.uleb128 0x13
 1494 00a5 00       		.byte	0
 1495 00a6 00       		.byte	0
 1496 00a7 0D       		.uleb128 0xd
 1497 00a8 8A8201   		.uleb128 0x410a
 1498 00ab 00       		.byte	0
 1499 00ac 02       		.uleb128 0x2
 1500 00ad 18       		.uleb128 0x18
 1501 00ae 9142     		.uleb128 0x2111
 1502 00b0 18       		.uleb128 0x18
 1503 00b1 00       		.byte	0
 1504 00b2 00       		.byte	0
 1505 00b3 0E       		.uleb128 0xe
 1506 00b4 898201   		.uleb128 0x4109
 1507 00b7 01       		.byte	0x1
 1508 00b8 11       		.uleb128 0x11
 1509 00b9 01       		.uleb128 0x1
 1510 00ba 31       		.uleb128 0x31
 1511 00bb 13       		.uleb128 0x13
 1512 00bc 00       		.byte	0
 1513 00bd 00       		.byte	0
 1514 00be 0F       		.uleb128 0xf
 1515 00bf 2E       		.uleb128 0x2e
 1516 00c0 01       		.byte	0x1
 1517 00c1 3F       		.uleb128 0x3f
 1518 00c2 19       		.uleb128 0x19
 1519 00c3 03       		.uleb128 0x3
 1520 00c4 0E       		.uleb128 0xe
 1521 00c5 3A       		.uleb128 0x3a
 1522 00c6 0B       		.uleb128 0xb
 1523 00c7 3B       		.uleb128 0x3b
 1524 00c8 0B       		.uleb128 0xb
 1525 00c9 27       		.uleb128 0x27
 1526 00ca 19       		.uleb128 0x19
 1527 00cb 11       		.uleb128 0x11
 1528 00cc 01       		.uleb128 0x1
 1529 00cd 12       		.uleb128 0x12
 1530 00ce 06       		.uleb128 0x6
 1531 00cf 40       		.uleb128 0x40
 1532 00d0 18       		.uleb128 0x18
 1533 00d1 9742     		.uleb128 0x2117
 1534 00d3 19       		.uleb128 0x19
 1535 00d4 01       		.uleb128 0x1
 1536 00d5 13       		.uleb128 0x13
 1537 00d6 00       		.byte	0
 1538 00d7 00       		.byte	0
 1539 00d8 10       		.uleb128 0x10
 1540 00d9 05       		.uleb128 0x5
 1541 00da 00       		.byte	0
 1542 00db 03       		.uleb128 0x3
 1543 00dc 0E       		.uleb128 0xe
 1544 00dd 3A       		.uleb128 0x3a
 1545 00de 0B       		.uleb128 0xb
 1546 00df 3B       		.uleb128 0x3b
 1547 00e0 0B       		.uleb128 0xb
 1548 00e1 49       		.uleb128 0x49
 1549 00e2 13       		.uleb128 0x13
ARM GAS  C:\Users\PANXIA~1\AppData\Local\Temp\ccfIXroa.s 			page 32


 1550 00e3 02       		.uleb128 0x2
 1551 00e4 18       		.uleb128 0x18
 1552 00e5 00       		.byte	0
 1553 00e6 00       		.byte	0
 1554 00e7 11       		.uleb128 0x11
 1555 00e8 05       		.uleb128 0x5
 1556 00e9 00       		.byte	0
 1557 00ea 03       		.uleb128 0x3
 1558 00eb 08       		.uleb128 0x8
 1559 00ec 3A       		.uleb128 0x3a
 1560 00ed 0B       		.uleb128 0xb
 1561 00ee 3B       		.uleb128 0x3b
 1562 00ef 0B       		.uleb128 0xb
 1563 00f0 49       		.uleb128 0x49
 1564 00f1 13       		.uleb128 0x13
 1565 00f2 02       		.uleb128 0x2
 1566 00f3 17       		.uleb128 0x17
 1567 00f4 00       		.byte	0
 1568 00f5 00       		.byte	0
 1569 00f6 12       		.uleb128 0x12
 1570 00f7 34       		.uleb128 0x34
 1571 00f8 00       		.byte	0
 1572 00f9 03       		.uleb128 0x3
 1573 00fa 08       		.uleb128 0x8
 1574 00fb 3A       		.uleb128 0x3a
 1575 00fc 0B       		.uleb128 0xb
 1576 00fd 3B       		.uleb128 0x3b
 1577 00fe 0B       		.uleb128 0xb
 1578 00ff 49       		.uleb128 0x49
 1579 0100 13       		.uleb128 0x13
 1580 0101 02       		.uleb128 0x2
 1581 0102 17       		.uleb128 0x17
 1582 0103 00       		.byte	0
 1583 0104 00       		.byte	0
 1584 0105 13       		.uleb128 0x13
 1585 0106 34       		.uleb128 0x34
 1586 0107 00       		.byte	0
 1587 0108 03       		.uleb128 0x3
 1588 0109 0E       		.uleb128 0xe
 1589 010a 3A       		.uleb128 0x3a
 1590 010b 0B       		.uleb128 0xb
 1591 010c 3B       		.uleb128 0x3b
 1592 010d 0B       		.uleb128 0xb
 1593 010e 49       		.uleb128 0x49
 1594 010f 13       		.uleb128 0x13
 1595 0110 1C       		.uleb128 0x1c
 1596 0111 0B       		.uleb128 0xb
 1597 0112 00       		.byte	0
 1598 0113 00       		.byte	0
 1599 0114 14       		.uleb128 0x14
 1600 0115 0F       		.uleb128 0xf
 1601 0116 00       		.byte	0
 1602 0117 0B       		.uleb128 0xb
 1603 0118 0B       		.uleb128 0xb
 1604 0119 49       		.uleb128 0x49
 1605 011a 13       		.uleb128 0x13
 1606 011b 00       		.byte	0
ARM GAS  C:\Users\PANXIA~1\AppData\Local\Temp\ccfIXroa.s 			page 33


 1607 011c 00       		.byte	0
 1608 011d 15       		.uleb128 0x15
 1609 011e 05       		.uleb128 0x5
 1610 011f 00       		.byte	0
 1611 0120 03       		.uleb128 0x3
 1612 0121 0E       		.uleb128 0xe
 1613 0122 3A       		.uleb128 0x3a
 1614 0123 0B       		.uleb128 0xb
 1615 0124 3B       		.uleb128 0x3b
 1616 0125 0B       		.uleb128 0xb
 1617 0126 49       		.uleb128 0x49
 1618 0127 13       		.uleb128 0x13
 1619 0128 02       		.uleb128 0x2
 1620 0129 17       		.uleb128 0x17
 1621 012a 00       		.byte	0
 1622 012b 00       		.byte	0
 1623 012c 16       		.uleb128 0x16
 1624 012d 34       		.uleb128 0x34
 1625 012e 00       		.byte	0
 1626 012f 03       		.uleb128 0x3
 1627 0130 0E       		.uleb128 0xe
 1628 0131 3A       		.uleb128 0x3a
 1629 0132 0B       		.uleb128 0xb
 1630 0133 3B       		.uleb128 0x3b
 1631 0134 0B       		.uleb128 0xb
 1632 0135 49       		.uleb128 0x49
 1633 0136 13       		.uleb128 0x13
 1634 0137 02       		.uleb128 0x2
 1635 0138 18       		.uleb128 0x18
 1636 0139 00       		.byte	0
 1637 013a 00       		.byte	0
 1638 013b 17       		.uleb128 0x17
 1639 013c 01       		.uleb128 0x1
 1640 013d 01       		.byte	0x1
 1641 013e 49       		.uleb128 0x49
 1642 013f 13       		.uleb128 0x13
 1643 0140 01       		.uleb128 0x1
 1644 0141 13       		.uleb128 0x13
 1645 0142 00       		.byte	0
 1646 0143 00       		.byte	0
 1647 0144 18       		.uleb128 0x18
 1648 0145 21       		.uleb128 0x21
 1649 0146 00       		.byte	0
 1650 0147 49       		.uleb128 0x49
 1651 0148 13       		.uleb128 0x13
 1652 0149 2F       		.uleb128 0x2f
 1653 014a 0B       		.uleb128 0xb
 1654 014b 00       		.byte	0
 1655 014c 00       		.byte	0
 1656 014d 19       		.uleb128 0x19
 1657 014e 34       		.uleb128 0x34
 1658 014f 00       		.byte	0
 1659 0150 03       		.uleb128 0x3
 1660 0151 0E       		.uleb128 0xe
 1661 0152 3A       		.uleb128 0x3a
 1662 0153 0B       		.uleb128 0xb
 1663 0154 3B       		.uleb128 0x3b
ARM GAS  C:\Users\PANXIA~1\AppData\Local\Temp\ccfIXroa.s 			page 34


 1664 0155 05       		.uleb128 0x5
 1665 0156 49       		.uleb128 0x49
 1666 0157 13       		.uleb128 0x13
 1667 0158 3F       		.uleb128 0x3f
 1668 0159 19       		.uleb128 0x19
 1669 015a 3C       		.uleb128 0x3c
 1670 015b 19       		.uleb128 0x19
 1671 015c 00       		.byte	0
 1672 015d 00       		.byte	0
 1673 015e 1A       		.uleb128 0x1a
 1674 015f 35       		.uleb128 0x35
 1675 0160 00       		.byte	0
 1676 0161 49       		.uleb128 0x49
 1677 0162 13       		.uleb128 0x13
 1678 0163 00       		.byte	0
 1679 0164 00       		.byte	0
 1680 0165 1B       		.uleb128 0x1b
 1681 0166 34       		.uleb128 0x34
 1682 0167 00       		.byte	0
 1683 0168 03       		.uleb128 0x3
 1684 0169 0E       		.uleb128 0xe
 1685 016a 3A       		.uleb128 0x3a
 1686 016b 0B       		.uleb128 0xb
 1687 016c 3B       		.uleb128 0x3b
 1688 016d 0B       		.uleb128 0xb
 1689 016e 49       		.uleb128 0x49
 1690 016f 13       		.uleb128 0x13
 1691 0170 3F       		.uleb128 0x3f
 1692 0171 19       		.uleb128 0x19
 1693 0172 02       		.uleb128 0x2
 1694 0173 18       		.uleb128 0x18
 1695 0174 00       		.byte	0
 1696 0175 00       		.byte	0
 1697 0176 1C       		.uleb128 0x1c
 1698 0177 2E       		.uleb128 0x2e
 1699 0178 01       		.byte	0x1
 1700 0179 3F       		.uleb128 0x3f
 1701 017a 19       		.uleb128 0x19
 1702 017b 03       		.uleb128 0x3
 1703 017c 0E       		.uleb128 0xe
 1704 017d 3A       		.uleb128 0x3a
 1705 017e 0B       		.uleb128 0xb
 1706 017f 3B       		.uleb128 0x3b
 1707 0180 0B       		.uleb128 0xb
 1708 0181 27       		.uleb128 0x27
 1709 0182 19       		.uleb128 0x19
 1710 0183 3C       		.uleb128 0x3c
 1711 0184 19       		.uleb128 0x19
 1712 0185 01       		.uleb128 0x1
 1713 0186 13       		.uleb128 0x13
 1714 0187 00       		.byte	0
 1715 0188 00       		.byte	0
 1716 0189 1D       		.uleb128 0x1d
 1717 018a 05       		.uleb128 0x5
 1718 018b 00       		.byte	0
 1719 018c 49       		.uleb128 0x49
 1720 018d 13       		.uleb128 0x13
ARM GAS  C:\Users\PANXIA~1\AppData\Local\Temp\ccfIXroa.s 			page 35


 1721 018e 00       		.byte	0
 1722 018f 00       		.byte	0
 1723 0190 1E       		.uleb128 0x1e
 1724 0191 2E       		.uleb128 0x2e
 1725 0192 01       		.byte	0x1
 1726 0193 3F       		.uleb128 0x3f
 1727 0194 19       		.uleb128 0x19
 1728 0195 03       		.uleb128 0x3
 1729 0196 0E       		.uleb128 0xe
 1730 0197 3A       		.uleb128 0x3a
 1731 0198 0B       		.uleb128 0xb
 1732 0199 3B       		.uleb128 0x3b
 1733 019a 0B       		.uleb128 0xb
 1734 019b 27       		.uleb128 0x27
 1735 019c 19       		.uleb128 0x19
 1736 019d 3C       		.uleb128 0x3c
 1737 019e 19       		.uleb128 0x19
 1738 019f 00       		.byte	0
 1739 01a0 00       		.byte	0
 1740 01a1 00       		.byte	0
 1741              		.section	.debug_loc,"",%progbits
 1742              	.Ldebug_loc0:
 1743              	.LLST0:
 1744 0000 00000000 		.4byte	.LVL17
 1745 0004 22000000 		.4byte	.LVL25
 1746 0008 0100     		.2byte	0x1
 1747 000a 51       		.byte	0x51
 1748 000b 22000000 		.4byte	.LVL25
 1749 000f 44000000 		.4byte	.LFE66
 1750 0013 0400     		.2byte	0x4
 1751 0015 F3       		.byte	0xf3
 1752 0016 01       		.uleb128 0x1
 1753 0017 51       		.byte	0x51
 1754 0018 9F       		.byte	0x9f
 1755 0019 00000000 		.4byte	0
 1756 001d 00000000 		.4byte	0
 1757              	.LLST1:
 1758 0021 02000000 		.4byte	.LVL18
 1759 0025 08000000 		.4byte	.LVL19
 1760 0029 0200     		.2byte	0x2
 1761 002b 30       		.byte	0x30
 1762 002c 9F       		.byte	0x9f
 1763 002d 08000000 		.4byte	.LVL19
 1764 0031 0C000000 		.4byte	.LVL20
 1765 0035 0100     		.2byte	0x1
 1766 0037 52       		.byte	0x52
 1767 0038 0E000000 		.4byte	.LVL21
 1768 003c 24000000 		.4byte	.LVL26
 1769 0040 0100     		.2byte	0x1
 1770 0042 52       		.byte	0x52
 1771 0043 00000000 		.4byte	0
 1772 0047 00000000 		.4byte	0
 1773              	.LLST2:
 1774 004b 02000000 		.4byte	.LVL18
 1775 004f 08000000 		.4byte	.LVL19
 1776 0053 0200     		.2byte	0x2
 1777 0055 31       		.byte	0x31
ARM GAS  C:\Users\PANXIA~1\AppData\Local\Temp\ccfIXroa.s 			page 36


 1778 0056 9F       		.byte	0x9f
 1779 0057 08000000 		.4byte	.LVL19
 1780 005b 10000000 		.4byte	.LVL22
 1781 005f 0100     		.2byte	0x1
 1782 0061 53       		.byte	0x53
 1783 0062 12000000 		.4byte	.LVL23
 1784 0066 1A000000 		.4byte	.LVL24
 1785 006a 0100     		.2byte	0x1
 1786 006c 53       		.byte	0x53
 1787 006d 00000000 		.4byte	0
 1788 0071 00000000 		.4byte	0
 1789              	.LLST3:
 1790 0075 00000000 		.4byte	.LVL27
 1791 0079 AA000000 		.4byte	.LVL28
 1792 007d 0100     		.2byte	0x1
 1793 007f 50       		.byte	0x50
 1794 0080 AA000000 		.4byte	.LVL28
 1795 0084 AF000000 		.4byte	.LVL29-1
 1796 0088 1000     		.2byte	0x10
 1797 008a 03       		.byte	0x3
 1798 008b 02000000 		.4byte	count
 1799 008f 94       		.byte	0x94
 1800 0090 02       		.byte	0x2
 1801 0091 0A       		.byte	0xa
 1802 0092 FFFF     		.2byte	0xffff
 1803 0094 1A       		.byte	0x1a
 1804 0095 74       		.byte	0x74
 1805 0096 00       		.sleb128 0
 1806 0097 22       		.byte	0x22
 1807 0098 23       		.byte	0x23
 1808 0099 04       		.uleb128 0x4
 1809 009a AF000000 		.4byte	.LVL29-1
 1810 009e B4000000 		.4byte	.LVL30
 1811 00a2 0400     		.2byte	0x4
 1812 00a4 F3       		.byte	0xf3
 1813 00a5 01       		.uleb128 0x1
 1814 00a6 50       		.byte	0x50
 1815 00a7 9F       		.byte	0x9f
 1816 00a8 B4000000 		.4byte	.LVL30
 1817 00ac C4000000 		.4byte	.LFE65
 1818 00b0 0100     		.2byte	0x1
 1819 00b2 50       		.byte	0x50
 1820 00b3 00000000 		.4byte	0
 1821 00b7 00000000 		.4byte	0
 1822              		.section	.debug_aranges,"",%progbits
 1823 0000 34000000 		.4byte	0x34
 1824 0004 0200     		.2byte	0x2
 1825 0006 00000000 		.4byte	.Ldebug_info0
 1826 000a 04       		.byte	0x4
 1827 000b 00       		.byte	0
 1828 000c 0000     		.2byte	0
 1829 000e 0000     		.2byte	0
 1830 0010 00000000 		.4byte	.LFB63
 1831 0014 16000000 		.4byte	.LFE63-.LFB63
 1832 0018 00000000 		.4byte	.LFB64
 1833 001c 1C010000 		.4byte	.LFE64-.LFB64
 1834 0020 00000000 		.4byte	.LFB66
ARM GAS  C:\Users\PANXIA~1\AppData\Local\Temp\ccfIXroa.s 			page 37


 1835 0024 44000000 		.4byte	.LFE66-.LFB66
 1836 0028 00000000 		.4byte	.LFB65
 1837 002c C4000000 		.4byte	.LFE65-.LFB65
 1838 0030 00000000 		.4byte	0
 1839 0034 00000000 		.4byte	0
 1840              		.section	.debug_ranges,"",%progbits
 1841              	.Ldebug_ranges0:
 1842 0000 00000000 		.4byte	.LFB63
 1843 0004 16000000 		.4byte	.LFE63
 1844 0008 00000000 		.4byte	.LFB64
 1845 000c 1C010000 		.4byte	.LFE64
 1846 0010 00000000 		.4byte	.LFB66
 1847 0014 44000000 		.4byte	.LFE66
 1848 0018 00000000 		.4byte	.LFB65
 1849 001c C4000000 		.4byte	.LFE65
 1850 0020 00000000 		.4byte	0
 1851 0024 00000000 		.4byte	0
 1852              		.section	.debug_line,"",%progbits
 1853              	.Ldebug_line0:
 1854 0000 47020000 		.section	.debug_str,"MS",%progbits,1
 1854      02008801 
 1854      00000201 
 1854      FB0E0D00 
 1854      01010101 
 1855              	.LASF43:
 1856 0000 535F5359 		.ascii	"S_SYSTEMINFO\000"
 1856      5354454D 
 1856      494E464F 
 1856      00
 1857              	.LASF40:
 1858 000d 746F746F 		.ascii	"totol_run_time\000"
 1858      6C5F7275 
 1858      6E5F7469 
 1858      6D6500
 1859              	.LASF61:
 1860 001c 64697374 		.ascii	"distance_back\000"
 1860      616E6365 
 1860      5F626163 
 1860      6B00
 1861              	.LASF22:
 1862 002a 52494748 		.ascii	"RIGHT\000"
 1862      5400
 1863              	.LASF82:
 1864 0030 52784275 		.ascii	"RxBuffer\000"
 1864      66666572 
 1864      00
 1865              	.LASF85:
 1866 0039 73746174 		.ascii	"state\000"
 1866      6500
 1867              	.LASF78:
 1868 003f 74656D70 		.ascii	"temp\000"
 1868      00
 1869              	.LASF2:
 1870 0044 73686F72 		.ascii	"short int\000"
 1870      7420696E 
 1870      7400
 1871              	.LASF79:
ARM GAS  C:\Users\PANXIA~1\AppData\Local\Temp\ccfIXroa.s 			page 38


 1872 004e 4D5F4461 		.ascii	"M_Data_Receive_Anl\000"
 1872      74615F52 
 1872      65636569 
 1872      76655F41 
 1872      6E6C00
 1873              	.LASF19:
 1874 0061 73697A65 		.ascii	"sizetype\000"
 1874      74797065 
 1874      00
 1875              	.LASF63:
 1876 006a 4D5F436F 		.ascii	"M_Command\000"
 1876      6D6D616E 
 1876      6400
 1877              	.LASF80:
 1878 0074 4D5F4461 		.ascii	"M_Data_Receive_Prepare\000"
 1878      74615F52 
 1878      65636569 
 1878      76655F50 
 1878      72657061 
 1879              	.LASF60:
 1880 008b 64697374 		.ascii	"distance_front\000"
 1880      616E6365 
 1880      5F66726F 
 1880      6E7400
 1881              	.LASF49:
 1882 009a 7365745F 		.ascii	"set_push_dir\000"
 1882      70757368 
 1882      5F646972 
 1882      00
 1883              	.LASF24:
 1884 00a7 55505F52 		.ascii	"UP_RIGHT\000"
 1884      49474854 
 1884      00
 1885              	.LASF94:
 1886 00b0 2E5C4D5F 		.ascii	".\\M_thickness.c\000"
 1886      74686963 
 1886      6B6E6573 
 1886      732E6300 
 1887              	.LASF30:
 1888 00c0 57484545 		.ascii	"WHEEL_DIR\000"
 1888      4C5F4449 
 1888      5200
 1889              	.LASF17:
 1890 00ca 646F7562 		.ascii	"double\000"
 1890      6C6500
 1891              	.LASF65:
 1892 00d1 4D5F7261 		.ascii	"M_radix\000"
 1892      64697800 
 1893              	.LASF32:
 1894 00d9 52455645 		.ascii	"REVERSAL\000"
 1894      5253414C 
 1894      00
 1895              	.LASF59:
 1896 00e2 68656172 		.ascii	"hearting\000"
 1896      74696E67 
 1896      00
 1897              	.LASF46:
ARM GAS  C:\Users\PANXIA~1\AppData\Local\Temp\ccfIXroa.s 			page 39


 1898 00eb 7365745F 		.ascii	"set_dir\000"
 1898      64697200 
 1899              	.LASF12:
 1900 00f3 75696E74 		.ascii	"uint16\000"
 1900      313600
 1901              	.LASF84:
 1902 00fa 5F646174 		.ascii	"_data_cnt\000"
 1902      615F636E 
 1902      7400
 1903              	.LASF90:
 1904 0104 4D5F444F 		.ascii	"M_DOWN_Write\000"
 1904      574E5F57 
 1904      72697465 
 1904      00
 1905              	.LASF11:
 1906 0111 75696E74 		.ascii	"uint8\000"
 1906      3800
 1907              	.LASF67:
 1908 0117 66616C6C 		.ascii	"fallback_mode\000"
 1908      6261636B 
 1908      5F6D6F64 
 1908      6500
 1909              	.LASF38:
 1910 0125 6361725F 		.ascii	"car_runing_time\000"
 1910      72756E69 
 1910      6E675F74 
 1910      696D6500 
 1911              	.LASF57:
 1912 0135 73746565 		.ascii	"steering_cur_positon2\000"
 1912      72696E67 
 1912      5F637572 
 1912      5F706F73 
 1912      69746F6E 
 1913              	.LASF14:
 1914 014b 696E7431 		.ascii	"int16\000"
 1914      3600
 1915              	.LASF39:
 1916 0151 6C617374 		.ascii	"last_run_time\000"
 1916      5F72756E 
 1916      5F74696D 
 1916      6500
 1917              	.LASF34:
 1918 015f 535F5748 		.ascii	"S_WHEEL\000"
 1918      45454C00 
 1919              	.LASF55:
 1920 0167 73746565 		.ascii	"steering_cur_positon1\000"
 1920      72696E67 
 1920      5F637572 
 1920      5F706F73 
 1920      69746F6E 
 1921              	.LASF16:
 1922 017d 666C6F61 		.ascii	"float\000"
 1922      7400
 1923              	.LASF6:
 1924 0183 6C6F6E67 		.ascii	"long long int\000"
 1924      206C6F6E 
 1924      6720696E 
ARM GAS  C:\Users\PANXIA~1\AppData\Local\Temp\ccfIXroa.s 			page 40


 1924      7400
 1925              	.LASF44:
 1926 0191 4361725F 		.ascii	"Car_lock\000"
 1926      6C6F636B 
 1926      00
 1927              	.LASF28:
 1928 019a 57414954 		.ascii	"WAIT_DIR\000"
 1928      5F444952 
 1928      00
 1929              	.LASF4:
 1930 01a3 6C6F6E67 		.ascii	"long int\000"
 1930      20696E74 
 1930      00
 1931              	.LASF88:
 1932 01ac 675F4361 		.ascii	"g_Car\000"
 1932      7200
 1933              	.LASF52:
 1934 01b2 6C656674 		.ascii	"left_behind_wheel\000"
 1934      5F626568 
 1934      696E645F 
 1934      77686565 
 1934      6C00
 1935              	.LASF54:
 1936 01c4 72696768 		.ascii	"right_behind_wheel\000"
 1936      745F6265 
 1936      68696E64 
 1936      5F776865 
 1936      656C00
 1937              	.LASF31:
 1938 01d7 464F5257 		.ascii	"FORWARD\000"
 1938      41524400 
 1939              	.LASF41:
 1940 01df 68617264 		.ascii	"hardware_ver\000"
 1940      77617265 
 1940      5F766572 
 1940      00
 1941              	.LASF51:
 1942 01ec 6C656674 		.ascii	"left_front_wheel\000"
 1942      5F66726F 
 1942      6E745F77 
 1942      6865656C 
 1942      00
 1943              	.LASF68:
 1944 01fd 73797374 		.ascii	"systeminfo\000"
 1944      656D696E 
 1944      666F00
 1945              	.LASF25:
 1946 0208 444F574E 		.ascii	"DOWN_LEFT\000"
 1946      5F4C4546 
 1946      5400
 1947              	.LASF21:
 1948 0212 4C454654 		.ascii	"LEFT\000"
 1948      00
 1949              	.LASF48:
 1950 0217 7072655F 		.ascii	"pre_dir\000"
 1950      64697200 
 1951              	.LASF26:
ARM GAS  C:\Users\PANXIA~1\AppData\Local\Temp\ccfIXroa.s 			page 41


 1952 021f 444F574E 		.ascii	"DOWN_RIGHT\000"
 1952      5F524947 
 1952      485400
 1953              	.LASF95:
 1954 022a 463A5C70 		.ascii	"F:\\project\\robot\\T1\\FW\\trunk\\robot_car_V5\\ca"
 1954      726F6A65 
 1954      63745C72 
 1954      6F626F74 
 1954      5C54315C 
 1955 0256 722E6379 		.ascii	"r.cydsn\000"
 1955      64736E00 
 1956              	.LASF1:
 1957 025e 756E7369 		.ascii	"unsigned char\000"
 1957      676E6564 
 1957      20636861 
 1957      7200
 1958              	.LASF0:
 1959 026c 7369676E 		.ascii	"signed char\000"
 1959      65642063 
 1959      68617200 
 1960              	.LASF7:
 1961 0278 6C6F6E67 		.ascii	"long long unsigned int\000"
 1961      206C6F6E 
 1961      6720756E 
 1961      7369676E 
 1961      65642069 
 1962              	.LASF92:
 1963 028f 4D5F5A45 		.ascii	"M_ZERO_Write\000"
 1963      524F5F57 
 1963      72697465 
 1963      00
 1964              	.LASF8:
 1965 029c 756E7369 		.ascii	"unsigned int\000"
 1965      676E6564 
 1965      20696E74 
 1965      00
 1966              	.LASF89:
 1967 02a9 6368616E 		.ascii	"change_flag\000"
 1967      67655F66 
 1967      6C616700 
 1968              	.LASF70:
 1969 02b5 73706565 		.ascii	"speed_control_preiod\000"
 1969      645F636F 
 1969      6E74726F 
 1969      6C5F7072 
 1969      65696F64 
 1970              	.LASF3:
 1971 02ca 73686F72 		.ascii	"short unsigned int\000"
 1971      7420756E 
 1971      7369676E 
 1971      65642069 
 1971      6E7400
 1972              	.LASF71:
 1973 02dd 6C696865 		.ascii	"liheqi\000"
 1973      716900
 1974              	.LASF23:
 1975 02e4 55505F4C 		.ascii	"UP_LEFT\000"
ARM GAS  C:\Users\PANXIA~1\AppData\Local\Temp\ccfIXroa.s 			page 42


 1975      45465400 
 1976              	.LASF18:
 1977 02ec 63686172 		.ascii	"char\000"
 1977      00
 1978              	.LASF93:
 1979 02f1 474E5520 		.ascii	"GNU C 4.9.3 20150303 (release) [ARM/embedded-4_9-br"
 1979      4320342E 
 1979      392E3320 
 1979      32303135 
 1979      30333033 
 1980 0324 616E6368 		.ascii	"anch revision 221220] -mcpu=cortex-m3 -mthumb -g -O"
 1980      20726576 
 1980      6973696F 
 1980      6E203232 
 1980      31323230 
 1981 0357 67202D66 		.ascii	"g -ffunction-sections -ffat-lto-objects\000"
 1981      66756E63 
 1981      74696F6E 
 1981      2D736563 
 1981      74696F6E 
 1982              	.LASF10:
 1983 037f 696E7433 		.ascii	"int32_t\000"
 1983      325F7400 
 1984              	.LASF56:
 1985 0387 73746565 		.ascii	"steering_set_positon1\000"
 1985      72696E67 
 1985      5F736574 
 1985      5F706F73 
 1985      69746F6E 
 1986              	.LASF58:
 1987 039d 73746565 		.ascii	"steering_set_positon2\000"
 1987      72696E67 
 1987      5F736574 
 1987      5F706F73 
 1987      69746F6E 
 1988              	.LASF42:
 1989 03b3 736F6674 		.ascii	"software_ver\000"
 1989      77617265 
 1989      5F766572 
 1989      00
 1990              	.LASF35:
 1991 03c0 4E554C4C 		.ascii	"NULL_S\000"
 1991      5F5300
 1992              	.LASF20:
 1993 03c7 444F574E 		.ascii	"DOWN\000"
 1993      00
 1994              	.LASF74:
 1995 03cc 535F4341 		.ascii	"S_CAR\000"
 1995      5200
 1996              	.LASF37:
 1997 03d2 6375725F 		.ascii	"cur_run_time\000"
 1997      72756E5F 
 1997      74696D65 
 1997      00
 1998              	.LASF47:
 1999 03df 7365745F 		.ascii	"set_ptz_dir\000"
 1999      70747A5F 
ARM GAS  C:\Users\PANXIA~1\AppData\Local\Temp\ccfIXroa.s 			page 43


 1999      64697200 
 2000              	.LASF81:
 2001 03eb 64617461 		.ascii	"data\000"
 2001      00
 2002              	.LASF29:
 2003 03f0 4341525F 		.ascii	"CAR_DIR\000"
 2003      44495200 
 2004              	.LASF13:
 2005 03f8 75696E74 		.ascii	"uint32\000"
 2005      333200
 2006              	.LASF96:
 2007 03ff 4D5F5057 		.ascii	"M_PWR_Write\000"
 2007      525F5772 
 2007      69746500 
 2008              	.LASF72:
 2009 040b 62617474 		.ascii	"batteryTemp\000"
 2009      65727954 
 2009      656D7000 
 2010              	.LASF5:
 2011 0417 6C6F6E67 		.ascii	"long unsigned int\000"
 2011      20756E73 
 2011      69676E65 
 2011      6420696E 
 2011      7400
 2012              	.LASF15:
 2013 0429 696E7433 		.ascii	"int32\000"
 2013      3200
 2014              	.LASF36:
 2015 042f 746F746F 		.ascii	"totol_run_count\000"
 2015      6C5F7275 
 2015      6E5F636F 
 2015      756E7400 
 2016              	.LASF69:
 2017 043f 73687574 		.ascii	"shutdown_flag\000"
 2017      646F776E 
 2017      5F666C61 
 2017      6700
 2018              	.LASF83:
 2019 044d 5F646174 		.ascii	"_data_len\000"
 2019      615F6C65 
 2019      6E00
 2020              	.LASF62:
 2021 0457 6D656173 		.ascii	"measure_distance_flag\000"
 2021      7572655F 
 2021      64697374 
 2021      616E6365 
 2021      5F666C61 
 2022              	.LASF64:
 2023 046d 4D5F7661 		.ascii	"M_value\000"
 2023      6C756500 
 2024              	.LASF91:
 2025 0475 4D5F5550 		.ascii	"M_UP_Write\000"
 2025      5F577269 
 2025      746500
 2026              	.LASF86:
 2027 0480 636F756E 		.ascii	"count\000"
 2027      7400
ARM GAS  C:\Users\PANXIA~1\AppData\Local\Temp\ccfIXroa.s 			page 44


 2028              	.LASF53:
 2029 0486 72696768 		.ascii	"right_front_wheel\000"
 2029      745F6672 
 2029      6F6E745F 
 2029      77686565 
 2029      6C00
 2030              	.LASF9:
 2031 0498 5F5F696E 		.ascii	"__int32_t\000"
 2031      7433325F 
 2031      7400
 2032              	.LASF50:
 2033 04a2 7365745F 		.ascii	"set_car_speed\000"
 2033      6361725F 
 2033      73706565 
 2033      6400
 2034              	.LASF27:
 2035 04b0 53544F50 		.ascii	"STOP\000"
 2035      00
 2036              	.LASF66:
 2037 04b5 4D5F7265 		.ascii	"M_result\000"
 2037      73756C74 
 2037      00
 2038              	.LASF45:
 2039 04be 6572726F 		.ascii	"error\000"
 2039      7200
 2040              	.LASF73:
 2041 04c4 63757272 		.ascii	"current\000"
 2041      656E7400 
 2042              	.LASF33:
 2043 04cc 57484545 		.ascii	"WHEEL_STOP\000"
 2043      4C5F5354 
 2043      4F5000
 2044              	.LASF75:
 2045 04d7 73687574 		.ascii	"shutdown_50s\000"
 2045      646F776E 
 2045      5F353073 
 2045      00
 2046              	.LASF87:
 2047 04e4 49544D5F 		.ascii	"ITM_RxBuffer\000"
 2047      52784275 
 2047      66666572 
 2047      00
 2048              	.LASF77:
 2049 04f1 64617461 		.ascii	"data_buf\000"
 2049      5F627566 
 2049      00
 2050              	.LASF76:
 2051 04fa 436F6E74 		.ascii	"Control_M_loop\000"
 2051      726F6C5F 
 2051      4D5F6C6F 
 2051      6F7000
 2052              		.ident	"GCC: (GNU Tools for ARM Embedded Processors) 4.9.3 20150303 (release) [ARM/embedded-4_9-br
