ARM GAS  C:\Users\PANXIA~1\AppData\Local\Temp\ccMZBQpy.s 			page 1


   1              		.syntax unified
   2              		.cpu cortex-m3
   3              		.fpu softvfp
   4              		.eabi_attribute 20, 1
   5              		.eabi_attribute 21, 1
   6              		.eabi_attribute 23, 3
   7              		.eabi_attribute 24, 1
   8              		.eabi_attribute 25, 1
   9              		.eabi_attribute 26, 1
  10              		.eabi_attribute 30, 1
  11              		.eabi_attribute 34, 1
  12              		.eabi_attribute 18, 4
  13              		.thumb
  14              		.file	"PWM_MOTOR_RIGHT_PM.c"
  15              		.text
  16              	.Ltext0:
  17              		.cfi_sections	.debug_frame
  18              		.section	.text.PWM_MOTOR_RIGHT_SaveConfig,"ax",%progbits
  19              		.align	2
  20              		.global	PWM_MOTOR_RIGHT_SaveConfig
  21              		.thumb
  22              		.thumb_func
  23              		.type	PWM_MOTOR_RIGHT_SaveConfig, %function
  24              	PWM_MOTOR_RIGHT_SaveConfig:
  25              	.LFB0:
  26              		.file 1 ".\\Generated_Source\\PSoC5\\PWM_MOTOR_RIGHT_PM.c"
   1:.\Generated_Source\PSoC5/PWM_MOTOR_RIGHT_PM.c **** /*******************************************************************************
   2:.\Generated_Source\PSoC5/PWM_MOTOR_RIGHT_PM.c **** * File Name: PWM_MOTOR_RIGHT_PM.c
   3:.\Generated_Source\PSoC5/PWM_MOTOR_RIGHT_PM.c **** * Version 3.30
   4:.\Generated_Source\PSoC5/PWM_MOTOR_RIGHT_PM.c **** *
   5:.\Generated_Source\PSoC5/PWM_MOTOR_RIGHT_PM.c **** * Description:
   6:.\Generated_Source\PSoC5/PWM_MOTOR_RIGHT_PM.c **** *  This file provides the power management source code to API for the
   7:.\Generated_Source\PSoC5/PWM_MOTOR_RIGHT_PM.c **** *  PWM.
   8:.\Generated_Source\PSoC5/PWM_MOTOR_RIGHT_PM.c **** *
   9:.\Generated_Source\PSoC5/PWM_MOTOR_RIGHT_PM.c **** * Note:
  10:.\Generated_Source\PSoC5/PWM_MOTOR_RIGHT_PM.c **** *
  11:.\Generated_Source\PSoC5/PWM_MOTOR_RIGHT_PM.c **** ********************************************************************************
  12:.\Generated_Source\PSoC5/PWM_MOTOR_RIGHT_PM.c **** * Copyright 2008-2014, Cypress Semiconductor Corporation.  All rights reserved.
  13:.\Generated_Source\PSoC5/PWM_MOTOR_RIGHT_PM.c **** * You may use this file only in accordance with the license, terms, conditions,
  14:.\Generated_Source\PSoC5/PWM_MOTOR_RIGHT_PM.c **** * disclaimers, and limitations in the end user license agreement accompanying
  15:.\Generated_Source\PSoC5/PWM_MOTOR_RIGHT_PM.c **** * the software package with which this file was provided.
  16:.\Generated_Source\PSoC5/PWM_MOTOR_RIGHT_PM.c **** *******************************************************************************/
  17:.\Generated_Source\PSoC5/PWM_MOTOR_RIGHT_PM.c **** 
  18:.\Generated_Source\PSoC5/PWM_MOTOR_RIGHT_PM.c **** #include "PWM_MOTOR_RIGHT.h"
  19:.\Generated_Source\PSoC5/PWM_MOTOR_RIGHT_PM.c **** 
  20:.\Generated_Source\PSoC5/PWM_MOTOR_RIGHT_PM.c **** static PWM_MOTOR_RIGHT_backupStruct PWM_MOTOR_RIGHT_backup;
  21:.\Generated_Source\PSoC5/PWM_MOTOR_RIGHT_PM.c **** 
  22:.\Generated_Source\PSoC5/PWM_MOTOR_RIGHT_PM.c **** 
  23:.\Generated_Source\PSoC5/PWM_MOTOR_RIGHT_PM.c **** /*******************************************************************************
  24:.\Generated_Source\PSoC5/PWM_MOTOR_RIGHT_PM.c **** * Function Name: PWM_MOTOR_RIGHT_SaveConfig
  25:.\Generated_Source\PSoC5/PWM_MOTOR_RIGHT_PM.c **** ********************************************************************************
  26:.\Generated_Source\PSoC5/PWM_MOTOR_RIGHT_PM.c **** *
  27:.\Generated_Source\PSoC5/PWM_MOTOR_RIGHT_PM.c **** * Summary:
  28:.\Generated_Source\PSoC5/PWM_MOTOR_RIGHT_PM.c **** *  Saves the current user configuration of the component.
  29:.\Generated_Source\PSoC5/PWM_MOTOR_RIGHT_PM.c **** *
  30:.\Generated_Source\PSoC5/PWM_MOTOR_RIGHT_PM.c **** * Parameters:
  31:.\Generated_Source\PSoC5/PWM_MOTOR_RIGHT_PM.c **** *  None
ARM GAS  C:\Users\PANXIA~1\AppData\Local\Temp\ccMZBQpy.s 			page 2


  32:.\Generated_Source\PSoC5/PWM_MOTOR_RIGHT_PM.c **** *
  33:.\Generated_Source\PSoC5/PWM_MOTOR_RIGHT_PM.c **** * Return:
  34:.\Generated_Source\PSoC5/PWM_MOTOR_RIGHT_PM.c **** *  None
  35:.\Generated_Source\PSoC5/PWM_MOTOR_RIGHT_PM.c **** *
  36:.\Generated_Source\PSoC5/PWM_MOTOR_RIGHT_PM.c **** * Global variables:
  37:.\Generated_Source\PSoC5/PWM_MOTOR_RIGHT_PM.c **** *  PWM_MOTOR_RIGHT_backup:  Variables of this global structure are modified to
  38:.\Generated_Source\PSoC5/PWM_MOTOR_RIGHT_PM.c **** *  store the values of non retention configuration registers when Sleep() API is
  39:.\Generated_Source\PSoC5/PWM_MOTOR_RIGHT_PM.c **** *  called.
  40:.\Generated_Source\PSoC5/PWM_MOTOR_RIGHT_PM.c **** *
  41:.\Generated_Source\PSoC5/PWM_MOTOR_RIGHT_PM.c **** *******************************************************************************/
  42:.\Generated_Source\PSoC5/PWM_MOTOR_RIGHT_PM.c **** void PWM_MOTOR_RIGHT_SaveConfig(void) 
  43:.\Generated_Source\PSoC5/PWM_MOTOR_RIGHT_PM.c **** {
  27              		.loc 1 43 0
  28              		.cfi_startproc
  29              		@ args = 0, pretend = 0, frame = 0
  30              		@ frame_needed = 0, uses_anonymous_args = 0
  31 0000 10B5     		push	{r4, lr}
  32              		.cfi_def_cfa_offset 8
  33              		.cfi_offset 4, -8
  34              		.cfi_offset 14, -4
  44:.\Generated_Source\PSoC5/PWM_MOTOR_RIGHT_PM.c **** 
  45:.\Generated_Source\PSoC5/PWM_MOTOR_RIGHT_PM.c ****     #if(!PWM_MOTOR_RIGHT_UsingFixedFunction)
  46:.\Generated_Source\PSoC5/PWM_MOTOR_RIGHT_PM.c ****         #if(!PWM_MOTOR_RIGHT_PWMModeIsCenterAligned)
  47:.\Generated_Source\PSoC5/PWM_MOTOR_RIGHT_PM.c ****             PWM_MOTOR_RIGHT_backup.PWMPeriod = PWM_MOTOR_RIGHT_ReadPeriod();
  35              		.loc 1 47 0
  36 0002 FFF7FEFF 		bl	PWM_MOTOR_RIGHT_ReadPeriod
  37              	.LVL0:
  38 0006 044C     		ldr	r4, .L3
  39 0008 A080     		strh	r0, [r4, #4]	@ movhi
  48:.\Generated_Source\PSoC5/PWM_MOTOR_RIGHT_PM.c ****         #endif /* (!PWM_MOTOR_RIGHT_PWMModeIsCenterAligned) */
  49:.\Generated_Source\PSoC5/PWM_MOTOR_RIGHT_PM.c ****         PWM_MOTOR_RIGHT_backup.PWMUdb = PWM_MOTOR_RIGHT_ReadCounter();
  40              		.loc 1 49 0
  41 000a FFF7FEFF 		bl	PWM_MOTOR_RIGHT_ReadCounter
  42              	.LVL1:
  43 000e 6080     		strh	r0, [r4, #2]	@ movhi
  50:.\Generated_Source\PSoC5/PWM_MOTOR_RIGHT_PM.c ****         #if (PWM_MOTOR_RIGHT_UseStatus)
  51:.\Generated_Source\PSoC5/PWM_MOTOR_RIGHT_PM.c ****             PWM_MOTOR_RIGHT_backup.InterruptMaskValue = PWM_MOTOR_RIGHT_STATUS_MASK;
  52:.\Generated_Source\PSoC5/PWM_MOTOR_RIGHT_PM.c ****         #endif /* (PWM_MOTOR_RIGHT_UseStatus) */
  53:.\Generated_Source\PSoC5/PWM_MOTOR_RIGHT_PM.c **** 
  54:.\Generated_Source\PSoC5/PWM_MOTOR_RIGHT_PM.c ****         #if(PWM_MOTOR_RIGHT_DeadBandMode == PWM_MOTOR_RIGHT__B_PWM__DBM_256_CLOCKS || \
  55:.\Generated_Source\PSoC5/PWM_MOTOR_RIGHT_PM.c ****             PWM_MOTOR_RIGHT_DeadBandMode == PWM_MOTOR_RIGHT__B_PWM__DBM_2_4_CLOCKS)
  56:.\Generated_Source\PSoC5/PWM_MOTOR_RIGHT_PM.c ****             PWM_MOTOR_RIGHT_backup.PWMdeadBandValue = PWM_MOTOR_RIGHT_ReadDeadTime();
  57:.\Generated_Source\PSoC5/PWM_MOTOR_RIGHT_PM.c ****         #endif /*  deadband count is either 2-4 clocks or 256 clocks */
  58:.\Generated_Source\PSoC5/PWM_MOTOR_RIGHT_PM.c **** 
  59:.\Generated_Source\PSoC5/PWM_MOTOR_RIGHT_PM.c ****         #if(PWM_MOTOR_RIGHT_KillModeMinTime)
  60:.\Generated_Source\PSoC5/PWM_MOTOR_RIGHT_PM.c ****              PWM_MOTOR_RIGHT_backup.PWMKillCounterPeriod = PWM_MOTOR_RIGHT_ReadKillTime();
  61:.\Generated_Source\PSoC5/PWM_MOTOR_RIGHT_PM.c ****         #endif /* (PWM_MOTOR_RIGHT_KillModeMinTime) */
  62:.\Generated_Source\PSoC5/PWM_MOTOR_RIGHT_PM.c **** 
  63:.\Generated_Source\PSoC5/PWM_MOTOR_RIGHT_PM.c ****         #if(PWM_MOTOR_RIGHT_UseControl)
  64:.\Generated_Source\PSoC5/PWM_MOTOR_RIGHT_PM.c ****             PWM_MOTOR_RIGHT_backup.PWMControlRegister = PWM_MOTOR_RIGHT_ReadControlRegister();
  44              		.loc 1 64 0
  45 0010 FFF7FEFF 		bl	PWM_MOTOR_RIGHT_ReadControlRegister
  46              	.LVL2:
  47 0014 A071     		strb	r0, [r4, #6]
  48 0016 10BD     		pop	{r4, pc}
  49              	.L4:
  50              		.align	2
ARM GAS  C:\Users\PANXIA~1\AppData\Local\Temp\ccMZBQpy.s 			page 3


  51              	.L3:
  52 0018 00000000 		.word	.LANCHOR0
  53              		.cfi_endproc
  54              	.LFE0:
  55              		.size	PWM_MOTOR_RIGHT_SaveConfig, .-PWM_MOTOR_RIGHT_SaveConfig
  56              		.section	.text.PWM_MOTOR_RIGHT_RestoreConfig,"ax",%progbits
  57              		.align	2
  58              		.global	PWM_MOTOR_RIGHT_RestoreConfig
  59              		.thumb
  60              		.thumb_func
  61              		.type	PWM_MOTOR_RIGHT_RestoreConfig, %function
  62              	PWM_MOTOR_RIGHT_RestoreConfig:
  63              	.LFB1:
  65:.\Generated_Source\PSoC5/PWM_MOTOR_RIGHT_PM.c ****         #endif /* (PWM_MOTOR_RIGHT_UseControl) */
  66:.\Generated_Source\PSoC5/PWM_MOTOR_RIGHT_PM.c ****     #endif  /* (!PWM_MOTOR_RIGHT_UsingFixedFunction) */
  67:.\Generated_Source\PSoC5/PWM_MOTOR_RIGHT_PM.c **** }
  68:.\Generated_Source\PSoC5/PWM_MOTOR_RIGHT_PM.c **** 
  69:.\Generated_Source\PSoC5/PWM_MOTOR_RIGHT_PM.c **** 
  70:.\Generated_Source\PSoC5/PWM_MOTOR_RIGHT_PM.c **** /*******************************************************************************
  71:.\Generated_Source\PSoC5/PWM_MOTOR_RIGHT_PM.c **** * Function Name: PWM_MOTOR_RIGHT_RestoreConfig
  72:.\Generated_Source\PSoC5/PWM_MOTOR_RIGHT_PM.c **** ********************************************************************************
  73:.\Generated_Source\PSoC5/PWM_MOTOR_RIGHT_PM.c **** *
  74:.\Generated_Source\PSoC5/PWM_MOTOR_RIGHT_PM.c **** * Summary:
  75:.\Generated_Source\PSoC5/PWM_MOTOR_RIGHT_PM.c **** *  Restores the current user configuration of the component.
  76:.\Generated_Source\PSoC5/PWM_MOTOR_RIGHT_PM.c **** *
  77:.\Generated_Source\PSoC5/PWM_MOTOR_RIGHT_PM.c **** * Parameters:
  78:.\Generated_Source\PSoC5/PWM_MOTOR_RIGHT_PM.c **** *  None
  79:.\Generated_Source\PSoC5/PWM_MOTOR_RIGHT_PM.c **** *
  80:.\Generated_Source\PSoC5/PWM_MOTOR_RIGHT_PM.c **** * Return:
  81:.\Generated_Source\PSoC5/PWM_MOTOR_RIGHT_PM.c **** *  None
  82:.\Generated_Source\PSoC5/PWM_MOTOR_RIGHT_PM.c **** *
  83:.\Generated_Source\PSoC5/PWM_MOTOR_RIGHT_PM.c **** * Global variables:
  84:.\Generated_Source\PSoC5/PWM_MOTOR_RIGHT_PM.c **** *  PWM_MOTOR_RIGHT_backup:  Variables of this global structure are used to
  85:.\Generated_Source\PSoC5/PWM_MOTOR_RIGHT_PM.c **** *  restore the values of non retention registers on wakeup from sleep mode.
  86:.\Generated_Source\PSoC5/PWM_MOTOR_RIGHT_PM.c **** *
  87:.\Generated_Source\PSoC5/PWM_MOTOR_RIGHT_PM.c **** *******************************************************************************/
  88:.\Generated_Source\PSoC5/PWM_MOTOR_RIGHT_PM.c **** void PWM_MOTOR_RIGHT_RestoreConfig(void) 
  89:.\Generated_Source\PSoC5/PWM_MOTOR_RIGHT_PM.c **** {
  64              		.loc 1 89 0
  65              		.cfi_startproc
  66              		@ args = 0, pretend = 0, frame = 0
  67              		@ frame_needed = 0, uses_anonymous_args = 0
  68 0000 10B5     		push	{r4, lr}
  69              		.cfi_def_cfa_offset 8
  70              		.cfi_offset 4, -8
  71              		.cfi_offset 14, -4
  90:.\Generated_Source\PSoC5/PWM_MOTOR_RIGHT_PM.c ****         #if(!PWM_MOTOR_RIGHT_UsingFixedFunction)
  91:.\Generated_Source\PSoC5/PWM_MOTOR_RIGHT_PM.c ****             #if(!PWM_MOTOR_RIGHT_PWMModeIsCenterAligned)
  92:.\Generated_Source\PSoC5/PWM_MOTOR_RIGHT_PM.c ****                 PWM_MOTOR_RIGHT_WritePeriod(PWM_MOTOR_RIGHT_backup.PWMPeriod);
  72              		.loc 1 92 0
  73 0002 054C     		ldr	r4, .L7
  74 0004 A088     		ldrh	r0, [r4, #4]
  75 0006 FFF7FEFF 		bl	PWM_MOTOR_RIGHT_WritePeriod
  76              	.LVL3:
  93:.\Generated_Source\PSoC5/PWM_MOTOR_RIGHT_PM.c ****             #endif /* (!PWM_MOTOR_RIGHT_PWMModeIsCenterAligned) */
  94:.\Generated_Source\PSoC5/PWM_MOTOR_RIGHT_PM.c **** 
  95:.\Generated_Source\PSoC5/PWM_MOTOR_RIGHT_PM.c ****             PWM_MOTOR_RIGHT_WriteCounter(PWM_MOTOR_RIGHT_backup.PWMUdb);
ARM GAS  C:\Users\PANXIA~1\AppData\Local\Temp\ccMZBQpy.s 			page 4


  77              		.loc 1 95 0
  78 000a 6088     		ldrh	r0, [r4, #2]
  79 000c FFF7FEFF 		bl	PWM_MOTOR_RIGHT_WriteCounter
  80              	.LVL4:
  96:.\Generated_Source\PSoC5/PWM_MOTOR_RIGHT_PM.c **** 
  97:.\Generated_Source\PSoC5/PWM_MOTOR_RIGHT_PM.c ****             #if (PWM_MOTOR_RIGHT_UseStatus)
  98:.\Generated_Source\PSoC5/PWM_MOTOR_RIGHT_PM.c ****                 PWM_MOTOR_RIGHT_STATUS_MASK = PWM_MOTOR_RIGHT_backup.InterruptMaskValue;
  99:.\Generated_Source\PSoC5/PWM_MOTOR_RIGHT_PM.c ****             #endif /* (PWM_MOTOR_RIGHT_UseStatus) */
 100:.\Generated_Source\PSoC5/PWM_MOTOR_RIGHT_PM.c **** 
 101:.\Generated_Source\PSoC5/PWM_MOTOR_RIGHT_PM.c ****             #if(PWM_MOTOR_RIGHT_DeadBandMode == PWM_MOTOR_RIGHT__B_PWM__DBM_256_CLOCKS || \
 102:.\Generated_Source\PSoC5/PWM_MOTOR_RIGHT_PM.c ****                 PWM_MOTOR_RIGHT_DeadBandMode == PWM_MOTOR_RIGHT__B_PWM__DBM_2_4_CLOCKS)
 103:.\Generated_Source\PSoC5/PWM_MOTOR_RIGHT_PM.c ****                 PWM_MOTOR_RIGHT_WriteDeadTime(PWM_MOTOR_RIGHT_backup.PWMdeadBandValue);
 104:.\Generated_Source\PSoC5/PWM_MOTOR_RIGHT_PM.c ****             #endif /* deadband count is either 2-4 clocks or 256 clocks */
 105:.\Generated_Source\PSoC5/PWM_MOTOR_RIGHT_PM.c **** 
 106:.\Generated_Source\PSoC5/PWM_MOTOR_RIGHT_PM.c ****             #if(PWM_MOTOR_RIGHT_KillModeMinTime)
 107:.\Generated_Source\PSoC5/PWM_MOTOR_RIGHT_PM.c ****                 PWM_MOTOR_RIGHT_WriteKillTime(PWM_MOTOR_RIGHT_backup.PWMKillCounterPeriod);
 108:.\Generated_Source\PSoC5/PWM_MOTOR_RIGHT_PM.c ****             #endif /* (PWM_MOTOR_RIGHT_KillModeMinTime) */
 109:.\Generated_Source\PSoC5/PWM_MOTOR_RIGHT_PM.c **** 
 110:.\Generated_Source\PSoC5/PWM_MOTOR_RIGHT_PM.c ****             #if(PWM_MOTOR_RIGHT_UseControl)
 111:.\Generated_Source\PSoC5/PWM_MOTOR_RIGHT_PM.c ****                 PWM_MOTOR_RIGHT_WriteControlRegister(PWM_MOTOR_RIGHT_backup.PWMControlRegister);
  81              		.loc 1 111 0
  82 0010 A079     		ldrb	r0, [r4, #6]	@ zero_extendqisi2
  83 0012 FFF7FEFF 		bl	PWM_MOTOR_RIGHT_WriteControlRegister
  84              	.LVL5:
  85 0016 10BD     		pop	{r4, pc}
  86              	.L8:
  87              		.align	2
  88              	.L7:
  89 0018 00000000 		.word	.LANCHOR0
  90              		.cfi_endproc
  91              	.LFE1:
  92              		.size	PWM_MOTOR_RIGHT_RestoreConfig, .-PWM_MOTOR_RIGHT_RestoreConfig
  93              		.section	.text.PWM_MOTOR_RIGHT_Sleep,"ax",%progbits
  94              		.align	2
  95              		.global	PWM_MOTOR_RIGHT_Sleep
  96              		.thumb
  97              		.thumb_func
  98              		.type	PWM_MOTOR_RIGHT_Sleep, %function
  99              	PWM_MOTOR_RIGHT_Sleep:
 100              	.LFB2:
 112:.\Generated_Source\PSoC5/PWM_MOTOR_RIGHT_PM.c ****             #endif /* (PWM_MOTOR_RIGHT_UseControl) */
 113:.\Generated_Source\PSoC5/PWM_MOTOR_RIGHT_PM.c ****         #endif  /* (!PWM_MOTOR_RIGHT_UsingFixedFunction) */
 114:.\Generated_Source\PSoC5/PWM_MOTOR_RIGHT_PM.c ****     }
 115:.\Generated_Source\PSoC5/PWM_MOTOR_RIGHT_PM.c **** 
 116:.\Generated_Source\PSoC5/PWM_MOTOR_RIGHT_PM.c **** 
 117:.\Generated_Source\PSoC5/PWM_MOTOR_RIGHT_PM.c **** /*******************************************************************************
 118:.\Generated_Source\PSoC5/PWM_MOTOR_RIGHT_PM.c **** * Function Name: PWM_MOTOR_RIGHT_Sleep
 119:.\Generated_Source\PSoC5/PWM_MOTOR_RIGHT_PM.c **** ********************************************************************************
 120:.\Generated_Source\PSoC5/PWM_MOTOR_RIGHT_PM.c **** *
 121:.\Generated_Source\PSoC5/PWM_MOTOR_RIGHT_PM.c **** * Summary:
 122:.\Generated_Source\PSoC5/PWM_MOTOR_RIGHT_PM.c **** *  Disables block's operation and saves the user configuration. Should be called
 123:.\Generated_Source\PSoC5/PWM_MOTOR_RIGHT_PM.c **** *  just prior to entering sleep.
 124:.\Generated_Source\PSoC5/PWM_MOTOR_RIGHT_PM.c **** *
 125:.\Generated_Source\PSoC5/PWM_MOTOR_RIGHT_PM.c **** * Parameters:
 126:.\Generated_Source\PSoC5/PWM_MOTOR_RIGHT_PM.c **** *  None
 127:.\Generated_Source\PSoC5/PWM_MOTOR_RIGHT_PM.c **** *
 128:.\Generated_Source\PSoC5/PWM_MOTOR_RIGHT_PM.c **** * Return:
ARM GAS  C:\Users\PANXIA~1\AppData\Local\Temp\ccMZBQpy.s 			page 5


 129:.\Generated_Source\PSoC5/PWM_MOTOR_RIGHT_PM.c **** *  None
 130:.\Generated_Source\PSoC5/PWM_MOTOR_RIGHT_PM.c **** *
 131:.\Generated_Source\PSoC5/PWM_MOTOR_RIGHT_PM.c **** * Global variables:
 132:.\Generated_Source\PSoC5/PWM_MOTOR_RIGHT_PM.c **** *  PWM_MOTOR_RIGHT_backup.PWMEnableState:  Is modified depending on the enable
 133:.\Generated_Source\PSoC5/PWM_MOTOR_RIGHT_PM.c **** *  state of the block before entering sleep mode.
 134:.\Generated_Source\PSoC5/PWM_MOTOR_RIGHT_PM.c **** *
 135:.\Generated_Source\PSoC5/PWM_MOTOR_RIGHT_PM.c **** *******************************************************************************/
 136:.\Generated_Source\PSoC5/PWM_MOTOR_RIGHT_PM.c **** void PWM_MOTOR_RIGHT_Sleep(void) 
 137:.\Generated_Source\PSoC5/PWM_MOTOR_RIGHT_PM.c **** {
 101              		.loc 1 137 0
 102              		.cfi_startproc
 103              		@ args = 0, pretend = 0, frame = 0
 104              		@ frame_needed = 0, uses_anonymous_args = 0
 105 0000 08B5     		push	{r3, lr}
 106              		.cfi_def_cfa_offset 8
 107              		.cfi_offset 3, -8
 108              		.cfi_offset 14, -4
 138:.\Generated_Source\PSoC5/PWM_MOTOR_RIGHT_PM.c ****     #if(PWM_MOTOR_RIGHT_UseControl)
 139:.\Generated_Source\PSoC5/PWM_MOTOR_RIGHT_PM.c ****         if(PWM_MOTOR_RIGHT_CTRL_ENABLE == (PWM_MOTOR_RIGHT_CONTROL & PWM_MOTOR_RIGHT_CTRL_ENABLE))
 109              		.loc 1 139 0
 110 0002 084B     		ldr	r3, .L13
 111 0004 1B78     		ldrb	r3, [r3]	@ zero_extendqisi2
 112 0006 13F0800F 		tst	r3, #128
 113 000a 03D0     		beq	.L10
 140:.\Generated_Source\PSoC5/PWM_MOTOR_RIGHT_PM.c ****         {
 141:.\Generated_Source\PSoC5/PWM_MOTOR_RIGHT_PM.c ****             /*Component is enabled */
 142:.\Generated_Source\PSoC5/PWM_MOTOR_RIGHT_PM.c ****             PWM_MOTOR_RIGHT_backup.PWMEnableState = 1u;
 114              		.loc 1 142 0
 115 000c 0122     		movs	r2, #1
 116 000e 064B     		ldr	r3, .L13+4
 117 0010 1A70     		strb	r2, [r3]
 118 0012 02E0     		b	.L11
 119              	.L10:
 143:.\Generated_Source\PSoC5/PWM_MOTOR_RIGHT_PM.c ****         }
 144:.\Generated_Source\PSoC5/PWM_MOTOR_RIGHT_PM.c ****         else
 145:.\Generated_Source\PSoC5/PWM_MOTOR_RIGHT_PM.c ****         {
 146:.\Generated_Source\PSoC5/PWM_MOTOR_RIGHT_PM.c ****             /* Component is disabled */
 147:.\Generated_Source\PSoC5/PWM_MOTOR_RIGHT_PM.c ****             PWM_MOTOR_RIGHT_backup.PWMEnableState = 0u;
 120              		.loc 1 147 0
 121 0014 0022     		movs	r2, #0
 122 0016 044B     		ldr	r3, .L13+4
 123 0018 1A70     		strb	r2, [r3]
 124              	.L11:
 148:.\Generated_Source\PSoC5/PWM_MOTOR_RIGHT_PM.c ****         }
 149:.\Generated_Source\PSoC5/PWM_MOTOR_RIGHT_PM.c ****     #endif /* (PWM_MOTOR_RIGHT_UseControl) */
 150:.\Generated_Source\PSoC5/PWM_MOTOR_RIGHT_PM.c **** 
 151:.\Generated_Source\PSoC5/PWM_MOTOR_RIGHT_PM.c ****     /* Stop component */
 152:.\Generated_Source\PSoC5/PWM_MOTOR_RIGHT_PM.c ****     PWM_MOTOR_RIGHT_Stop();
 125              		.loc 1 152 0
 126 001a FFF7FEFF 		bl	PWM_MOTOR_RIGHT_Stop
 127              	.LVL6:
 153:.\Generated_Source\PSoC5/PWM_MOTOR_RIGHT_PM.c **** 
 154:.\Generated_Source\PSoC5/PWM_MOTOR_RIGHT_PM.c ****     /* Save registers configuration */
 155:.\Generated_Source\PSoC5/PWM_MOTOR_RIGHT_PM.c ****     PWM_MOTOR_RIGHT_SaveConfig();
 128              		.loc 1 155 0
 129 001e FFF7FEFF 		bl	PWM_MOTOR_RIGHT_SaveConfig
 130              	.LVL7:
ARM GAS  C:\Users\PANXIA~1\AppData\Local\Temp\ccMZBQpy.s 			page 6


 131 0022 08BD     		pop	{r3, pc}
 132              	.L14:
 133              		.align	2
 134              	.L13:
 135 0024 78640040 		.word	1073767544
 136 0028 00000000 		.word	.LANCHOR0
 137              		.cfi_endproc
 138              	.LFE2:
 139              		.size	PWM_MOTOR_RIGHT_Sleep, .-PWM_MOTOR_RIGHT_Sleep
 140              		.section	.text.PWM_MOTOR_RIGHT_Wakeup,"ax",%progbits
 141              		.align	2
 142              		.global	PWM_MOTOR_RIGHT_Wakeup
 143              		.thumb
 144              		.thumb_func
 145              		.type	PWM_MOTOR_RIGHT_Wakeup, %function
 146              	PWM_MOTOR_RIGHT_Wakeup:
 147              	.LFB3:
 156:.\Generated_Source\PSoC5/PWM_MOTOR_RIGHT_PM.c **** }
 157:.\Generated_Source\PSoC5/PWM_MOTOR_RIGHT_PM.c **** 
 158:.\Generated_Source\PSoC5/PWM_MOTOR_RIGHT_PM.c **** 
 159:.\Generated_Source\PSoC5/PWM_MOTOR_RIGHT_PM.c **** /*******************************************************************************
 160:.\Generated_Source\PSoC5/PWM_MOTOR_RIGHT_PM.c **** * Function Name: PWM_MOTOR_RIGHT_Wakeup
 161:.\Generated_Source\PSoC5/PWM_MOTOR_RIGHT_PM.c **** ********************************************************************************
 162:.\Generated_Source\PSoC5/PWM_MOTOR_RIGHT_PM.c **** *
 163:.\Generated_Source\PSoC5/PWM_MOTOR_RIGHT_PM.c **** * Summary:
 164:.\Generated_Source\PSoC5/PWM_MOTOR_RIGHT_PM.c **** *  Restores and enables the user configuration. Should be called just after
 165:.\Generated_Source\PSoC5/PWM_MOTOR_RIGHT_PM.c **** *  awaking from sleep.
 166:.\Generated_Source\PSoC5/PWM_MOTOR_RIGHT_PM.c **** *
 167:.\Generated_Source\PSoC5/PWM_MOTOR_RIGHT_PM.c **** * Parameters:
 168:.\Generated_Source\PSoC5/PWM_MOTOR_RIGHT_PM.c **** *  None
 169:.\Generated_Source\PSoC5/PWM_MOTOR_RIGHT_PM.c **** *
 170:.\Generated_Source\PSoC5/PWM_MOTOR_RIGHT_PM.c **** * Return:
 171:.\Generated_Source\PSoC5/PWM_MOTOR_RIGHT_PM.c **** *  None
 172:.\Generated_Source\PSoC5/PWM_MOTOR_RIGHT_PM.c **** *
 173:.\Generated_Source\PSoC5/PWM_MOTOR_RIGHT_PM.c **** * Global variables:
 174:.\Generated_Source\PSoC5/PWM_MOTOR_RIGHT_PM.c **** *  PWM_MOTOR_RIGHT_backup.pwmEnable:  Is used to restore the enable state of
 175:.\Generated_Source\PSoC5/PWM_MOTOR_RIGHT_PM.c **** *  block on wakeup from sleep mode.
 176:.\Generated_Source\PSoC5/PWM_MOTOR_RIGHT_PM.c **** *
 177:.\Generated_Source\PSoC5/PWM_MOTOR_RIGHT_PM.c **** *******************************************************************************/
 178:.\Generated_Source\PSoC5/PWM_MOTOR_RIGHT_PM.c **** void PWM_MOTOR_RIGHT_Wakeup(void) 
 179:.\Generated_Source\PSoC5/PWM_MOTOR_RIGHT_PM.c **** {
 148              		.loc 1 179 0
 149              		.cfi_startproc
 150              		@ args = 0, pretend = 0, frame = 0
 151              		@ frame_needed = 0, uses_anonymous_args = 0
 152 0000 08B5     		push	{r3, lr}
 153              		.cfi_def_cfa_offset 8
 154              		.cfi_offset 3, -8
 155              		.cfi_offset 14, -4
 180:.\Generated_Source\PSoC5/PWM_MOTOR_RIGHT_PM.c ****      /* Restore registers values */
 181:.\Generated_Source\PSoC5/PWM_MOTOR_RIGHT_PM.c ****     PWM_MOTOR_RIGHT_RestoreConfig();
 156              		.loc 1 181 0
 157 0002 FFF7FEFF 		bl	PWM_MOTOR_RIGHT_RestoreConfig
 158              	.LVL8:
 182:.\Generated_Source\PSoC5/PWM_MOTOR_RIGHT_PM.c **** 
 183:.\Generated_Source\PSoC5/PWM_MOTOR_RIGHT_PM.c ****     if(PWM_MOTOR_RIGHT_backup.PWMEnableState != 0u)
 159              		.loc 1 183 0
ARM GAS  C:\Users\PANXIA~1\AppData\Local\Temp\ccMZBQpy.s 			page 7


 160 0006 034B     		ldr	r3, .L18
 161 0008 1B78     		ldrb	r3, [r3]	@ zero_extendqisi2
 162 000a 0BB1     		cbz	r3, .L15
 184:.\Generated_Source\PSoC5/PWM_MOTOR_RIGHT_PM.c ****     {
 185:.\Generated_Source\PSoC5/PWM_MOTOR_RIGHT_PM.c ****         /* Enable component's operation */
 186:.\Generated_Source\PSoC5/PWM_MOTOR_RIGHT_PM.c ****         PWM_MOTOR_RIGHT_Enable();
 163              		.loc 1 186 0
 164 000c FFF7FEFF 		bl	PWM_MOTOR_RIGHT_Enable
 165              	.LVL9:
 166              	.L15:
 167 0010 08BD     		pop	{r3, pc}
 168              	.L19:
 169 0012 00BF     		.align	2
 170              	.L18:
 171 0014 00000000 		.word	.LANCHOR0
 172              		.cfi_endproc
 173              	.LFE3:
 174              		.size	PWM_MOTOR_RIGHT_Wakeup, .-PWM_MOTOR_RIGHT_Wakeup
 175              		.bss
 176              		.align	2
 177              		.set	.LANCHOR0,. + 0
 178              		.type	PWM_MOTOR_RIGHT_backup, %object
 179              		.size	PWM_MOTOR_RIGHT_backup, 8
 180              	PWM_MOTOR_RIGHT_backup:
 181 0000 00000000 		.space	8
 181      00000000 
 182              		.text
 183              	.Letext0:
 184              		.file 2 ".\\Generated_Source\\PSoC5\\cytypes.h"
 185              		.file 3 ".\\Generated_Source\\PSoC5\\PWM_MOTOR_RIGHT.h"
 186              		.section	.debug_info,"",%progbits
 187              	.Ldebug_info0:
 188 0000 14020000 		.4byte	0x214
 189 0004 0400     		.2byte	0x4
 190 0006 00000000 		.4byte	.Ldebug_abbrev0
 191 000a 04       		.byte	0x4
 192 000b 01       		.uleb128 0x1
 193 000c C0010000 		.4byte	.LASF33
 194 0010 01       		.byte	0x1
 195 0011 6D010000 		.4byte	.LASF34
 196 0015 72020000 		.4byte	.LASF35
 197 0019 00000000 		.4byte	.Ldebug_ranges0+0
 198 001d 00000000 		.4byte	0
 199 0021 00000000 		.4byte	.Ldebug_line0
 200 0025 02       		.uleb128 0x2
 201 0026 01       		.byte	0x1
 202 0027 06       		.byte	0x6
 203 0028 47030000 		.4byte	.LASF0
 204 002c 02       		.uleb128 0x2
 205 002d 01       		.byte	0x1
 206 002e 08       		.byte	0x8
 207 002f 00010000 		.4byte	.LASF1
 208 0033 02       		.uleb128 0x2
 209 0034 02       		.byte	0x2
 210 0035 05       		.byte	0x5
 211 0036 FB020000 		.4byte	.LASF2
 212 003a 02       		.uleb128 0x2
ARM GAS  C:\Users\PANXIA~1\AppData\Local\Temp\ccMZBQpy.s 			page 8


 213 003b 02       		.byte	0x2
 214 003c 07       		.byte	0x7
 215 003d 76000000 		.4byte	.LASF3
 216 0041 02       		.uleb128 0x2
 217 0042 04       		.byte	0x4
 218 0043 05       		.byte	0x5
 219 0044 3E030000 		.4byte	.LASF4
 220 0048 02       		.uleb128 0x2
 221 0049 04       		.byte	0x4
 222 004a 07       		.byte	0x7
 223 004b 1D010000 		.4byte	.LASF5
 224 004f 02       		.uleb128 0x2
 225 0050 08       		.byte	0x8
 226 0051 05       		.byte	0x5
 227 0052 E8020000 		.4byte	.LASF6
 228 0056 02       		.uleb128 0x2
 229 0057 08       		.byte	0x8
 230 0058 07       		.byte	0x7
 231 0059 5B020000 		.4byte	.LASF7
 232 005d 03       		.uleb128 0x3
 233 005e 04       		.byte	0x4
 234 005f 05       		.byte	0x5
 235 0060 696E7400 		.ascii	"int\000"
 236 0064 02       		.uleb128 0x2
 237 0065 04       		.byte	0x4
 238 0066 07       		.byte	0x7
 239 0067 4E020000 		.4byte	.LASF8
 240 006b 04       		.uleb128 0x4
 241 006c 2F010000 		.4byte	.LASF9
 242 0070 02       		.byte	0x2
 243 0071 C2       		.byte	0xc2
 244 0072 2C000000 		.4byte	0x2c
 245 0076 04       		.uleb128 0x4
 246 0077 B9010000 		.4byte	.LASF10
 247 007b 02       		.byte	0x2
 248 007c C3       		.byte	0xc3
 249 007d 3A000000 		.4byte	0x3a
 250 0081 02       		.uleb128 0x2
 251 0082 04       		.byte	0x4
 252 0083 04       		.byte	0x4
 253 0084 D6000000 		.4byte	.LASF11
 254 0088 02       		.uleb128 0x2
 255 0089 08       		.byte	0x8
 256 008a 04       		.byte	0x4
 257 008b 9B010000 		.4byte	.LASF12
 258 008f 02       		.uleb128 0x2
 259 0090 01       		.byte	0x1
 260 0091 08       		.byte	0x8
 261 0092 F6020000 		.4byte	.LASF13
 262 0096 05       		.uleb128 0x5
 263 0097 C3020000 		.4byte	.LASF14
 264 009b 02       		.byte	0x2
 265 009c 6C01     		.2byte	0x16c
 266 009e A2000000 		.4byte	0xa2
 267 00a2 06       		.uleb128 0x6
 268 00a3 6B000000 		.4byte	0x6b
 269 00a7 02       		.uleb128 0x2
ARM GAS  C:\Users\PANXIA~1\AppData\Local\Temp\ccMZBQpy.s 			page 9


 270 00a8 04       		.byte	0x4
 271 00a9 07       		.byte	0x7
 272 00aa C8020000 		.4byte	.LASF15
 273 00ae 07       		.uleb128 0x7
 274 00af 08       		.byte	0x8
 275 00b0 03       		.byte	0x3
 276 00b1 6B       		.byte	0x6b
 277 00b2 E7000000 		.4byte	0xe7
 278 00b6 08       		.uleb128 0x8
 279 00b7 0E010000 		.4byte	.LASF16
 280 00bb 03       		.byte	0x3
 281 00bc 6E       		.byte	0x6e
 282 00bd 6B000000 		.4byte	0x6b
 283 00c1 00       		.byte	0
 284 00c2 08       		.uleb128 0x8
 285 00c3 1C000000 		.4byte	.LASF17
 286 00c7 03       		.byte	0x3
 287 00c8 71       		.byte	0x71
 288 00c9 76000000 		.4byte	0x76
 289 00cd 02       		.byte	0x2
 290 00ce 08       		.uleb128 0x8
 291 00cf 23000000 		.4byte	.LASF18
 292 00d3 03       		.byte	0x3
 293 00d4 73       		.byte	0x73
 294 00d5 76000000 		.4byte	0x76
 295 00d9 04       		.byte	0x4
 296 00da 08       		.uleb128 0x8
 297 00db 5A010000 		.4byte	.LASF19
 298 00df 03       		.byte	0x3
 299 00e0 86       		.byte	0x86
 300 00e1 6B000000 		.4byte	0x6b
 301 00e5 06       		.byte	0x6
 302 00e6 00       		.byte	0
 303 00e7 04       		.uleb128 0x4
 304 00e8 2D000000 		.4byte	.LASF20
 305 00ec 03       		.byte	0x3
 306 00ed 8B       		.byte	0x8b
 307 00ee AE000000 		.4byte	0xae
 308 00f2 09       		.uleb128 0x9
 309 00f3 89000000 		.4byte	.LASF21
 310 00f7 01       		.byte	0x1
 311 00f8 2A       		.byte	0x2a
 312 00f9 00000000 		.4byte	.LFB0
 313 00fd 1C000000 		.4byte	.LFE0-.LFB0
 314 0101 01       		.uleb128 0x1
 315 0102 9C       		.byte	0x9c
 316 0103 23010000 		.4byte	0x123
 317 0107 0A       		.uleb128 0xa
 318 0108 06000000 		.4byte	.LVL0
 319 010c B5010000 		.4byte	0x1b5
 320 0110 0A       		.uleb128 0xa
 321 0111 0E000000 		.4byte	.LVL1
 322 0115 C0010000 		.4byte	0x1c0
 323 0119 0A       		.uleb128 0xa
 324 011a 14000000 		.4byte	.LVL2
 325 011e CB010000 		.4byte	0x1cb
 326 0122 00       		.byte	0
ARM GAS  C:\Users\PANXIA~1\AppData\Local\Temp\ccMZBQpy.s 			page 10


 327 0123 09       		.uleb128 0x9
 328 0124 05030000 		.4byte	.LASF22
 329 0128 01       		.byte	0x1
 330 0129 58       		.byte	0x58
 331 012a 00000000 		.4byte	.LFB1
 332 012e 1C000000 		.4byte	.LFE1-.LFB1
 333 0132 01       		.uleb128 0x1
 334 0133 9C       		.byte	0x9c
 335 0134 54010000 		.4byte	0x154
 336 0138 0A       		.uleb128 0xa
 337 0139 0A000000 		.4byte	.LVL3
 338 013d D6010000 		.4byte	0x1d6
 339 0141 0A       		.uleb128 0xa
 340 0142 10000000 		.4byte	.LVL4
 341 0146 E7010000 		.4byte	0x1e7
 342 014a 0A       		.uleb128 0xa
 343 014b 16000000 		.4byte	.LVL5
 344 014f F8010000 		.4byte	0x1f8
 345 0153 00       		.byte	0
 346 0154 09       		.uleb128 0x9
 347 0155 C0000000 		.4byte	.LASF23
 348 0159 01       		.byte	0x1
 349 015a 88       		.byte	0x88
 350 015b 00000000 		.4byte	.LFB2
 351 015f 2C000000 		.4byte	.LFE2-.LFB2
 352 0163 01       		.uleb128 0x1
 353 0164 9C       		.byte	0x9c
 354 0165 7C010000 		.4byte	0x17c
 355 0169 0A       		.uleb128 0xa
 356 016a 1E000000 		.4byte	.LVL6
 357 016e 09020000 		.4byte	0x209
 358 0172 0A       		.uleb128 0xa
 359 0173 22000000 		.4byte	.LVL7
 360 0177 F2000000 		.4byte	0xf2
 361 017b 00       		.byte	0
 362 017c 09       		.uleb128 0x9
 363 017d D1020000 		.4byte	.LASF24
 364 0181 01       		.byte	0x1
 365 0182 B2       		.byte	0xb2
 366 0183 00000000 		.4byte	.LFB3
 367 0187 18000000 		.4byte	.LFE3-.LFB3
 368 018b 01       		.uleb128 0x1
 369 018c 9C       		.byte	0x9c
 370 018d A4010000 		.4byte	0x1a4
 371 0191 0A       		.uleb128 0xa
 372 0192 06000000 		.4byte	.LVL8
 373 0196 23010000 		.4byte	0x123
 374 019a 0A       		.uleb128 0xa
 375 019b 10000000 		.4byte	.LVL9
 376 019f 10020000 		.4byte	0x210
 377 01a3 00       		.byte	0
 378 01a4 0B       		.uleb128 0xb
 379 01a5 A2010000 		.4byte	.LASF36
 380 01a9 01       		.byte	0x1
 381 01aa 14       		.byte	0x14
 382 01ab E7000000 		.4byte	0xe7
 383 01af 05       		.uleb128 0x5
ARM GAS  C:\Users\PANXIA~1\AppData\Local\Temp\ccMZBQpy.s 			page 11


 384 01b0 03       		.byte	0x3
 385 01b1 00000000 		.4byte	PWM_MOTOR_RIGHT_backup
 386 01b5 0C       		.uleb128 0xc
 387 01b6 23030000 		.4byte	.LASF25
 388 01ba 03       		.byte	0x3
 389 01bb C0       		.byte	0xc0
 390 01bc 76000000 		.4byte	0x76
 391 01c0 0C       		.uleb128 0xc
 392 01c1 00000000 		.4byte	.LASF26
 393 01c5 03       		.byte	0x3
 394 01c6 B3       		.byte	0xb3
 395 01c7 76000000 		.4byte	0x76
 396 01cb 0C       		.uleb128 0xc
 397 01cc DC000000 		.4byte	.LASF27
 398 01d0 03       		.byte	0x3
 399 01d1 9D       		.byte	0x9d
 400 01d2 6B000000 		.4byte	0x6b
 401 01d6 0D       		.uleb128 0xd
 402 01d7 A4000000 		.4byte	.LASF28
 403 01db 03       		.byte	0x3
 404 01dc BE       		.byte	0xbe
 405 01dd E7010000 		.4byte	0x1e7
 406 01e1 0E       		.uleb128 0xe
 407 01e2 76000000 		.4byte	0x76
 408 01e6 00       		.byte	0
 409 01e7 0D       		.uleb128 0xd
 410 01e8 A6020000 		.4byte	.LASF29
 411 01ec 03       		.byte	0x3
 412 01ed BA       		.byte	0xba
 413 01ee F8010000 		.4byte	0x1f8
 414 01f2 0E       		.uleb128 0xe
 415 01f3 76000000 		.4byte	0x76
 416 01f7 00       		.byte	0
 417 01f8 0D       		.uleb128 0xd
 418 01f9 35010000 		.4byte	.LASF30
 419 01fd 03       		.byte	0x3
 420 01fe 9E       		.byte	0x9e
 421 01ff 09020000 		.4byte	0x209
 422 0203 0E       		.uleb128 0xe
 423 0204 6B000000 		.4byte	0x6b
 424 0208 00       		.byte	0
 425 0209 0F       		.uleb128 0xf
 426 020a 4A000000 		.4byte	.LASF31
 427 020e 03       		.byte	0x3
 428 020f 93       		.byte	0x93
 429 0210 0F       		.uleb128 0xf
 430 0211 5F000000 		.4byte	.LASF32
 431 0215 03       		.byte	0x3
 432 0216 DB       		.byte	0xdb
 433 0217 00       		.byte	0
 434              		.section	.debug_abbrev,"",%progbits
 435              	.Ldebug_abbrev0:
 436 0000 01       		.uleb128 0x1
 437 0001 11       		.uleb128 0x11
 438 0002 01       		.byte	0x1
 439 0003 25       		.uleb128 0x25
 440 0004 0E       		.uleb128 0xe
ARM GAS  C:\Users\PANXIA~1\AppData\Local\Temp\ccMZBQpy.s 			page 12


 441 0005 13       		.uleb128 0x13
 442 0006 0B       		.uleb128 0xb
 443 0007 03       		.uleb128 0x3
 444 0008 0E       		.uleb128 0xe
 445 0009 1B       		.uleb128 0x1b
 446 000a 0E       		.uleb128 0xe
 447 000b 55       		.uleb128 0x55
 448 000c 17       		.uleb128 0x17
 449 000d 11       		.uleb128 0x11
 450 000e 01       		.uleb128 0x1
 451 000f 10       		.uleb128 0x10
 452 0010 17       		.uleb128 0x17
 453 0011 00       		.byte	0
 454 0012 00       		.byte	0
 455 0013 02       		.uleb128 0x2
 456 0014 24       		.uleb128 0x24
 457 0015 00       		.byte	0
 458 0016 0B       		.uleb128 0xb
 459 0017 0B       		.uleb128 0xb
 460 0018 3E       		.uleb128 0x3e
 461 0019 0B       		.uleb128 0xb
 462 001a 03       		.uleb128 0x3
 463 001b 0E       		.uleb128 0xe
 464 001c 00       		.byte	0
 465 001d 00       		.byte	0
 466 001e 03       		.uleb128 0x3
 467 001f 24       		.uleb128 0x24
 468 0020 00       		.byte	0
 469 0021 0B       		.uleb128 0xb
 470 0022 0B       		.uleb128 0xb
 471 0023 3E       		.uleb128 0x3e
 472 0024 0B       		.uleb128 0xb
 473 0025 03       		.uleb128 0x3
 474 0026 08       		.uleb128 0x8
 475 0027 00       		.byte	0
 476 0028 00       		.byte	0
 477 0029 04       		.uleb128 0x4
 478 002a 16       		.uleb128 0x16
 479 002b 00       		.byte	0
 480 002c 03       		.uleb128 0x3
 481 002d 0E       		.uleb128 0xe
 482 002e 3A       		.uleb128 0x3a
 483 002f 0B       		.uleb128 0xb
 484 0030 3B       		.uleb128 0x3b
 485 0031 0B       		.uleb128 0xb
 486 0032 49       		.uleb128 0x49
 487 0033 13       		.uleb128 0x13
 488 0034 00       		.byte	0
 489 0035 00       		.byte	0
 490 0036 05       		.uleb128 0x5
 491 0037 16       		.uleb128 0x16
 492 0038 00       		.byte	0
 493 0039 03       		.uleb128 0x3
 494 003a 0E       		.uleb128 0xe
 495 003b 3A       		.uleb128 0x3a
 496 003c 0B       		.uleb128 0xb
 497 003d 3B       		.uleb128 0x3b
ARM GAS  C:\Users\PANXIA~1\AppData\Local\Temp\ccMZBQpy.s 			page 13


 498 003e 05       		.uleb128 0x5
 499 003f 49       		.uleb128 0x49
 500 0040 13       		.uleb128 0x13
 501 0041 00       		.byte	0
 502 0042 00       		.byte	0
 503 0043 06       		.uleb128 0x6
 504 0044 35       		.uleb128 0x35
 505 0045 00       		.byte	0
 506 0046 49       		.uleb128 0x49
 507 0047 13       		.uleb128 0x13
 508 0048 00       		.byte	0
 509 0049 00       		.byte	0
 510 004a 07       		.uleb128 0x7
 511 004b 13       		.uleb128 0x13
 512 004c 01       		.byte	0x1
 513 004d 0B       		.uleb128 0xb
 514 004e 0B       		.uleb128 0xb
 515 004f 3A       		.uleb128 0x3a
 516 0050 0B       		.uleb128 0xb
 517 0051 3B       		.uleb128 0x3b
 518 0052 0B       		.uleb128 0xb
 519 0053 01       		.uleb128 0x1
 520 0054 13       		.uleb128 0x13
 521 0055 00       		.byte	0
 522 0056 00       		.byte	0
 523 0057 08       		.uleb128 0x8
 524 0058 0D       		.uleb128 0xd
 525 0059 00       		.byte	0
 526 005a 03       		.uleb128 0x3
 527 005b 0E       		.uleb128 0xe
 528 005c 3A       		.uleb128 0x3a
 529 005d 0B       		.uleb128 0xb
 530 005e 3B       		.uleb128 0x3b
 531 005f 0B       		.uleb128 0xb
 532 0060 49       		.uleb128 0x49
 533 0061 13       		.uleb128 0x13
 534 0062 38       		.uleb128 0x38
 535 0063 0B       		.uleb128 0xb
 536 0064 00       		.byte	0
 537 0065 00       		.byte	0
 538 0066 09       		.uleb128 0x9
 539 0067 2E       		.uleb128 0x2e
 540 0068 01       		.byte	0x1
 541 0069 3F       		.uleb128 0x3f
 542 006a 19       		.uleb128 0x19
 543 006b 03       		.uleb128 0x3
 544 006c 0E       		.uleb128 0xe
 545 006d 3A       		.uleb128 0x3a
 546 006e 0B       		.uleb128 0xb
 547 006f 3B       		.uleb128 0x3b
 548 0070 0B       		.uleb128 0xb
 549 0071 27       		.uleb128 0x27
 550 0072 19       		.uleb128 0x19
 551 0073 11       		.uleb128 0x11
 552 0074 01       		.uleb128 0x1
 553 0075 12       		.uleb128 0x12
 554 0076 06       		.uleb128 0x6
ARM GAS  C:\Users\PANXIA~1\AppData\Local\Temp\ccMZBQpy.s 			page 14


 555 0077 40       		.uleb128 0x40
 556 0078 18       		.uleb128 0x18
 557 0079 9742     		.uleb128 0x2117
 558 007b 19       		.uleb128 0x19
 559 007c 01       		.uleb128 0x1
 560 007d 13       		.uleb128 0x13
 561 007e 00       		.byte	0
 562 007f 00       		.byte	0
 563 0080 0A       		.uleb128 0xa
 564 0081 898201   		.uleb128 0x4109
 565 0084 00       		.byte	0
 566 0085 11       		.uleb128 0x11
 567 0086 01       		.uleb128 0x1
 568 0087 31       		.uleb128 0x31
 569 0088 13       		.uleb128 0x13
 570 0089 00       		.byte	0
 571 008a 00       		.byte	0
 572 008b 0B       		.uleb128 0xb
 573 008c 34       		.uleb128 0x34
 574 008d 00       		.byte	0
 575 008e 03       		.uleb128 0x3
 576 008f 0E       		.uleb128 0xe
 577 0090 3A       		.uleb128 0x3a
 578 0091 0B       		.uleb128 0xb
 579 0092 3B       		.uleb128 0x3b
 580 0093 0B       		.uleb128 0xb
 581 0094 49       		.uleb128 0x49
 582 0095 13       		.uleb128 0x13
 583 0096 02       		.uleb128 0x2
 584 0097 18       		.uleb128 0x18
 585 0098 00       		.byte	0
 586 0099 00       		.byte	0
 587 009a 0C       		.uleb128 0xc
 588 009b 2E       		.uleb128 0x2e
 589 009c 00       		.byte	0
 590 009d 3F       		.uleb128 0x3f
 591 009e 19       		.uleb128 0x19
 592 009f 03       		.uleb128 0x3
 593 00a0 0E       		.uleb128 0xe
 594 00a1 3A       		.uleb128 0x3a
 595 00a2 0B       		.uleb128 0xb
 596 00a3 3B       		.uleb128 0x3b
 597 00a4 0B       		.uleb128 0xb
 598 00a5 27       		.uleb128 0x27
 599 00a6 19       		.uleb128 0x19
 600 00a7 49       		.uleb128 0x49
 601 00a8 13       		.uleb128 0x13
 602 00a9 3C       		.uleb128 0x3c
 603 00aa 19       		.uleb128 0x19
 604 00ab 00       		.byte	0
 605 00ac 00       		.byte	0
 606 00ad 0D       		.uleb128 0xd
 607 00ae 2E       		.uleb128 0x2e
 608 00af 01       		.byte	0x1
 609 00b0 3F       		.uleb128 0x3f
 610 00b1 19       		.uleb128 0x19
 611 00b2 03       		.uleb128 0x3
ARM GAS  C:\Users\PANXIA~1\AppData\Local\Temp\ccMZBQpy.s 			page 15


 612 00b3 0E       		.uleb128 0xe
 613 00b4 3A       		.uleb128 0x3a
 614 00b5 0B       		.uleb128 0xb
 615 00b6 3B       		.uleb128 0x3b
 616 00b7 0B       		.uleb128 0xb
 617 00b8 27       		.uleb128 0x27
 618 00b9 19       		.uleb128 0x19
 619 00ba 3C       		.uleb128 0x3c
 620 00bb 19       		.uleb128 0x19
 621 00bc 01       		.uleb128 0x1
 622 00bd 13       		.uleb128 0x13
 623 00be 00       		.byte	0
 624 00bf 00       		.byte	0
 625 00c0 0E       		.uleb128 0xe
 626 00c1 05       		.uleb128 0x5
 627 00c2 00       		.byte	0
 628 00c3 49       		.uleb128 0x49
 629 00c4 13       		.uleb128 0x13
 630 00c5 00       		.byte	0
 631 00c6 00       		.byte	0
 632 00c7 0F       		.uleb128 0xf
 633 00c8 2E       		.uleb128 0x2e
 634 00c9 00       		.byte	0
 635 00ca 3F       		.uleb128 0x3f
 636 00cb 19       		.uleb128 0x19
 637 00cc 03       		.uleb128 0x3
 638 00cd 0E       		.uleb128 0xe
 639 00ce 3A       		.uleb128 0x3a
 640 00cf 0B       		.uleb128 0xb
 641 00d0 3B       		.uleb128 0x3b
 642 00d1 0B       		.uleb128 0xb
 643 00d2 27       		.uleb128 0x27
 644 00d3 19       		.uleb128 0x19
 645 00d4 3C       		.uleb128 0x3c
 646 00d5 19       		.uleb128 0x19
 647 00d6 00       		.byte	0
 648 00d7 00       		.byte	0
 649 00d8 00       		.byte	0
 650              		.section	.debug_aranges,"",%progbits
 651 0000 34000000 		.4byte	0x34
 652 0004 0200     		.2byte	0x2
 653 0006 00000000 		.4byte	.Ldebug_info0
 654 000a 04       		.byte	0x4
 655 000b 00       		.byte	0
 656 000c 0000     		.2byte	0
 657 000e 0000     		.2byte	0
 658 0010 00000000 		.4byte	.LFB0
 659 0014 1C000000 		.4byte	.LFE0-.LFB0
 660 0018 00000000 		.4byte	.LFB1
 661 001c 1C000000 		.4byte	.LFE1-.LFB1
 662 0020 00000000 		.4byte	.LFB2
 663 0024 2C000000 		.4byte	.LFE2-.LFB2
 664 0028 00000000 		.4byte	.LFB3
 665 002c 18000000 		.4byte	.LFE3-.LFB3
 666 0030 00000000 		.4byte	0
 667 0034 00000000 		.4byte	0
 668              		.section	.debug_ranges,"",%progbits
ARM GAS  C:\Users\PANXIA~1\AppData\Local\Temp\ccMZBQpy.s 			page 16


 669              	.Ldebug_ranges0:
 670 0000 00000000 		.4byte	.LFB0
 671 0004 1C000000 		.4byte	.LFE0
 672 0008 00000000 		.4byte	.LFB1
 673 000c 1C000000 		.4byte	.LFE1
 674 0010 00000000 		.4byte	.LFB2
 675 0014 2C000000 		.4byte	.LFE2
 676 0018 00000000 		.4byte	.LFB3
 677 001c 18000000 		.4byte	.LFE3
 678 0020 00000000 		.4byte	0
 679 0024 00000000 		.4byte	0
 680              		.section	.debug_line,"",%progbits
 681              	.Ldebug_line0:
 682 0000 BD000000 		.section	.debug_str,"MS",%progbits,1
 682      02006600 
 682      00000201 
 682      FB0E0D00 
 682      01010101 
 683              	.LASF26:
 684 0000 50574D5F 		.ascii	"PWM_MOTOR_RIGHT_ReadCounter\000"
 684      4D4F544F 
 684      525F5249 
 684      4748545F 
 684      52656164 
 685              	.LASF17:
 686 001c 50574D55 		.ascii	"PWMUdb\000"
 686      646200
 687              	.LASF18:
 688 0023 50574D50 		.ascii	"PWMPeriod\000"
 688      6572696F 
 688      6400
 689              	.LASF20:
 690 002d 50574D5F 		.ascii	"PWM_MOTOR_RIGHT_backupStruct\000"
 690      4D4F544F 
 690      525F5249 
 690      4748545F 
 690      6261636B 
 691              	.LASF31:
 692 004a 50574D5F 		.ascii	"PWM_MOTOR_RIGHT_Stop\000"
 692      4D4F544F 
 692      525F5249 
 692      4748545F 
 692      53746F70 
 693              	.LASF32:
 694 005f 50574D5F 		.ascii	"PWM_MOTOR_RIGHT_Enable\000"
 694      4D4F544F 
 694      525F5249 
 694      4748545F 
 694      456E6162 
 695              	.LASF3:
 696 0076 73686F72 		.ascii	"short unsigned int\000"
 696      7420756E 
 696      7369676E 
 696      65642069 
 696      6E7400
 697              	.LASF21:
 698 0089 50574D5F 		.ascii	"PWM_MOTOR_RIGHT_SaveConfig\000"
ARM GAS  C:\Users\PANXIA~1\AppData\Local\Temp\ccMZBQpy.s 			page 17


 698      4D4F544F 
 698      525F5249 
 698      4748545F 
 698      53617665 
 699              	.LASF28:
 700 00a4 50574D5F 		.ascii	"PWM_MOTOR_RIGHT_WritePeriod\000"
 700      4D4F544F 
 700      525F5249 
 700      4748545F 
 700      57726974 
 701              	.LASF23:
 702 00c0 50574D5F 		.ascii	"PWM_MOTOR_RIGHT_Sleep\000"
 702      4D4F544F 
 702      525F5249 
 702      4748545F 
 702      536C6565 
 703              	.LASF11:
 704 00d6 666C6F61 		.ascii	"float\000"
 704      7400
 705              	.LASF27:
 706 00dc 50574D5F 		.ascii	"PWM_MOTOR_RIGHT_ReadControlRegister\000"
 706      4D4F544F 
 706      525F5249 
 706      4748545F 
 706      52656164 
 707              	.LASF1:
 708 0100 756E7369 		.ascii	"unsigned char\000"
 708      676E6564 
 708      20636861 
 708      7200
 709              	.LASF16:
 710 010e 50574D45 		.ascii	"PWMEnableState\000"
 710      6E61626C 
 710      65537461 
 710      746500
 711              	.LASF5:
 712 011d 6C6F6E67 		.ascii	"long unsigned int\000"
 712      20756E73 
 712      69676E65 
 712      6420696E 
 712      7400
 713              	.LASF9:
 714 012f 75696E74 		.ascii	"uint8\000"
 714      3800
 715              	.LASF30:
 716 0135 50574D5F 		.ascii	"PWM_MOTOR_RIGHT_WriteControlRegister\000"
 716      4D4F544F 
 716      525F5249 
 716      4748545F 
 716      57726974 
 717              	.LASF19:
 718 015a 50574D43 		.ascii	"PWMControlRegister\000"
 718      6F6E7472 
 718      6F6C5265 
 718      67697374 
 718      657200
 719              	.LASF34:
ARM GAS  C:\Users\PANXIA~1\AppData\Local\Temp\ccMZBQpy.s 			page 18


 720 016d 2E5C4765 		.ascii	".\\Generated_Source\\PSoC5\\PWM_MOTOR_RIGHT_PM.c\000"
 720      6E657261 
 720      7465645F 
 720      536F7572 
 720      63655C50 
 721              	.LASF12:
 722 019b 646F7562 		.ascii	"double\000"
 722      6C6500
 723              	.LASF36:
 724 01a2 50574D5F 		.ascii	"PWM_MOTOR_RIGHT_backup\000"
 724      4D4F544F 
 724      525F5249 
 724      4748545F 
 724      6261636B 
 725              	.LASF10:
 726 01b9 75696E74 		.ascii	"uint16\000"
 726      313600
 727              	.LASF33:
 728 01c0 474E5520 		.ascii	"GNU C 4.9.3 20150303 (release) [ARM/embedded-4_9-br"
 728      4320342E 
 728      392E3320 
 728      32303135 
 728      30333033 
 729 01f3 616E6368 		.ascii	"anch revision 221220] -mcpu=cortex-m3 -mthumb -g -O"
 729      20726576 
 729      6973696F 
 729      6E203232 
 729      31323230 
 730 0226 67202D66 		.ascii	"g -ffunction-sections -ffat-lto-objects\000"
 730      66756E63 
 730      74696F6E 
 730      2D736563 
 730      74696F6E 
 731              	.LASF8:
 732 024e 756E7369 		.ascii	"unsigned int\000"
 732      676E6564 
 732      20696E74 
 732      00
 733              	.LASF7:
 734 025b 6C6F6E67 		.ascii	"long long unsigned int\000"
 734      206C6F6E 
 734      6720756E 
 734      7369676E 
 734      65642069 
 735              	.LASF35:
 736 0272 463A5C70 		.ascii	"F:\\project\\robot\\T1\\FW\\trunk\\robot_car_V5\\ca"
 736      726F6A65 
 736      63745C72 
 736      6F626F74 
 736      5C54315C 
 737 029e 722E6379 		.ascii	"r.cydsn\000"
 737      64736E00 
 738              	.LASF29:
 739 02a6 50574D5F 		.ascii	"PWM_MOTOR_RIGHT_WriteCounter\000"
 739      4D4F544F 
 739      525F5249 
 739      4748545F 
ARM GAS  C:\Users\PANXIA~1\AppData\Local\Temp\ccMZBQpy.s 			page 19


 739      57726974 
 740              	.LASF14:
 741 02c3 72656738 		.ascii	"reg8\000"
 741      00
 742              	.LASF15:
 743 02c8 73697A65 		.ascii	"sizetype\000"
 743      74797065 
 743      00
 744              	.LASF24:
 745 02d1 50574D5F 		.ascii	"PWM_MOTOR_RIGHT_Wakeup\000"
 745      4D4F544F 
 745      525F5249 
 745      4748545F 
 745      57616B65 
 746              	.LASF6:
 747 02e8 6C6F6E67 		.ascii	"long long int\000"
 747      206C6F6E 
 747      6720696E 
 747      7400
 748              	.LASF13:
 749 02f6 63686172 		.ascii	"char\000"
 749      00
 750              	.LASF2:
 751 02fb 73686F72 		.ascii	"short int\000"
 751      7420696E 
 751      7400
 752              	.LASF22:
 753 0305 50574D5F 		.ascii	"PWM_MOTOR_RIGHT_RestoreConfig\000"
 753      4D4F544F 
 753      525F5249 
 753      4748545F 
 753      52657374 
 754              	.LASF25:
 755 0323 50574D5F 		.ascii	"PWM_MOTOR_RIGHT_ReadPeriod\000"
 755      4D4F544F 
 755      525F5249 
 755      4748545F 
 755      52656164 
 756              	.LASF4:
 757 033e 6C6F6E67 		.ascii	"long int\000"
 757      20696E74 
 757      00
 758              	.LASF0:
 759 0347 7369676E 		.ascii	"signed char\000"
 759      65642063 
 759      68617200 
 760              		.ident	"GCC: (GNU Tools for ARM Embedded Processors) 4.9.3 20150303 (release) [ARM/embedded-4_9-br
