ARM GAS  C:\Users\pxc\AppData\Local\Temp\ccbVn5yB.s 			page 1


   1              		.syntax unified
   2              		.cpu cortex-m3
   3              		.fpu softvfp
   4              		.eabi_attribute 20, 1
   5              		.eabi_attribute 21, 1
   6              		.eabi_attribute 23, 3
   7              		.eabi_attribute 24, 1
   8              		.eabi_attribute 25, 1
   9              		.eabi_attribute 26, 1
  10              		.eabi_attribute 30, 1
  11              		.eabi_attribute 34, 1
  12              		.eabi_attribute 18, 4
  13              		.thumb
  14              		.file	"QuadDec_1.c"
  15              		.text
  16              	.Ltext0:
  17              		.cfi_sections	.debug_frame
  18              		.section	.text.QuadDec_1_Init,"ax",%progbits
  19              		.align	2
  20              		.global	QuadDec_1_Init
  21              		.thumb
  22              		.thumb_func
  23              		.type	QuadDec_1_Init, %function
  24              	QuadDec_1_Init:
  25              	.LFB0:
  26              		.file 1 ".\\Generated_Source\\PSoC5\\QuadDec_1.c"
   1:.\Generated_Source\PSoC5/QuadDec_1.c **** /*******************************************************************************
   2:.\Generated_Source\PSoC5/QuadDec_1.c **** * File Name: QuadDec_1.c  
   3:.\Generated_Source\PSoC5/QuadDec_1.c **** * Version 3.0
   4:.\Generated_Source\PSoC5/QuadDec_1.c **** *
   5:.\Generated_Source\PSoC5/QuadDec_1.c **** * Description:
   6:.\Generated_Source\PSoC5/QuadDec_1.c **** *  This file provides the source code to the API for the Quadrature Decoder
   7:.\Generated_Source\PSoC5/QuadDec_1.c **** *  component.
   8:.\Generated_Source\PSoC5/QuadDec_1.c **** *
   9:.\Generated_Source\PSoC5/QuadDec_1.c **** * Note:
  10:.\Generated_Source\PSoC5/QuadDec_1.c **** *  None.
  11:.\Generated_Source\PSoC5/QuadDec_1.c **** *   
  12:.\Generated_Source\PSoC5/QuadDec_1.c **** ********************************************************************************
  13:.\Generated_Source\PSoC5/QuadDec_1.c **** * Copyright 2008-2014, Cypress Semiconductor Corporation.  All rights reserved.
  14:.\Generated_Source\PSoC5/QuadDec_1.c **** * You may use this file only in accordance with the license, terms, conditions, 
  15:.\Generated_Source\PSoC5/QuadDec_1.c **** * disclaimers, and limitations in the end user license agreement accompanying 
  16:.\Generated_Source\PSoC5/QuadDec_1.c **** * the software package with which this file was provided.
  17:.\Generated_Source\PSoC5/QuadDec_1.c **** *******************************************************************************/
  18:.\Generated_Source\PSoC5/QuadDec_1.c **** 
  19:.\Generated_Source\PSoC5/QuadDec_1.c **** #include "QuadDec_1.h"
  20:.\Generated_Source\PSoC5/QuadDec_1.c **** 
  21:.\Generated_Source\PSoC5/QuadDec_1.c **** #if (QuadDec_1_COUNTER_SIZE == QuadDec_1_COUNTER_SIZE_32_BIT)
  22:.\Generated_Source\PSoC5/QuadDec_1.c ****     #include "QuadDec_1_PVT.h"
  23:.\Generated_Source\PSoC5/QuadDec_1.c **** #endif /* QuadDec_1_COUNTER_SIZE == QuadDec_1_COUNTER_SIZE_32_BIT */
  24:.\Generated_Source\PSoC5/QuadDec_1.c **** 
  25:.\Generated_Source\PSoC5/QuadDec_1.c **** uint8 QuadDec_1_initVar = 0u;
  26:.\Generated_Source\PSoC5/QuadDec_1.c **** 
  27:.\Generated_Source\PSoC5/QuadDec_1.c **** 
  28:.\Generated_Source\PSoC5/QuadDec_1.c **** /*******************************************************************************
  29:.\Generated_Source\PSoC5/QuadDec_1.c **** * Function Name: QuadDec_1_Init
  30:.\Generated_Source\PSoC5/QuadDec_1.c **** ********************************************************************************
  31:.\Generated_Source\PSoC5/QuadDec_1.c **** *
ARM GAS  C:\Users\pxc\AppData\Local\Temp\ccbVn5yB.s 			page 2


  32:.\Generated_Source\PSoC5/QuadDec_1.c **** * Summary:
  33:.\Generated_Source\PSoC5/QuadDec_1.c **** *  Inits/Restores default QuadDec configuration provided with customizer.
  34:.\Generated_Source\PSoC5/QuadDec_1.c **** *
  35:.\Generated_Source\PSoC5/QuadDec_1.c **** * Parameters:
  36:.\Generated_Source\PSoC5/QuadDec_1.c **** *  None.
  37:.\Generated_Source\PSoC5/QuadDec_1.c **** *
  38:.\Generated_Source\PSoC5/QuadDec_1.c **** * Return:
  39:.\Generated_Source\PSoC5/QuadDec_1.c **** *  None.
  40:.\Generated_Source\PSoC5/QuadDec_1.c **** *
  41:.\Generated_Source\PSoC5/QuadDec_1.c **** *******************************************************************************/
  42:.\Generated_Source\PSoC5/QuadDec_1.c **** void QuadDec_1_Init(void) 
  43:.\Generated_Source\PSoC5/QuadDec_1.c **** {
  27              		.loc 1 43 0
  28              		.cfi_startproc
  29              		@ args = 0, pretend = 0, frame = 0
  30              		@ frame_needed = 0, uses_anonymous_args = 0
  31              		@ link register save eliminated.
  32 0000 7047     		bx	lr
  33              		.cfi_endproc
  34              	.LFE0:
  35              		.size	QuadDec_1_Init, .-QuadDec_1_Init
  36 0002 00BF     		.section	.text.QuadDec_1_Stop,"ax",%progbits
  37              		.align	2
  38              		.global	QuadDec_1_Stop
  39              		.thumb
  40              		.thumb_func
  41              		.type	QuadDec_1_Stop, %function
  42              	QuadDec_1_Stop:
  43              	.LFB3:
  44:.\Generated_Source\PSoC5/QuadDec_1.c ****     #if (QuadDec_1_COUNTER_SIZE == QuadDec_1_COUNTER_SIZE_32_BIT)
  45:.\Generated_Source\PSoC5/QuadDec_1.c ****         /* Disable Interrupt. */
  46:.\Generated_Source\PSoC5/QuadDec_1.c ****         CyIntDisable(QuadDec_1_ISR_NUMBER);
  47:.\Generated_Source\PSoC5/QuadDec_1.c ****         /* Set the ISR to point to the QuadDec_1_isr Interrupt. */
  48:.\Generated_Source\PSoC5/QuadDec_1.c ****         (void) CyIntSetVector(QuadDec_1_ISR_NUMBER, & QuadDec_1_ISR);
  49:.\Generated_Source\PSoC5/QuadDec_1.c ****         /* Set the priority. */
  50:.\Generated_Source\PSoC5/QuadDec_1.c ****         CyIntSetPriority(QuadDec_1_ISR_NUMBER, QuadDec_1_ISR_PRIORITY);
  51:.\Generated_Source\PSoC5/QuadDec_1.c ****     #endif /* QuadDec_1_COUNTER_SIZE == QuadDec_1_COUNTER_SIZE_32_BIT */
  52:.\Generated_Source\PSoC5/QuadDec_1.c **** }
  53:.\Generated_Source\PSoC5/QuadDec_1.c **** 
  54:.\Generated_Source\PSoC5/QuadDec_1.c **** 
  55:.\Generated_Source\PSoC5/QuadDec_1.c **** /*******************************************************************************
  56:.\Generated_Source\PSoC5/QuadDec_1.c **** * Function Name: QuadDec_1_Enable
  57:.\Generated_Source\PSoC5/QuadDec_1.c **** ********************************************************************************
  58:.\Generated_Source\PSoC5/QuadDec_1.c **** *
  59:.\Generated_Source\PSoC5/QuadDec_1.c **** * Summary:
  60:.\Generated_Source\PSoC5/QuadDec_1.c **** *  This function enable interrupts from Component and also enable Component's
  61:.\Generated_Source\PSoC5/QuadDec_1.c **** *  ISR in case of 32-bit counter.
  62:.\Generated_Source\PSoC5/QuadDec_1.c **** *
  63:.\Generated_Source\PSoC5/QuadDec_1.c **** * Parameters:
  64:.\Generated_Source\PSoC5/QuadDec_1.c **** *  None.
  65:.\Generated_Source\PSoC5/QuadDec_1.c **** *
  66:.\Generated_Source\PSoC5/QuadDec_1.c **** * Return:
  67:.\Generated_Source\PSoC5/QuadDec_1.c **** *  None.
  68:.\Generated_Source\PSoC5/QuadDec_1.c **** *
  69:.\Generated_Source\PSoC5/QuadDec_1.c **** *******************************************************************************/
  70:.\Generated_Source\PSoC5/QuadDec_1.c **** void QuadDec_1_Enable(void) 
  71:.\Generated_Source\PSoC5/QuadDec_1.c **** {
ARM GAS  C:\Users\pxc\AppData\Local\Temp\ccbVn5yB.s 			page 3


  72:.\Generated_Source\PSoC5/QuadDec_1.c ****     uint8 enableInterrupts;
  73:.\Generated_Source\PSoC5/QuadDec_1.c **** 
  74:.\Generated_Source\PSoC5/QuadDec_1.c ****     QuadDec_1_SetInterruptMask(QuadDec_1_INIT_INT_MASK);
  75:.\Generated_Source\PSoC5/QuadDec_1.c **** 
  76:.\Generated_Source\PSoC5/QuadDec_1.c ****     /* Clear pending interrupts. */
  77:.\Generated_Source\PSoC5/QuadDec_1.c ****     (void) QuadDec_1_GetEvents();
  78:.\Generated_Source\PSoC5/QuadDec_1.c ****     
  79:.\Generated_Source\PSoC5/QuadDec_1.c ****     enableInterrupts = CyEnterCriticalSection();
  80:.\Generated_Source\PSoC5/QuadDec_1.c **** 
  81:.\Generated_Source\PSoC5/QuadDec_1.c ****     /* Enable interrupts from Statusi register */
  82:.\Generated_Source\PSoC5/QuadDec_1.c ****     QuadDec_1_SR_AUX_CONTROL |= QuadDec_1_INTERRUPTS_ENABLE;
  83:.\Generated_Source\PSoC5/QuadDec_1.c **** 
  84:.\Generated_Source\PSoC5/QuadDec_1.c ****     CyExitCriticalSection(enableInterrupts);        
  85:.\Generated_Source\PSoC5/QuadDec_1.c **** 
  86:.\Generated_Source\PSoC5/QuadDec_1.c ****     #if (QuadDec_1_COUNTER_SIZE == QuadDec_1_COUNTER_SIZE_32_BIT)
  87:.\Generated_Source\PSoC5/QuadDec_1.c ****         /* Enable Component interrupts */
  88:.\Generated_Source\PSoC5/QuadDec_1.c ****         CyIntEnable(QuadDec_1_ISR_NUMBER);
  89:.\Generated_Source\PSoC5/QuadDec_1.c ****     #endif /* QuadDec_1_COUNTER_SIZE == QuadDec_1_COUNTER_SIZE_32_BIT */
  90:.\Generated_Source\PSoC5/QuadDec_1.c **** }
  91:.\Generated_Source\PSoC5/QuadDec_1.c **** 
  92:.\Generated_Source\PSoC5/QuadDec_1.c **** 
  93:.\Generated_Source\PSoC5/QuadDec_1.c **** /*******************************************************************************
  94:.\Generated_Source\PSoC5/QuadDec_1.c **** * Function Name: QuadDec_1_Start
  95:.\Generated_Source\PSoC5/QuadDec_1.c **** ********************************************************************************
  96:.\Generated_Source\PSoC5/QuadDec_1.c **** *
  97:.\Generated_Source\PSoC5/QuadDec_1.c **** * Summary:
  98:.\Generated_Source\PSoC5/QuadDec_1.c **** *  Initializes UDBs and other relevant hardware.
  99:.\Generated_Source\PSoC5/QuadDec_1.c **** *  Resets counter, enables or disables all relevant interrupts.
 100:.\Generated_Source\PSoC5/QuadDec_1.c **** *  Starts monitoring the inputs and counting.
 101:.\Generated_Source\PSoC5/QuadDec_1.c **** *
 102:.\Generated_Source\PSoC5/QuadDec_1.c **** * Parameters:
 103:.\Generated_Source\PSoC5/QuadDec_1.c **** *  None.
 104:.\Generated_Source\PSoC5/QuadDec_1.c **** *
 105:.\Generated_Source\PSoC5/QuadDec_1.c **** * Return:
 106:.\Generated_Source\PSoC5/QuadDec_1.c **** *  None.
 107:.\Generated_Source\PSoC5/QuadDec_1.c **** *
 108:.\Generated_Source\PSoC5/QuadDec_1.c **** * Global variables:
 109:.\Generated_Source\PSoC5/QuadDec_1.c **** *  QuadDec_1_initVar - used to check initial configuration, modified on
 110:.\Generated_Source\PSoC5/QuadDec_1.c **** *  first function call.
 111:.\Generated_Source\PSoC5/QuadDec_1.c **** *
 112:.\Generated_Source\PSoC5/QuadDec_1.c **** * Reentrant:
 113:.\Generated_Source\PSoC5/QuadDec_1.c **** *  No.
 114:.\Generated_Source\PSoC5/QuadDec_1.c **** *
 115:.\Generated_Source\PSoC5/QuadDec_1.c **** *******************************************************************************/
 116:.\Generated_Source\PSoC5/QuadDec_1.c **** void QuadDec_1_Start(void) 
 117:.\Generated_Source\PSoC5/QuadDec_1.c **** {
 118:.\Generated_Source\PSoC5/QuadDec_1.c ****     #if (QuadDec_1_COUNTER_SIZE == QuadDec_1_COUNTER_SIZE_8_BIT)
 119:.\Generated_Source\PSoC5/QuadDec_1.c ****         QuadDec_1_Cnt8_Start();
 120:.\Generated_Source\PSoC5/QuadDec_1.c ****         QuadDec_1_Cnt8_WriteCounter(QuadDec_1_COUNTER_INIT_VALUE);
 121:.\Generated_Source\PSoC5/QuadDec_1.c ****     #else
 122:.\Generated_Source\PSoC5/QuadDec_1.c ****         /* (QuadDec_1_COUNTER_SIZE == QuadDec_1_COUNTER_SIZE_16_BIT) || 
 123:.\Generated_Source\PSoC5/QuadDec_1.c ****         *  (QuadDec_1_COUNTER_SIZE == QuadDec_1_COUNTER_SIZE_32_BIT) 
 124:.\Generated_Source\PSoC5/QuadDec_1.c ****         */
 125:.\Generated_Source\PSoC5/QuadDec_1.c ****         QuadDec_1_Cnt16_Start();
 126:.\Generated_Source\PSoC5/QuadDec_1.c ****         QuadDec_1_Cnt16_WriteCounter(QuadDec_1_COUNTER_INIT_VALUE);
 127:.\Generated_Source\PSoC5/QuadDec_1.c ****     #endif /* QuadDec_1_COUNTER_SIZE == QuadDec_1_COUNTER_SIZE_8_BIT */
 128:.\Generated_Source\PSoC5/QuadDec_1.c ****     
ARM GAS  C:\Users\pxc\AppData\Local\Temp\ccbVn5yB.s 			page 4


 129:.\Generated_Source\PSoC5/QuadDec_1.c ****     #if (QuadDec_1_COUNTER_SIZE == QuadDec_1_COUNTER_SIZE_32_BIT)        
 130:.\Generated_Source\PSoC5/QuadDec_1.c ****        QuadDec_1_count32SoftPart = 0;
 131:.\Generated_Source\PSoC5/QuadDec_1.c ****     #endif /* QuadDec_1_COUNTER_SIZE == QuadDec_1_COUNTER_SIZE_32_BIT */
 132:.\Generated_Source\PSoC5/QuadDec_1.c **** 
 133:.\Generated_Source\PSoC5/QuadDec_1.c ****     if (QuadDec_1_initVar == 0u)
 134:.\Generated_Source\PSoC5/QuadDec_1.c ****     {
 135:.\Generated_Source\PSoC5/QuadDec_1.c ****         QuadDec_1_Init();
 136:.\Generated_Source\PSoC5/QuadDec_1.c ****         QuadDec_1_initVar = 1u;
 137:.\Generated_Source\PSoC5/QuadDec_1.c ****     }
 138:.\Generated_Source\PSoC5/QuadDec_1.c **** 
 139:.\Generated_Source\PSoC5/QuadDec_1.c ****     QuadDec_1_Enable();
 140:.\Generated_Source\PSoC5/QuadDec_1.c **** }
 141:.\Generated_Source\PSoC5/QuadDec_1.c **** 
 142:.\Generated_Source\PSoC5/QuadDec_1.c **** 
 143:.\Generated_Source\PSoC5/QuadDec_1.c **** /*******************************************************************************
 144:.\Generated_Source\PSoC5/QuadDec_1.c **** * Function Name: QuadDec_1_Stop
 145:.\Generated_Source\PSoC5/QuadDec_1.c **** ********************************************************************************
 146:.\Generated_Source\PSoC5/QuadDec_1.c **** *
 147:.\Generated_Source\PSoC5/QuadDec_1.c **** * Summary:
 148:.\Generated_Source\PSoC5/QuadDec_1.c **** *  Turns off UDBs and other relevant hardware.
 149:.\Generated_Source\PSoC5/QuadDec_1.c **** *
 150:.\Generated_Source\PSoC5/QuadDec_1.c **** * Parameters:
 151:.\Generated_Source\PSoC5/QuadDec_1.c **** *  None.
 152:.\Generated_Source\PSoC5/QuadDec_1.c **** *
 153:.\Generated_Source\PSoC5/QuadDec_1.c **** * Return:
 154:.\Generated_Source\PSoC5/QuadDec_1.c **** *  None.
 155:.\Generated_Source\PSoC5/QuadDec_1.c **** *
 156:.\Generated_Source\PSoC5/QuadDec_1.c **** *******************************************************************************/
 157:.\Generated_Source\PSoC5/QuadDec_1.c **** void QuadDec_1_Stop(void) 
 158:.\Generated_Source\PSoC5/QuadDec_1.c **** {
  44              		.loc 1 158 0
  45              		.cfi_startproc
  46              		@ args = 0, pretend = 0, frame = 0
  47              		@ frame_needed = 0, uses_anonymous_args = 0
  48              		.loc 1 158 0
  49 0000 08B5     		push	{r3, lr}
  50              		.cfi_def_cfa_offset 8
  51              		.cfi_offset 3, -8
  52              		.cfi_offset 14, -4
 159:.\Generated_Source\PSoC5/QuadDec_1.c ****     uint8 enableInterrupts;
 160:.\Generated_Source\PSoC5/QuadDec_1.c **** 
 161:.\Generated_Source\PSoC5/QuadDec_1.c ****     #if (QuadDec_1_COUNTER_SIZE == QuadDec_1_COUNTER_SIZE_8_BIT)
 162:.\Generated_Source\PSoC5/QuadDec_1.c ****         QuadDec_1_Cnt8_Stop();
 163:.\Generated_Source\PSoC5/QuadDec_1.c ****     #else 
 164:.\Generated_Source\PSoC5/QuadDec_1.c ****         /* (QuadDec_1_COUNTER_SIZE == QuadDec_1_COUNTER_SIZE_16_BIT) ||
 165:.\Generated_Source\PSoC5/QuadDec_1.c ****         *  (QuadDec_1_COUNTER_SIZE == QuadDec_1_COUNTER_SIZE_32_BIT)
 166:.\Generated_Source\PSoC5/QuadDec_1.c ****         */
 167:.\Generated_Source\PSoC5/QuadDec_1.c ****         QuadDec_1_Cnt16_Stop();    /* counter disable */
  53              		.loc 1 167 0
  54 0002 FFF7FEFF 		bl	QuadDec_1_Cnt16_Stop
  55              	.LVL0:
 168:.\Generated_Source\PSoC5/QuadDec_1.c ****     #endif /* (QuadDec_1_COUNTER_SIZE == QuadDec_1_COUNTER_SIZE_8_BIT) */
 169:.\Generated_Source\PSoC5/QuadDec_1.c ****  
 170:.\Generated_Source\PSoC5/QuadDec_1.c ****     enableInterrupts = CyEnterCriticalSection();
  56              		.loc 1 170 0
  57 0006 FFF7FEFF 		bl	CyEnterCriticalSection
  58              	.LVL1:
ARM GAS  C:\Users\pxc\AppData\Local\Temp\ccbVn5yB.s 			page 5


 171:.\Generated_Source\PSoC5/QuadDec_1.c **** 
 172:.\Generated_Source\PSoC5/QuadDec_1.c ****     /* Disable interrupts interrupts from Statusi register */
 173:.\Generated_Source\PSoC5/QuadDec_1.c ****     QuadDec_1_SR_AUX_CONTROL &= (uint8) (~QuadDec_1_INTERRUPTS_ENABLE);
  59              		.loc 1 173 0
  60 000a 044A     		ldr	r2, .L4
  61 000c 1378     		ldrb	r3, [r2]	@ zero_extendqisi2
  62 000e 03F0EF03 		and	r3, r3, #239
  63 0012 1370     		strb	r3, [r2]
 174:.\Generated_Source\PSoC5/QuadDec_1.c **** 
 175:.\Generated_Source\PSoC5/QuadDec_1.c ****     CyExitCriticalSection(enableInterrupts);
  64              		.loc 1 175 0
  65 0014 FFF7FEFF 		bl	CyExitCriticalSection
  66              	.LVL2:
  67 0018 08BD     		pop	{r3, pc}
  68              	.L5:
  69 001a 00BF     		.align	2
  70              	.L4:
  71 001c 96650040 		.word	1073767830
  72              		.cfi_endproc
  73              	.LFE3:
  74              		.size	QuadDec_1_Stop, .-QuadDec_1_Stop
  75              		.section	.text.QuadDec_1_GetCounter,"ax",%progbits
  76              		.align	2
  77              		.global	QuadDec_1_GetCounter
  78              		.thumb
  79              		.thumb_func
  80              		.type	QuadDec_1_GetCounter, %function
  81              	QuadDec_1_GetCounter:
  82              	.LFB4:
 176:.\Generated_Source\PSoC5/QuadDec_1.c **** 
 177:.\Generated_Source\PSoC5/QuadDec_1.c ****     #if (QuadDec_1_COUNTER_SIZE == QuadDec_1_COUNTER_SIZE_32_BIT)
 178:.\Generated_Source\PSoC5/QuadDec_1.c ****         CyIntDisable(QuadDec_1_ISR_NUMBER);    /* interrupt disable */
 179:.\Generated_Source\PSoC5/QuadDec_1.c ****     #endif /* QuadDec_1_COUNTER_SIZE == QuadDec_1_COUNTER_SIZE_32_BIT */
 180:.\Generated_Source\PSoC5/QuadDec_1.c **** }
 181:.\Generated_Source\PSoC5/QuadDec_1.c **** 
 182:.\Generated_Source\PSoC5/QuadDec_1.c **** 
 183:.\Generated_Source\PSoC5/QuadDec_1.c **** /*******************************************************************************
 184:.\Generated_Source\PSoC5/QuadDec_1.c **** * Function Name: QuadDec_1_GetCounter
 185:.\Generated_Source\PSoC5/QuadDec_1.c **** ********************************************************************************
 186:.\Generated_Source\PSoC5/QuadDec_1.c **** *
 187:.\Generated_Source\PSoC5/QuadDec_1.c **** * Summary:
 188:.\Generated_Source\PSoC5/QuadDec_1.c **** *  Reports the current value of the counter.
 189:.\Generated_Source\PSoC5/QuadDec_1.c **** *
 190:.\Generated_Source\PSoC5/QuadDec_1.c **** * Parameters:
 191:.\Generated_Source\PSoC5/QuadDec_1.c **** *  None.
 192:.\Generated_Source\PSoC5/QuadDec_1.c **** *
 193:.\Generated_Source\PSoC5/QuadDec_1.c **** * Return:
 194:.\Generated_Source\PSoC5/QuadDec_1.c **** *  The counter value. Return type is signed and per the counter size setting.
 195:.\Generated_Source\PSoC5/QuadDec_1.c **** *  A positive value indicates clockwise movement (B before A).
 196:.\Generated_Source\PSoC5/QuadDec_1.c **** *
 197:.\Generated_Source\PSoC5/QuadDec_1.c **** * Global variables:
 198:.\Generated_Source\PSoC5/QuadDec_1.c **** *  QuadDec_1_count32SoftPart - used to get hi 16 bit for current value
 199:.\Generated_Source\PSoC5/QuadDec_1.c **** *  of the 32-bit counter, when Counter size equal 32-bit.
 200:.\Generated_Source\PSoC5/QuadDec_1.c **** *
 201:.\Generated_Source\PSoC5/QuadDec_1.c **** *******************************************************************************/
 202:.\Generated_Source\PSoC5/QuadDec_1.c **** int16 QuadDec_1_GetCounter(void) 
 203:.\Generated_Source\PSoC5/QuadDec_1.c **** {
ARM GAS  C:\Users\pxc\AppData\Local\Temp\ccbVn5yB.s 			page 6


  83              		.loc 1 203 0
  84              		.cfi_startproc
  85              		@ args = 0, pretend = 0, frame = 0
  86              		@ frame_needed = 0, uses_anonymous_args = 0
  87 0000 08B5     		push	{r3, lr}
  88              		.cfi_def_cfa_offset 8
  89              		.cfi_offset 3, -8
  90              		.cfi_offset 14, -4
 204:.\Generated_Source\PSoC5/QuadDec_1.c ****     int16 count;
 205:.\Generated_Source\PSoC5/QuadDec_1.c ****     uint16 tmpCnt;
 206:.\Generated_Source\PSoC5/QuadDec_1.c **** 
 207:.\Generated_Source\PSoC5/QuadDec_1.c ****     #if (QuadDec_1_COUNTER_SIZE == QuadDec_1_COUNTER_SIZE_32_BIT)
 208:.\Generated_Source\PSoC5/QuadDec_1.c ****         int16 hwCount;
 209:.\Generated_Source\PSoC5/QuadDec_1.c **** 
 210:.\Generated_Source\PSoC5/QuadDec_1.c ****         CyIntDisable(QuadDec_1_ISR_NUMBER);
 211:.\Generated_Source\PSoC5/QuadDec_1.c **** 
 212:.\Generated_Source\PSoC5/QuadDec_1.c ****         tmpCnt = QuadDec_1_Cnt16_ReadCounter();
 213:.\Generated_Source\PSoC5/QuadDec_1.c ****         hwCount = (int16) ((int32) tmpCnt - (int32) QuadDec_1_COUNTER_INIT_VALUE);
 214:.\Generated_Source\PSoC5/QuadDec_1.c ****         count = QuadDec_1_count32SoftPart + hwCount;
 215:.\Generated_Source\PSoC5/QuadDec_1.c **** 
 216:.\Generated_Source\PSoC5/QuadDec_1.c ****         CyIntEnable(QuadDec_1_ISR_NUMBER);
 217:.\Generated_Source\PSoC5/QuadDec_1.c ****     #else 
 218:.\Generated_Source\PSoC5/QuadDec_1.c ****         /* (QuadDec_1_COUNTER_SIZE == QuadDec_1_COUNTER_SIZE_8_BIT) || 
 219:.\Generated_Source\PSoC5/QuadDec_1.c ****         *  (QuadDec_1_COUNTER_SIZE == QuadDec_1_COUNTER_SIZE_16_BIT)
 220:.\Generated_Source\PSoC5/QuadDec_1.c ****         */
 221:.\Generated_Source\PSoC5/QuadDec_1.c ****         #if (QuadDec_1_COUNTER_SIZE == QuadDec_1_COUNTER_SIZE_8_BIT)
 222:.\Generated_Source\PSoC5/QuadDec_1.c ****             tmpCnt = QuadDec_1_Cnt8_ReadCounter();
 223:.\Generated_Source\PSoC5/QuadDec_1.c ****         #else /* (QuadDec_1_COUNTER_SIZE == QuadDec_1_COUNTER_SIZE_16_BIT) */
 224:.\Generated_Source\PSoC5/QuadDec_1.c ****             tmpCnt = QuadDec_1_Cnt16_ReadCounter();
  91              		.loc 1 224 0
  92 0002 FFF7FEFF 		bl	QuadDec_1_Cnt16_ReadCounter
  93              	.LVL3:
 225:.\Generated_Source\PSoC5/QuadDec_1.c ****         #endif  /* QuadDec_1_COUNTER_SIZE == QuadDec_1_COUNTER_SIZE_8_BIT */
 226:.\Generated_Source\PSoC5/QuadDec_1.c **** 
 227:.\Generated_Source\PSoC5/QuadDec_1.c ****         count = (int16) ((int32) tmpCnt -
  94              		.loc 1 227 0
  95 0006 A0F50040 		sub	r0, r0, #32768
  96              	.LVL4:
 228:.\Generated_Source\PSoC5/QuadDec_1.c ****                 (int32) QuadDec_1_COUNTER_INIT_VALUE);
 229:.\Generated_Source\PSoC5/QuadDec_1.c **** 
 230:.\Generated_Source\PSoC5/QuadDec_1.c ****     #endif /* QuadDec_1_COUNTER_SIZE == QuadDec_1_COUNTER_SIZE_32_BIT */ 
 231:.\Generated_Source\PSoC5/QuadDec_1.c **** 
 232:.\Generated_Source\PSoC5/QuadDec_1.c ****     return (count);
 233:.\Generated_Source\PSoC5/QuadDec_1.c **** }
  97              		.loc 1 233 0
  98 000a 00B2     		sxth	r0, r0
  99 000c 08BD     		pop	{r3, pc}
 100              		.cfi_endproc
 101              	.LFE4:
 102              		.size	QuadDec_1_GetCounter, .-QuadDec_1_GetCounter
 103 000e 00BF     		.section	.text.QuadDec_1_SetCounter,"ax",%progbits
 104              		.align	2
 105              		.global	QuadDec_1_SetCounter
 106              		.thumb
 107              		.thumb_func
 108              		.type	QuadDec_1_SetCounter, %function
 109              	QuadDec_1_SetCounter:
ARM GAS  C:\Users\pxc\AppData\Local\Temp\ccbVn5yB.s 			page 7


 110              	.LFB5:
 234:.\Generated_Source\PSoC5/QuadDec_1.c **** 
 235:.\Generated_Source\PSoC5/QuadDec_1.c **** 
 236:.\Generated_Source\PSoC5/QuadDec_1.c **** /*******************************************************************************
 237:.\Generated_Source\PSoC5/QuadDec_1.c **** * Function Name: QuadDec_1_SetCounter
 238:.\Generated_Source\PSoC5/QuadDec_1.c **** ********************************************************************************
 239:.\Generated_Source\PSoC5/QuadDec_1.c **** *
 240:.\Generated_Source\PSoC5/QuadDec_1.c **** * Summary:
 241:.\Generated_Source\PSoC5/QuadDec_1.c **** *  Sets the current value of the counter.
 242:.\Generated_Source\PSoC5/QuadDec_1.c **** *
 243:.\Generated_Source\PSoC5/QuadDec_1.c **** * Parameters:
 244:.\Generated_Source\PSoC5/QuadDec_1.c **** *  value:  The new value. Parameter type is signed and per the counter size
 245:.\Generated_Source\PSoC5/QuadDec_1.c **** *  setting.
 246:.\Generated_Source\PSoC5/QuadDec_1.c **** *
 247:.\Generated_Source\PSoC5/QuadDec_1.c **** * Return:
 248:.\Generated_Source\PSoC5/QuadDec_1.c **** *  None.
 249:.\Generated_Source\PSoC5/QuadDec_1.c **** *
 250:.\Generated_Source\PSoC5/QuadDec_1.c **** * Global variables:
 251:.\Generated_Source\PSoC5/QuadDec_1.c **** *  QuadDec_1_count32SoftPart - modified to set hi 16 bit for current
 252:.\Generated_Source\PSoC5/QuadDec_1.c **** *  value of the 32-bit counter, when Counter size equal 32-bit.
 253:.\Generated_Source\PSoC5/QuadDec_1.c **** *
 254:.\Generated_Source\PSoC5/QuadDec_1.c **** * Reentrant:
 255:.\Generated_Source\PSoC5/QuadDec_1.c **** *  No.
 256:.\Generated_Source\PSoC5/QuadDec_1.c **** *
 257:.\Generated_Source\PSoC5/QuadDec_1.c **** *******************************************************************************/
 258:.\Generated_Source\PSoC5/QuadDec_1.c **** void QuadDec_1_SetCounter(int16 value) 
 259:.\Generated_Source\PSoC5/QuadDec_1.c **** {
 111              		.loc 1 259 0
 112              		.cfi_startproc
 113              		@ args = 0, pretend = 0, frame = 0
 114              		@ frame_needed = 0, uses_anonymous_args = 0
 115              	.LVL5:
 116 0000 08B5     		push	{r3, lr}
 117              		.cfi_def_cfa_offset 8
 118              		.cfi_offset 3, -8
 119              		.cfi_offset 14, -4
 260:.\Generated_Source\PSoC5/QuadDec_1.c ****     #if ((QuadDec_1_COUNTER_SIZE == QuadDec_1_COUNTER_SIZE_8_BIT) || \
 261:.\Generated_Source\PSoC5/QuadDec_1.c ****          (QuadDec_1_COUNTER_SIZE == QuadDec_1_COUNTER_SIZE_16_BIT))
 262:.\Generated_Source\PSoC5/QuadDec_1.c ****         uint16 count;
 263:.\Generated_Source\PSoC5/QuadDec_1.c ****         
 264:.\Generated_Source\PSoC5/QuadDec_1.c ****         if (value >= 0)
 120              		.loc 1 264 0
 121 0002 0028     		cmp	r0, #0
 122              	.LVL6:
 123 0004 03DB     		blt	.L9
 265:.\Generated_Source\PSoC5/QuadDec_1.c ****         {
 266:.\Generated_Source\PSoC5/QuadDec_1.c ****             count = (uint16) value + QuadDec_1_COUNTER_INIT_VALUE;
 124              		.loc 1 266 0
 125 0006 80B2     		uxth	r0, r0
 126 0008 80F40040 		eor	r0, r0, #32768
 127              	.LVL7:
 128 000c 02E0     		b	.L10
 129              	.LVL8:
 130              	.L9:
 267:.\Generated_Source\PSoC5/QuadDec_1.c ****         }
 268:.\Generated_Source\PSoC5/QuadDec_1.c ****         else
 269:.\Generated_Source\PSoC5/QuadDec_1.c ****         {
ARM GAS  C:\Users\pxc\AppData\Local\Temp\ccbVn5yB.s 			page 8


 270:.\Generated_Source\PSoC5/QuadDec_1.c ****             count = QuadDec_1_COUNTER_INIT_VALUE - (uint16)(-value);
 131              		.loc 1 270 0
 132 000e A0F50040 		sub	r0, r0, #32768
 133 0012 80B2     		uxth	r0, r0
 134              	.LVL9:
 135              	.L10:
 271:.\Generated_Source\PSoC5/QuadDec_1.c ****         }
 272:.\Generated_Source\PSoC5/QuadDec_1.c ****         #if (QuadDec_1_COUNTER_SIZE == QuadDec_1_COUNTER_SIZE_8_BIT)
 273:.\Generated_Source\PSoC5/QuadDec_1.c ****             QuadDec_1_Cnt8_WriteCounter(count);
 274:.\Generated_Source\PSoC5/QuadDec_1.c ****         #else /* (QuadDec_1_COUNTER_SIZE == QuadDec_1_COUNTER_SIZE_16_BIT) */
 275:.\Generated_Source\PSoC5/QuadDec_1.c ****             QuadDec_1_Cnt16_WriteCounter(count);
 136              		.loc 1 275 0
 137 0014 FFF7FEFF 		bl	QuadDec_1_Cnt16_WriteCounter
 138              	.LVL10:
 139 0018 08BD     		pop	{r3, pc}
 140              		.cfi_endproc
 141              	.LFE5:
 142              		.size	QuadDec_1_SetCounter, .-QuadDec_1_SetCounter
 143 001a 00BF     		.section	.text.QuadDec_1_GetEvents,"ax",%progbits
 144              		.align	2
 145              		.global	QuadDec_1_GetEvents
 146              		.thumb
 147              		.thumb_func
 148              		.type	QuadDec_1_GetEvents, %function
 149              	QuadDec_1_GetEvents:
 150              	.LFB6:
 276:.\Generated_Source\PSoC5/QuadDec_1.c ****         #endif  /* QuadDec_1_COUNTER_SIZE == QuadDec_1_COUNTER_SIZE_8_BIT */
 277:.\Generated_Source\PSoC5/QuadDec_1.c ****     #else /* (QuadDec_1_COUNTER_SIZE == QuadDec_1_COUNTER_SIZE_32_BIT) */
 278:.\Generated_Source\PSoC5/QuadDec_1.c ****         CyIntDisable(QuadDec_1_ISR_NUMBER);
 279:.\Generated_Source\PSoC5/QuadDec_1.c **** 
 280:.\Generated_Source\PSoC5/QuadDec_1.c ****         QuadDec_1_Cnt16_WriteCounter(QuadDec_1_COUNTER_INIT_VALUE);
 281:.\Generated_Source\PSoC5/QuadDec_1.c ****         QuadDec_1_count32SoftPart = value;
 282:.\Generated_Source\PSoC5/QuadDec_1.c **** 
 283:.\Generated_Source\PSoC5/QuadDec_1.c ****         CyIntEnable(QuadDec_1_ISR_NUMBER);
 284:.\Generated_Source\PSoC5/QuadDec_1.c ****     #endif  /* (QuadDec_1_COUNTER_SIZE == QuadDec_1_COUNTER_SIZE_8_BIT) ||
 285:.\Generated_Source\PSoC5/QuadDec_1.c ****              * (QuadDec_1_COUNTER_SIZE == QuadDec_1_COUNTER_SIZE_16_BIT)
 286:.\Generated_Source\PSoC5/QuadDec_1.c ****              */
 287:.\Generated_Source\PSoC5/QuadDec_1.c **** }
 288:.\Generated_Source\PSoC5/QuadDec_1.c **** 
 289:.\Generated_Source\PSoC5/QuadDec_1.c **** 
 290:.\Generated_Source\PSoC5/QuadDec_1.c **** /*******************************************************************************
 291:.\Generated_Source\PSoC5/QuadDec_1.c **** * Function Name: QuadDec_1_GetEvents
 292:.\Generated_Source\PSoC5/QuadDec_1.c **** ********************************************************************************
 293:.\Generated_Source\PSoC5/QuadDec_1.c **** * 
 294:.\Generated_Source\PSoC5/QuadDec_1.c **** * Summary:
 295:.\Generated_Source\PSoC5/QuadDec_1.c **** *   Reports the current status of events. This function clears the bits of the 
 296:.\Generated_Source\PSoC5/QuadDec_1.c **** *   status register.
 297:.\Generated_Source\PSoC5/QuadDec_1.c **** *
 298:.\Generated_Source\PSoC5/QuadDec_1.c **** * Parameters:
 299:.\Generated_Source\PSoC5/QuadDec_1.c **** *  None.
 300:.\Generated_Source\PSoC5/QuadDec_1.c **** *
 301:.\Generated_Source\PSoC5/QuadDec_1.c **** * Return:
 302:.\Generated_Source\PSoC5/QuadDec_1.c **** *  The events, as bits in an unsigned 8-bit value:
 303:.\Generated_Source\PSoC5/QuadDec_1.c **** *    Bit      Description
 304:.\Generated_Source\PSoC5/QuadDec_1.c **** *     0        Counter overflow.
 305:.\Generated_Source\PSoC5/QuadDec_1.c **** *     1        Counter underflow.
 306:.\Generated_Source\PSoC5/QuadDec_1.c **** *     2        Counter reset due to index, if index input is used.
ARM GAS  C:\Users\pxc\AppData\Local\Temp\ccbVn5yB.s 			page 9


 307:.\Generated_Source\PSoC5/QuadDec_1.c **** *     3        Invalid A, B inputs state transition.
 308:.\Generated_Source\PSoC5/QuadDec_1.c **** *
 309:.\Generated_Source\PSoC5/QuadDec_1.c **** *******************************************************************************/
 310:.\Generated_Source\PSoC5/QuadDec_1.c **** uint8 QuadDec_1_GetEvents(void) 
 311:.\Generated_Source\PSoC5/QuadDec_1.c **** {
 151              		.loc 1 311 0
 152              		.cfi_startproc
 153              		@ args = 0, pretend = 0, frame = 0
 154              		@ frame_needed = 0, uses_anonymous_args = 0
 155              		@ link register save eliminated.
 312:.\Generated_Source\PSoC5/QuadDec_1.c ****     return (QuadDec_1_STATUS_REG & QuadDec_1_INIT_INT_MASK);
 156              		.loc 1 312 0
 157 0000 024B     		ldr	r3, .L13
 158 0002 1878     		ldrb	r0, [r3]	@ zero_extendqisi2
 313:.\Generated_Source\PSoC5/QuadDec_1.c **** }
 159              		.loc 1 313 0
 160 0004 00F00F00 		and	r0, r0, #15
 161 0008 7047     		bx	lr
 162              	.L14:
 163 000a 00BF     		.align	2
 164              	.L13:
 165 000c 66650040 		.word	1073767782
 166              		.cfi_endproc
 167              	.LFE6:
 168              		.size	QuadDec_1_GetEvents, .-QuadDec_1_GetEvents
 169              		.section	.text.QuadDec_1_SetInterruptMask,"ax",%progbits
 170              		.align	2
 171              		.global	QuadDec_1_SetInterruptMask
 172              		.thumb
 173              		.thumb_func
 174              		.type	QuadDec_1_SetInterruptMask, %function
 175              	QuadDec_1_SetInterruptMask:
 176              	.LFB7:
 314:.\Generated_Source\PSoC5/QuadDec_1.c **** 
 315:.\Generated_Source\PSoC5/QuadDec_1.c **** 
 316:.\Generated_Source\PSoC5/QuadDec_1.c **** /*******************************************************************************
 317:.\Generated_Source\PSoC5/QuadDec_1.c **** * Function Name: QuadDec_1_SetInterruptMask
 318:.\Generated_Source\PSoC5/QuadDec_1.c **** ********************************************************************************
 319:.\Generated_Source\PSoC5/QuadDec_1.c **** *
 320:.\Generated_Source\PSoC5/QuadDec_1.c **** * Summary:
 321:.\Generated_Source\PSoC5/QuadDec_1.c **** *  Enables / disables interrupts due to the events.
 322:.\Generated_Source\PSoC5/QuadDec_1.c **** *  For the 32-bit counter, the overflow, underflow and reset interrupts cannot
 323:.\Generated_Source\PSoC5/QuadDec_1.c **** *  be disabled, these bits are ignored.
 324:.\Generated_Source\PSoC5/QuadDec_1.c **** *
 325:.\Generated_Source\PSoC5/QuadDec_1.c **** * Parameters:
 326:.\Generated_Source\PSoC5/QuadDec_1.c **** *  mask: Enable / disable bits in an 8-bit value, where 1 enables the interrupt.
 327:.\Generated_Source\PSoC5/QuadDec_1.c **** *
 328:.\Generated_Source\PSoC5/QuadDec_1.c **** * Return:
 329:.\Generated_Source\PSoC5/QuadDec_1.c **** *  None.
 330:.\Generated_Source\PSoC5/QuadDec_1.c **** *
 331:.\Generated_Source\PSoC5/QuadDec_1.c **** *******************************************************************************/
 332:.\Generated_Source\PSoC5/QuadDec_1.c **** void QuadDec_1_SetInterruptMask(uint8 mask) 
 333:.\Generated_Source\PSoC5/QuadDec_1.c **** {
 177              		.loc 1 333 0
 178              		.cfi_startproc
 179              		@ args = 0, pretend = 0, frame = 0
 180              		@ frame_needed = 0, uses_anonymous_args = 0
ARM GAS  C:\Users\pxc\AppData\Local\Temp\ccbVn5yB.s 			page 10


 181              		@ link register save eliminated.
 182              	.LVL11:
 334:.\Generated_Source\PSoC5/QuadDec_1.c ****     #if (QuadDec_1_COUNTER_SIZE == QuadDec_1_COUNTER_SIZE_32_BIT)
 335:.\Generated_Source\PSoC5/QuadDec_1.c ****         /* Underflow, Overflow and Reset interrupts for 32-bit Counter are always enable */
 336:.\Generated_Source\PSoC5/QuadDec_1.c ****         mask |= (QuadDec_1_COUNTER_OVERFLOW | QuadDec_1_COUNTER_UNDERFLOW |
 337:.\Generated_Source\PSoC5/QuadDec_1.c ****                  QuadDec_1_COUNTER_RESET);
 338:.\Generated_Source\PSoC5/QuadDec_1.c ****     #endif /* QuadDec_1_COUNTER_SIZE == QuadDec_1_COUNTER_SIZE_32_BIT */
 339:.\Generated_Source\PSoC5/QuadDec_1.c **** 
 340:.\Generated_Source\PSoC5/QuadDec_1.c ****     QuadDec_1_STATUS_MASK = mask;
 183              		.loc 1 340 0
 184 0000 014B     		ldr	r3, .L16
 185 0002 1870     		strb	r0, [r3]
 186 0004 7047     		bx	lr
 187              	.L17:
 188 0006 00BF     		.align	2
 189              	.L16:
 190 0008 86650040 		.word	1073767814
 191              		.cfi_endproc
 192              	.LFE7:
 193              		.size	QuadDec_1_SetInterruptMask, .-QuadDec_1_SetInterruptMask
 194              		.section	.text.QuadDec_1_Enable,"ax",%progbits
 195              		.align	2
 196              		.global	QuadDec_1_Enable
 197              		.thumb
 198              		.thumb_func
 199              		.type	QuadDec_1_Enable, %function
 200              	QuadDec_1_Enable:
 201              	.LFB1:
  71:.\Generated_Source\PSoC5/QuadDec_1.c ****     uint8 enableInterrupts;
 202              		.loc 1 71 0
 203              		.cfi_startproc
 204              		@ args = 0, pretend = 0, frame = 0
 205              		@ frame_needed = 0, uses_anonymous_args = 0
 206 0000 08B5     		push	{r3, lr}
 207              		.cfi_def_cfa_offset 8
 208              		.cfi_offset 3, -8
 209              		.cfi_offset 14, -4
  74:.\Generated_Source\PSoC5/QuadDec_1.c **** 
 210              		.loc 1 74 0
 211 0002 0F20     		movs	r0, #15
 212 0004 FFF7FEFF 		bl	QuadDec_1_SetInterruptMask
 213              	.LVL12:
  77:.\Generated_Source\PSoC5/QuadDec_1.c ****     
 214              		.loc 1 77 0
 215 0008 FFF7FEFF 		bl	QuadDec_1_GetEvents
 216              	.LVL13:
  79:.\Generated_Source\PSoC5/QuadDec_1.c **** 
 217              		.loc 1 79 0
 218 000c FFF7FEFF 		bl	CyEnterCriticalSection
 219              	.LVL14:
  82:.\Generated_Source\PSoC5/QuadDec_1.c **** 
 220              		.loc 1 82 0
 221 0010 034A     		ldr	r2, .L20
 222 0012 1378     		ldrb	r3, [r2]	@ zero_extendqisi2
 223 0014 43F01003 		orr	r3, r3, #16
 224 0018 1370     		strb	r3, [r2]
  84:.\Generated_Source\PSoC5/QuadDec_1.c **** 
ARM GAS  C:\Users\pxc\AppData\Local\Temp\ccbVn5yB.s 			page 11


 225              		.loc 1 84 0
 226 001a FFF7FEFF 		bl	CyExitCriticalSection
 227              	.LVL15:
 228 001e 08BD     		pop	{r3, pc}
 229              	.L21:
 230              		.align	2
 231              	.L20:
 232 0020 96650040 		.word	1073767830
 233              		.cfi_endproc
 234              	.LFE1:
 235              		.size	QuadDec_1_Enable, .-QuadDec_1_Enable
 236              		.section	.text.QuadDec_1_Start,"ax",%progbits
 237              		.align	2
 238              		.global	QuadDec_1_Start
 239              		.thumb
 240              		.thumb_func
 241              		.type	QuadDec_1_Start, %function
 242              	QuadDec_1_Start:
 243              	.LFB2:
 117:.\Generated_Source\PSoC5/QuadDec_1.c ****     #if (QuadDec_1_COUNTER_SIZE == QuadDec_1_COUNTER_SIZE_8_BIT)
 244              		.loc 1 117 0
 245              		.cfi_startproc
 246              		@ args = 0, pretend = 0, frame = 0
 247              		@ frame_needed = 0, uses_anonymous_args = 0
 248 0000 08B5     		push	{r3, lr}
 249              		.cfi_def_cfa_offset 8
 250              		.cfi_offset 3, -8
 251              		.cfi_offset 14, -4
 125:.\Generated_Source\PSoC5/QuadDec_1.c ****         QuadDec_1_Cnt16_WriteCounter(QuadDec_1_COUNTER_INIT_VALUE);
 252              		.loc 1 125 0
 253 0002 FFF7FEFF 		bl	QuadDec_1_Cnt16_Start
 254              	.LVL16:
 126:.\Generated_Source\PSoC5/QuadDec_1.c ****     #endif /* QuadDec_1_COUNTER_SIZE == QuadDec_1_COUNTER_SIZE_8_BIT */
 255              		.loc 1 126 0
 256 0006 4FF40040 		mov	r0, #32768
 257 000a FFF7FEFF 		bl	QuadDec_1_Cnt16_WriteCounter
 258              	.LVL17:
 133:.\Generated_Source\PSoC5/QuadDec_1.c ****     {
 259              		.loc 1 133 0
 260 000e 044B     		ldr	r3, .L25
 261 0010 1B78     		ldrb	r3, [r3]	@ zero_extendqisi2
 262 0012 13B9     		cbnz	r3, .L23
 136:.\Generated_Source\PSoC5/QuadDec_1.c ****     }
 263              		.loc 1 136 0
 264 0014 0122     		movs	r2, #1
 265 0016 024B     		ldr	r3, .L25
 266 0018 1A70     		strb	r2, [r3]
 267              	.L23:
 139:.\Generated_Source\PSoC5/QuadDec_1.c **** }
 268              		.loc 1 139 0
 269 001a FFF7FEFF 		bl	QuadDec_1_Enable
 270              	.LVL18:
 271 001e 08BD     		pop	{r3, pc}
 272              	.L26:
 273              		.align	2
 274              	.L25:
 275 0020 00000000 		.word	.LANCHOR0
ARM GAS  C:\Users\pxc\AppData\Local\Temp\ccbVn5yB.s 			page 12


 276              		.cfi_endproc
 277              	.LFE2:
 278              		.size	QuadDec_1_Start, .-QuadDec_1_Start
 279              		.section	.text.QuadDec_1_GetInterruptMask,"ax",%progbits
 280              		.align	2
 281              		.global	QuadDec_1_GetInterruptMask
 282              		.thumb
 283              		.thumb_func
 284              		.type	QuadDec_1_GetInterruptMask, %function
 285              	QuadDec_1_GetInterruptMask:
 286              	.LFB8:
 341:.\Generated_Source\PSoC5/QuadDec_1.c **** }
 342:.\Generated_Source\PSoC5/QuadDec_1.c **** 
 343:.\Generated_Source\PSoC5/QuadDec_1.c **** 
 344:.\Generated_Source\PSoC5/QuadDec_1.c **** /*******************************************************************************
 345:.\Generated_Source\PSoC5/QuadDec_1.c **** * Function Name: QuadDec_1_GetInterruptMask
 346:.\Generated_Source\PSoC5/QuadDec_1.c **** ********************************************************************************
 347:.\Generated_Source\PSoC5/QuadDec_1.c **** *
 348:.\Generated_Source\PSoC5/QuadDec_1.c **** * Summary:
 349:.\Generated_Source\PSoC5/QuadDec_1.c **** *  Reports the current interrupt mask settings.
 350:.\Generated_Source\PSoC5/QuadDec_1.c **** *
 351:.\Generated_Source\PSoC5/QuadDec_1.c **** * Parameters:
 352:.\Generated_Source\PSoC5/QuadDec_1.c **** *  None.
 353:.\Generated_Source\PSoC5/QuadDec_1.c **** *
 354:.\Generated_Source\PSoC5/QuadDec_1.c **** * Return:
 355:.\Generated_Source\PSoC5/QuadDec_1.c **** *  Enable / disable bits in an 8-bit value, where 1 enables the interrupt.
 356:.\Generated_Source\PSoC5/QuadDec_1.c **** *  For the 32-bit counter, the overflow, underflow and reset enable bits are
 357:.\Generated_Source\PSoC5/QuadDec_1.c **** *  always set.
 358:.\Generated_Source\PSoC5/QuadDec_1.c **** *
 359:.\Generated_Source\PSoC5/QuadDec_1.c **** *******************************************************************************/
 360:.\Generated_Source\PSoC5/QuadDec_1.c **** uint8 QuadDec_1_GetInterruptMask(void) 
 361:.\Generated_Source\PSoC5/QuadDec_1.c **** {
 287              		.loc 1 361 0
 288              		.cfi_startproc
 289              		@ args = 0, pretend = 0, frame = 0
 290              		@ frame_needed = 0, uses_anonymous_args = 0
 291              		@ link register save eliminated.
 362:.\Generated_Source\PSoC5/QuadDec_1.c ****     return (QuadDec_1_STATUS_MASK & QuadDec_1_INIT_INT_MASK);
 292              		.loc 1 362 0
 293 0000 024B     		ldr	r3, .L28
 294 0002 1878     		ldrb	r0, [r3]	@ zero_extendqisi2
 363:.\Generated_Source\PSoC5/QuadDec_1.c **** }
 295              		.loc 1 363 0
 296 0004 00F00F00 		and	r0, r0, #15
 297 0008 7047     		bx	lr
 298              	.L29:
 299 000a 00BF     		.align	2
 300              	.L28:
 301 000c 86650040 		.word	1073767814
 302              		.cfi_endproc
 303              	.LFE8:
 304              		.size	QuadDec_1_GetInterruptMask, .-QuadDec_1_GetInterruptMask
 305              		.global	QuadDec_1_initVar
 306              		.bss
 307              		.set	.LANCHOR0,. + 0
 308              		.type	QuadDec_1_initVar, %object
 309              		.size	QuadDec_1_initVar, 1
ARM GAS  C:\Users\pxc\AppData\Local\Temp\ccbVn5yB.s 			page 13


 310              	QuadDec_1_initVar:
 311 0000 00       		.space	1
 312              		.text
 313              	.Letext0:
 314              		.file 2 ".\\Generated_Source\\PSoC5\\cytypes.h"
 315              		.file 3 ".\\Generated_Source\\PSoC5\\CyLib.h"
 316              		.file 4 ".\\Generated_Source\\PSoC5\\QuadDec_1_Cnt16.h"
 317              		.section	.debug_info,"",%progbits
 318              	.Ldebug_info0:
 319 0000 C9020000 		.4byte	0x2c9
 320 0004 0400     		.2byte	0x4
 321 0006 00000000 		.4byte	.Ldebug_abbrev0
 322 000a 04       		.byte	0x4
 323 000b 01       		.uleb128 0x1
 324 000c 35010000 		.4byte	.LASF36
 325 0010 01       		.byte	0x1
 326 0011 2A020000 		.4byte	.LASF37
 327 0015 10000000 		.4byte	.LASF38
 328 0019 00000000 		.4byte	.Ldebug_ranges0+0
 329 001d 00000000 		.4byte	0
 330 0021 00000000 		.4byte	.Ldebug_line0
 331 0025 02       		.uleb128 0x2
 332 0026 04       		.byte	0x4
 333 0027 05       		.byte	0x5
 334 0028 696E7400 		.ascii	"int\000"
 335 002c 03       		.uleb128 0x3
 336 002d 04       		.byte	0x4
 337 002e 07       		.byte	0x7
 338 002f DA010000 		.4byte	.LASF0
 339 0033 03       		.uleb128 0x3
 340 0034 01       		.byte	0x1
 341 0035 06       		.byte	0x6
 342 0036 FA020000 		.4byte	.LASF1
 343 003a 03       		.uleb128 0x3
 344 003b 01       		.byte	0x1
 345 003c 08       		.byte	0x8
 346 003d CF000000 		.4byte	.LASF2
 347 0041 03       		.uleb128 0x3
 348 0042 02       		.byte	0x2
 349 0043 05       		.byte	0x5
 350 0044 7C020000 		.4byte	.LASF3
 351 0048 03       		.uleb128 0x3
 352 0049 02       		.byte	0x2
 353 004a 07       		.byte	0x7
 354 004b 5F000000 		.4byte	.LASF4
 355 004f 03       		.uleb128 0x3
 356 0050 04       		.byte	0x4
 357 0051 05       		.byte	0x5
 358 0052 EC020000 		.4byte	.LASF5
 359 0056 03       		.uleb128 0x3
 360 0057 04       		.byte	0x4
 361 0058 07       		.byte	0x7
 362 0059 F7000000 		.4byte	.LASF6
 363 005d 03       		.uleb128 0x3
 364 005e 08       		.byte	0x8
 365 005f 05       		.byte	0x5
 366 0060 58020000 		.4byte	.LASF7
ARM GAS  C:\Users\pxc\AppData\Local\Temp\ccbVn5yB.s 			page 14


 367 0064 03       		.uleb128 0x3
 368 0065 08       		.byte	0x8
 369 0066 07       		.byte	0x7
 370 0067 A3000000 		.4byte	.LASF8
 371 006b 03       		.uleb128 0x3
 372 006c 04       		.byte	0x4
 373 006d 07       		.byte	0x7
 374 006e 4F020000 		.4byte	.LASF9
 375 0072 03       		.uleb128 0x3
 376 0073 01       		.byte	0x1
 377 0074 08       		.byte	0x8
 378 0075 F5020000 		.4byte	.LASF10
 379 0079 04       		.uleb128 0x4
 380 007a B7020000 		.4byte	.LASF11
 381 007e 02       		.byte	0x2
 382 007f C2       		.byte	0xc2
 383 0080 3A000000 		.4byte	0x3a
 384 0084 04       		.uleb128 0x4
 385 0085 2E010000 		.4byte	.LASF12
 386 0089 02       		.byte	0x2
 387 008a C3       		.byte	0xc3
 388 008b 48000000 		.4byte	0x48
 389 008f 04       		.uleb128 0x4
 390 0090 F1000000 		.4byte	.LASF13
 391 0094 02       		.byte	0x2
 392 0095 C6       		.byte	0xc6
 393 0096 41000000 		.4byte	0x41
 394 009a 04       		.uleb128 0x4
 395 009b 09010000 		.4byte	.LASF14
 396 009f 02       		.byte	0x2
 397 00a0 C7       		.byte	0xc7
 398 00a1 4F000000 		.4byte	0x4f
 399 00a5 03       		.uleb128 0x3
 400 00a6 04       		.byte	0x4
 401 00a7 04       		.byte	0x4
 402 00a8 9D000000 		.4byte	.LASF15
 403 00ac 03       		.uleb128 0x3
 404 00ad 08       		.byte	0x8
 405 00ae 04       		.byte	0x4
 406 00af 27010000 		.4byte	.LASF16
 407 00b3 05       		.uleb128 0x5
 408 00b4 EC000000 		.4byte	.LASF17
 409 00b8 02       		.byte	0x2
 410 00b9 6C01     		.2byte	0x16c
 411 00bb BF000000 		.4byte	0xbf
 412 00bf 06       		.uleb128 0x6
 413 00c0 79000000 		.4byte	0x79
 414 00c4 07       		.uleb128 0x7
 415 00c5 06030000 		.4byte	.LASF39
 416 00c9 01       		.byte	0x1
 417 00ca 2A       		.byte	0x2a
 418 00cb 00000000 		.4byte	.LFB0
 419 00cf 02000000 		.4byte	.LFE0-.LFB0
 420 00d3 01       		.uleb128 0x1
 421 00d4 9C       		.byte	0x9c
 422 00d5 08       		.uleb128 0x8
 423 00d6 DD000000 		.4byte	.LASF21
ARM GAS  C:\Users\pxc\AppData\Local\Temp\ccbVn5yB.s 			page 15


 424 00da 01       		.byte	0x1
 425 00db 9D       		.byte	0x9d
 426 00dc 00000000 		.4byte	.LFB3
 427 00e0 20000000 		.4byte	.LFE3-.LFB3
 428 00e4 01       		.uleb128 0x1
 429 00e5 9C       		.byte	0x9c
 430 00e6 15010000 		.4byte	0x115
 431 00ea 09       		.uleb128 0x9
 432 00eb 16010000 		.4byte	.LASF18
 433 00ef 01       		.byte	0x1
 434 00f0 9F       		.byte	0x9f
 435 00f1 79000000 		.4byte	0x79
 436 00f5 00000000 		.4byte	.LLST0
 437 00f9 0A       		.uleb128 0xa
 438 00fa 06000000 		.4byte	.LVL0
 439 00fe 86020000 		.4byte	0x286
 440 0102 0A       		.uleb128 0xa
 441 0103 0A000000 		.4byte	.LVL1
 442 0107 8D020000 		.4byte	0x28d
 443 010b 0A       		.uleb128 0xa
 444 010c 18000000 		.4byte	.LVL2
 445 0110 98020000 		.4byte	0x298
 446 0114 00       		.byte	0
 447 0115 0B       		.uleb128 0xb
 448 0116 88000000 		.4byte	.LASF40
 449 011a 01       		.byte	0x1
 450 011b CA       		.byte	0xca
 451 011c 8F000000 		.4byte	0x8f
 452 0120 00000000 		.4byte	.LFB4
 453 0124 0E000000 		.4byte	.LFE4-.LFB4
 454 0128 01       		.uleb128 0x1
 455 0129 9C       		.byte	0x9c
 456 012a 54010000 		.4byte	0x154
 457 012e 0C       		.uleb128 0xc
 458 012f 59000000 		.4byte	.LASF19
 459 0133 01       		.byte	0x1
 460 0134 CC       		.byte	0xcc
 461 0135 8F000000 		.4byte	0x8f
 462 0139 01       		.uleb128 0x1
 463 013a 50       		.byte	0x50
 464 013b 09       		.uleb128 0x9
 465 013c 0F010000 		.4byte	.LASF20
 466 0140 01       		.byte	0x1
 467 0141 CD       		.byte	0xcd
 468 0142 84000000 		.4byte	0x84
 469 0146 13000000 		.4byte	.LLST1
 470 014a 0A       		.uleb128 0xa
 471 014b 06000000 		.4byte	.LVL3
 472 014f A9020000 		.4byte	0x2a9
 473 0153 00       		.byte	0
 474 0154 0D       		.uleb128 0xd
 475 0155 BA000000 		.4byte	.LASF22
 476 0159 01       		.byte	0x1
 477 015a 0201     		.2byte	0x102
 478 015c 00000000 		.4byte	.LFB5
 479 0160 1A000000 		.4byte	.LFE5-.LFB5
 480 0164 01       		.uleb128 0x1
ARM GAS  C:\Users\pxc\AppData\Local\Temp\ccbVn5yB.s 			page 16


 481 0165 9C       		.byte	0x9c
 482 0166 94010000 		.4byte	0x194
 483 016a 0E       		.uleb128 0xe
 484 016b 53000000 		.4byte	.LASF24
 485 016f 01       		.byte	0x1
 486 0170 0201     		.2byte	0x102
 487 0172 8F000000 		.4byte	0x8f
 488 0176 26000000 		.4byte	.LLST2
 489 017a 0F       		.uleb128 0xf
 490 017b 59000000 		.4byte	.LASF19
 491 017f 01       		.byte	0x1
 492 0180 0601     		.2byte	0x106
 493 0182 84000000 		.4byte	0x84
 494 0186 47000000 		.4byte	.LLST3
 495 018a 0A       		.uleb128 0xa
 496 018b 18000000 		.4byte	.LVL10
 497 018f B4020000 		.4byte	0x2b4
 498 0193 00       		.byte	0
 499 0194 10       		.uleb128 0x10
 500 0195 BD020000 		.4byte	.LASF28
 501 0199 01       		.byte	0x1
 502 019a 3601     		.2byte	0x136
 503 019c 79000000 		.4byte	0x79
 504 01a0 00000000 		.4byte	.LFB6
 505 01a4 10000000 		.4byte	.LFE6-.LFB6
 506 01a8 01       		.uleb128 0x1
 507 01a9 9C       		.byte	0x9c
 508 01aa 0D       		.uleb128 0xd
 509 01ab D1020000 		.4byte	.LASF23
 510 01af 01       		.byte	0x1
 511 01b0 4C01     		.2byte	0x14c
 512 01b2 00000000 		.4byte	.LFB7
 513 01b6 0C000000 		.4byte	.LFE7-.LFB7
 514 01ba 01       		.uleb128 0x1
 515 01bb 9C       		.byte	0x9c
 516 01bc CF010000 		.4byte	0x1cf
 517 01c0 11       		.uleb128 0x11
 518 01c1 66020000 		.4byte	.LASF25
 519 01c5 01       		.byte	0x1
 520 01c6 4C01     		.2byte	0x14c
 521 01c8 79000000 		.4byte	0x79
 522 01cc 01       		.uleb128 0x1
 523 01cd 50       		.byte	0x50
 524 01ce 00       		.byte	0
 525 01cf 08       		.uleb128 0x8
 526 01d0 6B020000 		.4byte	.LASF26
 527 01d4 01       		.byte	0x1
 528 01d5 46       		.byte	0x46
 529 01d6 00000000 		.4byte	.LFB1
 530 01da 24000000 		.4byte	.LFE1-.LFB1
 531 01de 01       		.uleb128 0x1
 532 01df 9C       		.byte	0x9c
 533 01e0 22020000 		.4byte	0x222
 534 01e4 09       		.uleb128 0x9
 535 01e5 16010000 		.4byte	.LASF18
 536 01e9 01       		.byte	0x1
 537 01ea 48       		.byte	0x48
ARM GAS  C:\Users\pxc\AppData\Local\Temp\ccbVn5yB.s 			page 17


 538 01eb 79000000 		.4byte	0x79
 539 01ef 65000000 		.4byte	.LLST4
 540 01f3 12       		.uleb128 0x12
 541 01f4 08000000 		.4byte	.LVL12
 542 01f8 AA010000 		.4byte	0x1aa
 543 01fc 06020000 		.4byte	0x206
 544 0200 13       		.uleb128 0x13
 545 0201 01       		.uleb128 0x1
 546 0202 50       		.byte	0x50
 547 0203 01       		.uleb128 0x1
 548 0204 3F       		.byte	0x3f
 549 0205 00       		.byte	0
 550 0206 0A       		.uleb128 0xa
 551 0207 0C000000 		.4byte	.LVL13
 552 020b 94010000 		.4byte	0x194
 553 020f 0A       		.uleb128 0xa
 554 0210 10000000 		.4byte	.LVL14
 555 0214 8D020000 		.4byte	0x28d
 556 0218 0A       		.uleb128 0xa
 557 0219 1E000000 		.4byte	.LVL15
 558 021d 98020000 		.4byte	0x298
 559 0221 00       		.byte	0
 560 0222 08       		.uleb128 0x8
 561 0223 00000000 		.4byte	.LASF27
 562 0227 01       		.byte	0x1
 563 0228 74       		.byte	0x74
 564 0229 00000000 		.4byte	.LFB2
 565 022d 24000000 		.4byte	.LFE2-.LFB2
 566 0231 01       		.uleb128 0x1
 567 0232 9C       		.byte	0x9c
 568 0233 5F020000 		.4byte	0x25f
 569 0237 0A       		.uleb128 0xa
 570 0238 06000000 		.4byte	.LVL16
 571 023c C5020000 		.4byte	0x2c5
 572 0240 12       		.uleb128 0x12
 573 0241 0E000000 		.4byte	.LVL17
 574 0245 B4020000 		.4byte	0x2b4
 575 0249 55020000 		.4byte	0x255
 576 024d 13       		.uleb128 0x13
 577 024e 01       		.uleb128 0x1
 578 024f 50       		.byte	0x50
 579 0250 03       		.uleb128 0x3
 580 0251 0B       		.byte	0xb
 581 0252 0080     		.2byte	0x8000
 582 0254 00       		.byte	0
 583 0255 0A       		.uleb128 0xa
 584 0256 1E000000 		.4byte	.LVL18
 585 025a CF010000 		.4byte	0x1cf
 586 025e 00       		.byte	0
 587 025f 10       		.uleb128 0x10
 588 0260 F9010000 		.4byte	.LASF29
 589 0264 01       		.byte	0x1
 590 0265 6801     		.2byte	0x168
 591 0267 79000000 		.4byte	0x79
 592 026b 00000000 		.4byte	.LFB8
 593 026f 10000000 		.4byte	.LFE8-.LFB8
 594 0273 01       		.uleb128 0x1
ARM GAS  C:\Users\pxc\AppData\Local\Temp\ccbVn5yB.s 			page 18


 595 0274 9C       		.byte	0x9c
 596 0275 14       		.uleb128 0x14
 597 0276 E7010000 		.4byte	.LASF41
 598 027a 01       		.byte	0x1
 599 027b 19       		.byte	0x19
 600 027c 79000000 		.4byte	0x79
 601 0280 05       		.uleb128 0x5
 602 0281 03       		.byte	0x3
 603 0282 00000000 		.4byte	QuadDec_1_initVar
 604 0286 15       		.uleb128 0x15
 605 0287 86020000 		.4byte	.LASF34
 606 028b 04       		.byte	0x4
 607 028c 50       		.byte	0x50
 608 028d 16       		.uleb128 0x16
 609 028e C3010000 		.4byte	.LASF30
 610 0292 03       		.byte	0x3
 611 0293 7E       		.byte	0x7e
 612 0294 79000000 		.4byte	0x79
 613 0298 17       		.uleb128 0x17
 614 0299 14020000 		.4byte	.LASF32
 615 029d 03       		.byte	0x3
 616 029e 7F       		.byte	0x7f
 617 029f A9020000 		.4byte	0x2a9
 618 02a3 18       		.uleb128 0x18
 619 02a4 79000000 		.4byte	0x79
 620 02a8 00       		.byte	0
 621 02a9 16       		.uleb128 0x16
 622 02aa 9B020000 		.4byte	.LASF31
 623 02ae 04       		.byte	0x4
 624 02af 5D       		.byte	0x5d
 625 02b0 84000000 		.4byte	0x84
 626 02b4 17       		.uleb128 0x17
 627 02b5 36000000 		.4byte	.LASF33
 628 02b9 04       		.byte	0x4
 629 02ba 5A       		.byte	0x5a
 630 02bb C5020000 		.4byte	0x2c5
 631 02bf 18       		.uleb128 0x18
 632 02c0 84000000 		.4byte	0x84
 633 02c4 00       		.byte	0
 634 02c5 15       		.uleb128 0x15
 635 02c6 72000000 		.4byte	.LASF35
 636 02ca 04       		.byte	0x4
 637 02cb 4F       		.byte	0x4f
 638 02cc 00       		.byte	0
 639              		.section	.debug_abbrev,"",%progbits
 640              	.Ldebug_abbrev0:
 641 0000 01       		.uleb128 0x1
 642 0001 11       		.uleb128 0x11
 643 0002 01       		.byte	0x1
 644 0003 25       		.uleb128 0x25
 645 0004 0E       		.uleb128 0xe
 646 0005 13       		.uleb128 0x13
 647 0006 0B       		.uleb128 0xb
 648 0007 03       		.uleb128 0x3
 649 0008 0E       		.uleb128 0xe
 650 0009 1B       		.uleb128 0x1b
 651 000a 0E       		.uleb128 0xe
ARM GAS  C:\Users\pxc\AppData\Local\Temp\ccbVn5yB.s 			page 19


 652 000b 55       		.uleb128 0x55
 653 000c 17       		.uleb128 0x17
 654 000d 11       		.uleb128 0x11
 655 000e 01       		.uleb128 0x1
 656 000f 10       		.uleb128 0x10
 657 0010 17       		.uleb128 0x17
 658 0011 00       		.byte	0
 659 0012 00       		.byte	0
 660 0013 02       		.uleb128 0x2
 661 0014 24       		.uleb128 0x24
 662 0015 00       		.byte	0
 663 0016 0B       		.uleb128 0xb
 664 0017 0B       		.uleb128 0xb
 665 0018 3E       		.uleb128 0x3e
 666 0019 0B       		.uleb128 0xb
 667 001a 03       		.uleb128 0x3
 668 001b 08       		.uleb128 0x8
 669 001c 00       		.byte	0
 670 001d 00       		.byte	0
 671 001e 03       		.uleb128 0x3
 672 001f 24       		.uleb128 0x24
 673 0020 00       		.byte	0
 674 0021 0B       		.uleb128 0xb
 675 0022 0B       		.uleb128 0xb
 676 0023 3E       		.uleb128 0x3e
 677 0024 0B       		.uleb128 0xb
 678 0025 03       		.uleb128 0x3
 679 0026 0E       		.uleb128 0xe
 680 0027 00       		.byte	0
 681 0028 00       		.byte	0
 682 0029 04       		.uleb128 0x4
 683 002a 16       		.uleb128 0x16
 684 002b 00       		.byte	0
 685 002c 03       		.uleb128 0x3
 686 002d 0E       		.uleb128 0xe
 687 002e 3A       		.uleb128 0x3a
 688 002f 0B       		.uleb128 0xb
 689 0030 3B       		.uleb128 0x3b
 690 0031 0B       		.uleb128 0xb
 691 0032 49       		.uleb128 0x49
 692 0033 13       		.uleb128 0x13
 693 0034 00       		.byte	0
 694 0035 00       		.byte	0
 695 0036 05       		.uleb128 0x5
 696 0037 16       		.uleb128 0x16
 697 0038 00       		.byte	0
 698 0039 03       		.uleb128 0x3
 699 003a 0E       		.uleb128 0xe
 700 003b 3A       		.uleb128 0x3a
 701 003c 0B       		.uleb128 0xb
 702 003d 3B       		.uleb128 0x3b
 703 003e 05       		.uleb128 0x5
 704 003f 49       		.uleb128 0x49
 705 0040 13       		.uleb128 0x13
 706 0041 00       		.byte	0
 707 0042 00       		.byte	0
 708 0043 06       		.uleb128 0x6
ARM GAS  C:\Users\pxc\AppData\Local\Temp\ccbVn5yB.s 			page 20


 709 0044 35       		.uleb128 0x35
 710 0045 00       		.byte	0
 711 0046 49       		.uleb128 0x49
 712 0047 13       		.uleb128 0x13
 713 0048 00       		.byte	0
 714 0049 00       		.byte	0
 715 004a 07       		.uleb128 0x7
 716 004b 2E       		.uleb128 0x2e
 717 004c 00       		.byte	0
 718 004d 3F       		.uleb128 0x3f
 719 004e 19       		.uleb128 0x19
 720 004f 03       		.uleb128 0x3
 721 0050 0E       		.uleb128 0xe
 722 0051 3A       		.uleb128 0x3a
 723 0052 0B       		.uleb128 0xb
 724 0053 3B       		.uleb128 0x3b
 725 0054 0B       		.uleb128 0xb
 726 0055 27       		.uleb128 0x27
 727 0056 19       		.uleb128 0x19
 728 0057 11       		.uleb128 0x11
 729 0058 01       		.uleb128 0x1
 730 0059 12       		.uleb128 0x12
 731 005a 06       		.uleb128 0x6
 732 005b 40       		.uleb128 0x40
 733 005c 18       		.uleb128 0x18
 734 005d 9742     		.uleb128 0x2117
 735 005f 19       		.uleb128 0x19
 736 0060 00       		.byte	0
 737 0061 00       		.byte	0
 738 0062 08       		.uleb128 0x8
 739 0063 2E       		.uleb128 0x2e
 740 0064 01       		.byte	0x1
 741 0065 3F       		.uleb128 0x3f
 742 0066 19       		.uleb128 0x19
 743 0067 03       		.uleb128 0x3
 744 0068 0E       		.uleb128 0xe
 745 0069 3A       		.uleb128 0x3a
 746 006a 0B       		.uleb128 0xb
 747 006b 3B       		.uleb128 0x3b
 748 006c 0B       		.uleb128 0xb
 749 006d 27       		.uleb128 0x27
 750 006e 19       		.uleb128 0x19
 751 006f 11       		.uleb128 0x11
 752 0070 01       		.uleb128 0x1
 753 0071 12       		.uleb128 0x12
 754 0072 06       		.uleb128 0x6
 755 0073 40       		.uleb128 0x40
 756 0074 18       		.uleb128 0x18
 757 0075 9742     		.uleb128 0x2117
 758 0077 19       		.uleb128 0x19
 759 0078 01       		.uleb128 0x1
 760 0079 13       		.uleb128 0x13
 761 007a 00       		.byte	0
 762 007b 00       		.byte	0
 763 007c 09       		.uleb128 0x9
 764 007d 34       		.uleb128 0x34
 765 007e 00       		.byte	0
ARM GAS  C:\Users\pxc\AppData\Local\Temp\ccbVn5yB.s 			page 21


 766 007f 03       		.uleb128 0x3
 767 0080 0E       		.uleb128 0xe
 768 0081 3A       		.uleb128 0x3a
 769 0082 0B       		.uleb128 0xb
 770 0083 3B       		.uleb128 0x3b
 771 0084 0B       		.uleb128 0xb
 772 0085 49       		.uleb128 0x49
 773 0086 13       		.uleb128 0x13
 774 0087 02       		.uleb128 0x2
 775 0088 17       		.uleb128 0x17
 776 0089 00       		.byte	0
 777 008a 00       		.byte	0
 778 008b 0A       		.uleb128 0xa
 779 008c 898201   		.uleb128 0x4109
 780 008f 00       		.byte	0
 781 0090 11       		.uleb128 0x11
 782 0091 01       		.uleb128 0x1
 783 0092 31       		.uleb128 0x31
 784 0093 13       		.uleb128 0x13
 785 0094 00       		.byte	0
 786 0095 00       		.byte	0
 787 0096 0B       		.uleb128 0xb
 788 0097 2E       		.uleb128 0x2e
 789 0098 01       		.byte	0x1
 790 0099 3F       		.uleb128 0x3f
 791 009a 19       		.uleb128 0x19
 792 009b 03       		.uleb128 0x3
 793 009c 0E       		.uleb128 0xe
 794 009d 3A       		.uleb128 0x3a
 795 009e 0B       		.uleb128 0xb
 796 009f 3B       		.uleb128 0x3b
 797 00a0 0B       		.uleb128 0xb
 798 00a1 27       		.uleb128 0x27
 799 00a2 19       		.uleb128 0x19
 800 00a3 49       		.uleb128 0x49
 801 00a4 13       		.uleb128 0x13
 802 00a5 11       		.uleb128 0x11
 803 00a6 01       		.uleb128 0x1
 804 00a7 12       		.uleb128 0x12
 805 00a8 06       		.uleb128 0x6
 806 00a9 40       		.uleb128 0x40
 807 00aa 18       		.uleb128 0x18
 808 00ab 9742     		.uleb128 0x2117
 809 00ad 19       		.uleb128 0x19
 810 00ae 01       		.uleb128 0x1
 811 00af 13       		.uleb128 0x13
 812 00b0 00       		.byte	0
 813 00b1 00       		.byte	0
 814 00b2 0C       		.uleb128 0xc
 815 00b3 34       		.uleb128 0x34
 816 00b4 00       		.byte	0
 817 00b5 03       		.uleb128 0x3
 818 00b6 0E       		.uleb128 0xe
 819 00b7 3A       		.uleb128 0x3a
 820 00b8 0B       		.uleb128 0xb
 821 00b9 3B       		.uleb128 0x3b
 822 00ba 0B       		.uleb128 0xb
ARM GAS  C:\Users\pxc\AppData\Local\Temp\ccbVn5yB.s 			page 22


 823 00bb 49       		.uleb128 0x49
 824 00bc 13       		.uleb128 0x13
 825 00bd 02       		.uleb128 0x2
 826 00be 18       		.uleb128 0x18
 827 00bf 00       		.byte	0
 828 00c0 00       		.byte	0
 829 00c1 0D       		.uleb128 0xd
 830 00c2 2E       		.uleb128 0x2e
 831 00c3 01       		.byte	0x1
 832 00c4 3F       		.uleb128 0x3f
 833 00c5 19       		.uleb128 0x19
 834 00c6 03       		.uleb128 0x3
 835 00c7 0E       		.uleb128 0xe
 836 00c8 3A       		.uleb128 0x3a
 837 00c9 0B       		.uleb128 0xb
 838 00ca 3B       		.uleb128 0x3b
 839 00cb 05       		.uleb128 0x5
 840 00cc 27       		.uleb128 0x27
 841 00cd 19       		.uleb128 0x19
 842 00ce 11       		.uleb128 0x11
 843 00cf 01       		.uleb128 0x1
 844 00d0 12       		.uleb128 0x12
 845 00d1 06       		.uleb128 0x6
 846 00d2 40       		.uleb128 0x40
 847 00d3 18       		.uleb128 0x18
 848 00d4 9742     		.uleb128 0x2117
 849 00d6 19       		.uleb128 0x19
 850 00d7 01       		.uleb128 0x1
 851 00d8 13       		.uleb128 0x13
 852 00d9 00       		.byte	0
 853 00da 00       		.byte	0
 854 00db 0E       		.uleb128 0xe
 855 00dc 05       		.uleb128 0x5
 856 00dd 00       		.byte	0
 857 00de 03       		.uleb128 0x3
 858 00df 0E       		.uleb128 0xe
 859 00e0 3A       		.uleb128 0x3a
 860 00e1 0B       		.uleb128 0xb
 861 00e2 3B       		.uleb128 0x3b
 862 00e3 05       		.uleb128 0x5
 863 00e4 49       		.uleb128 0x49
 864 00e5 13       		.uleb128 0x13
 865 00e6 02       		.uleb128 0x2
 866 00e7 17       		.uleb128 0x17
 867 00e8 00       		.byte	0
 868 00e9 00       		.byte	0
 869 00ea 0F       		.uleb128 0xf
 870 00eb 34       		.uleb128 0x34
 871 00ec 00       		.byte	0
 872 00ed 03       		.uleb128 0x3
 873 00ee 0E       		.uleb128 0xe
 874 00ef 3A       		.uleb128 0x3a
 875 00f0 0B       		.uleb128 0xb
 876 00f1 3B       		.uleb128 0x3b
 877 00f2 05       		.uleb128 0x5
 878 00f3 49       		.uleb128 0x49
 879 00f4 13       		.uleb128 0x13
ARM GAS  C:\Users\pxc\AppData\Local\Temp\ccbVn5yB.s 			page 23


 880 00f5 02       		.uleb128 0x2
 881 00f6 17       		.uleb128 0x17
 882 00f7 00       		.byte	0
 883 00f8 00       		.byte	0
 884 00f9 10       		.uleb128 0x10
 885 00fa 2E       		.uleb128 0x2e
 886 00fb 00       		.byte	0
 887 00fc 3F       		.uleb128 0x3f
 888 00fd 19       		.uleb128 0x19
 889 00fe 03       		.uleb128 0x3
 890 00ff 0E       		.uleb128 0xe
 891 0100 3A       		.uleb128 0x3a
 892 0101 0B       		.uleb128 0xb
 893 0102 3B       		.uleb128 0x3b
 894 0103 05       		.uleb128 0x5
 895 0104 27       		.uleb128 0x27
 896 0105 19       		.uleb128 0x19
 897 0106 49       		.uleb128 0x49
 898 0107 13       		.uleb128 0x13
 899 0108 11       		.uleb128 0x11
 900 0109 01       		.uleb128 0x1
 901 010a 12       		.uleb128 0x12
 902 010b 06       		.uleb128 0x6
 903 010c 40       		.uleb128 0x40
 904 010d 18       		.uleb128 0x18
 905 010e 9742     		.uleb128 0x2117
 906 0110 19       		.uleb128 0x19
 907 0111 00       		.byte	0
 908 0112 00       		.byte	0
 909 0113 11       		.uleb128 0x11
 910 0114 05       		.uleb128 0x5
 911 0115 00       		.byte	0
 912 0116 03       		.uleb128 0x3
 913 0117 0E       		.uleb128 0xe
 914 0118 3A       		.uleb128 0x3a
 915 0119 0B       		.uleb128 0xb
 916 011a 3B       		.uleb128 0x3b
 917 011b 05       		.uleb128 0x5
 918 011c 49       		.uleb128 0x49
 919 011d 13       		.uleb128 0x13
 920 011e 02       		.uleb128 0x2
 921 011f 18       		.uleb128 0x18
 922 0120 00       		.byte	0
 923 0121 00       		.byte	0
 924 0122 12       		.uleb128 0x12
 925 0123 898201   		.uleb128 0x4109
 926 0126 01       		.byte	0x1
 927 0127 11       		.uleb128 0x11
 928 0128 01       		.uleb128 0x1
 929 0129 31       		.uleb128 0x31
 930 012a 13       		.uleb128 0x13
 931 012b 01       		.uleb128 0x1
 932 012c 13       		.uleb128 0x13
 933 012d 00       		.byte	0
 934 012e 00       		.byte	0
 935 012f 13       		.uleb128 0x13
 936 0130 8A8201   		.uleb128 0x410a
ARM GAS  C:\Users\pxc\AppData\Local\Temp\ccbVn5yB.s 			page 24


 937 0133 00       		.byte	0
 938 0134 02       		.uleb128 0x2
 939 0135 18       		.uleb128 0x18
 940 0136 9142     		.uleb128 0x2111
 941 0138 18       		.uleb128 0x18
 942 0139 00       		.byte	0
 943 013a 00       		.byte	0
 944 013b 14       		.uleb128 0x14
 945 013c 34       		.uleb128 0x34
 946 013d 00       		.byte	0
 947 013e 03       		.uleb128 0x3
 948 013f 0E       		.uleb128 0xe
 949 0140 3A       		.uleb128 0x3a
 950 0141 0B       		.uleb128 0xb
 951 0142 3B       		.uleb128 0x3b
 952 0143 0B       		.uleb128 0xb
 953 0144 49       		.uleb128 0x49
 954 0145 13       		.uleb128 0x13
 955 0146 3F       		.uleb128 0x3f
 956 0147 19       		.uleb128 0x19
 957 0148 02       		.uleb128 0x2
 958 0149 18       		.uleb128 0x18
 959 014a 00       		.byte	0
 960 014b 00       		.byte	0
 961 014c 15       		.uleb128 0x15
 962 014d 2E       		.uleb128 0x2e
 963 014e 00       		.byte	0
 964 014f 3F       		.uleb128 0x3f
 965 0150 19       		.uleb128 0x19
 966 0151 03       		.uleb128 0x3
 967 0152 0E       		.uleb128 0xe
 968 0153 3A       		.uleb128 0x3a
 969 0154 0B       		.uleb128 0xb
 970 0155 3B       		.uleb128 0x3b
 971 0156 0B       		.uleb128 0xb
 972 0157 27       		.uleb128 0x27
 973 0158 19       		.uleb128 0x19
 974 0159 3C       		.uleb128 0x3c
 975 015a 19       		.uleb128 0x19
 976 015b 00       		.byte	0
 977 015c 00       		.byte	0
 978 015d 16       		.uleb128 0x16
 979 015e 2E       		.uleb128 0x2e
 980 015f 00       		.byte	0
 981 0160 3F       		.uleb128 0x3f
 982 0161 19       		.uleb128 0x19
 983 0162 03       		.uleb128 0x3
 984 0163 0E       		.uleb128 0xe
 985 0164 3A       		.uleb128 0x3a
 986 0165 0B       		.uleb128 0xb
 987 0166 3B       		.uleb128 0x3b
 988 0167 0B       		.uleb128 0xb
 989 0168 27       		.uleb128 0x27
 990 0169 19       		.uleb128 0x19
 991 016a 49       		.uleb128 0x49
 992 016b 13       		.uleb128 0x13
 993 016c 3C       		.uleb128 0x3c
ARM GAS  C:\Users\pxc\AppData\Local\Temp\ccbVn5yB.s 			page 25


 994 016d 19       		.uleb128 0x19
 995 016e 00       		.byte	0
 996 016f 00       		.byte	0
 997 0170 17       		.uleb128 0x17
 998 0171 2E       		.uleb128 0x2e
 999 0172 01       		.byte	0x1
 1000 0173 3F       		.uleb128 0x3f
 1001 0174 19       		.uleb128 0x19
 1002 0175 03       		.uleb128 0x3
 1003 0176 0E       		.uleb128 0xe
 1004 0177 3A       		.uleb128 0x3a
 1005 0178 0B       		.uleb128 0xb
 1006 0179 3B       		.uleb128 0x3b
 1007 017a 0B       		.uleb128 0xb
 1008 017b 27       		.uleb128 0x27
 1009 017c 19       		.uleb128 0x19
 1010 017d 3C       		.uleb128 0x3c
 1011 017e 19       		.uleb128 0x19
 1012 017f 01       		.uleb128 0x1
 1013 0180 13       		.uleb128 0x13
 1014 0181 00       		.byte	0
 1015 0182 00       		.byte	0
 1016 0183 18       		.uleb128 0x18
 1017 0184 05       		.uleb128 0x5
 1018 0185 00       		.byte	0
 1019 0186 49       		.uleb128 0x49
 1020 0187 13       		.uleb128 0x13
 1021 0188 00       		.byte	0
 1022 0189 00       		.byte	0
 1023 018a 00       		.byte	0
 1024              		.section	.debug_loc,"",%progbits
 1025              	.Ldebug_loc0:
 1026              	.LLST0:
 1027 0000 0A000000 		.4byte	.LVL1
 1028 0004 17000000 		.4byte	.LVL2-1
 1029 0008 0100     		.2byte	0x1
 1030 000a 50       		.byte	0x50
 1031 000b 00000000 		.4byte	0
 1032 000f 00000000 		.4byte	0
 1033              	.LLST1:
 1034 0013 06000000 		.4byte	.LVL3
 1035 0017 0A000000 		.4byte	.LVL4
 1036 001b 0100     		.2byte	0x1
 1037 001d 50       		.byte	0x50
 1038 001e 00000000 		.4byte	0
 1039 0022 00000000 		.4byte	0
 1040              	.LLST2:
 1041 0026 00000000 		.4byte	.LVL5
 1042 002a 04000000 		.4byte	.LVL6
 1043 002e 0100     		.2byte	0x1
 1044 0030 50       		.byte	0x50
 1045 0031 04000000 		.4byte	.LVL6
 1046 0035 1A000000 		.4byte	.LFE5
 1047 0039 0400     		.2byte	0x4
 1048 003b F3       		.byte	0xf3
 1049 003c 01       		.uleb128 0x1
 1050 003d 50       		.byte	0x50
ARM GAS  C:\Users\pxc\AppData\Local\Temp\ccbVn5yB.s 			page 26


 1051 003e 9F       		.byte	0x9f
 1052 003f 00000000 		.4byte	0
 1053 0043 00000000 		.4byte	0
 1054              	.LLST3:
 1055 0047 0C000000 		.4byte	.LVL7
 1056 004b 0E000000 		.4byte	.LVL8
 1057 004f 0100     		.2byte	0x1
 1058 0051 50       		.byte	0x50
 1059 0052 14000000 		.4byte	.LVL9
 1060 0056 17000000 		.4byte	.LVL10-1
 1061 005a 0100     		.2byte	0x1
 1062 005c 50       		.byte	0x50
 1063 005d 00000000 		.4byte	0
 1064 0061 00000000 		.4byte	0
 1065              	.LLST4:
 1066 0065 10000000 		.4byte	.LVL14
 1067 0069 1D000000 		.4byte	.LVL15-1
 1068 006d 0100     		.2byte	0x1
 1069 006f 50       		.byte	0x50
 1070 0070 00000000 		.4byte	0
 1071 0074 00000000 		.4byte	0
 1072              		.section	.debug_aranges,"",%progbits
 1073 0000 5C000000 		.4byte	0x5c
 1074 0004 0200     		.2byte	0x2
 1075 0006 00000000 		.4byte	.Ldebug_info0
 1076 000a 04       		.byte	0x4
 1077 000b 00       		.byte	0
 1078 000c 0000     		.2byte	0
 1079 000e 0000     		.2byte	0
 1080 0010 00000000 		.4byte	.LFB0
 1081 0014 02000000 		.4byte	.LFE0-.LFB0
 1082 0018 00000000 		.4byte	.LFB3
 1083 001c 20000000 		.4byte	.LFE3-.LFB3
 1084 0020 00000000 		.4byte	.LFB4
 1085 0024 0E000000 		.4byte	.LFE4-.LFB4
 1086 0028 00000000 		.4byte	.LFB5
 1087 002c 1A000000 		.4byte	.LFE5-.LFB5
 1088 0030 00000000 		.4byte	.LFB6
 1089 0034 10000000 		.4byte	.LFE6-.LFB6
 1090 0038 00000000 		.4byte	.LFB7
 1091 003c 0C000000 		.4byte	.LFE7-.LFB7
 1092 0040 00000000 		.4byte	.LFB1
 1093 0044 24000000 		.4byte	.LFE1-.LFB1
 1094 0048 00000000 		.4byte	.LFB2
 1095 004c 24000000 		.4byte	.LFE2-.LFB2
 1096 0050 00000000 		.4byte	.LFB8
 1097 0054 10000000 		.4byte	.LFE8-.LFB8
 1098 0058 00000000 		.4byte	0
 1099 005c 00000000 		.4byte	0
 1100              		.section	.debug_ranges,"",%progbits
 1101              	.Ldebug_ranges0:
 1102 0000 00000000 		.4byte	.LFB0
 1103 0004 02000000 		.4byte	.LFE0
 1104 0008 00000000 		.4byte	.LFB3
 1105 000c 20000000 		.4byte	.LFE3
 1106 0010 00000000 		.4byte	.LFB4
 1107 0014 0E000000 		.4byte	.LFE4
ARM GAS  C:\Users\pxc\AppData\Local\Temp\ccbVn5yB.s 			page 27


 1108 0018 00000000 		.4byte	.LFB5
 1109 001c 1A000000 		.4byte	.LFE5
 1110 0020 00000000 		.4byte	.LFB6
 1111 0024 10000000 		.4byte	.LFE6
 1112 0028 00000000 		.4byte	.LFB7
 1113 002c 0C000000 		.4byte	.LFE7
 1114 0030 00000000 		.4byte	.LFB1
 1115 0034 24000000 		.4byte	.LFE1
 1116 0038 00000000 		.4byte	.LFB2
 1117 003c 24000000 		.4byte	.LFE2
 1118 0040 00000000 		.4byte	.LFB8
 1119 0044 10000000 		.4byte	.LFE8
 1120 0048 00000000 		.4byte	0
 1121 004c 00000000 		.4byte	0
 1122              		.section	.debug_line,"",%progbits
 1123              	.Ldebug_line0:
 1124 0000 1C010000 		.section	.debug_str,"MS",%progbits,1
 1124      02006800 
 1124      00000201 
 1124      FB0E0D00 
 1124      01010101 
 1125              	.LASF27:
 1126 0000 51756164 		.ascii	"QuadDec_1_Start\000"
 1126      4465635F 
 1126      315F5374 
 1126      61727400 
 1127              	.LASF38:
 1128 0010 443A5C72 		.ascii	"D:\\robot\\git_code\\robot_car\\car.cydsn\000"
 1128      6F626F74 
 1128      5C676974 
 1128      5F636F64 
 1128      655C726F 
 1129              	.LASF33:
 1130 0036 51756164 		.ascii	"QuadDec_1_Cnt16_WriteCounter\000"
 1130      4465635F 
 1130      315F436E 
 1130      7431365F 
 1130      57726974 
 1131              	.LASF24:
 1132 0053 76616C75 		.ascii	"value\000"
 1132      6500
 1133              	.LASF19:
 1134 0059 636F756E 		.ascii	"count\000"
 1134      7400
 1135              	.LASF4:
 1136 005f 73686F72 		.ascii	"short unsigned int\000"
 1136      7420756E 
 1136      7369676E 
 1136      65642069 
 1136      6E7400
 1137              	.LASF35:
 1138 0072 51756164 		.ascii	"QuadDec_1_Cnt16_Start\000"
 1138      4465635F 
 1138      315F436E 
 1138      7431365F 
 1138      53746172 
 1139              	.LASF40:
ARM GAS  C:\Users\pxc\AppData\Local\Temp\ccbVn5yB.s 			page 28


 1140 0088 51756164 		.ascii	"QuadDec_1_GetCounter\000"
 1140      4465635F 
 1140      315F4765 
 1140      74436F75 
 1140      6E746572 
 1141              	.LASF15:
 1142 009d 666C6F61 		.ascii	"float\000"
 1142      7400
 1143              	.LASF8:
 1144 00a3 6C6F6E67 		.ascii	"long long unsigned int\000"
 1144      206C6F6E 
 1144      6720756E 
 1144      7369676E 
 1144      65642069 
 1145              	.LASF22:
 1146 00ba 51756164 		.ascii	"QuadDec_1_SetCounter\000"
 1146      4465635F 
 1146      315F5365 
 1146      74436F75 
 1146      6E746572 
 1147              	.LASF2:
 1148 00cf 756E7369 		.ascii	"unsigned char\000"
 1148      676E6564 
 1148      20636861 
 1148      7200
 1149              	.LASF21:
 1150 00dd 51756164 		.ascii	"QuadDec_1_Stop\000"
 1150      4465635F 
 1150      315F5374 
 1150      6F7000
 1151              	.LASF17:
 1152 00ec 72656738 		.ascii	"reg8\000"
 1152      00
 1153              	.LASF13:
 1154 00f1 696E7431 		.ascii	"int16\000"
 1154      3600
 1155              	.LASF6:
 1156 00f7 6C6F6E67 		.ascii	"long unsigned int\000"
 1156      20756E73 
 1156      69676E65 
 1156      6420696E 
 1156      7400
 1157              	.LASF14:
 1158 0109 696E7433 		.ascii	"int32\000"
 1158      3200
 1159              	.LASF20:
 1160 010f 746D7043 		.ascii	"tmpCnt\000"
 1160      6E7400
 1161              	.LASF18:
 1162 0116 656E6162 		.ascii	"enableInterrupts\000"
 1162      6C65496E 
 1162      74657272 
 1162      75707473 
 1162      00
 1163              	.LASF16:
 1164 0127 646F7562 		.ascii	"double\000"
 1164      6C6500
ARM GAS  C:\Users\pxc\AppData\Local\Temp\ccbVn5yB.s 			page 29


 1165              	.LASF12:
 1166 012e 75696E74 		.ascii	"uint16\000"
 1166      313600
 1167              	.LASF36:
 1168 0135 474E5520 		.ascii	"GNU C 4.9.3 20150303 (release) [ARM/embedded-4_9-br"
 1168      4320342E 
 1168      392E3320 
 1168      32303135 
 1168      30333033 
 1169 0168 616E6368 		.ascii	"anch revision 221220] -mcpu=cortex-m3 -mthumb -g -O"
 1169      20726576 
 1169      6973696F 
 1169      6E203232 
 1169      31323230 
 1170 019b 67202D66 		.ascii	"g -ffunction-sections -ffat-lto-objects\000"
 1170      66756E63 
 1170      74696F6E 
 1170      2D736563 
 1170      74696F6E 
 1171              	.LASF30:
 1172 01c3 4379456E 		.ascii	"CyEnterCriticalSection\000"
 1172      74657243 
 1172      72697469 
 1172      63616C53 
 1172      65637469 
 1173              	.LASF0:
 1174 01da 756E7369 		.ascii	"unsigned int\000"
 1174      676E6564 
 1174      20696E74 
 1174      00
 1175              	.LASF41:
 1176 01e7 51756164 		.ascii	"QuadDec_1_initVar\000"
 1176      4465635F 
 1176      315F696E 
 1176      69745661 
 1176      7200
 1177              	.LASF29:
 1178 01f9 51756164 		.ascii	"QuadDec_1_GetInterruptMask\000"
 1178      4465635F 
 1178      315F4765 
 1178      74496E74 
 1178      65727275 
 1179              	.LASF32:
 1180 0214 43794578 		.ascii	"CyExitCriticalSection\000"
 1180      69744372 
 1180      69746963 
 1180      616C5365 
 1180      6374696F 
 1181              	.LASF37:
 1182 022a 2E5C4765 		.ascii	".\\Generated_Source\\PSoC5\\QuadDec_1.c\000"
 1182      6E657261 
 1182      7465645F 
 1182      536F7572 
 1182      63655C50 
 1183              	.LASF9:
 1184 024f 73697A65 		.ascii	"sizetype\000"
 1184      74797065 
ARM GAS  C:\Users\pxc\AppData\Local\Temp\ccbVn5yB.s 			page 30


 1184      00
 1185              	.LASF7:
 1186 0258 6C6F6E67 		.ascii	"long long int\000"
 1186      206C6F6E 
 1186      6720696E 
 1186      7400
 1187              	.LASF25:
 1188 0266 6D61736B 		.ascii	"mask\000"
 1188      00
 1189              	.LASF26:
 1190 026b 51756164 		.ascii	"QuadDec_1_Enable\000"
 1190      4465635F 
 1190      315F456E 
 1190      61626C65 
 1190      00
 1191              	.LASF3:
 1192 027c 73686F72 		.ascii	"short int\000"
 1192      7420696E 
 1192      7400
 1193              	.LASF34:
 1194 0286 51756164 		.ascii	"QuadDec_1_Cnt16_Stop\000"
 1194      4465635F 
 1194      315F436E 
 1194      7431365F 
 1194      53746F70 
 1195              	.LASF31:
 1196 029b 51756164 		.ascii	"QuadDec_1_Cnt16_ReadCounter\000"
 1196      4465635F 
 1196      315F436E 
 1196      7431365F 
 1196      52656164 
 1197              	.LASF11:
 1198 02b7 75696E74 		.ascii	"uint8\000"
 1198      3800
 1199              	.LASF28:
 1200 02bd 51756164 		.ascii	"QuadDec_1_GetEvents\000"
 1200      4465635F 
 1200      315F4765 
 1200      74457665 
 1200      6E747300 
 1201              	.LASF23:
 1202 02d1 51756164 		.ascii	"QuadDec_1_SetInterruptMask\000"
 1202      4465635F 
 1202      315F5365 
 1202      74496E74 
 1202      65727275 
 1203              	.LASF5:
 1204 02ec 6C6F6E67 		.ascii	"long int\000"
 1204      20696E74 
 1204      00
 1205              	.LASF10:
 1206 02f5 63686172 		.ascii	"char\000"
 1206      00
 1207              	.LASF1:
 1208 02fa 7369676E 		.ascii	"signed char\000"
 1208      65642063 
 1208      68617200 
ARM GAS  C:\Users\pxc\AppData\Local\Temp\ccbVn5yB.s 			page 31


 1209              	.LASF39:
 1210 0306 51756164 		.ascii	"QuadDec_1_Init\000"
 1210      4465635F 
 1210      315F496E 
 1210      697400
 1211              		.ident	"GCC: (GNU Tools for ARM Embedded Processors) 4.9.3 20150303 (release) [ARM/embedded-4_9-br
