ARM GAS  C:\Users\pxc\AppData\Local\Temp\cccLCkIf.s 			page 1


   1              		.syntax unified
   2              		.cpu cortex-m3
   3              		.fpu softvfp
   4              		.eabi_attribute 20, 1
   5              		.eabi_attribute 21, 1
   6              		.eabi_attribute 23, 3
   7              		.eabi_attribute 24, 1
   8              		.eabi_attribute 25, 1
   9              		.eabi_attribute 26, 1
  10              		.eabi_attribute 30, 1
  11              		.eabi_attribute 34, 1
  12              		.eabi_attribute 18, 4
  13              		.thumb
  14              		.file	"SRF_1.c"
  15              		.text
  16              	.Ltext0:
  17              		.cfi_sections	.debug_frame
  18              		.section	.text.SRF_1_Write,"ax",%progbits
  19              		.align	2
  20              		.global	SRF_1_Write
  21              		.thumb
  22              		.thumb_func
  23              		.type	SRF_1_Write, %function
  24              	SRF_1_Write:
  25              	.LFB0:
  26              		.file 1 ".\\Generated_Source\\PSoC5\\SRF_1.c"
   1:.\Generated_Source\PSoC5/SRF_1.c **** /*******************************************************************************
   2:.\Generated_Source\PSoC5/SRF_1.c **** * File Name: SRF_1.c  
   3:.\Generated_Source\PSoC5/SRF_1.c **** * Version 2.10
   4:.\Generated_Source\PSoC5/SRF_1.c **** *
   5:.\Generated_Source\PSoC5/SRF_1.c **** * Description:
   6:.\Generated_Source\PSoC5/SRF_1.c **** *  This file contains API to enable firmware control of a Pins component.
   7:.\Generated_Source\PSoC5/SRF_1.c **** *
   8:.\Generated_Source\PSoC5/SRF_1.c **** * Note:
   9:.\Generated_Source\PSoC5/SRF_1.c **** *
  10:.\Generated_Source\PSoC5/SRF_1.c **** ********************************************************************************
  11:.\Generated_Source\PSoC5/SRF_1.c **** * Copyright 2008-2014, Cypress Semiconductor Corporation.  All rights reserved.
  12:.\Generated_Source\PSoC5/SRF_1.c **** * You may use this file only in accordance with the license, terms, conditions, 
  13:.\Generated_Source\PSoC5/SRF_1.c **** * disclaimers, and limitations in the end user license agreement accompanying 
  14:.\Generated_Source\PSoC5/SRF_1.c **** * the software package with which this file was provided.
  15:.\Generated_Source\PSoC5/SRF_1.c **** *******************************************************************************/
  16:.\Generated_Source\PSoC5/SRF_1.c **** 
  17:.\Generated_Source\PSoC5/SRF_1.c **** #include "cytypes.h"
  18:.\Generated_Source\PSoC5/SRF_1.c **** #include "SRF_1.h"
  19:.\Generated_Source\PSoC5/SRF_1.c **** 
  20:.\Generated_Source\PSoC5/SRF_1.c **** /* APIs are not generated for P15[7:6] on PSoC 5 */
  21:.\Generated_Source\PSoC5/SRF_1.c **** #if !(CY_PSOC5A &&\
  22:.\Generated_Source\PSoC5/SRF_1.c **** 	 SRF_1__PORT == 15 && ((SRF_1__MASK & 0xC0) != 0))
  23:.\Generated_Source\PSoC5/SRF_1.c **** 
  24:.\Generated_Source\PSoC5/SRF_1.c **** 
  25:.\Generated_Source\PSoC5/SRF_1.c **** /*******************************************************************************
  26:.\Generated_Source\PSoC5/SRF_1.c **** * Function Name: SRF_1_Write
  27:.\Generated_Source\PSoC5/SRF_1.c **** ********************************************************************************
  28:.\Generated_Source\PSoC5/SRF_1.c **** *
  29:.\Generated_Source\PSoC5/SRF_1.c **** * Summary:
  30:.\Generated_Source\PSoC5/SRF_1.c **** *  Assign a new value to the digital port's data output register.  
  31:.\Generated_Source\PSoC5/SRF_1.c **** *
ARM GAS  C:\Users\pxc\AppData\Local\Temp\cccLCkIf.s 			page 2


  32:.\Generated_Source\PSoC5/SRF_1.c **** * Parameters:  
  33:.\Generated_Source\PSoC5/SRF_1.c **** *  prtValue:  The value to be assigned to the Digital Port. 
  34:.\Generated_Source\PSoC5/SRF_1.c **** *
  35:.\Generated_Source\PSoC5/SRF_1.c **** * Return: 
  36:.\Generated_Source\PSoC5/SRF_1.c **** *  None
  37:.\Generated_Source\PSoC5/SRF_1.c **** *  
  38:.\Generated_Source\PSoC5/SRF_1.c **** *******************************************************************************/
  39:.\Generated_Source\PSoC5/SRF_1.c **** void SRF_1_Write(uint8 value) 
  40:.\Generated_Source\PSoC5/SRF_1.c **** {
  27              		.loc 1 40 0
  28              		.cfi_startproc
  29              		@ args = 0, pretend = 0, frame = 0
  30              		@ frame_needed = 0, uses_anonymous_args = 0
  31              		@ link register save eliminated.
  32              	.LVL0:
  41:.\Generated_Source\PSoC5/SRF_1.c ****     uint8 staticBits = (SRF_1_DR & (uint8)(~SRF_1_MASK));
  33              		.loc 1 41 0
  34 0000 044A     		ldr	r2, .L2
  35 0002 1378     		ldrb	r3, [r2]	@ zero_extendqisi2
  36 0004 03F0FE03 		and	r3, r3, #254
  37              	.LVL1:
  42:.\Generated_Source\PSoC5/SRF_1.c ****     SRF_1_DR = staticBits | ((uint8)(value << SRF_1_SHIFT) & SRF_1_MASK);
  38              		.loc 1 42 0
  39 0008 00F00100 		and	r0, r0, #1
  40              	.LVL2:
  41 000c 1843     		orrs	r0, r0, r3
  42 000e 1070     		strb	r0, [r2]
  43 0010 7047     		bx	lr
  44              	.L3:
  45 0012 00BF     		.align	2
  46              	.L2:
  47 0014 00510040 		.word	1073762560
  48              		.cfi_endproc
  49              	.LFE0:
  50              		.size	SRF_1_Write, .-SRF_1_Write
  51              		.section	.text.SRF_1_SetDriveMode,"ax",%progbits
  52              		.align	2
  53              		.global	SRF_1_SetDriveMode
  54              		.thumb
  55              		.thumb_func
  56              		.type	SRF_1_SetDriveMode, %function
  57              	SRF_1_SetDriveMode:
  58              	.LFB1:
  43:.\Generated_Source\PSoC5/SRF_1.c **** }
  44:.\Generated_Source\PSoC5/SRF_1.c **** 
  45:.\Generated_Source\PSoC5/SRF_1.c **** 
  46:.\Generated_Source\PSoC5/SRF_1.c **** /*******************************************************************************
  47:.\Generated_Source\PSoC5/SRF_1.c **** * Function Name: SRF_1_SetDriveMode
  48:.\Generated_Source\PSoC5/SRF_1.c **** ********************************************************************************
  49:.\Generated_Source\PSoC5/SRF_1.c **** *
  50:.\Generated_Source\PSoC5/SRF_1.c **** * Summary:
  51:.\Generated_Source\PSoC5/SRF_1.c **** *  Change the drive mode on the pins of the port.
  52:.\Generated_Source\PSoC5/SRF_1.c **** * 
  53:.\Generated_Source\PSoC5/SRF_1.c **** * Parameters:  
  54:.\Generated_Source\PSoC5/SRF_1.c **** *  mode:  Change the pins to one of the following drive modes.
  55:.\Generated_Source\PSoC5/SRF_1.c **** *
  56:.\Generated_Source\PSoC5/SRF_1.c **** *  SRF_1_DM_STRONG     Strong Drive 
ARM GAS  C:\Users\pxc\AppData\Local\Temp\cccLCkIf.s 			page 3


  57:.\Generated_Source\PSoC5/SRF_1.c **** *  SRF_1_DM_OD_HI      Open Drain, Drives High 
  58:.\Generated_Source\PSoC5/SRF_1.c **** *  SRF_1_DM_OD_LO      Open Drain, Drives Low 
  59:.\Generated_Source\PSoC5/SRF_1.c **** *  SRF_1_DM_RES_UP     Resistive Pull Up 
  60:.\Generated_Source\PSoC5/SRF_1.c **** *  SRF_1_DM_RES_DWN    Resistive Pull Down 
  61:.\Generated_Source\PSoC5/SRF_1.c **** *  SRF_1_DM_RES_UPDWN  Resistive Pull Up/Down 
  62:.\Generated_Source\PSoC5/SRF_1.c **** *  SRF_1_DM_DIG_HIZ    High Impedance Digital 
  63:.\Generated_Source\PSoC5/SRF_1.c **** *  SRF_1_DM_ALG_HIZ    High Impedance Analog 
  64:.\Generated_Source\PSoC5/SRF_1.c **** *
  65:.\Generated_Source\PSoC5/SRF_1.c **** * Return: 
  66:.\Generated_Source\PSoC5/SRF_1.c **** *  None
  67:.\Generated_Source\PSoC5/SRF_1.c **** *
  68:.\Generated_Source\PSoC5/SRF_1.c **** *******************************************************************************/
  69:.\Generated_Source\PSoC5/SRF_1.c **** void SRF_1_SetDriveMode(uint8 mode) 
  70:.\Generated_Source\PSoC5/SRF_1.c **** {
  59              		.loc 1 70 0
  60              		.cfi_startproc
  61              		@ args = 0, pretend = 0, frame = 0
  62              		@ frame_needed = 0, uses_anonymous_args = 0
  63              		@ link register save eliminated.
  64              	.LVL3:
  71:.\Generated_Source\PSoC5/SRF_1.c **** 	CyPins_SetPinDriveMode(SRF_1_0, mode);
  65              		.loc 1 71 0
  66 0000 044A     		ldr	r2, .L5
  67 0002 1378     		ldrb	r3, [r2]	@ zero_extendqisi2
  68 0004 03F0F103 		and	r3, r3, #241
  69 0008 00F00E00 		and	r0, r0, #14
  70              	.LVL4:
  71 000c 1843     		orrs	r0, r0, r3
  72 000e 1070     		strb	r0, [r2]
  73 0010 7047     		bx	lr
  74              	.L6:
  75 0012 00BF     		.align	2
  76              	.L5:
  77 0014 00500040 		.word	1073762304
  78              		.cfi_endproc
  79              	.LFE1:
  80              		.size	SRF_1_SetDriveMode, .-SRF_1_SetDriveMode
  81              		.section	.text.SRF_1_Read,"ax",%progbits
  82              		.align	2
  83              		.global	SRF_1_Read
  84              		.thumb
  85              		.thumb_func
  86              		.type	SRF_1_Read, %function
  87              	SRF_1_Read:
  88              	.LFB2:
  72:.\Generated_Source\PSoC5/SRF_1.c **** }
  73:.\Generated_Source\PSoC5/SRF_1.c **** 
  74:.\Generated_Source\PSoC5/SRF_1.c **** 
  75:.\Generated_Source\PSoC5/SRF_1.c **** /*******************************************************************************
  76:.\Generated_Source\PSoC5/SRF_1.c **** * Function Name: SRF_1_Read
  77:.\Generated_Source\PSoC5/SRF_1.c **** ********************************************************************************
  78:.\Generated_Source\PSoC5/SRF_1.c **** *
  79:.\Generated_Source\PSoC5/SRF_1.c **** * Summary:
  80:.\Generated_Source\PSoC5/SRF_1.c **** *  Read the current value on the pins of the Digital Port in right justified 
  81:.\Generated_Source\PSoC5/SRF_1.c **** *  form.
  82:.\Generated_Source\PSoC5/SRF_1.c **** *
  83:.\Generated_Source\PSoC5/SRF_1.c **** * Parameters:  
ARM GAS  C:\Users\pxc\AppData\Local\Temp\cccLCkIf.s 			page 4


  84:.\Generated_Source\PSoC5/SRF_1.c **** *  None
  85:.\Generated_Source\PSoC5/SRF_1.c **** *
  86:.\Generated_Source\PSoC5/SRF_1.c **** * Return: 
  87:.\Generated_Source\PSoC5/SRF_1.c **** *  Returns the current value of the Digital Port as a right justified number
  88:.\Generated_Source\PSoC5/SRF_1.c **** *  
  89:.\Generated_Source\PSoC5/SRF_1.c **** * Note:
  90:.\Generated_Source\PSoC5/SRF_1.c **** *  Macro SRF_1_ReadPS calls this function. 
  91:.\Generated_Source\PSoC5/SRF_1.c **** *  
  92:.\Generated_Source\PSoC5/SRF_1.c **** *******************************************************************************/
  93:.\Generated_Source\PSoC5/SRF_1.c **** uint8 SRF_1_Read(void) 
  94:.\Generated_Source\PSoC5/SRF_1.c **** {
  89              		.loc 1 94 0
  90              		.cfi_startproc
  91              		@ args = 0, pretend = 0, frame = 0
  92              		@ frame_needed = 0, uses_anonymous_args = 0
  93              		@ link register save eliminated.
  95:.\Generated_Source\PSoC5/SRF_1.c ****     return (SRF_1_PS & SRF_1_MASK) >> SRF_1_SHIFT;
  94              		.loc 1 95 0
  95 0000 024B     		ldr	r3, .L8
  96 0002 1878     		ldrb	r0, [r3]	@ zero_extendqisi2
  96:.\Generated_Source\PSoC5/SRF_1.c **** }
  97              		.loc 1 96 0
  98 0004 00F00100 		and	r0, r0, #1
  99 0008 7047     		bx	lr
 100              	.L9:
 101 000a 00BF     		.align	2
 102              	.L8:
 103 000c 01510040 		.word	1073762561
 104              		.cfi_endproc
 105              	.LFE2:
 106              		.size	SRF_1_Read, .-SRF_1_Read
 107              		.section	.text.SRF_1_ReadDataReg,"ax",%progbits
 108              		.align	2
 109              		.global	SRF_1_ReadDataReg
 110              		.thumb
 111              		.thumb_func
 112              		.type	SRF_1_ReadDataReg, %function
 113              	SRF_1_ReadDataReg:
 114              	.LFB3:
  97:.\Generated_Source\PSoC5/SRF_1.c **** 
  98:.\Generated_Source\PSoC5/SRF_1.c **** 
  99:.\Generated_Source\PSoC5/SRF_1.c **** /*******************************************************************************
 100:.\Generated_Source\PSoC5/SRF_1.c **** * Function Name: SRF_1_ReadDataReg
 101:.\Generated_Source\PSoC5/SRF_1.c **** ********************************************************************************
 102:.\Generated_Source\PSoC5/SRF_1.c **** *
 103:.\Generated_Source\PSoC5/SRF_1.c **** * Summary:
 104:.\Generated_Source\PSoC5/SRF_1.c **** *  Read the current value assigned to a Digital Port's data output register
 105:.\Generated_Source\PSoC5/SRF_1.c **** *
 106:.\Generated_Source\PSoC5/SRF_1.c **** * Parameters:  
 107:.\Generated_Source\PSoC5/SRF_1.c **** *  None 
 108:.\Generated_Source\PSoC5/SRF_1.c **** *
 109:.\Generated_Source\PSoC5/SRF_1.c **** * Return: 
 110:.\Generated_Source\PSoC5/SRF_1.c **** *  Returns the current value assigned to the Digital Port's data output register
 111:.\Generated_Source\PSoC5/SRF_1.c **** *  
 112:.\Generated_Source\PSoC5/SRF_1.c **** *******************************************************************************/
 113:.\Generated_Source\PSoC5/SRF_1.c **** uint8 SRF_1_ReadDataReg(void) 
 114:.\Generated_Source\PSoC5/SRF_1.c **** {
ARM GAS  C:\Users\pxc\AppData\Local\Temp\cccLCkIf.s 			page 5


 115              		.loc 1 114 0
 116              		.cfi_startproc
 117              		@ args = 0, pretend = 0, frame = 0
 118              		@ frame_needed = 0, uses_anonymous_args = 0
 119              		@ link register save eliminated.
 115:.\Generated_Source\PSoC5/SRF_1.c ****     return (SRF_1_DR & SRF_1_MASK) >> SRF_1_SHIFT;
 120              		.loc 1 115 0
 121 0000 024B     		ldr	r3, .L11
 122 0002 1878     		ldrb	r0, [r3]	@ zero_extendqisi2
 116:.\Generated_Source\PSoC5/SRF_1.c **** }
 123              		.loc 1 116 0
 124 0004 00F00100 		and	r0, r0, #1
 125 0008 7047     		bx	lr
 126              	.L12:
 127 000a 00BF     		.align	2
 128              	.L11:
 129 000c 00510040 		.word	1073762560
 130              		.cfi_endproc
 131              	.LFE3:
 132              		.size	SRF_1_ReadDataReg, .-SRF_1_ReadDataReg
 133              		.section	.text.SRF_1_ClearInterrupt,"ax",%progbits
 134              		.align	2
 135              		.global	SRF_1_ClearInterrupt
 136              		.thumb
 137              		.thumb_func
 138              		.type	SRF_1_ClearInterrupt, %function
 139              	SRF_1_ClearInterrupt:
 140              	.LFB4:
 117:.\Generated_Source\PSoC5/SRF_1.c **** 
 118:.\Generated_Source\PSoC5/SRF_1.c **** 
 119:.\Generated_Source\PSoC5/SRF_1.c **** /* If Interrupts Are Enabled for this Pins component */ 
 120:.\Generated_Source\PSoC5/SRF_1.c **** #if defined(SRF_1_INTSTAT) 
 121:.\Generated_Source\PSoC5/SRF_1.c **** 
 122:.\Generated_Source\PSoC5/SRF_1.c ****     /*******************************************************************************
 123:.\Generated_Source\PSoC5/SRF_1.c ****     * Function Name: SRF_1_ClearInterrupt
 124:.\Generated_Source\PSoC5/SRF_1.c ****     ********************************************************************************
 125:.\Generated_Source\PSoC5/SRF_1.c ****     * Summary:
 126:.\Generated_Source\PSoC5/SRF_1.c ****     *  Clears any active interrupts attached to port and returns the value of the 
 127:.\Generated_Source\PSoC5/SRF_1.c ****     *  interrupt status register.
 128:.\Generated_Source\PSoC5/SRF_1.c ****     *
 129:.\Generated_Source\PSoC5/SRF_1.c ****     * Parameters:  
 130:.\Generated_Source\PSoC5/SRF_1.c ****     *  None 
 131:.\Generated_Source\PSoC5/SRF_1.c ****     *
 132:.\Generated_Source\PSoC5/SRF_1.c ****     * Return: 
 133:.\Generated_Source\PSoC5/SRF_1.c ****     *  Returns the value of the interrupt status register
 134:.\Generated_Source\PSoC5/SRF_1.c ****     *  
 135:.\Generated_Source\PSoC5/SRF_1.c ****     *******************************************************************************/
 136:.\Generated_Source\PSoC5/SRF_1.c ****     uint8 SRF_1_ClearInterrupt(void) 
 137:.\Generated_Source\PSoC5/SRF_1.c ****     {
 141              		.loc 1 137 0
 142              		.cfi_startproc
 143              		@ args = 0, pretend = 0, frame = 0
 144              		@ frame_needed = 0, uses_anonymous_args = 0
 145              		@ link register save eliminated.
 138:.\Generated_Source\PSoC5/SRF_1.c ****         return (SRF_1_INTSTAT & SRF_1_MASK) >> SRF_1_SHIFT;
 146              		.loc 1 138 0
 147 0000 024B     		ldr	r3, .L14
ARM GAS  C:\Users\pxc\AppData\Local\Temp\cccLCkIf.s 			page 6


 148 0002 1878     		ldrb	r0, [r3]	@ zero_extendqisi2
 139:.\Generated_Source\PSoC5/SRF_1.c ****     }
 149              		.loc 1 139 0
 150 0004 00F00100 		and	r0, r0, #1
 151 0008 7047     		bx	lr
 152              	.L15:
 153 000a 00BF     		.align	2
 154              	.L14:
 155 000c 80450040 		.word	1073759616
 156              		.cfi_endproc
 157              	.LFE4:
 158              		.size	SRF_1_ClearInterrupt, .-SRF_1_ClearInterrupt
 159              		.text
 160              	.Letext0:
 161              		.file 2 ".\\Generated_Source\\PSoC5\\cytypes.h"
 162              		.section	.debug_info,"",%progbits
 163              	.Ldebug_info0:
 164 0000 2F010000 		.4byte	0x12f
 165 0004 0400     		.2byte	0x4
 166 0006 00000000 		.4byte	.Ldebug_abbrev0
 167 000a 04       		.byte	0x4
 168 000b 01       		.uleb128 0x1
 169 000c B1000000 		.4byte	.LASF21
 170 0010 01       		.byte	0x1
 171 0011 13000000 		.4byte	.LASF22
 172 0015 4C010000 		.4byte	.LASF23
 173 0019 00000000 		.4byte	.Ldebug_ranges0+0
 174 001d 00000000 		.4byte	0
 175 0021 00000000 		.4byte	.Ldebug_line0
 176 0025 02       		.uleb128 0x2
 177 0026 01       		.byte	0x1
 178 0027 06       		.byte	0x6
 179 0028 D5010000 		.4byte	.LASF0
 180 002c 02       		.uleb128 0x2
 181 002d 01       		.byte	0x1
 182 002e 08       		.byte	0x8
 183 002f 60000000 		.4byte	.LASF1
 184 0033 02       		.uleb128 0x2
 185 0034 02       		.byte	0x2
 186 0035 05       		.byte	0x5
 187 0036 BC010000 		.4byte	.LASF2
 188 003a 02       		.uleb128 0x2
 189 003b 02       		.byte	0x2
 190 003c 07       		.byte	0x7
 191 003d 97000000 		.4byte	.LASF3
 192 0041 02       		.uleb128 0x2
 193 0042 04       		.byte	0x4
 194 0043 05       		.byte	0x5
 195 0044 CC010000 		.4byte	.LASF4
 196 0048 02       		.uleb128 0x2
 197 0049 04       		.byte	0x4
 198 004a 07       		.byte	0x7
 199 004b 85000000 		.4byte	.LASF5
 200 004f 02       		.uleb128 0x2
 201 0050 08       		.byte	0x8
 202 0051 05       		.byte	0x5
 203 0052 9D010000 		.4byte	.LASF6
ARM GAS  C:\Users\pxc\AppData\Local\Temp\cccLCkIf.s 			page 7


 204 0056 02       		.uleb128 0x2
 205 0057 08       		.byte	0x8
 206 0058 07       		.byte	0x7
 207 0059 81010000 		.4byte	.LASF7
 208 005d 03       		.uleb128 0x3
 209 005e 04       		.byte	0x4
 210 005f 05       		.byte	0x5
 211 0060 696E7400 		.ascii	"int\000"
 212 0064 02       		.uleb128 0x2
 213 0065 04       		.byte	0x4
 214 0066 07       		.byte	0x7
 215 0067 3F010000 		.4byte	.LASF8
 216 006b 04       		.uleb128 0x4
 217 006c C6010000 		.4byte	.LASF12
 218 0070 02       		.byte	0x2
 219 0071 C2       		.byte	0xc2
 220 0072 2C000000 		.4byte	0x2c
 221 0076 02       		.uleb128 0x2
 222 0077 04       		.byte	0x4
 223 0078 04       		.byte	0x4
 224 0079 5A000000 		.4byte	.LASF9
 225 007d 02       		.uleb128 0x2
 226 007e 08       		.byte	0x8
 227 007f 04       		.byte	0x4
 228 0080 AA000000 		.4byte	.LASF10
 229 0084 02       		.uleb128 0x2
 230 0085 01       		.byte	0x1
 231 0086 08       		.byte	0x8
 232 0087 AB010000 		.4byte	.LASF11
 233 008b 05       		.uleb128 0x5
 234 008c 80000000 		.4byte	.LASF13
 235 0090 02       		.byte	0x2
 236 0091 6C01     		.2byte	0x16c
 237 0093 97000000 		.4byte	0x97
 238 0097 06       		.uleb128 0x6
 239 0098 6B000000 		.4byte	0x6b
 240 009c 07       		.uleb128 0x7
 241 009d B0010000 		.4byte	.LASF14
 242 00a1 01       		.byte	0x1
 243 00a2 27       		.byte	0x27
 244 00a3 00000000 		.4byte	.LFB0
 245 00a7 18000000 		.4byte	.LFE0-.LFB0
 246 00ab 01       		.uleb128 0x1
 247 00ac 9C       		.byte	0x9c
 248 00ad CE000000 		.4byte	0xce
 249 00b1 08       		.uleb128 0x8
 250 00b2 34000000 		.4byte	.LASF16
 251 00b6 01       		.byte	0x1
 252 00b7 27       		.byte	0x27
 253 00b8 6B000000 		.4byte	0x6b
 254 00bc 00000000 		.4byte	.LLST0
 255 00c0 09       		.uleb128 0x9
 256 00c1 3A000000 		.4byte	.LASF24
 257 00c5 01       		.byte	0x1
 258 00c6 29       		.byte	0x29
 259 00c7 6B000000 		.4byte	0x6b
 260 00cb 01       		.uleb128 0x1
ARM GAS  C:\Users\pxc\AppData\Local\Temp\cccLCkIf.s 			page 8


 261 00cc 53       		.byte	0x53
 262 00cd 00       		.byte	0
 263 00ce 07       		.uleb128 0x7
 264 00cf 00000000 		.4byte	.LASF15
 265 00d3 01       		.byte	0x1
 266 00d4 45       		.byte	0x45
 267 00d5 00000000 		.4byte	.LFB1
 268 00d9 18000000 		.4byte	.LFE1-.LFB1
 269 00dd 01       		.uleb128 0x1
 270 00de 9C       		.byte	0x9c
 271 00df F3000000 		.4byte	0xf3
 272 00e3 08       		.uleb128 0x8
 273 00e4 98010000 		.4byte	.LASF17
 274 00e8 01       		.byte	0x1
 275 00e9 45       		.byte	0x45
 276 00ea 6B000000 		.4byte	0x6b
 277 00ee 21000000 		.4byte	.LLST1
 278 00f2 00       		.byte	0
 279 00f3 0A       		.uleb128 0xa
 280 00f4 E1010000 		.4byte	.LASF18
 281 00f8 01       		.byte	0x1
 282 00f9 5D       		.byte	0x5d
 283 00fa 6B000000 		.4byte	0x6b
 284 00fe 00000000 		.4byte	.LFB2
 285 0102 10000000 		.4byte	.LFE2-.LFB2
 286 0106 01       		.uleb128 0x1
 287 0107 9C       		.byte	0x9c
 288 0108 0A       		.uleb128 0xa
 289 0109 6E000000 		.4byte	.LASF19
 290 010d 01       		.byte	0x1
 291 010e 71       		.byte	0x71
 292 010f 6B000000 		.4byte	0x6b
 293 0113 00000000 		.4byte	.LFB3
 294 0117 10000000 		.4byte	.LFE3-.LFB3
 295 011b 01       		.uleb128 0x1
 296 011c 9C       		.byte	0x9c
 297 011d 0A       		.uleb128 0xa
 298 011e 45000000 		.4byte	.LASF20
 299 0122 01       		.byte	0x1
 300 0123 88       		.byte	0x88
 301 0124 6B000000 		.4byte	0x6b
 302 0128 00000000 		.4byte	.LFB4
 303 012c 10000000 		.4byte	.LFE4-.LFB4
 304 0130 01       		.uleb128 0x1
 305 0131 9C       		.byte	0x9c
 306 0132 00       		.byte	0
 307              		.section	.debug_abbrev,"",%progbits
 308              	.Ldebug_abbrev0:
 309 0000 01       		.uleb128 0x1
 310 0001 11       		.uleb128 0x11
 311 0002 01       		.byte	0x1
 312 0003 25       		.uleb128 0x25
 313 0004 0E       		.uleb128 0xe
 314 0005 13       		.uleb128 0x13
 315 0006 0B       		.uleb128 0xb
 316 0007 03       		.uleb128 0x3
 317 0008 0E       		.uleb128 0xe
ARM GAS  C:\Users\pxc\AppData\Local\Temp\cccLCkIf.s 			page 9


 318 0009 1B       		.uleb128 0x1b
 319 000a 0E       		.uleb128 0xe
 320 000b 55       		.uleb128 0x55
 321 000c 17       		.uleb128 0x17
 322 000d 11       		.uleb128 0x11
 323 000e 01       		.uleb128 0x1
 324 000f 10       		.uleb128 0x10
 325 0010 17       		.uleb128 0x17
 326 0011 00       		.byte	0
 327 0012 00       		.byte	0
 328 0013 02       		.uleb128 0x2
 329 0014 24       		.uleb128 0x24
 330 0015 00       		.byte	0
 331 0016 0B       		.uleb128 0xb
 332 0017 0B       		.uleb128 0xb
 333 0018 3E       		.uleb128 0x3e
 334 0019 0B       		.uleb128 0xb
 335 001a 03       		.uleb128 0x3
 336 001b 0E       		.uleb128 0xe
 337 001c 00       		.byte	0
 338 001d 00       		.byte	0
 339 001e 03       		.uleb128 0x3
 340 001f 24       		.uleb128 0x24
 341 0020 00       		.byte	0
 342 0021 0B       		.uleb128 0xb
 343 0022 0B       		.uleb128 0xb
 344 0023 3E       		.uleb128 0x3e
 345 0024 0B       		.uleb128 0xb
 346 0025 03       		.uleb128 0x3
 347 0026 08       		.uleb128 0x8
 348 0027 00       		.byte	0
 349 0028 00       		.byte	0
 350 0029 04       		.uleb128 0x4
 351 002a 16       		.uleb128 0x16
 352 002b 00       		.byte	0
 353 002c 03       		.uleb128 0x3
 354 002d 0E       		.uleb128 0xe
 355 002e 3A       		.uleb128 0x3a
 356 002f 0B       		.uleb128 0xb
 357 0030 3B       		.uleb128 0x3b
 358 0031 0B       		.uleb128 0xb
 359 0032 49       		.uleb128 0x49
 360 0033 13       		.uleb128 0x13
 361 0034 00       		.byte	0
 362 0035 00       		.byte	0
 363 0036 05       		.uleb128 0x5
 364 0037 16       		.uleb128 0x16
 365 0038 00       		.byte	0
 366 0039 03       		.uleb128 0x3
 367 003a 0E       		.uleb128 0xe
 368 003b 3A       		.uleb128 0x3a
 369 003c 0B       		.uleb128 0xb
 370 003d 3B       		.uleb128 0x3b
 371 003e 05       		.uleb128 0x5
 372 003f 49       		.uleb128 0x49
 373 0040 13       		.uleb128 0x13
 374 0041 00       		.byte	0
ARM GAS  C:\Users\pxc\AppData\Local\Temp\cccLCkIf.s 			page 10


 375 0042 00       		.byte	0
 376 0043 06       		.uleb128 0x6
 377 0044 35       		.uleb128 0x35
 378 0045 00       		.byte	0
 379 0046 49       		.uleb128 0x49
 380 0047 13       		.uleb128 0x13
 381 0048 00       		.byte	0
 382 0049 00       		.byte	0
 383 004a 07       		.uleb128 0x7
 384 004b 2E       		.uleb128 0x2e
 385 004c 01       		.byte	0x1
 386 004d 3F       		.uleb128 0x3f
 387 004e 19       		.uleb128 0x19
 388 004f 03       		.uleb128 0x3
 389 0050 0E       		.uleb128 0xe
 390 0051 3A       		.uleb128 0x3a
 391 0052 0B       		.uleb128 0xb
 392 0053 3B       		.uleb128 0x3b
 393 0054 0B       		.uleb128 0xb
 394 0055 27       		.uleb128 0x27
 395 0056 19       		.uleb128 0x19
 396 0057 11       		.uleb128 0x11
 397 0058 01       		.uleb128 0x1
 398 0059 12       		.uleb128 0x12
 399 005a 06       		.uleb128 0x6
 400 005b 40       		.uleb128 0x40
 401 005c 18       		.uleb128 0x18
 402 005d 9742     		.uleb128 0x2117
 403 005f 19       		.uleb128 0x19
 404 0060 01       		.uleb128 0x1
 405 0061 13       		.uleb128 0x13
 406 0062 00       		.byte	0
 407 0063 00       		.byte	0
 408 0064 08       		.uleb128 0x8
 409 0065 05       		.uleb128 0x5
 410 0066 00       		.byte	0
 411 0067 03       		.uleb128 0x3
 412 0068 0E       		.uleb128 0xe
 413 0069 3A       		.uleb128 0x3a
 414 006a 0B       		.uleb128 0xb
 415 006b 3B       		.uleb128 0x3b
 416 006c 0B       		.uleb128 0xb
 417 006d 49       		.uleb128 0x49
 418 006e 13       		.uleb128 0x13
 419 006f 02       		.uleb128 0x2
 420 0070 17       		.uleb128 0x17
 421 0071 00       		.byte	0
 422 0072 00       		.byte	0
 423 0073 09       		.uleb128 0x9
 424 0074 34       		.uleb128 0x34
 425 0075 00       		.byte	0
 426 0076 03       		.uleb128 0x3
 427 0077 0E       		.uleb128 0xe
 428 0078 3A       		.uleb128 0x3a
 429 0079 0B       		.uleb128 0xb
 430 007a 3B       		.uleb128 0x3b
 431 007b 0B       		.uleb128 0xb
ARM GAS  C:\Users\pxc\AppData\Local\Temp\cccLCkIf.s 			page 11


 432 007c 49       		.uleb128 0x49
 433 007d 13       		.uleb128 0x13
 434 007e 02       		.uleb128 0x2
 435 007f 18       		.uleb128 0x18
 436 0080 00       		.byte	0
 437 0081 00       		.byte	0
 438 0082 0A       		.uleb128 0xa
 439 0083 2E       		.uleb128 0x2e
 440 0084 00       		.byte	0
 441 0085 3F       		.uleb128 0x3f
 442 0086 19       		.uleb128 0x19
 443 0087 03       		.uleb128 0x3
 444 0088 0E       		.uleb128 0xe
 445 0089 3A       		.uleb128 0x3a
 446 008a 0B       		.uleb128 0xb
 447 008b 3B       		.uleb128 0x3b
 448 008c 0B       		.uleb128 0xb
 449 008d 27       		.uleb128 0x27
 450 008e 19       		.uleb128 0x19
 451 008f 49       		.uleb128 0x49
 452 0090 13       		.uleb128 0x13
 453 0091 11       		.uleb128 0x11
 454 0092 01       		.uleb128 0x1
 455 0093 12       		.uleb128 0x12
 456 0094 06       		.uleb128 0x6
 457 0095 40       		.uleb128 0x40
 458 0096 18       		.uleb128 0x18
 459 0097 9742     		.uleb128 0x2117
 460 0099 19       		.uleb128 0x19
 461 009a 00       		.byte	0
 462 009b 00       		.byte	0
 463 009c 00       		.byte	0
 464              		.section	.debug_loc,"",%progbits
 465              	.Ldebug_loc0:
 466              	.LLST0:
 467 0000 00000000 		.4byte	.LVL0
 468 0004 0C000000 		.4byte	.LVL2
 469 0008 0100     		.2byte	0x1
 470 000a 50       		.byte	0x50
 471 000b 0C000000 		.4byte	.LVL2
 472 000f 18000000 		.4byte	.LFE0
 473 0013 0400     		.2byte	0x4
 474 0015 F3       		.byte	0xf3
 475 0016 01       		.uleb128 0x1
 476 0017 50       		.byte	0x50
 477 0018 9F       		.byte	0x9f
 478 0019 00000000 		.4byte	0
 479 001d 00000000 		.4byte	0
 480              	.LLST1:
 481 0021 00000000 		.4byte	.LVL3
 482 0025 0C000000 		.4byte	.LVL4
 483 0029 0100     		.2byte	0x1
 484 002b 50       		.byte	0x50
 485 002c 0C000000 		.4byte	.LVL4
 486 0030 18000000 		.4byte	.LFE1
 487 0034 0400     		.2byte	0x4
 488 0036 F3       		.byte	0xf3
ARM GAS  C:\Users\pxc\AppData\Local\Temp\cccLCkIf.s 			page 12


 489 0037 01       		.uleb128 0x1
 490 0038 50       		.byte	0x50
 491 0039 9F       		.byte	0x9f
 492 003a 00000000 		.4byte	0
 493 003e 00000000 		.4byte	0
 494              		.section	.debug_aranges,"",%progbits
 495 0000 3C000000 		.4byte	0x3c
 496 0004 0200     		.2byte	0x2
 497 0006 00000000 		.4byte	.Ldebug_info0
 498 000a 04       		.byte	0x4
 499 000b 00       		.byte	0
 500 000c 0000     		.2byte	0
 501 000e 0000     		.2byte	0
 502 0010 00000000 		.4byte	.LFB0
 503 0014 18000000 		.4byte	.LFE0-.LFB0
 504 0018 00000000 		.4byte	.LFB1
 505 001c 18000000 		.4byte	.LFE1-.LFB1
 506 0020 00000000 		.4byte	.LFB2
 507 0024 10000000 		.4byte	.LFE2-.LFB2
 508 0028 00000000 		.4byte	.LFB3
 509 002c 10000000 		.4byte	.LFE3-.LFB3
 510 0030 00000000 		.4byte	.LFB4
 511 0034 10000000 		.4byte	.LFE4-.LFB4
 512 0038 00000000 		.4byte	0
 513 003c 00000000 		.4byte	0
 514              		.section	.debug_ranges,"",%progbits
 515              	.Ldebug_ranges0:
 516 0000 00000000 		.4byte	.LFB0
 517 0004 18000000 		.4byte	.LFE0
 518 0008 00000000 		.4byte	.LFB1
 519 000c 18000000 		.4byte	.LFE1
 520 0010 00000000 		.4byte	.LFB2
 521 0014 10000000 		.4byte	.LFE2
 522 0018 00000000 		.4byte	.LFB3
 523 001c 10000000 		.4byte	.LFE3
 524 0020 00000000 		.4byte	.LFB4
 525 0024 10000000 		.4byte	.LFE4
 526 0028 00000000 		.4byte	0
 527 002c 00000000 		.4byte	0
 528              		.section	.debug_line,"",%progbits
 529              	.Ldebug_line0:
 530 0000 A2000000 		.section	.debug_str,"MS",%progbits,1
 530      02004400 
 530      00000201 
 530      FB0E0D00 
 530      01010101 
 531              	.LASF15:
 532 0000 5352465F 		.ascii	"SRF_1_SetDriveMode\000"
 532      315F5365 
 532      74447269 
 532      76654D6F 
 532      646500
 533              	.LASF22:
 534 0013 2E5C4765 		.ascii	".\\Generated_Source\\PSoC5\\SRF_1.c\000"
 534      6E657261 
 534      7465645F 
 534      536F7572 
ARM GAS  C:\Users\pxc\AppData\Local\Temp\cccLCkIf.s 			page 13


 534      63655C50 
 535              	.LASF16:
 536 0034 76616C75 		.ascii	"value\000"
 536      6500
 537              	.LASF24:
 538 003a 73746174 		.ascii	"staticBits\000"
 538      69634269 
 538      747300
 539              	.LASF20:
 540 0045 5352465F 		.ascii	"SRF_1_ClearInterrupt\000"
 540      315F436C 
 540      65617249 
 540      6E746572 
 540      72757074 
 541              	.LASF9:
 542 005a 666C6F61 		.ascii	"float\000"
 542      7400
 543              	.LASF1:
 544 0060 756E7369 		.ascii	"unsigned char\000"
 544      676E6564 
 544      20636861 
 544      7200
 545              	.LASF19:
 546 006e 5352465F 		.ascii	"SRF_1_ReadDataReg\000"
 546      315F5265 
 546      61644461 
 546      74615265 
 546      6700
 547              	.LASF13:
 548 0080 72656738 		.ascii	"reg8\000"
 548      00
 549              	.LASF5:
 550 0085 6C6F6E67 		.ascii	"long unsigned int\000"
 550      20756E73 
 550      69676E65 
 550      6420696E 
 550      7400
 551              	.LASF3:
 552 0097 73686F72 		.ascii	"short unsigned int\000"
 552      7420756E 
 552      7369676E 
 552      65642069 
 552      6E7400
 553              	.LASF10:
 554 00aa 646F7562 		.ascii	"double\000"
 554      6C6500
 555              	.LASF21:
 556 00b1 474E5520 		.ascii	"GNU C 4.9.3 20150303 (release) [ARM/embedded-4_9-br"
 556      4320342E 
 556      392E3320 
 556      32303135 
 556      30333033 
 557 00e4 616E6368 		.ascii	"anch revision 221220] -mcpu=cortex-m3 -mthumb -g -O"
 557      20726576 
 557      6973696F 
 557      6E203232 
 557      31323230 
ARM GAS  C:\Users\pxc\AppData\Local\Temp\cccLCkIf.s 			page 14


 558 0117 67202D66 		.ascii	"g -ffunction-sections -ffat-lto-objects\000"
 558      66756E63 
 558      74696F6E 
 558      2D736563 
 558      74696F6E 
 559              	.LASF8:
 560 013f 756E7369 		.ascii	"unsigned int\000"
 560      676E6564 
 560      20696E74 
 560      00
 561              	.LASF23:
 562 014c 433A5C55 		.ascii	"C:\\Users\\pxc\\Desktop\\linshiceshi\\robot-car\\ca"
 562      73657273 
 562      5C707863 
 562      5C446573 
 562      6B746F70 
 563 0179 722E6379 		.ascii	"r.cydsn\000"
 563      64736E00 
 564              	.LASF7:
 565 0181 6C6F6E67 		.ascii	"long long unsigned int\000"
 565      206C6F6E 
 565      6720756E 
 565      7369676E 
 565      65642069 
 566              	.LASF17:
 567 0198 6D6F6465 		.ascii	"mode\000"
 567      00
 568              	.LASF6:
 569 019d 6C6F6E67 		.ascii	"long long int\000"
 569      206C6F6E 
 569      6720696E 
 569      7400
 570              	.LASF11:
 571 01ab 63686172 		.ascii	"char\000"
 571      00
 572              	.LASF14:
 573 01b0 5352465F 		.ascii	"SRF_1_Write\000"
 573      315F5772 
 573      69746500 
 574              	.LASF2:
 575 01bc 73686F72 		.ascii	"short int\000"
 575      7420696E 
 575      7400
 576              	.LASF12:
 577 01c6 75696E74 		.ascii	"uint8\000"
 577      3800
 578              	.LASF4:
 579 01cc 6C6F6E67 		.ascii	"long int\000"
 579      20696E74 
 579      00
 580              	.LASF0:
 581 01d5 7369676E 		.ascii	"signed char\000"
 581      65642063 
 581      68617200 
 582              	.LASF18:
 583 01e1 5352465F 		.ascii	"SRF_1_Read\000"
 583      315F5265 
ARM GAS  C:\Users\pxc\AppData\Local\Temp\cccLCkIf.s 			page 15


 583      616400
 584              		.ident	"GCC: (GNU Tools for ARM Embedded Processors) 4.9.3 20150303 (release) [ARM/embedded-4_9-br
