ARM GAS  C:\Users\PANXIA~1\AppData\Local\Temp\ccVtHKkh.s 			page 1


   1              		.syntax unified
   2              		.cpu cortex-m3
   3              		.fpu softvfp
   4              		.eabi_attribute 20, 1
   5              		.eabi_attribute 21, 1
   6              		.eabi_attribute 23, 3
   7              		.eabi_attribute 24, 1
   8              		.eabi_attribute 25, 1
   9              		.eabi_attribute 26, 1
  10              		.eabi_attribute 30, 1
  11              		.eabi_attribute 34, 1
  12              		.eabi_attribute 18, 4
  13              		.thumb
  14              		.file	"systemInfo.c"
  15              		.text
  16              	.Ltext0:
  17              		.cfi_sections	.debug_frame
  18              		.section	.text.SystemInfo_Init,"ax",%progbits
  19              		.align	2
  20              		.global	SystemInfo_Init
  21              		.thumb
  22              		.thumb_func
  23              		.type	SystemInfo_Init, %function
  24              	SystemInfo_Init:
  25              	.LFB63:
  26              		.file 1 ".\\systemInfo.c"
   1:.\systemInfo.c **** /* ========================================
   2:.\systemInfo.c ****  *
   3:.\systemInfo.c ****  * Copyright YOUR COMPANY, THE YEAR
   4:.\systemInfo.c ****  * All Rights Reserved
   5:.\systemInfo.c ****  * UNPUBLISHED, LICENSED SOFTWARE.
   6:.\systemInfo.c ****  *
   7:.\systemInfo.c ****  * CONFIDENTIAL AND PROPRIETARY INFORMATION
   8:.\systemInfo.c ****  * WHICH IS THE PROPERTY OF your company.
   9:.\systemInfo.c ****  *
  10:.\systemInfo.c ****  * ========================================
  11:.\systemInfo.c **** */
  12:.\systemInfo.c **** #include "systemInfo.h"
  13:.\systemInfo.c **** #include "car.h"
  14:.\systemInfo.c **** #include "led.h"
  15:.\systemInfo.c **** uint16  time_count;
  16:.\systemInfo.c **** #define BYTE0(dwTemp)       ( *( (char *)(&dwTemp)	  ) )
  17:.\systemInfo.c **** #define BYTE1(dwTemp)       ( *( (char *)(&dwTemp) + 1) )
  18:.\systemInfo.c **** #define BYTE2(dwTemp)       ( *( (char *)(&dwTemp) + 2) )
  19:.\systemInfo.c **** #define BYTE3(dwTemp)       ( *( (char *)(&dwTemp) + 3) )
  20:.\systemInfo.c **** void SystemInfo_Init()
  21:.\systemInfo.c **** {
  27              		.loc 1 21 0
  28              		.cfi_startproc
  29              		@ args = 0, pretend = 0, frame = 0
  30              		@ frame_needed = 0, uses_anonymous_args = 0
  31 0000 38B5     		push	{r3, r4, r5, lr}
  32              		.cfi_def_cfa_offset 16
  33              		.cfi_offset 3, -16
  34              		.cfi_offset 4, -12
  35              		.cfi_offset 5, -8
  36              		.cfi_offset 14, -4
ARM GAS  C:\Users\PANXIA~1\AppData\Local\Temp\ccVtHKkh.s 			page 2


  37              	.LVL0:
  22:.\systemInfo.c ****     uint16 temp = 0x00;
  23:.\systemInfo.c ****    // temp = EEPROM_Array_Read(&g_Car.systeminfo,sizeof(g_Car.systeminfo));
  24:.\systemInfo.c ****     g_Car.systeminfo.totol_run_count = 0;
  38              		.loc 1 24 0
  39 0002 0D4D     		ldr	r5, .L3
  40 0004 0023     		movs	r3, #0
  41 0006 A5F84030 		strh	r3, [r5, #64]	@ movhi
  25:.\systemInfo.c ****     g_Car.systeminfo.totol_run_count = (uint16)(EEPROM_ReadByte(1)<<8|EEPROM_ReadByte(2)); 
  42              		.loc 1 25 0
  43 000a 0120     		movs	r0, #1
  44 000c FFF7FEFF 		bl	EEPROM_ReadByte
  45              	.LVL1:
  46 0010 0402     		lsls	r4, r0, #8
  47 0012 0220     		movs	r0, #2
  48 0014 FFF7FEFF 		bl	EEPROM_ReadByte
  49              	.LVL2:
  50 0018 2043     		orrs	r0, r0, r4
  26:.\systemInfo.c ****     g_Car.systeminfo.totol_run_count++;
  51              		.loc 1 26 0
  52 001a 0130     		adds	r0, r0, #1
  53 001c 80B2     		uxth	r0, r0
  54 001e A5F84000 		strh	r0, [r5, #64]	@ movhi
  27:.\systemInfo.c ****     EEPROM_WriteByte(g_Car.systeminfo.totol_run_count>>8,1);
  55              		.loc 1 27 0
  56 0022 000A     		lsrs	r0, r0, #8
  57 0024 0121     		movs	r1, #1
  58 0026 FFF7FEFF 		bl	EEPROM_WriteByte
  59              	.LVL3:
  28:.\systemInfo.c ****     EEPROM_WriteByte(g_Car.systeminfo.totol_run_count,2); 
  60              		.loc 1 28 0
  61 002a 95F84000 		ldrb	r0, [r5, #64]	@ zero_extendqisi2
  62 002e 0221     		movs	r1, #2
  63 0030 FFF7FEFF 		bl	EEPROM_WriteByte
  64              	.LVL4:
  65 0034 38BD     		pop	{r3, r4, r5, pc}
  66              	.L4:
  67 0036 00BF     		.align	2
  68              	.L3:
  69 0038 00000000 		.word	g_Car
  70              		.cfi_endproc
  71              	.LFE63:
  72              		.size	SystemInfo_Init, .-SystemInfo_Init
  73              		.section	.text.Cal_time,"ax",%progbits
  74              		.align	2
  75              		.global	Cal_time
  76              		.thumb
  77              		.thumb_func
  78              		.type	Cal_time, %function
  79              	Cal_time:
  80              	.LFB64:
  29:.\systemInfo.c **** }
  30:.\systemInfo.c **** void Cal_time()
  31:.\systemInfo.c **** {
  81              		.loc 1 31 0
  82              		.cfi_startproc
  83              		@ args = 0, pretend = 0, frame = 0
ARM GAS  C:\Users\PANXIA~1\AppData\Local\Temp\ccVtHKkh.s 			page 3


  84              		@ frame_needed = 0, uses_anonymous_args = 0
  85              		@ link register save eliminated.
  32:.\systemInfo.c ****    g_Car.systeminfo.cur_run_time++;
  86              		.loc 1 32 0
  87 0000 094B     		ldr	r3, .L7
  88 0002 B3F84220 		ldrh	r2, [r3, #66]
  89 0006 0132     		adds	r2, r2, #1
  90 0008 A3F84220 		strh	r2, [r3, #66]	@ movhi
  33:.\systemInfo.c ****    time_count++;
  91              		.loc 1 33 0
  92 000c 0749     		ldr	r1, .L7+4
  93 000e 0A88     		ldrh	r2, [r1]
  94 0010 0132     		adds	r2, r2, #1
  95 0012 0A80     		strh	r2, [r1]	@ movhi
  34:.\systemInfo.c ****    if(g_Car.set_dir != STOP)
  96              		.loc 1 34 0
  97 0014 9B78     		ldrb	r3, [r3, #2]	@ zero_extendqisi2
  98 0016 082B     		cmp	r3, #8
  99 0018 05D0     		beq	.L5
  35:.\systemInfo.c ****    {
  36:.\systemInfo.c ****       g_Car.systeminfo.car_runing_time ++;
 100              		.loc 1 36 0
 101 001a 034A     		ldr	r2, .L7
 102 001c B2F84430 		ldrh	r3, [r2, #68]
 103 0020 0133     		adds	r3, r3, #1
 104 0022 A2F84430 		strh	r3, [r2, #68]	@ movhi
 105              	.L5:
 106 0026 7047     		bx	lr
 107              	.L8:
 108              		.align	2
 109              	.L7:
 110 0028 00000000 		.word	g_Car
 111 002c 00000000 		.word	time_count
 112              		.cfi_endproc
 113              	.LFE64:
 114              		.size	Cal_time, .-Cal_time
 115              		.section	.text.EEPROM_Array_Read,"ax",%progbits
 116              		.align	2
 117              		.global	EEPROM_Array_Read
 118              		.thumb
 119              		.thumb_func
 120              		.type	EEPROM_Array_Read, %function
 121              	EEPROM_Array_Read:
 122              	.LFB65:
  37:.\systemInfo.c ****    }
  38:.\systemInfo.c **** }
  39:.\systemInfo.c **** void EEPROM_Array_Read(uint8 *buf,uint16 len)
  40:.\systemInfo.c **** {
 123              		.loc 1 40 0
 124              		.cfi_startproc
 125              		@ args = 0, pretend = 0, frame = 0
 126              		@ frame_needed = 0, uses_anonymous_args = 0
 127              	.LVL5:
 128 0000 70B5     		push	{r4, r5, r6, lr}
 129              		.cfi_def_cfa_offset 16
 130              		.cfi_offset 4, -16
 131              		.cfi_offset 5, -12
ARM GAS  C:\Users\PANXIA~1\AppData\Local\Temp\ccVtHKkh.s 			page 4


 132              		.cfi_offset 6, -8
 133              		.cfi_offset 14, -4
 134 0002 0646     		mov	r6, r0
 135 0004 0D46     		mov	r5, r1
 136              	.LVL6:
  41:.\systemInfo.c **** 	reg8 * RegPointer;
  42:.\systemInfo.c **** 	uint16 i;
  43:.\systemInfo.c ****     
  44:.\systemInfo.c **** 	for(i = 0; i < len; i++)
 137              		.loc 1 44 0
 138 0006 0024     		movs	r4, #0
 139 0008 05E0     		b	.L10
 140              	.LVL7:
 141              	.L11:
  45:.\systemInfo.c **** 	{
  46:.\systemInfo.c **** 		buf[i] = EEPROM_ReadByte(i);
 142              		.loc 1 46 0 discriminator 3
 143 000a 2046     		mov	r0, r4
 144 000c FFF7FEFF 		bl	EEPROM_ReadByte
 145              	.LVL8:
 146 0010 3055     		strb	r0, [r6, r4]
  44:.\systemInfo.c **** 	{
 147              		.loc 1 44 0 discriminator 3
 148 0012 0134     		adds	r4, r4, #1
 149              	.LVL9:
 150 0014 A4B2     		uxth	r4, r4
 151              	.LVL10:
 152              	.L10:
  44:.\systemInfo.c **** 	{
 153              		.loc 1 44 0 is_stmt 0 discriminator 1
 154 0016 AC42     		cmp	r4, r5
 155 0018 F7D3     		bcc	.L11
  47:.\systemInfo.c **** 	}
  48:.\systemInfo.c **** }
 156              		.loc 1 48 0 is_stmt 1
 157 001a 70BD     		pop	{r4, r5, r6, pc}
 158              		.cfi_endproc
 159              	.LFE65:
 160              		.size	EEPROM_Array_Read, .-EEPROM_Array_Read
 161              		.section	.text.System_check,"ax",%progbits
 162              		.align	2
 163              		.global	System_check
 164              		.thumb
 165              		.thumb_func
 166              		.type	System_check, %function
 167              	System_check:
 168              	.LFB66:
  49:.\systemInfo.c **** void System_check()
  50:.\systemInfo.c **** {
 169              		.loc 1 50 0
 170              		.cfi_startproc
 171              		@ args = 0, pretend = 0, frame = 0
 172              		@ frame_needed = 0, uses_anonymous_args = 0
 173              		@ link register save eliminated.
 174 0000 7047     		bx	lr
 175              		.cfi_endproc
 176              	.LFE66:
ARM GAS  C:\Users\PANXIA~1\AppData\Local\Temp\ccVtHKkh.s 			page 5


 177              		.size	System_check, .-System_check
 178              		.comm	time_count,2,2
 179              		.comm	g_Car,96,4
 180 0002 00BF     		.text
 181              	.Letext0:
 182              		.file 2 "d:\\program files (x86)\\cypress\\psoc creator\\3.3\\psoc creator\\import\\gnu\\arm\\4.9.
 183              		.file 3 "d:\\program files (x86)\\cypress\\psoc creator\\3.3\\psoc creator\\import\\gnu\\arm\\4.9.
 184              		.file 4 "Generated_Source\\PSoC5/cytypes.h"
 185              		.file 5 ".\\car.h"
 186              		.file 6 "Generated_Source\\PSoC5/core_cm3.h"
 187              		.file 7 "Generated_Source\\PSoC5/EEPROM.h"
 188              		.section	.debug_info,"",%progbits
 189              	.Ldebug_info0:
 190 0000 E7040000 		.4byte	0x4e7
 191 0004 0400     		.2byte	0x4
 192 0006 00000000 		.4byte	.Ldebug_abbrev0
 193 000a 04       		.byte	0x4
 194 000b 01       		.uleb128 0x1
 195 000c 1D000000 		.4byte	.LASF83
 196 0010 01       		.byte	0x1
 197 0011 42010000 		.4byte	.LASF84
 198 0015 81020000 		.4byte	.LASF85
 199 0019 00000000 		.4byte	.Ldebug_ranges0+0
 200 001d 00000000 		.4byte	0
 201 0021 00000000 		.4byte	.Ldebug_line0
 202 0025 02       		.uleb128 0x2
 203 0026 01       		.byte	0x1
 204 0027 06       		.byte	0x6
 205 0028 C3020000 		.4byte	.LASF0
 206 002c 02       		.uleb128 0x2
 207 002d 01       		.byte	0x1
 208 002e 08       		.byte	0x8
 209 002f B5020000 		.4byte	.LASF1
 210 0033 02       		.uleb128 0x2
 211 0034 02       		.byte	0x2
 212 0035 05       		.byte	0x5
 213 0036 DE000000 		.4byte	.LASF2
 214 003a 02       		.uleb128 0x2
 215 003b 02       		.byte	0x2
 216 003c 07       		.byte	0x7
 217 003d 10030000 		.4byte	.LASF3
 218 0041 03       		.uleb128 0x3
 219 0042 61040000 		.4byte	.LASF9
 220 0046 02       		.byte	0x2
 221 0047 3F       		.byte	0x3f
 222 0048 4C000000 		.4byte	0x4c
 223 004c 02       		.uleb128 0x2
 224 004d 04       		.byte	0x4
 225 004e 05       		.byte	0x5
 226 004f 00020000 		.4byte	.LASF4
 227 0053 02       		.uleb128 0x2
 228 0054 04       		.byte	0x4
 229 0055 07       		.byte	0x7
 230 0056 DA030000 		.4byte	.LASF5
 231 005a 02       		.uleb128 0x2
 232 005b 08       		.byte	0x8
 233 005c 05       		.byte	0x5
ARM GAS  C:\Users\PANXIA~1\AppData\Local\Temp\ccVtHKkh.s 			page 6


 234 005d E0010000 		.4byte	.LASF6
 235 0061 02       		.uleb128 0x2
 236 0062 08       		.byte	0x8
 237 0063 07       		.byte	0x7
 238 0064 CF020000 		.4byte	.LASF7
 239 0068 04       		.uleb128 0x4
 240 0069 04       		.byte	0x4
 241 006a 05       		.byte	0x5
 242 006b 696E7400 		.ascii	"int\000"
 243 006f 02       		.uleb128 0x2
 244 0070 04       		.byte	0x4
 245 0071 07       		.byte	0x7
 246 0072 E6020000 		.4byte	.LASF8
 247 0076 03       		.uleb128 0x3
 248 0077 40030000 		.4byte	.LASF10
 249 007b 03       		.byte	0x3
 250 007c 2C       		.byte	0x2c
 251 007d 41000000 		.4byte	0x41
 252 0081 03       		.uleb128 0x3
 253 0082 5E010000 		.4byte	.LASF11
 254 0086 04       		.byte	0x4
 255 0087 C2       		.byte	0xc2
 256 0088 2C000000 		.4byte	0x2c
 257 008c 03       		.uleb128 0x3
 258 008d 51010000 		.4byte	.LASF12
 259 0091 04       		.byte	0x4
 260 0092 C3       		.byte	0xc3
 261 0093 3A000000 		.4byte	0x3a
 262 0097 03       		.uleb128 0x3
 263 0098 CE030000 		.4byte	.LASF13
 264 009c 04       		.byte	0x4
 265 009d C4       		.byte	0xc4
 266 009e 53000000 		.4byte	0x53
 267 00a2 03       		.uleb128 0x3
 268 00a3 58010000 		.4byte	.LASF14
 269 00a7 04       		.byte	0x4
 270 00a8 C6       		.byte	0xc6
 271 00a9 33000000 		.4byte	0x33
 272 00ad 03       		.uleb128 0x3
 273 00ae EC030000 		.4byte	.LASF15
 274 00b2 04       		.byte	0x4
 275 00b3 C7       		.byte	0xc7
 276 00b4 4C000000 		.4byte	0x4c
 277 00b8 02       		.uleb128 0x2
 278 00b9 04       		.byte	0x4
 279 00ba 04       		.byte	0x4
 280 00bb D5010000 		.4byte	.LASF16
 281 00bf 02       		.uleb128 0x2
 282 00c0 08       		.byte	0x8
 283 00c1 04       		.byte	0x4
 284 00c2 2A010000 		.4byte	.LASF17
 285 00c6 02       		.uleb128 0x2
 286 00c7 01       		.byte	0x1
 287 00c8 08       		.byte	0x8
 288 00c9 32030000 		.4byte	.LASF18
 289 00cd 05       		.uleb128 0x5
 290 00ce 37030000 		.4byte	.LASF19
ARM GAS  C:\Users\PANXIA~1\AppData\Local\Temp\ccVtHKkh.s 			page 7


 291 00d2 04       		.byte	0x4
 292 00d3 6401     		.2byte	0x164
 293 00d5 53000000 		.4byte	0x53
 294 00d9 05       		.uleb128 0x5
 295 00da D5030000 		.4byte	.LASF20
 296 00de 04       		.byte	0x4
 297 00df 6C01     		.2byte	0x16c
 298 00e1 E5000000 		.4byte	0xe5
 299 00e5 06       		.uleb128 0x6
 300 00e6 81000000 		.4byte	0x81
 301 00ea 02       		.uleb128 0x2
 302 00eb 04       		.byte	0x4
 303 00ec 07       		.byte	0x7
 304 00ed E8000000 		.4byte	.LASF21
 305 00f1 07       		.uleb128 0x7
 306 00f2 72010000 		.4byte	.LASF31
 307 00f6 01       		.byte	0x1
 308 00f7 05       		.byte	0x5
 309 00f8 0F       		.byte	0xf
 310 00f9 39010000 		.4byte	0x139
 311 00fd 08       		.uleb128 0x8
 312 00fe 555000   		.ascii	"UP\000"
 313 0101 00       		.sleb128 0
 314 0102 09       		.uleb128 0x9
 315 0103 98030000 		.4byte	.LASF22
 316 0107 01       		.sleb128 1
 317 0108 09       		.uleb128 0x9
 318 0109 5E020000 		.4byte	.LASF23
 319 010d 02       		.sleb128 2
 320 010e 09       		.uleb128 0x9
 321 010f C8000000 		.4byte	.LASF24
 322 0113 03       		.sleb128 3
 323 0114 09       		.uleb128 0x9
 324 0115 2A030000 		.4byte	.LASF25
 325 0119 04       		.sleb128 4
 326 011a 09       		.uleb128 0x9
 327 011b 17010000 		.4byte	.LASF26
 328 011f 05       		.sleb128 5
 329 0120 09       		.uleb128 0x9
 330 0121 54020000 		.4byte	.LASF27
 331 0125 06       		.sleb128 6
 332 0126 09       		.uleb128 0x9
 333 0127 6B020000 		.4byte	.LASF28
 334 012b 07       		.sleb128 7
 335 012c 09       		.uleb128 0x9
 336 012d 86040000 		.4byte	.LASF29
 337 0131 08       		.sleb128 8
 338 0132 09       		.uleb128 0x9
 339 0133 F7010000 		.4byte	.LASF30
 340 0137 09       		.sleb128 9
 341 0138 00       		.byte	0
 342 0139 07       		.uleb128 0x7
 343 013a 20010000 		.4byte	.LASF32
 344 013e 01       		.byte	0x1
 345 013f 05       		.byte	0x5
 346 0140 14       		.byte	0x14
 347 0141 58010000 		.4byte	0x158
ARM GAS  C:\Users\PANXIA~1\AppData\Local\Temp\ccVtHKkh.s 			page 8


 348 0145 09       		.uleb128 0x9
 349 0146 34020000 		.4byte	.LASF33
 350 014a 00       		.sleb128 0
 351 014b 09       		.uleb128 0x9
 352 014c 39010000 		.4byte	.LASF34
 353 0150 01       		.sleb128 1
 354 0151 09       		.uleb128 0x9
 355 0152 9A040000 		.4byte	.LASF35
 356 0156 02       		.sleb128 2
 357 0157 00       		.byte	0
 358 0158 0A       		.uleb128 0xa
 359 0159 04       		.byte	0x4
 360 015a 05       		.byte	0x5
 361 015b 16       		.byte	0x16
 362 015c 79010000 		.4byte	0x179
 363 0160 0B       		.uleb128 0xb
 364 0161 70776D00 		.ascii	"pwm\000"
 365 0165 05       		.byte	0x5
 366 0166 18       		.byte	0x18
 367 0167 8C000000 		.4byte	0x8c
 368 016b 00       		.byte	0
 369 016c 0B       		.uleb128 0xb
 370 016d 64697200 		.ascii	"dir\000"
 371 0171 05       		.byte	0x5
 372 0172 19       		.byte	0x19
 373 0173 39010000 		.4byte	0x139
 374 0177 02       		.byte	0x2
 375 0178 00       		.byte	0
 376 0179 03       		.uleb128 0x3
 377 017a B7010000 		.4byte	.LASF36
 378 017e 05       		.byte	0x5
 379 017f 1A       		.byte	0x1a
 380 0180 58010000 		.4byte	0x158
 381 0184 0A       		.uleb128 0xa
 382 0185 14       		.byte	0x14
 383 0186 05       		.byte	0x5
 384 0187 1B       		.byte	0x1b
 385 0188 ED010000 		.4byte	0x1ed
 386 018c 0C       		.uleb128 0xc
 387 018d 91030000 		.4byte	.LASF37
 388 0191 05       		.byte	0x5
 389 0192 1D       		.byte	0x1d
 390 0193 97000000 		.4byte	0x97
 391 0197 00       		.byte	0
 392 0198 0C       		.uleb128 0xc
 393 0199 81030000 		.4byte	.LASF38
 394 019d 05       		.byte	0x5
 395 019e 1E       		.byte	0x1e
 396 019f 8C000000 		.4byte	0x8c
 397 01a3 04       		.byte	0x4
 398 01a4 0C       		.uleb128 0xc
 399 01a5 A3030000 		.4byte	.LASF39
 400 01a9 05       		.byte	0x5
 401 01aa 1F       		.byte	0x1f
 402 01ab 8C000000 		.4byte	0x8c
 403 01af 06       		.byte	0x6
 404 01b0 0C       		.uleb128 0xc
ARM GAS  C:\Users\PANXIA~1\AppData\Local\Temp\ccVtHKkh.s 			page 9


 405 01b1 7A010000 		.4byte	.LASF40
 406 01b5 05       		.byte	0x5
 407 01b6 20       		.byte	0x20
 408 01b7 8C000000 		.4byte	0x8c
 409 01bb 08       		.byte	0x8
 410 01bc 0C       		.uleb128 0xc
 411 01bd A9010000 		.4byte	.LASF41
 412 01c1 05       		.byte	0x5
 413 01c2 21       		.byte	0x21
 414 01c3 8C000000 		.4byte	0x8c
 415 01c7 0A       		.byte	0xa
 416 01c8 0C       		.uleb128 0xc
 417 01c9 AB000000 		.4byte	.LASF42
 418 01cd 05       		.byte	0x5
 419 01ce 22       		.byte	0x22
 420 01cf 97000000 		.4byte	0x97
 421 01d3 0C       		.byte	0xc
 422 01d4 0C       		.uleb128 0xc
 423 01d5 3C020000 		.4byte	.LASF43
 424 01d9 05       		.byte	0x5
 425 01da 23       		.byte	0x23
 426 01db 8C000000 		.4byte	0x8c
 427 01df 10       		.byte	0x10
 428 01e0 0C       		.uleb128 0xc
 429 01e1 74030000 		.4byte	.LASF44
 430 01e5 05       		.byte	0x5
 431 01e6 24       		.byte	0x24
 432 01e7 8C000000 		.4byte	0x8c
 433 01eb 12       		.byte	0x12
 434 01ec 00       		.byte	0
 435 01ed 03       		.uleb128 0x3
 436 01ee 10000000 		.4byte	.LASF45
 437 01f2 05       		.byte	0x5
 438 01f3 25       		.byte	0x25
 439 01f4 84010000 		.4byte	0x184
 440 01f8 0A       		.uleb128 0xa
 441 01f9 60       		.byte	0x60
 442 01fa 05       		.byte	0x5
 443 01fb 26       		.byte	0x26
 444 01fc 8D030000 		.4byte	0x38d
 445 0200 0C       		.uleb128 0xc
 446 0201 EE010000 		.4byte	.LASF46
 447 0205 05       		.byte	0x5
 448 0206 28       		.byte	0x28
 449 0207 81000000 		.4byte	0x81
 450 020b 00       		.byte	0
 451 020c 0C       		.uleb128 0xc
 452 020d 94040000 		.4byte	.LASF47
 453 0211 05       		.byte	0x5
 454 0212 29       		.byte	0x29
 455 0213 81000000 		.4byte	0x81
 456 0217 01       		.byte	0x1
 457 0218 0C       		.uleb128 0xc
 458 0219 A5040000 		.4byte	.LASF48
 459 021d 05       		.byte	0x5
 460 021e 2A       		.byte	0x2a
 461 021f F1000000 		.4byte	0xf1
ARM GAS  C:\Users\PANXIA~1\AppData\Local\Temp\ccVtHKkh.s 			page 10


 462 0223 02       		.byte	0x2
 463 0224 0C       		.uleb128 0xc
 464 0225 B0030000 		.4byte	.LASF49
 465 0229 05       		.byte	0x5
 466 022a 2B       		.byte	0x2b
 467 022b F1000000 		.4byte	0xf1
 468 022f 03       		.byte	0x3
 469 0230 0C       		.uleb128 0xc
 470 0231 63020000 		.4byte	.LASF50
 471 0235 05       		.byte	0x5
 472 0236 2C       		.byte	0x2c
 473 0237 F1000000 		.4byte	0xf1
 474 023b 04       		.byte	0x4
 475 023c 0C       		.uleb128 0xc
 476 023d 0A010000 		.4byte	.LASF51
 477 0241 05       		.byte	0x5
 478 0242 2D       		.byte	0x2d
 479 0243 F1000000 		.4byte	0xf1
 480 0247 05       		.byte	0x5
 481 0248 0C       		.uleb128 0xc
 482 0249 78040000 		.4byte	.LASF52
 483 024d 05       		.byte	0x5
 484 024e 2E       		.byte	0x2e
 485 024f 8C000000 		.4byte	0x8c
 486 0253 06       		.byte	0x6
 487 0254 0C       		.uleb128 0xc
 488 0255 50040000 		.4byte	.LASF53
 489 0259 05       		.byte	0x5
 490 025a 2F       		.byte	0x2f
 491 025b 79010000 		.4byte	0x179
 492 025f 08       		.byte	0x8
 493 0260 0C       		.uleb128 0xc
 494 0261 0F020000 		.4byte	.LASF54
 495 0265 05       		.byte	0x5
 496 0266 30       		.byte	0x30
 497 0267 79010000 		.4byte	0x179
 498 026b 0C       		.byte	0xc
 499 026c 0C       		.uleb128 0xc
 500 026d 3E040000 		.4byte	.LASF55
 501 0271 05       		.byte	0x5
 502 0272 31       		.byte	0x31
 503 0273 79010000 		.4byte	0x179
 504 0277 10       		.byte	0x10
 505 0278 0C       		.uleb128 0xc
 506 0279 21020000 		.4byte	.LASF56
 507 027d 05       		.byte	0x5
 508 027e 32       		.byte	0x32
 509 027f 79010000 		.4byte	0x179
 510 0283 14       		.byte	0x14
 511 0284 0C       		.uleb128 0xc
 512 0285 BF010000 		.4byte	.LASF57
 513 0289 05       		.byte	0x5
 514 028a 33       		.byte	0x33
 515 028b 8C000000 		.4byte	0x8c
 516 028f 18       		.byte	0x18
 517 0290 0C       		.uleb128 0xc
 518 0291 48030000 		.4byte	.LASF58
ARM GAS  C:\Users\PANXIA~1\AppData\Local\Temp\ccVtHKkh.s 			page 11


 519 0295 05       		.byte	0x5
 520 0296 34       		.byte	0x34
 521 0297 8C000000 		.4byte	0x8c
 522 029b 1A       		.byte	0x1a
 523 029c 0C       		.uleb128 0xc
 524 029d 8A010000 		.4byte	.LASF59
 525 02a1 05       		.byte	0x5
 526 02a2 35       		.byte	0x35
 527 02a3 8C000000 		.4byte	0x8c
 528 02a7 1C       		.byte	0x1c
 529 02a8 0C       		.uleb128 0xc
 530 02a9 5E030000 		.4byte	.LASF60
 531 02ad 05       		.byte	0x5
 532 02ae 36       		.byte	0x36
 533 02af 8C000000 		.4byte	0x8c
 534 02b3 1E       		.byte	0x1e
 535 02b4 0C       		.uleb128 0xc
 536 02b5 A0010000 		.4byte	.LASF61
 537 02b9 05       		.byte	0x5
 538 02ba 37       		.byte	0x37
 539 02bb 81000000 		.4byte	0x81
 540 02bf 20       		.byte	0x20
 541 02c0 0C       		.uleb128 0xc
 542 02c1 FB000000 		.4byte	.LASF62
 543 02c5 05       		.byte	0x5
 544 02c6 38       		.byte	0x38
 545 02c7 8C000000 		.4byte	0x8c
 546 02cb 22       		.byte	0x22
 547 02cc 0C       		.uleb128 0xc
 548 02cd BA000000 		.4byte	.LASF63
 549 02d1 05       		.byte	0x5
 550 02d2 39       		.byte	0x39
 551 02d3 8C000000 		.4byte	0x8c
 552 02d7 24       		.byte	0x24
 553 02d8 0C       		.uleb128 0xc
 554 02d9 0B040000 		.4byte	.LASF64
 555 02dd 05       		.byte	0x5
 556 02de 3A       		.byte	0x3a
 557 02df 81000000 		.4byte	0x81
 558 02e3 26       		.byte	0x26
 559 02e4 0B       		.uleb128 0xb
 560 02e5 586B6D00 		.ascii	"Xkm\000"
 561 02e9 05       		.byte	0x5
 562 02ea 3B       		.byte	0x3b
 563 02eb AD000000 		.4byte	0xad
 564 02ef 28       		.byte	0x28
 565 02f0 0C       		.uleb128 0xc
 566 02f1 F1000000 		.4byte	.LASF65
 567 02f5 05       		.byte	0x5
 568 02f6 3C       		.byte	0x3c
 569 02f7 81000000 		.4byte	0x81
 570 02fb 2C       		.byte	0x2c
 571 02fc 0C       		.uleb128 0xc
 572 02fd 2D040000 		.4byte	.LASF66
 573 0301 05       		.byte	0x5
 574 0302 3D       		.byte	0x3d
 575 0303 8C000000 		.4byte	0x8c
ARM GAS  C:\Users\PANXIA~1\AppData\Local\Temp\ccVtHKkh.s 			page 12


 576 0307 2E       		.byte	0x2e
 577 0308 0C       		.uleb128 0xc
 578 0309 31010000 		.4byte	.LASF67
 579 030d 05       		.byte	0x5
 580 030e 3E       		.byte	0x3e
 581 030f 81000000 		.4byte	0x81
 582 0313 30       		.byte	0x30
 583 0314 0C       		.uleb128 0xc
 584 0315 8B040000 		.4byte	.LASF68
 585 0319 05       		.byte	0x5
 586 031a 3F       		.byte	0x3f
 587 031b 97000000 		.4byte	0x97
 588 031f 34       		.byte	0x34
 589 0320 0C       		.uleb128 0xc
 590 0321 64010000 		.4byte	.LASF69
 591 0325 05       		.byte	0x5
 592 0326 40       		.byte	0x40
 593 0327 81000000 		.4byte	0x81
 594 032b 38       		.byte	0x38
 595 032c 0C       		.uleb128 0xc
 596 032d 49020000 		.4byte	.LASF70
 597 0331 05       		.byte	0x5
 598 0332 41       		.byte	0x41
 599 0333 ED010000 		.4byte	0x1ed
 600 0337 3C       		.byte	0x3c
 601 0338 0C       		.uleb128 0xc
 602 0339 FD030000 		.4byte	.LASF71
 603 033d 05       		.byte	0x5
 604 033e 42       		.byte	0x42
 605 033f 81000000 		.4byte	0x81
 606 0343 50       		.byte	0x50
 607 0344 0C       		.uleb128 0xc
 608 0345 FB020000 		.4byte	.LASF72
 609 0349 05       		.byte	0x5
 610 034a 43       		.byte	0x43
 611 034b 8C000000 		.4byte	0x8c
 612 034f 52       		.byte	0x52
 613 0350 0C       		.uleb128 0xc
 614 0351 23030000 		.4byte	.LASF73
 615 0355 05       		.byte	0x5
 616 0356 44       		.byte	0x44
 617 0357 81000000 		.4byte	0x81
 618 035b 54       		.byte	0x54
 619 035c 0B       		.uleb128 0xb
 620 035d 415F5600 		.ascii	"A_V\000"
 621 0361 05       		.byte	0x5
 622 0362 45       		.byte	0x45
 623 0363 A2000000 		.4byte	0xa2
 624 0367 56       		.byte	0x56
 625 0368 0C       		.uleb128 0xc
 626 0369 21040000 		.4byte	.LASF74
 627 036d 05       		.byte	0x5
 628 036e 46       		.byte	0x46
 629 036f A2000000 		.4byte	0xa2
 630 0373 58       		.byte	0x58
 631 0374 0C       		.uleb128 0xc
 632 0375 F3020000 		.4byte	.LASF75
ARM GAS  C:\Users\PANXIA~1\AppData\Local\Temp\ccVtHKkh.s 			page 13


 633 0379 05       		.byte	0x5
 634 037a 47       		.byte	0x47
 635 037b A2000000 		.4byte	0xa2
 636 037f 5A       		.byte	0x5a
 637 0380 0B       		.uleb128 0xb
 638 0381 63617000 		.ascii	"cap\000"
 639 0385 05       		.byte	0x5
 640 0386 48       		.byte	0x48
 641 0387 A2000000 		.4byte	0xa2
 642 038b 5C       		.byte	0x5c
 643 038c 00       		.byte	0
 644 038d 03       		.uleb128 0x3
 645 038e 9D030000 		.4byte	.LASF76
 646 0392 05       		.byte	0x5
 647 0393 49       		.byte	0x49
 648 0394 F8010000 		.4byte	0x1f8
 649 0398 0D       		.uleb128 0xd
 650 0399 00000000 		.4byte	.LASF86
 651 039d 01       		.byte	0x1
 652 039e 14       		.byte	0x14
 653 039f 00000000 		.4byte	.LFB63
 654 03a3 3C000000 		.4byte	.LFE63-.LFB63
 655 03a7 01       		.uleb128 0x1
 656 03a8 9C       		.byte	0x9c
 657 03a9 02040000 		.4byte	0x402
 658 03ad 0E       		.uleb128 0xe
 659 03ae DB010000 		.4byte	.LASF77
 660 03b2 01       		.byte	0x1
 661 03b3 16       		.byte	0x16
 662 03b4 8C000000 		.4byte	0x8c
 663 03b8 00       		.byte	0
 664 03b9 0F       		.uleb128 0xf
 665 03ba 10000000 		.4byte	.LVL1
 666 03be BF040000 		.4byte	0x4bf
 667 03c2 CC030000 		.4byte	0x3cc
 668 03c6 10       		.uleb128 0x10
 669 03c7 01       		.uleb128 0x1
 670 03c8 50       		.byte	0x50
 671 03c9 01       		.uleb128 0x1
 672 03ca 31       		.byte	0x31
 673 03cb 00       		.byte	0
 674 03cc 0F       		.uleb128 0xf
 675 03cd 18000000 		.4byte	.LVL2
 676 03d1 BF040000 		.4byte	0x4bf
 677 03d5 DF030000 		.4byte	0x3df
 678 03d9 10       		.uleb128 0x10
 679 03da 01       		.uleb128 0x1
 680 03db 50       		.byte	0x50
 681 03dc 01       		.uleb128 0x1
 682 03dd 32       		.byte	0x32
 683 03de 00       		.byte	0
 684 03df 0F       		.uleb128 0xf
 685 03e0 2A000000 		.4byte	.LVL3
 686 03e4 D4040000 		.4byte	0x4d4
 687 03e8 F2030000 		.4byte	0x3f2
 688 03ec 10       		.uleb128 0x10
 689 03ed 01       		.uleb128 0x1
ARM GAS  C:\Users\PANXIA~1\AppData\Local\Temp\ccVtHKkh.s 			page 14


 690 03ee 51       		.byte	0x51
 691 03ef 01       		.uleb128 0x1
 692 03f0 31       		.byte	0x31
 693 03f1 00       		.byte	0
 694 03f2 11       		.uleb128 0x11
 695 03f3 34000000 		.4byte	.LVL4
 696 03f7 D4040000 		.4byte	0x4d4
 697 03fb 10       		.uleb128 0x10
 698 03fc 01       		.uleb128 0x1
 699 03fd 51       		.byte	0x51
 700 03fe 01       		.uleb128 0x1
 701 03ff 32       		.byte	0x32
 702 0400 00       		.byte	0
 703 0401 00       		.byte	0
 704 0402 12       		.uleb128 0x12
 705 0403 35040000 		.4byte	.LASF78
 706 0407 01       		.byte	0x1
 707 0408 1E       		.byte	0x1e
 708 0409 00000000 		.4byte	.LFB64
 709 040d 30000000 		.4byte	.LFE64-.LFB64
 710 0411 01       		.uleb128 0x1
 711 0412 9C       		.byte	0x9c
 712 0413 13       		.uleb128 0x13
 713 0414 BC030000 		.4byte	.LASF87
 714 0418 01       		.byte	0x1
 715 0419 27       		.byte	0x27
 716 041a 00000000 		.4byte	.LFB65
 717 041e 1C000000 		.4byte	.LFE65-.LFB65
 718 0422 01       		.uleb128 0x1
 719 0423 9C       		.byte	0x9c
 720 0424 6F040000 		.4byte	0x46f
 721 0428 14       		.uleb128 0x14
 722 0429 62756600 		.ascii	"buf\000"
 723 042d 01       		.byte	0x1
 724 042e 27       		.byte	0x27
 725 042f 6F040000 		.4byte	0x46f
 726 0433 00000000 		.4byte	.LLST0
 727 0437 14       		.uleb128 0x14
 728 0438 6C656E00 		.ascii	"len\000"
 729 043c 01       		.byte	0x1
 730 043d 27       		.byte	0x27
 731 043e 8C000000 		.4byte	0x8c
 732 0442 1E000000 		.4byte	.LLST1
 733 0446 15       		.uleb128 0x15
 734 0447 F2030000 		.4byte	.LASF88
 735 044b 01       		.byte	0x1
 736 044c 29       		.byte	0x29
 737 044d 75040000 		.4byte	0x475
 738 0451 16       		.uleb128 0x16
 739 0452 6900     		.ascii	"i\000"
 740 0454 01       		.byte	0x1
 741 0455 2A       		.byte	0x2a
 742 0456 8C000000 		.4byte	0x8c
 743 045a 3F000000 		.4byte	.LLST2
 744 045e 11       		.uleb128 0x11
 745 045f 10000000 		.4byte	.LVL8
 746 0463 BF040000 		.4byte	0x4bf
ARM GAS  C:\Users\PANXIA~1\AppData\Local\Temp\ccVtHKkh.s 			page 15


 747 0467 10       		.uleb128 0x10
 748 0468 01       		.uleb128 0x1
 749 0469 50       		.byte	0x50
 750 046a 02       		.uleb128 0x2
 751 046b 74       		.byte	0x74
 752 046c 00       		.sleb128 0
 753 046d 00       		.byte	0
 754 046e 00       		.byte	0
 755 046f 17       		.uleb128 0x17
 756 0470 04       		.byte	0x4
 757 0471 81000000 		.4byte	0x81
 758 0475 17       		.uleb128 0x17
 759 0476 04       		.byte	0x4
 760 0477 D9000000 		.4byte	0xd9
 761 047b 12       		.uleb128 0x12
 762 047c 6B040000 		.4byte	.LASF79
 763 0480 01       		.byte	0x1
 764 0481 31       		.byte	0x31
 765 0482 00000000 		.4byte	.LFB66
 766 0486 02000000 		.4byte	.LFE66-.LFB66
 767 048a 01       		.uleb128 0x1
 768 048b 9C       		.byte	0x9c
 769 048c 18       		.uleb128 0x18
 770 048d AD040000 		.4byte	.LASF80
 771 0491 06       		.byte	0x6
 772 0492 2A06     		.2byte	0x62a
 773 0494 98040000 		.4byte	0x498
 774 0498 06       		.uleb128 0x6
 775 0499 76000000 		.4byte	0x76
 776 049d 19       		.uleb128 0x19
 777 049e 09020000 		.4byte	.LASF81
 778 04a2 05       		.byte	0x5
 779 04a3 4C       		.byte	0x4c
 780 04a4 8D030000 		.4byte	0x38d
 781 04a8 05       		.uleb128 0x5
 782 04a9 03       		.byte	0x3
 783 04aa 00000000 		.4byte	g_Car
 784 04ae 19       		.uleb128 0x19
 785 04af 76020000 		.4byte	.LASF82
 786 04b3 01       		.byte	0x1
 787 04b4 0F       		.byte	0xf
 788 04b5 8C000000 		.4byte	0x8c
 789 04b9 05       		.uleb128 0x5
 790 04ba 03       		.byte	0x3
 791 04bb 00000000 		.4byte	time_count
 792 04bf 1A       		.uleb128 0x1a
 793 04c0 CE000000 		.4byte	.LASF89
 794 04c4 07       		.byte	0x7
 795 04c5 23       		.byte	0x23
 796 04c6 81000000 		.4byte	0x81
 797 04ca D4040000 		.4byte	0x4d4
 798 04ce 1B       		.uleb128 0x1b
 799 04cf 8C000000 		.4byte	0x8c
 800 04d3 00       		.byte	0
 801 04d4 1C       		.uleb128 0x1c
 802 04d5 BA040000 		.4byte	.LASF90
 803 04d9 07       		.byte	0x7
ARM GAS  C:\Users\PANXIA~1\AppData\Local\Temp\ccVtHKkh.s 			page 16


 804 04da 21       		.byte	0x21
 805 04db CD000000 		.4byte	0xcd
 806 04df 1B       		.uleb128 0x1b
 807 04e0 81000000 		.4byte	0x81
 808 04e4 1B       		.uleb128 0x1b
 809 04e5 8C000000 		.4byte	0x8c
 810 04e9 00       		.byte	0
 811 04ea 00       		.byte	0
 812              		.section	.debug_abbrev,"",%progbits
 813              	.Ldebug_abbrev0:
 814 0000 01       		.uleb128 0x1
 815 0001 11       		.uleb128 0x11
 816 0002 01       		.byte	0x1
 817 0003 25       		.uleb128 0x25
 818 0004 0E       		.uleb128 0xe
 819 0005 13       		.uleb128 0x13
 820 0006 0B       		.uleb128 0xb
 821 0007 03       		.uleb128 0x3
 822 0008 0E       		.uleb128 0xe
 823 0009 1B       		.uleb128 0x1b
 824 000a 0E       		.uleb128 0xe
 825 000b 55       		.uleb128 0x55
 826 000c 17       		.uleb128 0x17
 827 000d 11       		.uleb128 0x11
 828 000e 01       		.uleb128 0x1
 829 000f 10       		.uleb128 0x10
 830 0010 17       		.uleb128 0x17
 831 0011 00       		.byte	0
 832 0012 00       		.byte	0
 833 0013 02       		.uleb128 0x2
 834 0014 24       		.uleb128 0x24
 835 0015 00       		.byte	0
 836 0016 0B       		.uleb128 0xb
 837 0017 0B       		.uleb128 0xb
 838 0018 3E       		.uleb128 0x3e
 839 0019 0B       		.uleb128 0xb
 840 001a 03       		.uleb128 0x3
 841 001b 0E       		.uleb128 0xe
 842 001c 00       		.byte	0
 843 001d 00       		.byte	0
 844 001e 03       		.uleb128 0x3
 845 001f 16       		.uleb128 0x16
 846 0020 00       		.byte	0
 847 0021 03       		.uleb128 0x3
 848 0022 0E       		.uleb128 0xe
 849 0023 3A       		.uleb128 0x3a
 850 0024 0B       		.uleb128 0xb
 851 0025 3B       		.uleb128 0x3b
 852 0026 0B       		.uleb128 0xb
 853 0027 49       		.uleb128 0x49
 854 0028 13       		.uleb128 0x13
 855 0029 00       		.byte	0
 856 002a 00       		.byte	0
 857 002b 04       		.uleb128 0x4
 858 002c 24       		.uleb128 0x24
 859 002d 00       		.byte	0
 860 002e 0B       		.uleb128 0xb
ARM GAS  C:\Users\PANXIA~1\AppData\Local\Temp\ccVtHKkh.s 			page 17


 861 002f 0B       		.uleb128 0xb
 862 0030 3E       		.uleb128 0x3e
 863 0031 0B       		.uleb128 0xb
 864 0032 03       		.uleb128 0x3
 865 0033 08       		.uleb128 0x8
 866 0034 00       		.byte	0
 867 0035 00       		.byte	0
 868 0036 05       		.uleb128 0x5
 869 0037 16       		.uleb128 0x16
 870 0038 00       		.byte	0
 871 0039 03       		.uleb128 0x3
 872 003a 0E       		.uleb128 0xe
 873 003b 3A       		.uleb128 0x3a
 874 003c 0B       		.uleb128 0xb
 875 003d 3B       		.uleb128 0x3b
 876 003e 05       		.uleb128 0x5
 877 003f 49       		.uleb128 0x49
 878 0040 13       		.uleb128 0x13
 879 0041 00       		.byte	0
 880 0042 00       		.byte	0
 881 0043 06       		.uleb128 0x6
 882 0044 35       		.uleb128 0x35
 883 0045 00       		.byte	0
 884 0046 49       		.uleb128 0x49
 885 0047 13       		.uleb128 0x13
 886 0048 00       		.byte	0
 887 0049 00       		.byte	0
 888 004a 07       		.uleb128 0x7
 889 004b 04       		.uleb128 0x4
 890 004c 01       		.byte	0x1
 891 004d 03       		.uleb128 0x3
 892 004e 0E       		.uleb128 0xe
 893 004f 0B       		.uleb128 0xb
 894 0050 0B       		.uleb128 0xb
 895 0051 3A       		.uleb128 0x3a
 896 0052 0B       		.uleb128 0xb
 897 0053 3B       		.uleb128 0x3b
 898 0054 0B       		.uleb128 0xb
 899 0055 01       		.uleb128 0x1
 900 0056 13       		.uleb128 0x13
 901 0057 00       		.byte	0
 902 0058 00       		.byte	0
 903 0059 08       		.uleb128 0x8
 904 005a 28       		.uleb128 0x28
 905 005b 00       		.byte	0
 906 005c 03       		.uleb128 0x3
 907 005d 08       		.uleb128 0x8
 908 005e 1C       		.uleb128 0x1c
 909 005f 0D       		.uleb128 0xd
 910 0060 00       		.byte	0
 911 0061 00       		.byte	0
 912 0062 09       		.uleb128 0x9
 913 0063 28       		.uleb128 0x28
 914 0064 00       		.byte	0
 915 0065 03       		.uleb128 0x3
 916 0066 0E       		.uleb128 0xe
 917 0067 1C       		.uleb128 0x1c
ARM GAS  C:\Users\PANXIA~1\AppData\Local\Temp\ccVtHKkh.s 			page 18


 918 0068 0D       		.uleb128 0xd
 919 0069 00       		.byte	0
 920 006a 00       		.byte	0
 921 006b 0A       		.uleb128 0xa
 922 006c 13       		.uleb128 0x13
 923 006d 01       		.byte	0x1
 924 006e 0B       		.uleb128 0xb
 925 006f 0B       		.uleb128 0xb
 926 0070 3A       		.uleb128 0x3a
 927 0071 0B       		.uleb128 0xb
 928 0072 3B       		.uleb128 0x3b
 929 0073 0B       		.uleb128 0xb
 930 0074 01       		.uleb128 0x1
 931 0075 13       		.uleb128 0x13
 932 0076 00       		.byte	0
 933 0077 00       		.byte	0
 934 0078 0B       		.uleb128 0xb
 935 0079 0D       		.uleb128 0xd
 936 007a 00       		.byte	0
 937 007b 03       		.uleb128 0x3
 938 007c 08       		.uleb128 0x8
 939 007d 3A       		.uleb128 0x3a
 940 007e 0B       		.uleb128 0xb
 941 007f 3B       		.uleb128 0x3b
 942 0080 0B       		.uleb128 0xb
 943 0081 49       		.uleb128 0x49
 944 0082 13       		.uleb128 0x13
 945 0083 38       		.uleb128 0x38
 946 0084 0B       		.uleb128 0xb
 947 0085 00       		.byte	0
 948 0086 00       		.byte	0
 949 0087 0C       		.uleb128 0xc
 950 0088 0D       		.uleb128 0xd
 951 0089 00       		.byte	0
 952 008a 03       		.uleb128 0x3
 953 008b 0E       		.uleb128 0xe
 954 008c 3A       		.uleb128 0x3a
 955 008d 0B       		.uleb128 0xb
 956 008e 3B       		.uleb128 0x3b
 957 008f 0B       		.uleb128 0xb
 958 0090 49       		.uleb128 0x49
 959 0091 13       		.uleb128 0x13
 960 0092 38       		.uleb128 0x38
 961 0093 0B       		.uleb128 0xb
 962 0094 00       		.byte	0
 963 0095 00       		.byte	0
 964 0096 0D       		.uleb128 0xd
 965 0097 2E       		.uleb128 0x2e
 966 0098 01       		.byte	0x1
 967 0099 3F       		.uleb128 0x3f
 968 009a 19       		.uleb128 0x19
 969 009b 03       		.uleb128 0x3
 970 009c 0E       		.uleb128 0xe
 971 009d 3A       		.uleb128 0x3a
 972 009e 0B       		.uleb128 0xb
 973 009f 3B       		.uleb128 0x3b
 974 00a0 0B       		.uleb128 0xb
ARM GAS  C:\Users\PANXIA~1\AppData\Local\Temp\ccVtHKkh.s 			page 19


 975 00a1 11       		.uleb128 0x11
 976 00a2 01       		.uleb128 0x1
 977 00a3 12       		.uleb128 0x12
 978 00a4 06       		.uleb128 0x6
 979 00a5 40       		.uleb128 0x40
 980 00a6 18       		.uleb128 0x18
 981 00a7 9742     		.uleb128 0x2117
 982 00a9 19       		.uleb128 0x19
 983 00aa 01       		.uleb128 0x1
 984 00ab 13       		.uleb128 0x13
 985 00ac 00       		.byte	0
 986 00ad 00       		.byte	0
 987 00ae 0E       		.uleb128 0xe
 988 00af 34       		.uleb128 0x34
 989 00b0 00       		.byte	0
 990 00b1 03       		.uleb128 0x3
 991 00b2 0E       		.uleb128 0xe
 992 00b3 3A       		.uleb128 0x3a
 993 00b4 0B       		.uleb128 0xb
 994 00b5 3B       		.uleb128 0x3b
 995 00b6 0B       		.uleb128 0xb
 996 00b7 49       		.uleb128 0x49
 997 00b8 13       		.uleb128 0x13
 998 00b9 1C       		.uleb128 0x1c
 999 00ba 0B       		.uleb128 0xb
 1000 00bb 00       		.byte	0
 1001 00bc 00       		.byte	0
 1002 00bd 0F       		.uleb128 0xf
 1003 00be 898201   		.uleb128 0x4109
 1004 00c1 01       		.byte	0x1
 1005 00c2 11       		.uleb128 0x11
 1006 00c3 01       		.uleb128 0x1
 1007 00c4 31       		.uleb128 0x31
 1008 00c5 13       		.uleb128 0x13
 1009 00c6 01       		.uleb128 0x1
 1010 00c7 13       		.uleb128 0x13
 1011 00c8 00       		.byte	0
 1012 00c9 00       		.byte	0
 1013 00ca 10       		.uleb128 0x10
 1014 00cb 8A8201   		.uleb128 0x410a
 1015 00ce 00       		.byte	0
 1016 00cf 02       		.uleb128 0x2
 1017 00d0 18       		.uleb128 0x18
 1018 00d1 9142     		.uleb128 0x2111
 1019 00d3 18       		.uleb128 0x18
 1020 00d4 00       		.byte	0
 1021 00d5 00       		.byte	0
 1022 00d6 11       		.uleb128 0x11
 1023 00d7 898201   		.uleb128 0x4109
 1024 00da 01       		.byte	0x1
 1025 00db 11       		.uleb128 0x11
 1026 00dc 01       		.uleb128 0x1
 1027 00dd 31       		.uleb128 0x31
 1028 00de 13       		.uleb128 0x13
 1029 00df 00       		.byte	0
 1030 00e0 00       		.byte	0
 1031 00e1 12       		.uleb128 0x12
ARM GAS  C:\Users\PANXIA~1\AppData\Local\Temp\ccVtHKkh.s 			page 20


 1032 00e2 2E       		.uleb128 0x2e
 1033 00e3 00       		.byte	0
 1034 00e4 3F       		.uleb128 0x3f
 1035 00e5 19       		.uleb128 0x19
 1036 00e6 03       		.uleb128 0x3
 1037 00e7 0E       		.uleb128 0xe
 1038 00e8 3A       		.uleb128 0x3a
 1039 00e9 0B       		.uleb128 0xb
 1040 00ea 3B       		.uleb128 0x3b
 1041 00eb 0B       		.uleb128 0xb
 1042 00ec 11       		.uleb128 0x11
 1043 00ed 01       		.uleb128 0x1
 1044 00ee 12       		.uleb128 0x12
 1045 00ef 06       		.uleb128 0x6
 1046 00f0 40       		.uleb128 0x40
 1047 00f1 18       		.uleb128 0x18
 1048 00f2 9742     		.uleb128 0x2117
 1049 00f4 19       		.uleb128 0x19
 1050 00f5 00       		.byte	0
 1051 00f6 00       		.byte	0
 1052 00f7 13       		.uleb128 0x13
 1053 00f8 2E       		.uleb128 0x2e
 1054 00f9 01       		.byte	0x1
 1055 00fa 3F       		.uleb128 0x3f
 1056 00fb 19       		.uleb128 0x19
 1057 00fc 03       		.uleb128 0x3
 1058 00fd 0E       		.uleb128 0xe
 1059 00fe 3A       		.uleb128 0x3a
 1060 00ff 0B       		.uleb128 0xb
 1061 0100 3B       		.uleb128 0x3b
 1062 0101 0B       		.uleb128 0xb
 1063 0102 27       		.uleb128 0x27
 1064 0103 19       		.uleb128 0x19
 1065 0104 11       		.uleb128 0x11
 1066 0105 01       		.uleb128 0x1
 1067 0106 12       		.uleb128 0x12
 1068 0107 06       		.uleb128 0x6
 1069 0108 40       		.uleb128 0x40
 1070 0109 18       		.uleb128 0x18
 1071 010a 9742     		.uleb128 0x2117
 1072 010c 19       		.uleb128 0x19
 1073 010d 01       		.uleb128 0x1
 1074 010e 13       		.uleb128 0x13
 1075 010f 00       		.byte	0
 1076 0110 00       		.byte	0
 1077 0111 14       		.uleb128 0x14
 1078 0112 05       		.uleb128 0x5
 1079 0113 00       		.byte	0
 1080 0114 03       		.uleb128 0x3
 1081 0115 08       		.uleb128 0x8
 1082 0116 3A       		.uleb128 0x3a
 1083 0117 0B       		.uleb128 0xb
 1084 0118 3B       		.uleb128 0x3b
 1085 0119 0B       		.uleb128 0xb
 1086 011a 49       		.uleb128 0x49
 1087 011b 13       		.uleb128 0x13
 1088 011c 02       		.uleb128 0x2
ARM GAS  C:\Users\PANXIA~1\AppData\Local\Temp\ccVtHKkh.s 			page 21


 1089 011d 17       		.uleb128 0x17
 1090 011e 00       		.byte	0
 1091 011f 00       		.byte	0
 1092 0120 15       		.uleb128 0x15
 1093 0121 34       		.uleb128 0x34
 1094 0122 00       		.byte	0
 1095 0123 03       		.uleb128 0x3
 1096 0124 0E       		.uleb128 0xe
 1097 0125 3A       		.uleb128 0x3a
 1098 0126 0B       		.uleb128 0xb
 1099 0127 3B       		.uleb128 0x3b
 1100 0128 0B       		.uleb128 0xb
 1101 0129 49       		.uleb128 0x49
 1102 012a 13       		.uleb128 0x13
 1103 012b 00       		.byte	0
 1104 012c 00       		.byte	0
 1105 012d 16       		.uleb128 0x16
 1106 012e 34       		.uleb128 0x34
 1107 012f 00       		.byte	0
 1108 0130 03       		.uleb128 0x3
 1109 0131 08       		.uleb128 0x8
 1110 0132 3A       		.uleb128 0x3a
 1111 0133 0B       		.uleb128 0xb
 1112 0134 3B       		.uleb128 0x3b
 1113 0135 0B       		.uleb128 0xb
 1114 0136 49       		.uleb128 0x49
 1115 0137 13       		.uleb128 0x13
 1116 0138 02       		.uleb128 0x2
 1117 0139 17       		.uleb128 0x17
 1118 013a 00       		.byte	0
 1119 013b 00       		.byte	0
 1120 013c 17       		.uleb128 0x17
 1121 013d 0F       		.uleb128 0xf
 1122 013e 00       		.byte	0
 1123 013f 0B       		.uleb128 0xb
 1124 0140 0B       		.uleb128 0xb
 1125 0141 49       		.uleb128 0x49
 1126 0142 13       		.uleb128 0x13
 1127 0143 00       		.byte	0
 1128 0144 00       		.byte	0
 1129 0145 18       		.uleb128 0x18
 1130 0146 34       		.uleb128 0x34
 1131 0147 00       		.byte	0
 1132 0148 03       		.uleb128 0x3
 1133 0149 0E       		.uleb128 0xe
 1134 014a 3A       		.uleb128 0x3a
 1135 014b 0B       		.uleb128 0xb
 1136 014c 3B       		.uleb128 0x3b
 1137 014d 05       		.uleb128 0x5
 1138 014e 49       		.uleb128 0x49
 1139 014f 13       		.uleb128 0x13
 1140 0150 3F       		.uleb128 0x3f
 1141 0151 19       		.uleb128 0x19
 1142 0152 3C       		.uleb128 0x3c
 1143 0153 19       		.uleb128 0x19
 1144 0154 00       		.byte	0
 1145 0155 00       		.byte	0
ARM GAS  C:\Users\PANXIA~1\AppData\Local\Temp\ccVtHKkh.s 			page 22


 1146 0156 19       		.uleb128 0x19
 1147 0157 34       		.uleb128 0x34
 1148 0158 00       		.byte	0
 1149 0159 03       		.uleb128 0x3
 1150 015a 0E       		.uleb128 0xe
 1151 015b 3A       		.uleb128 0x3a
 1152 015c 0B       		.uleb128 0xb
 1153 015d 3B       		.uleb128 0x3b
 1154 015e 0B       		.uleb128 0xb
 1155 015f 49       		.uleb128 0x49
 1156 0160 13       		.uleb128 0x13
 1157 0161 3F       		.uleb128 0x3f
 1158 0162 19       		.uleb128 0x19
 1159 0163 02       		.uleb128 0x2
 1160 0164 18       		.uleb128 0x18
 1161 0165 00       		.byte	0
 1162 0166 00       		.byte	0
 1163 0167 1A       		.uleb128 0x1a
 1164 0168 2E       		.uleb128 0x2e
 1165 0169 01       		.byte	0x1
 1166 016a 3F       		.uleb128 0x3f
 1167 016b 19       		.uleb128 0x19
 1168 016c 03       		.uleb128 0x3
 1169 016d 0E       		.uleb128 0xe
 1170 016e 3A       		.uleb128 0x3a
 1171 016f 0B       		.uleb128 0xb
 1172 0170 3B       		.uleb128 0x3b
 1173 0171 0B       		.uleb128 0xb
 1174 0172 27       		.uleb128 0x27
 1175 0173 19       		.uleb128 0x19
 1176 0174 49       		.uleb128 0x49
 1177 0175 13       		.uleb128 0x13
 1178 0176 3C       		.uleb128 0x3c
 1179 0177 19       		.uleb128 0x19
 1180 0178 01       		.uleb128 0x1
 1181 0179 13       		.uleb128 0x13
 1182 017a 00       		.byte	0
 1183 017b 00       		.byte	0
 1184 017c 1B       		.uleb128 0x1b
 1185 017d 05       		.uleb128 0x5
 1186 017e 00       		.byte	0
 1187 017f 49       		.uleb128 0x49
 1188 0180 13       		.uleb128 0x13
 1189 0181 00       		.byte	0
 1190 0182 00       		.byte	0
 1191 0183 1C       		.uleb128 0x1c
 1192 0184 2E       		.uleb128 0x2e
 1193 0185 01       		.byte	0x1
 1194 0186 3F       		.uleb128 0x3f
 1195 0187 19       		.uleb128 0x19
 1196 0188 03       		.uleb128 0x3
 1197 0189 0E       		.uleb128 0xe
 1198 018a 3A       		.uleb128 0x3a
 1199 018b 0B       		.uleb128 0xb
 1200 018c 3B       		.uleb128 0x3b
 1201 018d 0B       		.uleb128 0xb
 1202 018e 27       		.uleb128 0x27
ARM GAS  C:\Users\PANXIA~1\AppData\Local\Temp\ccVtHKkh.s 			page 23


 1203 018f 19       		.uleb128 0x19
 1204 0190 49       		.uleb128 0x49
 1205 0191 13       		.uleb128 0x13
 1206 0192 3C       		.uleb128 0x3c
 1207 0193 19       		.uleb128 0x19
 1208 0194 00       		.byte	0
 1209 0195 00       		.byte	0
 1210 0196 00       		.byte	0
 1211              		.section	.debug_loc,"",%progbits
 1212              	.Ldebug_loc0:
 1213              	.LLST0:
 1214 0000 00000000 		.4byte	.LVL5
 1215 0004 0A000000 		.4byte	.LVL7
 1216 0008 0100     		.2byte	0x1
 1217 000a 50       		.byte	0x50
 1218 000b 0A000000 		.4byte	.LVL7
 1219 000f 1C000000 		.4byte	.LFE65
 1220 0013 0100     		.2byte	0x1
 1221 0015 56       		.byte	0x56
 1222 0016 00000000 		.4byte	0
 1223 001a 00000000 		.4byte	0
 1224              	.LLST1:
 1225 001e 00000000 		.4byte	.LVL5
 1226 0022 0A000000 		.4byte	.LVL7
 1227 0026 0100     		.2byte	0x1
 1228 0028 51       		.byte	0x51
 1229 0029 0A000000 		.4byte	.LVL7
 1230 002d 1C000000 		.4byte	.LFE65
 1231 0031 0400     		.2byte	0x4
 1232 0033 F3       		.byte	0xf3
 1233 0034 01       		.uleb128 0x1
 1234 0035 51       		.byte	0x51
 1235 0036 9F       		.byte	0x9f
 1236 0037 00000000 		.4byte	0
 1237 003b 00000000 		.4byte	0
 1238              	.LLST2:
 1239 003f 06000000 		.4byte	.LVL6
 1240 0043 0A000000 		.4byte	.LVL7
 1241 0047 0200     		.2byte	0x2
 1242 0049 30       		.byte	0x30
 1243 004a 9F       		.byte	0x9f
 1244 004b 0A000000 		.4byte	.LVL7
 1245 004f 14000000 		.4byte	.LVL9
 1246 0053 0100     		.2byte	0x1
 1247 0055 54       		.byte	0x54
 1248 0056 16000000 		.4byte	.LVL10
 1249 005a 1C000000 		.4byte	.LFE65
 1250 005e 0100     		.2byte	0x1
 1251 0060 54       		.byte	0x54
 1252 0061 00000000 		.4byte	0
 1253 0065 00000000 		.4byte	0
 1254              		.section	.debug_aranges,"",%progbits
 1255 0000 34000000 		.4byte	0x34
 1256 0004 0200     		.2byte	0x2
 1257 0006 00000000 		.4byte	.Ldebug_info0
 1258 000a 04       		.byte	0x4
 1259 000b 00       		.byte	0
ARM GAS  C:\Users\PANXIA~1\AppData\Local\Temp\ccVtHKkh.s 			page 24


 1260 000c 0000     		.2byte	0
 1261 000e 0000     		.2byte	0
 1262 0010 00000000 		.4byte	.LFB63
 1263 0014 3C000000 		.4byte	.LFE63-.LFB63
 1264 0018 00000000 		.4byte	.LFB64
 1265 001c 30000000 		.4byte	.LFE64-.LFB64
 1266 0020 00000000 		.4byte	.LFB65
 1267 0024 1C000000 		.4byte	.LFE65-.LFB65
 1268 0028 00000000 		.4byte	.LFB66
 1269 002c 02000000 		.4byte	.LFE66-.LFB66
 1270 0030 00000000 		.4byte	0
 1271 0034 00000000 		.4byte	0
 1272              		.section	.debug_ranges,"",%progbits
 1273              	.Ldebug_ranges0:
 1274 0000 00000000 		.4byte	.LFB63
 1275 0004 3C000000 		.4byte	.LFE63
 1276 0008 00000000 		.4byte	.LFB64
 1277 000c 30000000 		.4byte	.LFE64
 1278 0010 00000000 		.4byte	.LFB65
 1279 0014 1C000000 		.4byte	.LFE65
 1280 0018 00000000 		.4byte	.LFB66
 1281 001c 02000000 		.4byte	.LFE66
 1282 0020 00000000 		.4byte	0
 1283 0024 00000000 		.4byte	0
 1284              		.section	.debug_line,"",%progbits
 1285              	.Ldebug_line0:
 1286 0000 C4010000 		.section	.debug_str,"MS",%progbits,1
 1286      02006601 
 1286      00000201 
 1286      FB0E0D00 
 1286      01010101 
 1287              	.LASF86:
 1288 0000 53797374 		.ascii	"SystemInfo_Init\000"
 1288      656D496E 
 1288      666F5F49 
 1288      6E697400 
 1289              	.LASF45:
 1290 0010 535F5359 		.ascii	"S_SYSTEMINFO\000"
 1290      5354454D 
 1290      494E464F 
 1290      00
 1291              	.LASF83:
 1292 001d 474E5520 		.ascii	"GNU C 4.9.3 20150303 (release) [ARM/embedded-4_9-br"
 1292      4320342E 
 1292      392E3320 
 1292      32303135 
 1292      30333033 
 1293 0050 616E6368 		.ascii	"anch revision 221220] -mcpu=cortex-m3 -mthumb -g -O"
 1293      20726576 
 1293      6973696F 
 1293      6E203232 
 1293      31323230 
 1294 0083 67202D66 		.ascii	"g -ffunction-sections -ffat-lto-objects\000"
 1294      66756E63 
 1294      74696F6E 
 1294      2D736563 
 1294      74696F6E 
ARM GAS  C:\Users\PANXIA~1\AppData\Local\Temp\ccVtHKkh.s 			page 25


 1295              	.LASF42:
 1296 00ab 746F746F 		.ascii	"totol_run_time\000"
 1296      6C5F7275 
 1296      6E5F7469 
 1296      6D6500
 1297              	.LASF63:
 1298 00ba 64697374 		.ascii	"distance_back\000"
 1298      616E6365 
 1298      5F626163 
 1298      6B00
 1299              	.LASF24:
 1300 00c8 52494748 		.ascii	"RIGHT\000"
 1300      5400
 1301              	.LASF89:
 1302 00ce 45455052 		.ascii	"EEPROM_ReadByte\000"
 1302      4F4D5F52 
 1302      65616442 
 1302      79746500 
 1303              	.LASF2:
 1304 00de 73686F72 		.ascii	"short int\000"
 1304      7420696E 
 1304      7400
 1305              	.LASF21:
 1306 00e8 73697A65 		.ascii	"sizetype\000"
 1306      74797065 
 1306      00
 1307              	.LASF65:
 1308 00f1 4D5F436F 		.ascii	"M_Command\000"
 1308      6D6D616E 
 1308      6400
 1309              	.LASF62:
 1310 00fb 64697374 		.ascii	"distance_front\000"
 1310      616E6365 
 1310      5F66726F 
 1310      6E7400
 1311              	.LASF51:
 1312 010a 7365745F 		.ascii	"set_push_dir\000"
 1312      70757368 
 1312      5F646972 
 1312      00
 1313              	.LASF26:
 1314 0117 55505F52 		.ascii	"UP_RIGHT\000"
 1314      49474854 
 1314      00
 1315              	.LASF32:
 1316 0120 57484545 		.ascii	"WHEEL_DIR\000"
 1316      4C5F4449 
 1316      5200
 1317              	.LASF17:
 1318 012a 646F7562 		.ascii	"double\000"
 1318      6C6500
 1319              	.LASF67:
 1320 0131 4D5F7261 		.ascii	"M_radix\000"
 1320      64697800 
 1321              	.LASF34:
 1322 0139 52455645 		.ascii	"REVERSAL\000"
 1322      5253414C 
ARM GAS  C:\Users\PANXIA~1\AppData\Local\Temp\ccVtHKkh.s 			page 26


 1322      00
 1323              	.LASF84:
 1324 0142 2E5C7379 		.ascii	".\\systemInfo.c\000"
 1324      7374656D 
 1324      496E666F 
 1324      2E6300
 1325              	.LASF12:
 1326 0151 75696E74 		.ascii	"uint16\000"
 1326      313600
 1327              	.LASF14:
 1328 0158 696E7431 		.ascii	"int16\000"
 1328      3600
 1329              	.LASF11:
 1330 015e 75696E74 		.ascii	"uint8\000"
 1330      3800
 1331              	.LASF69:
 1332 0164 66616C6C 		.ascii	"fallback_mode\000"
 1332      6261636B 
 1332      5F6D6F64 
 1332      6500
 1333              	.LASF31:
 1334 0172 4341525F 		.ascii	"CAR_DIR\000"
 1334      44495200 
 1335              	.LASF40:
 1336 017a 6361725F 		.ascii	"car_runing_time\000"
 1336      72756E69 
 1336      6E675F74 
 1336      696D6500 
 1337              	.LASF59:
 1338 018a 73746565 		.ascii	"steering_cur_positon2\000"
 1338      72696E67 
 1338      5F637572 
 1338      5F706F73 
 1338      69746F6E 
 1339              	.LASF61:
 1340 01a0 68656172 		.ascii	"hearting\000"
 1340      74696E67 
 1340      00
 1341              	.LASF41:
 1342 01a9 6C617374 		.ascii	"last_run_time\000"
 1342      5F72756E 
 1342      5F74696D 
 1342      6500
 1343              	.LASF36:
 1344 01b7 535F5748 		.ascii	"S_WHEEL\000"
 1344      45454C00 
 1345              	.LASF57:
 1346 01bf 73746565 		.ascii	"steering_cur_positon1\000"
 1346      72696E67 
 1346      5F637572 
 1346      5F706F73 
 1346      69746F6E 
 1347              	.LASF16:
 1348 01d5 666C6F61 		.ascii	"float\000"
 1348      7400
 1349              	.LASF77:
 1350 01db 74656D70 		.ascii	"temp\000"
ARM GAS  C:\Users\PANXIA~1\AppData\Local\Temp\ccVtHKkh.s 			page 27


 1350      00
 1351              	.LASF6:
 1352 01e0 6C6F6E67 		.ascii	"long long int\000"
 1352      206C6F6E 
 1352      6720696E 
 1352      7400
 1353              	.LASF46:
 1354 01ee 4361725F 		.ascii	"Car_lock\000"
 1354      6C6F636B 
 1354      00
 1355              	.LASF30:
 1356 01f7 57414954 		.ascii	"WAIT_DIR\000"
 1356      5F444952 
 1356      00
 1357              	.LASF4:
 1358 0200 6C6F6E67 		.ascii	"long int\000"
 1358      20696E74 
 1358      00
 1359              	.LASF81:
 1360 0209 675F4361 		.ascii	"g_Car\000"
 1360      7200
 1361              	.LASF54:
 1362 020f 6C656674 		.ascii	"left_behind_wheel\000"
 1362      5F626568 
 1362      696E645F 
 1362      77686565 
 1362      6C00
 1363              	.LASF56:
 1364 0221 72696768 		.ascii	"right_behind_wheel\000"
 1364      745F6265 
 1364      68696E64 
 1364      5F776865 
 1364      656C00
 1365              	.LASF33:
 1366 0234 464F5257 		.ascii	"FORWARD\000"
 1366      41524400 
 1367              	.LASF43:
 1368 023c 68617264 		.ascii	"hardware_ver\000"
 1368      77617265 
 1368      5F766572 
 1368      00
 1369              	.LASF70:
 1370 0249 73797374 		.ascii	"systeminfo\000"
 1370      656D696E 
 1370      666F00
 1371              	.LASF27:
 1372 0254 444F574E 		.ascii	"DOWN_LEFT\000"
 1372      5F4C4546 
 1372      5400
 1373              	.LASF23:
 1374 025e 4C454654 		.ascii	"LEFT\000"
 1374      00
 1375              	.LASF50:
 1376 0263 7072655F 		.ascii	"pre_dir\000"
 1376      64697200 
 1377              	.LASF28:
 1378 026b 444F574E 		.ascii	"DOWN_RIGHT\000"
ARM GAS  C:\Users\PANXIA~1\AppData\Local\Temp\ccVtHKkh.s 			page 28


 1378      5F524947 
 1378      485400
 1379              	.LASF82:
 1380 0276 74696D65 		.ascii	"time_count\000"
 1380      5F636F75 
 1380      6E7400
 1381              	.LASF85:
 1382 0281 463A5C70 		.ascii	"F:\\project\\robot\\T1\\FW\\trunk\\robot_car_V5\\ca"
 1382      726F6A65 
 1382      63745C72 
 1382      6F626F74 
 1382      5C54315C 
 1383 02ad 722E6379 		.ascii	"r.cydsn\000"
 1383      64736E00 
 1384              	.LASF1:
 1385 02b5 756E7369 		.ascii	"unsigned char\000"
 1385      676E6564 
 1385      20636861 
 1385      7200
 1386              	.LASF0:
 1387 02c3 7369676E 		.ascii	"signed char\000"
 1387      65642063 
 1387      68617200 
 1388              	.LASF7:
 1389 02cf 6C6F6E67 		.ascii	"long long unsigned int\000"
 1389      206C6F6E 
 1389      6720756E 
 1389      7369676E 
 1389      65642069 
 1390              	.LASF8:
 1391 02e6 756E7369 		.ascii	"unsigned int\000"
 1391      676E6564 
 1391      20696E74 
 1391      00
 1392              	.LASF75:
 1393 02f3 63757272 		.ascii	"current\000"
 1393      656E7400 
 1394              	.LASF72:
 1395 02fb 73706565 		.ascii	"speed_control_preiod\000"
 1395      645F636F 
 1395      6E74726F 
 1395      6C5F7072 
 1395      65696F64 
 1396              	.LASF3:
 1397 0310 73686F72 		.ascii	"short unsigned int\000"
 1397      7420756E 
 1397      7369676E 
 1397      65642069 
 1397      6E7400
 1398              	.LASF73:
 1399 0323 6C696865 		.ascii	"liheqi\000"
 1399      716900
 1400              	.LASF25:
 1401 032a 55505F4C 		.ascii	"UP_LEFT\000"
 1401      45465400 
 1402              	.LASF18:
 1403 0332 63686172 		.ascii	"char\000"
ARM GAS  C:\Users\PANXIA~1\AppData\Local\Temp\ccVtHKkh.s 			page 29


 1403      00
 1404              	.LASF19:
 1405 0337 63797374 		.ascii	"cystatus\000"
 1405      61747573 
 1405      00
 1406              	.LASF10:
 1407 0340 696E7433 		.ascii	"int32_t\000"
 1407      325F7400 
 1408              	.LASF58:
 1409 0348 73746565 		.ascii	"steering_set_positon1\000"
 1409      72696E67 
 1409      5F736574 
 1409      5F706F73 
 1409      69746F6E 
 1410              	.LASF60:
 1411 035e 73746565 		.ascii	"steering_set_positon2\000"
 1411      72696E67 
 1411      5F736574 
 1411      5F706F73 
 1411      69746F6E 
 1412              	.LASF44:
 1413 0374 736F6674 		.ascii	"software_ver\000"
 1413      77617265 
 1413      5F766572 
 1413      00
 1414              	.LASF38:
 1415 0381 746F746F 		.ascii	"totol_run_count\000"
 1415      6C5F7275 
 1415      6E5F636F 
 1415      756E7400 
 1416              	.LASF37:
 1417 0391 4E554C4C 		.ascii	"NULL_S\000"
 1417      5F5300
 1418              	.LASF22:
 1419 0398 444F574E 		.ascii	"DOWN\000"
 1419      00
 1420              	.LASF76:
 1421 039d 535F4341 		.ascii	"S_CAR\000"
 1421      5200
 1422              	.LASF39:
 1423 03a3 6375725F 		.ascii	"cur_run_time\000"
 1423      72756E5F 
 1423      74696D65 
 1423      00
 1424              	.LASF49:
 1425 03b0 7365745F 		.ascii	"set_ptz_dir\000"
 1425      70747A5F 
 1425      64697200 
 1426              	.LASF87:
 1427 03bc 45455052 		.ascii	"EEPROM_Array_Read\000"
 1427      4F4D5F41 
 1427      72726179 
 1427      5F526561 
 1427      6400
 1428              	.LASF13:
 1429 03ce 75696E74 		.ascii	"uint32\000"
 1429      333200
ARM GAS  C:\Users\PANXIA~1\AppData\Local\Temp\ccVtHKkh.s 			page 30


 1430              	.LASF20:
 1431 03d5 72656738 		.ascii	"reg8\000"
 1431      00
 1432              	.LASF5:
 1433 03da 6C6F6E67 		.ascii	"long unsigned int\000"
 1433      20756E73 
 1433      69676E65 
 1433      6420696E 
 1433      7400
 1434              	.LASF15:
 1435 03ec 696E7433 		.ascii	"int32\000"
 1435      3200
 1436              	.LASF88:
 1437 03f2 52656750 		.ascii	"RegPointer\000"
 1437      6F696E74 
 1437      657200
 1438              	.LASF71:
 1439 03fd 73687574 		.ascii	"shutdown_flag\000"
 1439      646F776E 
 1439      5F666C61 
 1439      6700
 1440              	.LASF64:
 1441 040b 6D656173 		.ascii	"measure_distance_flag\000"
 1441      7572655F 
 1441      64697374 
 1441      616E6365 
 1441      5F666C61 
 1442              	.LASF74:
 1443 0421 62617474 		.ascii	"batteryTemp\000"
 1443      65727954 
 1443      656D7000 
 1444              	.LASF66:
 1445 042d 4D5F7661 		.ascii	"M_value\000"
 1445      6C756500 
 1446              	.LASF78:
 1447 0435 43616C5F 		.ascii	"Cal_time\000"
 1447      74696D65 
 1447      00
 1448              	.LASF55:
 1449 043e 72696768 		.ascii	"right_front_wheel\000"
 1449      745F6672 
 1449      6F6E745F 
 1449      77686565 
 1449      6C00
 1450              	.LASF53:
 1451 0450 6C656674 		.ascii	"left_front_wheel\000"
 1451      5F66726F 
 1451      6E745F77 
 1451      6865656C 
 1451      00
 1452              	.LASF9:
 1453 0461 5F5F696E 		.ascii	"__int32_t\000"
 1453      7433325F 
 1453      7400
 1454              	.LASF79:
 1455 046b 53797374 		.ascii	"System_check\000"
 1455      656D5F63 
ARM GAS  C:\Users\PANXIA~1\AppData\Local\Temp\ccVtHKkh.s 			page 31


 1455      6865636B 
 1455      00
 1456              	.LASF52:
 1457 0478 7365745F 		.ascii	"set_car_speed\000"
 1457      6361725F 
 1457      73706565 
 1457      6400
 1458              	.LASF29:
 1459 0486 53544F50 		.ascii	"STOP\000"
 1459      00
 1460              	.LASF68:
 1461 048b 4D5F7265 		.ascii	"M_result\000"
 1461      73756C74 
 1461      00
 1462              	.LASF47:
 1463 0494 6572726F 		.ascii	"error\000"
 1463      7200
 1464              	.LASF35:
 1465 049a 57484545 		.ascii	"WHEEL_STOP\000"
 1465      4C5F5354 
 1465      4F5000
 1466              	.LASF48:
 1467 04a5 7365745F 		.ascii	"set_dir\000"
 1467      64697200 
 1468              	.LASF80:
 1469 04ad 49544D5F 		.ascii	"ITM_RxBuffer\000"
 1469      52784275 
 1469      66666572 
 1469      00
 1470              	.LASF90:
 1471 04ba 45455052 		.ascii	"EEPROM_WriteByte\000"
 1471      4F4D5F57 
 1471      72697465 
 1471      42797465 
 1471      00
 1472              		.ident	"GCC: (GNU Tools for ARM Embedded Processors) 4.9.3 20150303 (release) [ARM/embedded-4_9-br
