ARM GAS  C:\Users\pxc\AppData\Local\Temp\ccZi9rVN.s 			page 1


   1              		.syntax unified
   2              		.cpu cortex-m3
   3              		.fpu softvfp
   4              		.eabi_attribute 20, 1
   5              		.eabi_attribute 21, 1
   6              		.eabi_attribute 23, 3
   7              		.eabi_attribute 24, 1
   8              		.eabi_attribute 25, 1
   9              		.eabi_attribute 26, 1
  10              		.eabi_attribute 30, 1
  11              		.eabi_attribute 34, 1
  12              		.eabi_attribute 18, 4
  13              		.thumb
  14              		.file	"UART_JY_1_PM.c"
  15              		.text
  16              	.Ltext0:
  17              		.cfi_sections	.debug_frame
  18              		.section	.text.UART_JY_1_SaveConfig,"ax",%progbits
  19              		.align	2
  20              		.global	UART_JY_1_SaveConfig
  21              		.thumb
  22              		.thumb_func
  23              		.type	UART_JY_1_SaveConfig, %function
  24              	UART_JY_1_SaveConfig:
  25              	.LFB0:
  26              		.file 1 ".\\Generated_Source\\PSoC5\\UART_JY_1_PM.c"
   1:.\Generated_Source\PSoC5/UART_JY_1_PM.c **** /*******************************************************************************
   2:.\Generated_Source\PSoC5/UART_JY_1_PM.c **** * File Name: UART_JY_1_PM.c
   3:.\Generated_Source\PSoC5/UART_JY_1_PM.c **** * Version 2.50
   4:.\Generated_Source\PSoC5/UART_JY_1_PM.c **** *
   5:.\Generated_Source\PSoC5/UART_JY_1_PM.c **** * Description:
   6:.\Generated_Source\PSoC5/UART_JY_1_PM.c **** *  This file provides Sleep/WakeUp APIs functionality.
   7:.\Generated_Source\PSoC5/UART_JY_1_PM.c **** *
   8:.\Generated_Source\PSoC5/UART_JY_1_PM.c **** * Note:
   9:.\Generated_Source\PSoC5/UART_JY_1_PM.c **** *
  10:.\Generated_Source\PSoC5/UART_JY_1_PM.c **** ********************************************************************************
  11:.\Generated_Source\PSoC5/UART_JY_1_PM.c **** * Copyright 2008-2015, Cypress Semiconductor Corporation.  All rights reserved.
  12:.\Generated_Source\PSoC5/UART_JY_1_PM.c **** * You may use this file only in accordance with the license, terms, conditions,
  13:.\Generated_Source\PSoC5/UART_JY_1_PM.c **** * disclaimers, and limitations in the end user license agreement accompanying
  14:.\Generated_Source\PSoC5/UART_JY_1_PM.c **** * the software package with which this file was provided.
  15:.\Generated_Source\PSoC5/UART_JY_1_PM.c **** *******************************************************************************/
  16:.\Generated_Source\PSoC5/UART_JY_1_PM.c **** 
  17:.\Generated_Source\PSoC5/UART_JY_1_PM.c **** #include "UART_JY_1.h"
  18:.\Generated_Source\PSoC5/UART_JY_1_PM.c **** 
  19:.\Generated_Source\PSoC5/UART_JY_1_PM.c **** 
  20:.\Generated_Source\PSoC5/UART_JY_1_PM.c **** /***************************************
  21:.\Generated_Source\PSoC5/UART_JY_1_PM.c **** * Local data allocation
  22:.\Generated_Source\PSoC5/UART_JY_1_PM.c **** ***************************************/
  23:.\Generated_Source\PSoC5/UART_JY_1_PM.c **** 
  24:.\Generated_Source\PSoC5/UART_JY_1_PM.c **** static UART_JY_1_BACKUP_STRUCT  UART_JY_1_backup =
  25:.\Generated_Source\PSoC5/UART_JY_1_PM.c **** {
  26:.\Generated_Source\PSoC5/UART_JY_1_PM.c ****     /* enableState - disabled */
  27:.\Generated_Source\PSoC5/UART_JY_1_PM.c ****     0u,
  28:.\Generated_Source\PSoC5/UART_JY_1_PM.c **** };
  29:.\Generated_Source\PSoC5/UART_JY_1_PM.c **** 
  30:.\Generated_Source\PSoC5/UART_JY_1_PM.c **** 
  31:.\Generated_Source\PSoC5/UART_JY_1_PM.c **** 
ARM GAS  C:\Users\pxc\AppData\Local\Temp\ccZi9rVN.s 			page 2


  32:.\Generated_Source\PSoC5/UART_JY_1_PM.c **** /*******************************************************************************
  33:.\Generated_Source\PSoC5/UART_JY_1_PM.c **** * Function Name: UART_JY_1_SaveConfig
  34:.\Generated_Source\PSoC5/UART_JY_1_PM.c **** ********************************************************************************
  35:.\Generated_Source\PSoC5/UART_JY_1_PM.c **** *
  36:.\Generated_Source\PSoC5/UART_JY_1_PM.c **** * Summary:
  37:.\Generated_Source\PSoC5/UART_JY_1_PM.c **** *  This function saves the component nonretention control register.
  38:.\Generated_Source\PSoC5/UART_JY_1_PM.c **** *  Does not save the FIFO which is a set of nonretention registers.
  39:.\Generated_Source\PSoC5/UART_JY_1_PM.c **** *  This function is called by the UART_JY_1_Sleep() function.
  40:.\Generated_Source\PSoC5/UART_JY_1_PM.c **** *
  41:.\Generated_Source\PSoC5/UART_JY_1_PM.c **** * Parameters:
  42:.\Generated_Source\PSoC5/UART_JY_1_PM.c **** *  None.
  43:.\Generated_Source\PSoC5/UART_JY_1_PM.c **** *
  44:.\Generated_Source\PSoC5/UART_JY_1_PM.c **** * Return:
  45:.\Generated_Source\PSoC5/UART_JY_1_PM.c **** *  None.
  46:.\Generated_Source\PSoC5/UART_JY_1_PM.c **** *
  47:.\Generated_Source\PSoC5/UART_JY_1_PM.c **** * Global Variables:
  48:.\Generated_Source\PSoC5/UART_JY_1_PM.c **** *  UART_JY_1_backup - modified when non-retention registers are saved.
  49:.\Generated_Source\PSoC5/UART_JY_1_PM.c **** *
  50:.\Generated_Source\PSoC5/UART_JY_1_PM.c **** * Reentrant:
  51:.\Generated_Source\PSoC5/UART_JY_1_PM.c **** *  No.
  52:.\Generated_Source\PSoC5/UART_JY_1_PM.c **** *
  53:.\Generated_Source\PSoC5/UART_JY_1_PM.c **** *******************************************************************************/
  54:.\Generated_Source\PSoC5/UART_JY_1_PM.c **** void UART_JY_1_SaveConfig(void)
  55:.\Generated_Source\PSoC5/UART_JY_1_PM.c **** {
  27              		.loc 1 55 0
  28              		.cfi_startproc
  29              		@ args = 0, pretend = 0, frame = 0
  30              		@ frame_needed = 0, uses_anonymous_args = 0
  31              		@ link register save eliminated.
  32 0000 7047     		bx	lr
  33              		.cfi_endproc
  34              	.LFE0:
  35              		.size	UART_JY_1_SaveConfig, .-UART_JY_1_SaveConfig
  36 0002 00BF     		.section	.text.UART_JY_1_RestoreConfig,"ax",%progbits
  37              		.align	2
  38              		.global	UART_JY_1_RestoreConfig
  39              		.thumb
  40              		.thumb_func
  41              		.type	UART_JY_1_RestoreConfig, %function
  42              	UART_JY_1_RestoreConfig:
  43              	.LFB1:
  56:.\Generated_Source\PSoC5/UART_JY_1_PM.c ****     #if(UART_JY_1_CONTROL_REG_REMOVED == 0u)
  57:.\Generated_Source\PSoC5/UART_JY_1_PM.c ****         UART_JY_1_backup.cr = UART_JY_1_CONTROL_REG;
  58:.\Generated_Source\PSoC5/UART_JY_1_PM.c ****     #endif /* End UART_JY_1_CONTROL_REG_REMOVED */
  59:.\Generated_Source\PSoC5/UART_JY_1_PM.c **** }
  60:.\Generated_Source\PSoC5/UART_JY_1_PM.c **** 
  61:.\Generated_Source\PSoC5/UART_JY_1_PM.c **** 
  62:.\Generated_Source\PSoC5/UART_JY_1_PM.c **** /*******************************************************************************
  63:.\Generated_Source\PSoC5/UART_JY_1_PM.c **** * Function Name: UART_JY_1_RestoreConfig
  64:.\Generated_Source\PSoC5/UART_JY_1_PM.c **** ********************************************************************************
  65:.\Generated_Source\PSoC5/UART_JY_1_PM.c **** *
  66:.\Generated_Source\PSoC5/UART_JY_1_PM.c **** * Summary:
  67:.\Generated_Source\PSoC5/UART_JY_1_PM.c **** *  Restores the nonretention control register except FIFO.
  68:.\Generated_Source\PSoC5/UART_JY_1_PM.c **** *  Does not restore the FIFO which is a set of nonretention registers.
  69:.\Generated_Source\PSoC5/UART_JY_1_PM.c **** *
  70:.\Generated_Source\PSoC5/UART_JY_1_PM.c **** * Parameters:
  71:.\Generated_Source\PSoC5/UART_JY_1_PM.c **** *  None.
ARM GAS  C:\Users\pxc\AppData\Local\Temp\ccZi9rVN.s 			page 3


  72:.\Generated_Source\PSoC5/UART_JY_1_PM.c **** *
  73:.\Generated_Source\PSoC5/UART_JY_1_PM.c **** * Return:
  74:.\Generated_Source\PSoC5/UART_JY_1_PM.c **** *  None.
  75:.\Generated_Source\PSoC5/UART_JY_1_PM.c **** *
  76:.\Generated_Source\PSoC5/UART_JY_1_PM.c **** * Global Variables:
  77:.\Generated_Source\PSoC5/UART_JY_1_PM.c **** *  UART_JY_1_backup - used when non-retention registers are restored.
  78:.\Generated_Source\PSoC5/UART_JY_1_PM.c **** *
  79:.\Generated_Source\PSoC5/UART_JY_1_PM.c **** * Reentrant:
  80:.\Generated_Source\PSoC5/UART_JY_1_PM.c **** *  No.
  81:.\Generated_Source\PSoC5/UART_JY_1_PM.c **** *
  82:.\Generated_Source\PSoC5/UART_JY_1_PM.c **** * Notes:
  83:.\Generated_Source\PSoC5/UART_JY_1_PM.c **** *  If this function is called without calling UART_JY_1_SaveConfig() 
  84:.\Generated_Source\PSoC5/UART_JY_1_PM.c **** *  first, the data loaded may be incorrect.
  85:.\Generated_Source\PSoC5/UART_JY_1_PM.c **** *
  86:.\Generated_Source\PSoC5/UART_JY_1_PM.c **** *******************************************************************************/
  87:.\Generated_Source\PSoC5/UART_JY_1_PM.c **** void UART_JY_1_RestoreConfig(void)
  88:.\Generated_Source\PSoC5/UART_JY_1_PM.c **** {
  44              		.loc 1 88 0
  45              		.cfi_startproc
  46              		@ args = 0, pretend = 0, frame = 0
  47              		@ frame_needed = 0, uses_anonymous_args = 0
  48              		@ link register save eliminated.
  49 0000 7047     		bx	lr
  50              		.cfi_endproc
  51              	.LFE1:
  52              		.size	UART_JY_1_RestoreConfig, .-UART_JY_1_RestoreConfig
  53 0002 00BF     		.section	.text.UART_JY_1_Sleep,"ax",%progbits
  54              		.align	2
  55              		.global	UART_JY_1_Sleep
  56              		.thumb
  57              		.thumb_func
  58              		.type	UART_JY_1_Sleep, %function
  59              	UART_JY_1_Sleep:
  60              	.LFB2:
  89:.\Generated_Source\PSoC5/UART_JY_1_PM.c ****     #if(UART_JY_1_CONTROL_REG_REMOVED == 0u)
  90:.\Generated_Source\PSoC5/UART_JY_1_PM.c ****         UART_JY_1_CONTROL_REG = UART_JY_1_backup.cr;
  91:.\Generated_Source\PSoC5/UART_JY_1_PM.c ****     #endif /* End UART_JY_1_CONTROL_REG_REMOVED */
  92:.\Generated_Source\PSoC5/UART_JY_1_PM.c **** }
  93:.\Generated_Source\PSoC5/UART_JY_1_PM.c **** 
  94:.\Generated_Source\PSoC5/UART_JY_1_PM.c **** 
  95:.\Generated_Source\PSoC5/UART_JY_1_PM.c **** /*******************************************************************************
  96:.\Generated_Source\PSoC5/UART_JY_1_PM.c **** * Function Name: UART_JY_1_Sleep
  97:.\Generated_Source\PSoC5/UART_JY_1_PM.c **** ********************************************************************************
  98:.\Generated_Source\PSoC5/UART_JY_1_PM.c **** *
  99:.\Generated_Source\PSoC5/UART_JY_1_PM.c **** * Summary:
 100:.\Generated_Source\PSoC5/UART_JY_1_PM.c **** *  This is the preferred API to prepare the component for sleep. 
 101:.\Generated_Source\PSoC5/UART_JY_1_PM.c **** *  The UART_JY_1_Sleep() API saves the current component state. Then it
 102:.\Generated_Source\PSoC5/UART_JY_1_PM.c **** *  calls the UART_JY_1_Stop() function and calls 
 103:.\Generated_Source\PSoC5/UART_JY_1_PM.c **** *  UART_JY_1_SaveConfig() to save the hardware configuration.
 104:.\Generated_Source\PSoC5/UART_JY_1_PM.c **** *  Call the UART_JY_1_Sleep() function before calling the CyPmSleep() 
 105:.\Generated_Source\PSoC5/UART_JY_1_PM.c **** *  or the CyPmHibernate() function. 
 106:.\Generated_Source\PSoC5/UART_JY_1_PM.c **** *
 107:.\Generated_Source\PSoC5/UART_JY_1_PM.c **** * Parameters:
 108:.\Generated_Source\PSoC5/UART_JY_1_PM.c **** *  None.
 109:.\Generated_Source\PSoC5/UART_JY_1_PM.c **** *
 110:.\Generated_Source\PSoC5/UART_JY_1_PM.c **** * Return:
 111:.\Generated_Source\PSoC5/UART_JY_1_PM.c **** *  None.
ARM GAS  C:\Users\pxc\AppData\Local\Temp\ccZi9rVN.s 			page 4


 112:.\Generated_Source\PSoC5/UART_JY_1_PM.c **** *
 113:.\Generated_Source\PSoC5/UART_JY_1_PM.c **** * Global Variables:
 114:.\Generated_Source\PSoC5/UART_JY_1_PM.c **** *  UART_JY_1_backup - modified when non-retention registers are saved.
 115:.\Generated_Source\PSoC5/UART_JY_1_PM.c **** *
 116:.\Generated_Source\PSoC5/UART_JY_1_PM.c **** * Reentrant:
 117:.\Generated_Source\PSoC5/UART_JY_1_PM.c **** *  No.
 118:.\Generated_Source\PSoC5/UART_JY_1_PM.c **** *
 119:.\Generated_Source\PSoC5/UART_JY_1_PM.c **** *******************************************************************************/
 120:.\Generated_Source\PSoC5/UART_JY_1_PM.c **** void UART_JY_1_Sleep(void)
 121:.\Generated_Source\PSoC5/UART_JY_1_PM.c **** {
  61              		.loc 1 121 0
  62              		.cfi_startproc
  63              		@ args = 0, pretend = 0, frame = 0
  64              		@ frame_needed = 0, uses_anonymous_args = 0
  65              		.loc 1 121 0
  66 0000 08B5     		push	{r3, lr}
  67              		.cfi_def_cfa_offset 8
  68              		.cfi_offset 3, -8
  69              		.cfi_offset 14, -4
 122:.\Generated_Source\PSoC5/UART_JY_1_PM.c ****     #if(UART_JY_1_RX_ENABLED || UART_JY_1_HD_ENABLED)
 123:.\Generated_Source\PSoC5/UART_JY_1_PM.c ****         if((UART_JY_1_RXSTATUS_ACTL_REG  & UART_JY_1_INT_ENABLE) != 0u)
  70              		.loc 1 123 0
  71 0002 074B     		ldr	r3, .L7
  72 0004 1B78     		ldrb	r3, [r3]	@ zero_extendqisi2
  73 0006 13F0100F 		tst	r3, #16
  74 000a 03D0     		beq	.L4
 124:.\Generated_Source\PSoC5/UART_JY_1_PM.c ****         {
 125:.\Generated_Source\PSoC5/UART_JY_1_PM.c ****             UART_JY_1_backup.enableState = 1u;
  75              		.loc 1 125 0
  76 000c 0122     		movs	r2, #1
  77 000e 054B     		ldr	r3, .L7+4
  78 0010 1A70     		strb	r2, [r3]
  79 0012 02E0     		b	.L5
  80              	.L4:
 126:.\Generated_Source\PSoC5/UART_JY_1_PM.c ****         }
 127:.\Generated_Source\PSoC5/UART_JY_1_PM.c ****         else
 128:.\Generated_Source\PSoC5/UART_JY_1_PM.c ****         {
 129:.\Generated_Source\PSoC5/UART_JY_1_PM.c ****             UART_JY_1_backup.enableState = 0u;
  81              		.loc 1 129 0
  82 0014 0022     		movs	r2, #0
  83 0016 034B     		ldr	r3, .L7+4
  84 0018 1A70     		strb	r2, [r3]
  85              	.L5:
 130:.\Generated_Source\PSoC5/UART_JY_1_PM.c ****         }
 131:.\Generated_Source\PSoC5/UART_JY_1_PM.c ****     #else
 132:.\Generated_Source\PSoC5/UART_JY_1_PM.c ****         if((UART_JY_1_TXSTATUS_ACTL_REG  & UART_JY_1_INT_ENABLE) !=0u)
 133:.\Generated_Source\PSoC5/UART_JY_1_PM.c ****         {
 134:.\Generated_Source\PSoC5/UART_JY_1_PM.c ****             UART_JY_1_backup.enableState = 1u;
 135:.\Generated_Source\PSoC5/UART_JY_1_PM.c ****         }
 136:.\Generated_Source\PSoC5/UART_JY_1_PM.c ****         else
 137:.\Generated_Source\PSoC5/UART_JY_1_PM.c ****         {
 138:.\Generated_Source\PSoC5/UART_JY_1_PM.c ****             UART_JY_1_backup.enableState = 0u;
 139:.\Generated_Source\PSoC5/UART_JY_1_PM.c ****         }
 140:.\Generated_Source\PSoC5/UART_JY_1_PM.c ****     #endif /* End UART_JY_1_RX_ENABLED || UART_JY_1_HD_ENABLED*/
 141:.\Generated_Source\PSoC5/UART_JY_1_PM.c **** 
 142:.\Generated_Source\PSoC5/UART_JY_1_PM.c ****     UART_JY_1_Stop();
  86              		.loc 1 142 0
ARM GAS  C:\Users\pxc\AppData\Local\Temp\ccZi9rVN.s 			page 5


  87 001a FFF7FEFF 		bl	UART_JY_1_Stop
  88              	.LVL0:
  89 001e 08BD     		pop	{r3, pc}
  90              	.L8:
  91              		.align	2
  92              	.L7:
  93 0020 95640040 		.word	1073767573
  94 0024 00000000 		.word	.LANCHOR0
  95              		.cfi_endproc
  96              	.LFE2:
  97              		.size	UART_JY_1_Sleep, .-UART_JY_1_Sleep
  98              		.section	.text.UART_JY_1_Wakeup,"ax",%progbits
  99              		.align	2
 100              		.global	UART_JY_1_Wakeup
 101              		.thumb
 102              		.thumb_func
 103              		.type	UART_JY_1_Wakeup, %function
 104              	UART_JY_1_Wakeup:
 105              	.LFB3:
 143:.\Generated_Source\PSoC5/UART_JY_1_PM.c ****     UART_JY_1_SaveConfig();
 144:.\Generated_Source\PSoC5/UART_JY_1_PM.c **** }
 145:.\Generated_Source\PSoC5/UART_JY_1_PM.c **** 
 146:.\Generated_Source\PSoC5/UART_JY_1_PM.c **** 
 147:.\Generated_Source\PSoC5/UART_JY_1_PM.c **** /*******************************************************************************
 148:.\Generated_Source\PSoC5/UART_JY_1_PM.c **** * Function Name: UART_JY_1_Wakeup
 149:.\Generated_Source\PSoC5/UART_JY_1_PM.c **** ********************************************************************************
 150:.\Generated_Source\PSoC5/UART_JY_1_PM.c **** *
 151:.\Generated_Source\PSoC5/UART_JY_1_PM.c **** * Summary:
 152:.\Generated_Source\PSoC5/UART_JY_1_PM.c **** *  This is the preferred API to restore the component to the state when 
 153:.\Generated_Source\PSoC5/UART_JY_1_PM.c **** *  UART_JY_1_Sleep() was called. The UART_JY_1_Wakeup() function
 154:.\Generated_Source\PSoC5/UART_JY_1_PM.c **** *  calls the UART_JY_1_RestoreConfig() function to restore the 
 155:.\Generated_Source\PSoC5/UART_JY_1_PM.c **** *  configuration. If the component was enabled before the 
 156:.\Generated_Source\PSoC5/UART_JY_1_PM.c **** *  UART_JY_1_Sleep() function was called, the UART_JY_1_Wakeup()
 157:.\Generated_Source\PSoC5/UART_JY_1_PM.c **** *  function will also re-enable the component.
 158:.\Generated_Source\PSoC5/UART_JY_1_PM.c **** *
 159:.\Generated_Source\PSoC5/UART_JY_1_PM.c **** * Parameters:
 160:.\Generated_Source\PSoC5/UART_JY_1_PM.c **** *  None.
 161:.\Generated_Source\PSoC5/UART_JY_1_PM.c **** *
 162:.\Generated_Source\PSoC5/UART_JY_1_PM.c **** * Return:
 163:.\Generated_Source\PSoC5/UART_JY_1_PM.c **** *  None.
 164:.\Generated_Source\PSoC5/UART_JY_1_PM.c **** *
 165:.\Generated_Source\PSoC5/UART_JY_1_PM.c **** * Global Variables:
 166:.\Generated_Source\PSoC5/UART_JY_1_PM.c **** *  UART_JY_1_backup - used when non-retention registers are restored.
 167:.\Generated_Source\PSoC5/UART_JY_1_PM.c **** *
 168:.\Generated_Source\PSoC5/UART_JY_1_PM.c **** * Reentrant:
 169:.\Generated_Source\PSoC5/UART_JY_1_PM.c **** *  No.
 170:.\Generated_Source\PSoC5/UART_JY_1_PM.c **** *
 171:.\Generated_Source\PSoC5/UART_JY_1_PM.c **** *******************************************************************************/
 172:.\Generated_Source\PSoC5/UART_JY_1_PM.c **** void UART_JY_1_Wakeup(void)
 173:.\Generated_Source\PSoC5/UART_JY_1_PM.c **** {
 106              		.loc 1 173 0
 107              		.cfi_startproc
 108              		@ args = 0, pretend = 0, frame = 0
 109              		@ frame_needed = 0, uses_anonymous_args = 0
 110 0000 08B5     		push	{r3, lr}
 111              		.cfi_def_cfa_offset 8
 112              		.cfi_offset 3, -8
ARM GAS  C:\Users\pxc\AppData\Local\Temp\ccZi9rVN.s 			page 6


 113              		.cfi_offset 14, -4
 174:.\Generated_Source\PSoC5/UART_JY_1_PM.c ****     UART_JY_1_RestoreConfig();
 175:.\Generated_Source\PSoC5/UART_JY_1_PM.c ****     #if( (UART_JY_1_RX_ENABLED) || (UART_JY_1_HD_ENABLED) )
 176:.\Generated_Source\PSoC5/UART_JY_1_PM.c ****         UART_JY_1_ClearRxBuffer();
 114              		.loc 1 176 0
 115 0002 FFF7FEFF 		bl	UART_JY_1_ClearRxBuffer
 116              	.LVL1:
 177:.\Generated_Source\PSoC5/UART_JY_1_PM.c ****     #endif /* End (UART_JY_1_RX_ENABLED) || (UART_JY_1_HD_ENABLED) */
 178:.\Generated_Source\PSoC5/UART_JY_1_PM.c ****     #if(UART_JY_1_TX_ENABLED || UART_JY_1_HD_ENABLED)
 179:.\Generated_Source\PSoC5/UART_JY_1_PM.c ****         UART_JY_1_ClearTxBuffer();
 180:.\Generated_Source\PSoC5/UART_JY_1_PM.c ****     #endif /* End UART_JY_1_TX_ENABLED || UART_JY_1_HD_ENABLED */
 181:.\Generated_Source\PSoC5/UART_JY_1_PM.c **** 
 182:.\Generated_Source\PSoC5/UART_JY_1_PM.c ****     if(UART_JY_1_backup.enableState != 0u)
 117              		.loc 1 182 0
 118 0006 034B     		ldr	r3, .L12
 119 0008 1B78     		ldrb	r3, [r3]	@ zero_extendqisi2
 120 000a 0BB1     		cbz	r3, .L9
 183:.\Generated_Source\PSoC5/UART_JY_1_PM.c ****     {
 184:.\Generated_Source\PSoC5/UART_JY_1_PM.c ****         UART_JY_1_Enable();
 121              		.loc 1 184 0
 122 000c FFF7FEFF 		bl	UART_JY_1_Enable
 123              	.LVL2:
 124              	.L9:
 125 0010 08BD     		pop	{r3, pc}
 126              	.L13:
 127 0012 00BF     		.align	2
 128              	.L12:
 129 0014 00000000 		.word	.LANCHOR0
 130              		.cfi_endproc
 131              	.LFE3:
 132              		.size	UART_JY_1_Wakeup, .-UART_JY_1_Wakeup
 133              		.bss
 134              		.align	2
 135              		.set	.LANCHOR0,. + 0
 136              		.type	UART_JY_1_backup, %object
 137              		.size	UART_JY_1_backup, 1
 138              	UART_JY_1_backup:
 139 0000 00       		.space	1
 140 0001 000000   		.text
 141              	.Letext0:
 142              		.file 2 ".\\Generated_Source\\PSoC5\\cytypes.h"
 143              		.file 3 ".\\Generated_Source\\PSoC5\\UART_JY_1.h"
 144              		.section	.debug_info,"",%progbits
 145              	.Ldebug_info0:
 146 0000 53010000 		.4byte	0x153
 147 0004 0400     		.2byte	0x4
 148 0006 00000000 		.4byte	.Ldebug_abbrev0
 149 000a 04       		.byte	0x4
 150 000b 01       		.uleb128 0x1
 151 000c E2000000 		.4byte	.LASF23
 152 0010 01       		.byte	0x1
 153 0011 73000000 		.4byte	.LASF24
 154 0015 4D000000 		.4byte	.LASF25
 155 0019 00000000 		.4byte	.Ldebug_ranges0+0
 156 001d 00000000 		.4byte	0
 157 0021 00000000 		.4byte	.Ldebug_line0
 158 0025 02       		.uleb128 0x2
ARM GAS  C:\Users\pxc\AppData\Local\Temp\ccZi9rVN.s 			page 7


 159 0026 01       		.byte	0x1
 160 0027 06       		.byte	0x6
 161 0028 DE010000 		.4byte	.LASF0
 162 002c 02       		.uleb128 0x2
 163 002d 01       		.byte	0x1
 164 002e 08       		.byte	0x8
 165 002f 7F010000 		.4byte	.LASF1
 166 0033 02       		.uleb128 0x2
 167 0034 02       		.byte	0x2
 168 0035 05       		.byte	0x5
 169 0036 41020000 		.4byte	.LASF2
 170 003a 02       		.uleb128 0x2
 171 003b 02       		.byte	0x2
 172 003c 07       		.byte	0x7
 173 003d CB010000 		.4byte	.LASF3
 174 0041 02       		.uleb128 0x2
 175 0042 04       		.byte	0x4
 176 0043 05       		.byte	0x5
 177 0044 92010000 		.4byte	.LASF4
 178 0048 02       		.uleb128 0x2
 179 0049 04       		.byte	0x4
 180 004a 07       		.byte	0x7
 181 004b A1000000 		.4byte	.LASF5
 182 004f 02       		.uleb128 0x2
 183 0050 08       		.byte	0x8
 184 0051 05       		.byte	0x5
 185 0052 00000000 		.4byte	.LASF6
 186 0056 02       		.uleb128 0x2
 187 0057 08       		.byte	0x8
 188 0058 07       		.byte	0x7
 189 0059 B3000000 		.4byte	.LASF7
 190 005d 03       		.uleb128 0x3
 191 005e 04       		.byte	0x4
 192 005f 05       		.byte	0x5
 193 0060 696E7400 		.ascii	"int\000"
 194 0064 02       		.uleb128 0x2
 195 0065 04       		.byte	0x4
 196 0066 07       		.byte	0x7
 197 0067 1A000000 		.4byte	.LASF8
 198 006b 04       		.uleb128 0x4
 199 006c 9B000000 		.4byte	.LASF12
 200 0070 02       		.byte	0x2
 201 0071 C2       		.byte	0xc2
 202 0072 2C000000 		.4byte	0x2c
 203 0076 02       		.uleb128 0x2
 204 0077 04       		.byte	0x4
 205 0078 04       		.byte	0x4
 206 0079 13020000 		.4byte	.LASF9
 207 007d 02       		.uleb128 0x2
 208 007e 08       		.byte	0x8
 209 007f 04       		.byte	0x4
 210 0080 B3010000 		.4byte	.LASF10
 211 0084 02       		.uleb128 0x2
 212 0085 01       		.byte	0x1
 213 0086 08       		.byte	0x8
 214 0087 8D010000 		.4byte	.LASF11
 215 008b 05       		.uleb128 0x5
ARM GAS  C:\Users\pxc\AppData\Local\Temp\ccZi9rVN.s 			page 8


 216 008c 4B020000 		.4byte	.LASF13
 217 0090 02       		.byte	0x2
 218 0091 6C01     		.2byte	0x16c
 219 0093 97000000 		.4byte	0x97
 220 0097 06       		.uleb128 0x6
 221 0098 6B000000 		.4byte	0x6b
 222 009c 02       		.uleb128 0x2
 223 009d 04       		.byte	0x4
 224 009e 07       		.byte	0x7
 225 009f 50020000 		.4byte	.LASF14
 226 00a3 07       		.uleb128 0x7
 227 00a4 CA000000 		.4byte	.LASF26
 228 00a8 01       		.byte	0x1
 229 00a9 03       		.byte	0x3
 230 00aa 45       		.byte	0x45
 231 00ab BC000000 		.4byte	0xbc
 232 00af 08       		.uleb128 0x8
 233 00b0 0E000000 		.4byte	.LASF27
 234 00b4 03       		.byte	0x3
 235 00b5 47       		.byte	0x47
 236 00b6 6B000000 		.4byte	0x6b
 237 00ba 00       		.byte	0
 238 00bb 00       		.byte	0
 239 00bc 04       		.uleb128 0x4
 240 00bd 29020000 		.4byte	.LASF15
 241 00c1 03       		.byte	0x3
 242 00c2 4D       		.byte	0x4d
 243 00c3 A3000000 		.4byte	0xa3
 244 00c7 09       		.uleb128 0x9
 245 00c8 27000000 		.4byte	.LASF16
 246 00cc 01       		.byte	0x1
 247 00cd 36       		.byte	0x36
 248 00ce 00000000 		.4byte	.LFB0
 249 00d2 02000000 		.4byte	.LFE0-.LFB0
 250 00d6 01       		.uleb128 0x1
 251 00d7 9C       		.byte	0x9c
 252 00d8 09       		.uleb128 0x9
 253 00d9 EA010000 		.4byte	.LASF17
 254 00dd 01       		.byte	0x1
 255 00de 57       		.byte	0x57
 256 00df 00000000 		.4byte	.LFB1
 257 00e3 02000000 		.4byte	.LFE1-.LFB1
 258 00e7 01       		.uleb128 0x1
 259 00e8 9C       		.byte	0x9c
 260 00e9 0A       		.uleb128 0xa
 261 00ea 19020000 		.4byte	.LASF18
 262 00ee 01       		.byte	0x1
 263 00ef 78       		.byte	0x78
 264 00f0 00000000 		.4byte	.LFB2
 265 00f4 28000000 		.4byte	.LFE2-.LFB2
 266 00f8 01       		.uleb128 0x1
 267 00f9 9C       		.byte	0x9c
 268 00fa 08010000 		.4byte	0x108
 269 00fe 0B       		.uleb128 0xb
 270 00ff 1E000000 		.4byte	.LVL0
 271 0103 41010000 		.4byte	0x141
 272 0107 00       		.byte	0
ARM GAS  C:\Users\pxc\AppData\Local\Temp\ccZi9rVN.s 			page 9


 273 0108 0A       		.uleb128 0xa
 274 0109 BA010000 		.4byte	.LASF19
 275 010d 01       		.byte	0x1
 276 010e AC       		.byte	0xac
 277 010f 00000000 		.4byte	.LFB3
 278 0113 18000000 		.4byte	.LFE3-.LFB3
 279 0117 01       		.uleb128 0x1
 280 0118 9C       		.byte	0x9c
 281 0119 30010000 		.4byte	0x130
 282 011d 0B       		.uleb128 0xb
 283 011e 06000000 		.4byte	.LVL1
 284 0122 48010000 		.4byte	0x148
 285 0126 0B       		.uleb128 0xb
 286 0127 10000000 		.4byte	.LVL2
 287 012b 4F010000 		.4byte	0x14f
 288 012f 00       		.byte	0
 289 0130 0C       		.uleb128 0xc
 290 0131 02020000 		.4byte	.LASF28
 291 0135 01       		.byte	0x1
 292 0136 18       		.byte	0x18
 293 0137 BC000000 		.4byte	0xbc
 294 013b 05       		.uleb128 0x5
 295 013c 03       		.byte	0x3
 296 013d 00000000 		.4byte	UART_JY_1_backup
 297 0141 0D       		.uleb128 0xd
 298 0142 70010000 		.4byte	.LASF20
 299 0146 03       		.byte	0x3
 300 0147 55       		.byte	0x55
 301 0148 0D       		.uleb128 0xd
 302 0149 9B010000 		.4byte	.LASF21
 303 014d 03       		.byte	0x3
 304 014e 75       		.byte	0x75
 305 014f 0D       		.uleb128 0xd
 306 0150 3C000000 		.4byte	.LASF22
 307 0154 03       		.byte	0x3
 308 0155 5A       		.byte	0x5a
 309 0156 00       		.byte	0
 310              		.section	.debug_abbrev,"",%progbits
 311              	.Ldebug_abbrev0:
 312 0000 01       		.uleb128 0x1
 313 0001 11       		.uleb128 0x11
 314 0002 01       		.byte	0x1
 315 0003 25       		.uleb128 0x25
 316 0004 0E       		.uleb128 0xe
 317 0005 13       		.uleb128 0x13
 318 0006 0B       		.uleb128 0xb
 319 0007 03       		.uleb128 0x3
 320 0008 0E       		.uleb128 0xe
 321 0009 1B       		.uleb128 0x1b
 322 000a 0E       		.uleb128 0xe
 323 000b 55       		.uleb128 0x55
 324 000c 17       		.uleb128 0x17
 325 000d 11       		.uleb128 0x11
 326 000e 01       		.uleb128 0x1
 327 000f 10       		.uleb128 0x10
 328 0010 17       		.uleb128 0x17
 329 0011 00       		.byte	0
ARM GAS  C:\Users\pxc\AppData\Local\Temp\ccZi9rVN.s 			page 10


 330 0012 00       		.byte	0
 331 0013 02       		.uleb128 0x2
 332 0014 24       		.uleb128 0x24
 333 0015 00       		.byte	0
 334 0016 0B       		.uleb128 0xb
 335 0017 0B       		.uleb128 0xb
 336 0018 3E       		.uleb128 0x3e
 337 0019 0B       		.uleb128 0xb
 338 001a 03       		.uleb128 0x3
 339 001b 0E       		.uleb128 0xe
 340 001c 00       		.byte	0
 341 001d 00       		.byte	0
 342 001e 03       		.uleb128 0x3
 343 001f 24       		.uleb128 0x24
 344 0020 00       		.byte	0
 345 0021 0B       		.uleb128 0xb
 346 0022 0B       		.uleb128 0xb
 347 0023 3E       		.uleb128 0x3e
 348 0024 0B       		.uleb128 0xb
 349 0025 03       		.uleb128 0x3
 350 0026 08       		.uleb128 0x8
 351 0027 00       		.byte	0
 352 0028 00       		.byte	0
 353 0029 04       		.uleb128 0x4
 354 002a 16       		.uleb128 0x16
 355 002b 00       		.byte	0
 356 002c 03       		.uleb128 0x3
 357 002d 0E       		.uleb128 0xe
 358 002e 3A       		.uleb128 0x3a
 359 002f 0B       		.uleb128 0xb
 360 0030 3B       		.uleb128 0x3b
 361 0031 0B       		.uleb128 0xb
 362 0032 49       		.uleb128 0x49
 363 0033 13       		.uleb128 0x13
 364 0034 00       		.byte	0
 365 0035 00       		.byte	0
 366 0036 05       		.uleb128 0x5
 367 0037 16       		.uleb128 0x16
 368 0038 00       		.byte	0
 369 0039 03       		.uleb128 0x3
 370 003a 0E       		.uleb128 0xe
 371 003b 3A       		.uleb128 0x3a
 372 003c 0B       		.uleb128 0xb
 373 003d 3B       		.uleb128 0x3b
 374 003e 05       		.uleb128 0x5
 375 003f 49       		.uleb128 0x49
 376 0040 13       		.uleb128 0x13
 377 0041 00       		.byte	0
 378 0042 00       		.byte	0
 379 0043 06       		.uleb128 0x6
 380 0044 35       		.uleb128 0x35
 381 0045 00       		.byte	0
 382 0046 49       		.uleb128 0x49
 383 0047 13       		.uleb128 0x13
 384 0048 00       		.byte	0
 385 0049 00       		.byte	0
 386 004a 07       		.uleb128 0x7
ARM GAS  C:\Users\pxc\AppData\Local\Temp\ccZi9rVN.s 			page 11


 387 004b 13       		.uleb128 0x13
 388 004c 01       		.byte	0x1
 389 004d 03       		.uleb128 0x3
 390 004e 0E       		.uleb128 0xe
 391 004f 0B       		.uleb128 0xb
 392 0050 0B       		.uleb128 0xb
 393 0051 3A       		.uleb128 0x3a
 394 0052 0B       		.uleb128 0xb
 395 0053 3B       		.uleb128 0x3b
 396 0054 0B       		.uleb128 0xb
 397 0055 01       		.uleb128 0x1
 398 0056 13       		.uleb128 0x13
 399 0057 00       		.byte	0
 400 0058 00       		.byte	0
 401 0059 08       		.uleb128 0x8
 402 005a 0D       		.uleb128 0xd
 403 005b 00       		.byte	0
 404 005c 03       		.uleb128 0x3
 405 005d 0E       		.uleb128 0xe
 406 005e 3A       		.uleb128 0x3a
 407 005f 0B       		.uleb128 0xb
 408 0060 3B       		.uleb128 0x3b
 409 0061 0B       		.uleb128 0xb
 410 0062 49       		.uleb128 0x49
 411 0063 13       		.uleb128 0x13
 412 0064 38       		.uleb128 0x38
 413 0065 0B       		.uleb128 0xb
 414 0066 00       		.byte	0
 415 0067 00       		.byte	0
 416 0068 09       		.uleb128 0x9
 417 0069 2E       		.uleb128 0x2e
 418 006a 00       		.byte	0
 419 006b 3F       		.uleb128 0x3f
 420 006c 19       		.uleb128 0x19
 421 006d 03       		.uleb128 0x3
 422 006e 0E       		.uleb128 0xe
 423 006f 3A       		.uleb128 0x3a
 424 0070 0B       		.uleb128 0xb
 425 0071 3B       		.uleb128 0x3b
 426 0072 0B       		.uleb128 0xb
 427 0073 27       		.uleb128 0x27
 428 0074 19       		.uleb128 0x19
 429 0075 11       		.uleb128 0x11
 430 0076 01       		.uleb128 0x1
 431 0077 12       		.uleb128 0x12
 432 0078 06       		.uleb128 0x6
 433 0079 40       		.uleb128 0x40
 434 007a 18       		.uleb128 0x18
 435 007b 9742     		.uleb128 0x2117
 436 007d 19       		.uleb128 0x19
 437 007e 00       		.byte	0
 438 007f 00       		.byte	0
 439 0080 0A       		.uleb128 0xa
 440 0081 2E       		.uleb128 0x2e
 441 0082 01       		.byte	0x1
 442 0083 3F       		.uleb128 0x3f
 443 0084 19       		.uleb128 0x19
ARM GAS  C:\Users\pxc\AppData\Local\Temp\ccZi9rVN.s 			page 12


 444 0085 03       		.uleb128 0x3
 445 0086 0E       		.uleb128 0xe
 446 0087 3A       		.uleb128 0x3a
 447 0088 0B       		.uleb128 0xb
 448 0089 3B       		.uleb128 0x3b
 449 008a 0B       		.uleb128 0xb
 450 008b 27       		.uleb128 0x27
 451 008c 19       		.uleb128 0x19
 452 008d 11       		.uleb128 0x11
 453 008e 01       		.uleb128 0x1
 454 008f 12       		.uleb128 0x12
 455 0090 06       		.uleb128 0x6
 456 0091 40       		.uleb128 0x40
 457 0092 18       		.uleb128 0x18
 458 0093 9742     		.uleb128 0x2117
 459 0095 19       		.uleb128 0x19
 460 0096 01       		.uleb128 0x1
 461 0097 13       		.uleb128 0x13
 462 0098 00       		.byte	0
 463 0099 00       		.byte	0
 464 009a 0B       		.uleb128 0xb
 465 009b 898201   		.uleb128 0x4109
 466 009e 00       		.byte	0
 467 009f 11       		.uleb128 0x11
 468 00a0 01       		.uleb128 0x1
 469 00a1 31       		.uleb128 0x31
 470 00a2 13       		.uleb128 0x13
 471 00a3 00       		.byte	0
 472 00a4 00       		.byte	0
 473 00a5 0C       		.uleb128 0xc
 474 00a6 34       		.uleb128 0x34
 475 00a7 00       		.byte	0
 476 00a8 03       		.uleb128 0x3
 477 00a9 0E       		.uleb128 0xe
 478 00aa 3A       		.uleb128 0x3a
 479 00ab 0B       		.uleb128 0xb
 480 00ac 3B       		.uleb128 0x3b
 481 00ad 0B       		.uleb128 0xb
 482 00ae 49       		.uleb128 0x49
 483 00af 13       		.uleb128 0x13
 484 00b0 02       		.uleb128 0x2
 485 00b1 18       		.uleb128 0x18
 486 00b2 00       		.byte	0
 487 00b3 00       		.byte	0
 488 00b4 0D       		.uleb128 0xd
 489 00b5 2E       		.uleb128 0x2e
 490 00b6 00       		.byte	0
 491 00b7 3F       		.uleb128 0x3f
 492 00b8 19       		.uleb128 0x19
 493 00b9 03       		.uleb128 0x3
 494 00ba 0E       		.uleb128 0xe
 495 00bb 3A       		.uleb128 0x3a
 496 00bc 0B       		.uleb128 0xb
 497 00bd 3B       		.uleb128 0x3b
 498 00be 0B       		.uleb128 0xb
 499 00bf 27       		.uleb128 0x27
 500 00c0 19       		.uleb128 0x19
ARM GAS  C:\Users\pxc\AppData\Local\Temp\ccZi9rVN.s 			page 13


 501 00c1 3C       		.uleb128 0x3c
 502 00c2 19       		.uleb128 0x19
 503 00c3 00       		.byte	0
 504 00c4 00       		.byte	0
 505 00c5 00       		.byte	0
 506              		.section	.debug_aranges,"",%progbits
 507 0000 34000000 		.4byte	0x34
 508 0004 0200     		.2byte	0x2
 509 0006 00000000 		.4byte	.Ldebug_info0
 510 000a 04       		.byte	0x4
 511 000b 00       		.byte	0
 512 000c 0000     		.2byte	0
 513 000e 0000     		.2byte	0
 514 0010 00000000 		.4byte	.LFB0
 515 0014 02000000 		.4byte	.LFE0-.LFB0
 516 0018 00000000 		.4byte	.LFB1
 517 001c 02000000 		.4byte	.LFE1-.LFB1
 518 0020 00000000 		.4byte	.LFB2
 519 0024 28000000 		.4byte	.LFE2-.LFB2
 520 0028 00000000 		.4byte	.LFB3
 521 002c 18000000 		.4byte	.LFE3-.LFB3
 522 0030 00000000 		.4byte	0
 523 0034 00000000 		.4byte	0
 524              		.section	.debug_ranges,"",%progbits
 525              	.Ldebug_ranges0:
 526 0000 00000000 		.4byte	.LFB0
 527 0004 02000000 		.4byte	.LFE0
 528 0008 00000000 		.4byte	.LFB1
 529 000c 02000000 		.4byte	.LFE1
 530 0010 00000000 		.4byte	.LFB2
 531 0014 28000000 		.4byte	.LFE2
 532 0018 00000000 		.4byte	.LFB3
 533 001c 18000000 		.4byte	.LFE3
 534 0020 00000000 		.4byte	0
 535 0024 00000000 		.4byte	0
 536              		.section	.debug_line,"",%progbits
 537              	.Ldebug_line0:
 538 0000 A9000000 		.section	.debug_str,"MS",%progbits,1
 538      02005A00 
 538      00000201 
 538      FB0E0D00 
 538      01010101 
 539              	.LASF6:
 540 0000 6C6F6E67 		.ascii	"long long int\000"
 540      206C6F6E 
 540      6720696E 
 540      7400
 541              	.LASF27:
 542 000e 656E6162 		.ascii	"enableState\000"
 542      6C655374 
 542      61746500 
 543              	.LASF8:
 544 001a 756E7369 		.ascii	"unsigned int\000"
 544      676E6564 
 544      20696E74 
 544      00
 545              	.LASF16:
ARM GAS  C:\Users\pxc\AppData\Local\Temp\ccZi9rVN.s 			page 14


 546 0027 55415254 		.ascii	"UART_JY_1_SaveConfig\000"
 546      5F4A595F 
 546      315F5361 
 546      7665436F 
 546      6E666967 
 547              	.LASF22:
 548 003c 55415254 		.ascii	"UART_JY_1_Enable\000"
 548      5F4A595F 
 548      315F456E 
 548      61626C65 
 548      00
 549              	.LASF25:
 550 004d 443A5C72 		.ascii	"D:\\robot\\git_code\\robot_car\\car.cydsn\000"
 550      6F626F74 
 550      5C676974 
 550      5F636F64 
 550      655C726F 
 551              	.LASF24:
 552 0073 2E5C4765 		.ascii	".\\Generated_Source\\PSoC5\\UART_JY_1_PM.c\000"
 552      6E657261 
 552      7465645F 
 552      536F7572 
 552      63655C50 
 553              	.LASF12:
 554 009b 75696E74 		.ascii	"uint8\000"
 554      3800
 555              	.LASF5:
 556 00a1 6C6F6E67 		.ascii	"long unsigned int\000"
 556      20756E73 
 556      69676E65 
 556      6420696E 
 556      7400
 557              	.LASF7:
 558 00b3 6C6F6E67 		.ascii	"long long unsigned int\000"
 558      206C6F6E 
 558      6720756E 
 558      7369676E 
 558      65642069 
 559              	.LASF26:
 560 00ca 55415254 		.ascii	"UART_JY_1_backupStruct_\000"
 560      5F4A595F 
 560      315F6261 
 560      636B7570 
 560      53747275 
 561              	.LASF23:
 562 00e2 474E5520 		.ascii	"GNU C 4.9.3 20150303 (release) [ARM/embedded-4_9-br"
 562      4320342E 
 562      392E3320 
 562      32303135 
 562      30333033 
 563 0115 616E6368 		.ascii	"anch revision 221220] -mcpu=cortex-m3 -mthumb -g -O"
 563      20726576 
 563      6973696F 
 563      6E203232 
 563      31323230 
 564 0148 67202D66 		.ascii	"g -ffunction-sections -ffat-lto-objects\000"
 564      66756E63 
ARM GAS  C:\Users\pxc\AppData\Local\Temp\ccZi9rVN.s 			page 15


 564      74696F6E 
 564      2D736563 
 564      74696F6E 
 565              	.LASF20:
 566 0170 55415254 		.ascii	"UART_JY_1_Stop\000"
 566      5F4A595F 
 566      315F5374 
 566      6F7000
 567              	.LASF1:
 568 017f 756E7369 		.ascii	"unsigned char\000"
 568      676E6564 
 568      20636861 
 568      7200
 569              	.LASF11:
 570 018d 63686172 		.ascii	"char\000"
 570      00
 571              	.LASF4:
 572 0192 6C6F6E67 		.ascii	"long int\000"
 572      20696E74 
 572      00
 573              	.LASF21:
 574 019b 55415254 		.ascii	"UART_JY_1_ClearRxBuffer\000"
 574      5F4A595F 
 574      315F436C 
 574      65617252 
 574      78427566 
 575              	.LASF10:
 576 01b3 646F7562 		.ascii	"double\000"
 576      6C6500
 577              	.LASF19:
 578 01ba 55415254 		.ascii	"UART_JY_1_Wakeup\000"
 578      5F4A595F 
 578      315F5761 
 578      6B657570 
 578      00
 579              	.LASF3:
 580 01cb 73686F72 		.ascii	"short unsigned int\000"
 580      7420756E 
 580      7369676E 
 580      65642069 
 580      6E7400
 581              	.LASF0:
 582 01de 7369676E 		.ascii	"signed char\000"
 582      65642063 
 582      68617200 
 583              	.LASF17:
 584 01ea 55415254 		.ascii	"UART_JY_1_RestoreConfig\000"
 584      5F4A595F 
 584      315F5265 
 584      73746F72 
 584      65436F6E 
 585              	.LASF28:
 586 0202 55415254 		.ascii	"UART_JY_1_backup\000"
 586      5F4A595F 
 586      315F6261 
 586      636B7570 
 586      00
ARM GAS  C:\Users\pxc\AppData\Local\Temp\ccZi9rVN.s 			page 16


 587              	.LASF9:
 588 0213 666C6F61 		.ascii	"float\000"
 588      7400
 589              	.LASF18:
 590 0219 55415254 		.ascii	"UART_JY_1_Sleep\000"
 590      5F4A595F 
 590      315F536C 
 590      65657000 
 591              	.LASF15:
 592 0229 55415254 		.ascii	"UART_JY_1_BACKUP_STRUCT\000"
 592      5F4A595F 
 592      315F4241 
 592      434B5550 
 592      5F535452 
 593              	.LASF2:
 594 0241 73686F72 		.ascii	"short int\000"
 594      7420696E 
 594      7400
 595              	.LASF13:
 596 024b 72656738 		.ascii	"reg8\000"
 596      00
 597              	.LASF14:
 598 0250 73697A65 		.ascii	"sizetype\000"
 598      74797065 
 598      00
 599              		.ident	"GCC: (GNU Tools for ARM Embedded Processors) 4.9.3 20150303 (release) [ARM/embedded-4_9-br
