ARM GAS  C:\Users\pxc\AppData\Local\Temp\ccc9LHn0.s 			page 1


   1              		.syntax unified
   2              		.cpu cortex-m3
   3              		.fpu softvfp
   4              		.eabi_attribute 20, 1
   5              		.eabi_attribute 21, 1
   6              		.eabi_attribute 23, 3
   7              		.eabi_attribute 24, 1
   8              		.eabi_attribute 25, 1
   9              		.eabi_attribute 26, 1
  10              		.eabi_attribute 30, 6
  11              		.eabi_attribute 34, 1
  12              		.eabi_attribute 18, 4
  13              		.thumb
  14              		.file	"QuadDec_1.c"
  15              		.text
  16              	.Ltext0:
  17              		.cfi_sections	.debug_frame
  18              		.global	QuadDec_1_initVar
  19              		.bss
  20              		.type	QuadDec_1_initVar, %object
  21              		.size	QuadDec_1_initVar, 1
  22              	QuadDec_1_initVar:
  23 0000 00       		.space	1
  24              		.section	.text.QuadDec_1_Init,"ax",%progbits
  25              		.align	2
  26              		.global	QuadDec_1_Init
  27              		.thumb
  28              		.thumb_func
  29              		.type	QuadDec_1_Init, %function
  30              	QuadDec_1_Init:
  31              	.LFB0:
  32              		.file 1 ".\\Generated_Source\\PSoC5\\QuadDec_1.c"
   1:.\Generated_Source\PSoC5/QuadDec_1.c **** /*******************************************************************************
   2:.\Generated_Source\PSoC5/QuadDec_1.c **** * File Name: QuadDec_1.c  
   3:.\Generated_Source\PSoC5/QuadDec_1.c **** * Version 3.0
   4:.\Generated_Source\PSoC5/QuadDec_1.c **** *
   5:.\Generated_Source\PSoC5/QuadDec_1.c **** * Description:
   6:.\Generated_Source\PSoC5/QuadDec_1.c **** *  This file provides the source code to the API for the Quadrature Decoder
   7:.\Generated_Source\PSoC5/QuadDec_1.c **** *  component.
   8:.\Generated_Source\PSoC5/QuadDec_1.c **** *
   9:.\Generated_Source\PSoC5/QuadDec_1.c **** * Note:
  10:.\Generated_Source\PSoC5/QuadDec_1.c **** *  None.
  11:.\Generated_Source\PSoC5/QuadDec_1.c **** *   
  12:.\Generated_Source\PSoC5/QuadDec_1.c **** ********************************************************************************
  13:.\Generated_Source\PSoC5/QuadDec_1.c **** * Copyright 2008-2014, Cypress Semiconductor Corporation.  All rights reserved.
  14:.\Generated_Source\PSoC5/QuadDec_1.c **** * You may use this file only in accordance with the license, terms, conditions, 
  15:.\Generated_Source\PSoC5/QuadDec_1.c **** * disclaimers, and limitations in the end user license agreement accompanying 
  16:.\Generated_Source\PSoC5/QuadDec_1.c **** * the software package with which this file was provided.
  17:.\Generated_Source\PSoC5/QuadDec_1.c **** *******************************************************************************/
  18:.\Generated_Source\PSoC5/QuadDec_1.c **** 
  19:.\Generated_Source\PSoC5/QuadDec_1.c **** #include "QuadDec_1.h"
  20:.\Generated_Source\PSoC5/QuadDec_1.c **** 
  21:.\Generated_Source\PSoC5/QuadDec_1.c **** #if (QuadDec_1_COUNTER_SIZE == QuadDec_1_COUNTER_SIZE_32_BIT)
  22:.\Generated_Source\PSoC5/QuadDec_1.c ****     #include "QuadDec_1_PVT.h"
  23:.\Generated_Source\PSoC5/QuadDec_1.c **** #endif /* QuadDec_1_COUNTER_SIZE == QuadDec_1_COUNTER_SIZE_32_BIT */
  24:.\Generated_Source\PSoC5/QuadDec_1.c **** 
  25:.\Generated_Source\PSoC5/QuadDec_1.c **** uint8 QuadDec_1_initVar = 0u;
ARM GAS  C:\Users\pxc\AppData\Local\Temp\ccc9LHn0.s 			page 2


  26:.\Generated_Source\PSoC5/QuadDec_1.c **** 
  27:.\Generated_Source\PSoC5/QuadDec_1.c **** 
  28:.\Generated_Source\PSoC5/QuadDec_1.c **** /*******************************************************************************
  29:.\Generated_Source\PSoC5/QuadDec_1.c **** * Function Name: QuadDec_1_Init
  30:.\Generated_Source\PSoC5/QuadDec_1.c **** ********************************************************************************
  31:.\Generated_Source\PSoC5/QuadDec_1.c **** *
  32:.\Generated_Source\PSoC5/QuadDec_1.c **** * Summary:
  33:.\Generated_Source\PSoC5/QuadDec_1.c **** *  Inits/Restores default QuadDec configuration provided with customizer.
  34:.\Generated_Source\PSoC5/QuadDec_1.c **** *
  35:.\Generated_Source\PSoC5/QuadDec_1.c **** * Parameters:
  36:.\Generated_Source\PSoC5/QuadDec_1.c **** *  None.
  37:.\Generated_Source\PSoC5/QuadDec_1.c **** *
  38:.\Generated_Source\PSoC5/QuadDec_1.c **** * Return:
  39:.\Generated_Source\PSoC5/QuadDec_1.c **** *  None.
  40:.\Generated_Source\PSoC5/QuadDec_1.c **** *
  41:.\Generated_Source\PSoC5/QuadDec_1.c **** *******************************************************************************/
  42:.\Generated_Source\PSoC5/QuadDec_1.c **** void QuadDec_1_Init(void) 
  43:.\Generated_Source\PSoC5/QuadDec_1.c **** {
  33              		.loc 1 43 0
  34              		.cfi_startproc
  35              		@ args = 0, pretend = 0, frame = 0
  36              		@ frame_needed = 1, uses_anonymous_args = 0
  37              		@ link register save eliminated.
  38 0000 80B4     		push	{r7}
  39              		.cfi_def_cfa_offset 4
  40              		.cfi_offset 7, -4
  41 0002 00AF     		add	r7, sp, #0
  42              		.cfi_def_cfa_register 7
  44:.\Generated_Source\PSoC5/QuadDec_1.c ****     #if (QuadDec_1_COUNTER_SIZE == QuadDec_1_COUNTER_SIZE_32_BIT)
  45:.\Generated_Source\PSoC5/QuadDec_1.c ****         /* Disable Interrupt. */
  46:.\Generated_Source\PSoC5/QuadDec_1.c ****         CyIntDisable(QuadDec_1_ISR_NUMBER);
  47:.\Generated_Source\PSoC5/QuadDec_1.c ****         /* Set the ISR to point to the QuadDec_1_isr Interrupt. */
  48:.\Generated_Source\PSoC5/QuadDec_1.c ****         (void) CyIntSetVector(QuadDec_1_ISR_NUMBER, & QuadDec_1_ISR);
  49:.\Generated_Source\PSoC5/QuadDec_1.c ****         /* Set the priority. */
  50:.\Generated_Source\PSoC5/QuadDec_1.c ****         CyIntSetPriority(QuadDec_1_ISR_NUMBER, QuadDec_1_ISR_PRIORITY);
  51:.\Generated_Source\PSoC5/QuadDec_1.c ****     #endif /* QuadDec_1_COUNTER_SIZE == QuadDec_1_COUNTER_SIZE_32_BIT */
  52:.\Generated_Source\PSoC5/QuadDec_1.c **** }
  43              		.loc 1 52 0
  44 0004 BD46     		mov	sp, r7
  45              		.cfi_def_cfa_register 13
  46              		@ sp needed
  47 0006 5DF8047B 		ldr	r7, [sp], #4
  48              		.cfi_restore 7
  49              		.cfi_def_cfa_offset 0
  50 000a 7047     		bx	lr
  51              		.cfi_endproc
  52              	.LFE0:
  53              		.size	QuadDec_1_Init, .-QuadDec_1_Init
  54              		.section	.text.QuadDec_1_Enable,"ax",%progbits
  55              		.align	2
  56              		.global	QuadDec_1_Enable
  57              		.thumb
  58              		.thumb_func
  59              		.type	QuadDec_1_Enable, %function
  60              	QuadDec_1_Enable:
  61              	.LFB1:
  53:.\Generated_Source\PSoC5/QuadDec_1.c **** 
ARM GAS  C:\Users\pxc\AppData\Local\Temp\ccc9LHn0.s 			page 3


  54:.\Generated_Source\PSoC5/QuadDec_1.c **** 
  55:.\Generated_Source\PSoC5/QuadDec_1.c **** /*******************************************************************************
  56:.\Generated_Source\PSoC5/QuadDec_1.c **** * Function Name: QuadDec_1_Enable
  57:.\Generated_Source\PSoC5/QuadDec_1.c **** ********************************************************************************
  58:.\Generated_Source\PSoC5/QuadDec_1.c **** *
  59:.\Generated_Source\PSoC5/QuadDec_1.c **** * Summary:
  60:.\Generated_Source\PSoC5/QuadDec_1.c **** *  This function enable interrupts from Component and also enable Component's
  61:.\Generated_Source\PSoC5/QuadDec_1.c **** *  ISR in case of 32-bit counter.
  62:.\Generated_Source\PSoC5/QuadDec_1.c **** *
  63:.\Generated_Source\PSoC5/QuadDec_1.c **** * Parameters:
  64:.\Generated_Source\PSoC5/QuadDec_1.c **** *  None.
  65:.\Generated_Source\PSoC5/QuadDec_1.c **** *
  66:.\Generated_Source\PSoC5/QuadDec_1.c **** * Return:
  67:.\Generated_Source\PSoC5/QuadDec_1.c **** *  None.
  68:.\Generated_Source\PSoC5/QuadDec_1.c **** *
  69:.\Generated_Source\PSoC5/QuadDec_1.c **** *******************************************************************************/
  70:.\Generated_Source\PSoC5/QuadDec_1.c **** void QuadDec_1_Enable(void) 
  71:.\Generated_Source\PSoC5/QuadDec_1.c **** {
  62              		.loc 1 71 0
  63              		.cfi_startproc
  64              		@ args = 0, pretend = 0, frame = 8
  65              		@ frame_needed = 1, uses_anonymous_args = 0
  66 0000 80B5     		push	{r7, lr}
  67              		.cfi_def_cfa_offset 8
  68              		.cfi_offset 7, -8
  69              		.cfi_offset 14, -4
  70 0002 82B0     		sub	sp, sp, #8
  71              		.cfi_def_cfa_offset 16
  72 0004 00AF     		add	r7, sp, #0
  73              		.cfi_def_cfa_register 7
  72:.\Generated_Source\PSoC5/QuadDec_1.c ****     uint8 enableInterrupts;
  73:.\Generated_Source\PSoC5/QuadDec_1.c **** 
  74:.\Generated_Source\PSoC5/QuadDec_1.c ****     QuadDec_1_SetInterruptMask(QuadDec_1_INIT_INT_MASK);
  74              		.loc 1 74 0
  75 0006 0F20     		movs	r0, #15
  76 0008 FFF7FEFF 		bl	QuadDec_1_SetInterruptMask
  75:.\Generated_Source\PSoC5/QuadDec_1.c **** 
  76:.\Generated_Source\PSoC5/QuadDec_1.c ****     /* Clear pending interrupts. */
  77:.\Generated_Source\PSoC5/QuadDec_1.c ****     (void) QuadDec_1_GetEvents();
  77              		.loc 1 77 0
  78 000c FFF7FEFF 		bl	QuadDec_1_GetEvents
  78:.\Generated_Source\PSoC5/QuadDec_1.c ****     
  79:.\Generated_Source\PSoC5/QuadDec_1.c ****     enableInterrupts = CyEnterCriticalSection();
  79              		.loc 1 79 0
  80 0010 FFF7FEFF 		bl	CyEnterCriticalSection
  81 0014 0346     		mov	r3, r0
  82 0016 FB71     		strb	r3, [r7, #7]
  80:.\Generated_Source\PSoC5/QuadDec_1.c **** 
  81:.\Generated_Source\PSoC5/QuadDec_1.c ****     /* Enable interrupts from Statusi register */
  82:.\Generated_Source\PSoC5/QuadDec_1.c ****     QuadDec_1_SR_AUX_CONTROL |= QuadDec_1_INTERRUPTS_ENABLE;
  83              		.loc 1 82 0
  84 0018 074A     		ldr	r2, .L3
  85 001a 074B     		ldr	r3, .L3
  86 001c 1B78     		ldrb	r3, [r3]
  87 001e DBB2     		uxtb	r3, r3
  88 0020 43F01003 		orr	r3, r3, #16
  89 0024 DBB2     		uxtb	r3, r3
ARM GAS  C:\Users\pxc\AppData\Local\Temp\ccc9LHn0.s 			page 4


  90 0026 1370     		strb	r3, [r2]
  83:.\Generated_Source\PSoC5/QuadDec_1.c **** 
  84:.\Generated_Source\PSoC5/QuadDec_1.c ****     CyExitCriticalSection(enableInterrupts);        
  91              		.loc 1 84 0
  92 0028 FB79     		ldrb	r3, [r7, #7]	@ zero_extendqisi2
  93 002a 1846     		mov	r0, r3
  94 002c FFF7FEFF 		bl	CyExitCriticalSection
  85:.\Generated_Source\PSoC5/QuadDec_1.c **** 
  86:.\Generated_Source\PSoC5/QuadDec_1.c ****     #if (QuadDec_1_COUNTER_SIZE == QuadDec_1_COUNTER_SIZE_32_BIT)
  87:.\Generated_Source\PSoC5/QuadDec_1.c ****         /* Enable Component interrupts */
  88:.\Generated_Source\PSoC5/QuadDec_1.c ****         CyIntEnable(QuadDec_1_ISR_NUMBER);
  89:.\Generated_Source\PSoC5/QuadDec_1.c ****     #endif /* QuadDec_1_COUNTER_SIZE == QuadDec_1_COUNTER_SIZE_32_BIT */
  90:.\Generated_Source\PSoC5/QuadDec_1.c **** }
  95              		.loc 1 90 0
  96 0030 0837     		adds	r7, r7, #8
  97              		.cfi_def_cfa_offset 8
  98 0032 BD46     		mov	sp, r7
  99              		.cfi_def_cfa_register 13
 100              		@ sp needed
 101 0034 80BD     		pop	{r7, pc}
 102              	.L4:
 103 0036 00BF     		.align	2
 104              	.L3:
 105 0038 95640040 		.word	1073767573
 106              		.cfi_endproc
 107              	.LFE1:
 108              		.size	QuadDec_1_Enable, .-QuadDec_1_Enable
 109              		.section	.text.QuadDec_1_Start,"ax",%progbits
 110              		.align	2
 111              		.global	QuadDec_1_Start
 112              		.thumb
 113              		.thumb_func
 114              		.type	QuadDec_1_Start, %function
 115              	QuadDec_1_Start:
 116              	.LFB2:
  91:.\Generated_Source\PSoC5/QuadDec_1.c **** 
  92:.\Generated_Source\PSoC5/QuadDec_1.c **** 
  93:.\Generated_Source\PSoC5/QuadDec_1.c **** /*******************************************************************************
  94:.\Generated_Source\PSoC5/QuadDec_1.c **** * Function Name: QuadDec_1_Start
  95:.\Generated_Source\PSoC5/QuadDec_1.c **** ********************************************************************************
  96:.\Generated_Source\PSoC5/QuadDec_1.c **** *
  97:.\Generated_Source\PSoC5/QuadDec_1.c **** * Summary:
  98:.\Generated_Source\PSoC5/QuadDec_1.c **** *  Initializes UDBs and other relevant hardware.
  99:.\Generated_Source\PSoC5/QuadDec_1.c **** *  Resets counter, enables or disables all relevant interrupts.
 100:.\Generated_Source\PSoC5/QuadDec_1.c **** *  Starts monitoring the inputs and counting.
 101:.\Generated_Source\PSoC5/QuadDec_1.c **** *
 102:.\Generated_Source\PSoC5/QuadDec_1.c **** * Parameters:
 103:.\Generated_Source\PSoC5/QuadDec_1.c **** *  None.
 104:.\Generated_Source\PSoC5/QuadDec_1.c **** *
 105:.\Generated_Source\PSoC5/QuadDec_1.c **** * Return:
 106:.\Generated_Source\PSoC5/QuadDec_1.c **** *  None.
 107:.\Generated_Source\PSoC5/QuadDec_1.c **** *
 108:.\Generated_Source\PSoC5/QuadDec_1.c **** * Global variables:
 109:.\Generated_Source\PSoC5/QuadDec_1.c **** *  QuadDec_1_initVar - used to check initial configuration, modified on
 110:.\Generated_Source\PSoC5/QuadDec_1.c **** *  first function call.
 111:.\Generated_Source\PSoC5/QuadDec_1.c **** *
 112:.\Generated_Source\PSoC5/QuadDec_1.c **** * Reentrant:
ARM GAS  C:\Users\pxc\AppData\Local\Temp\ccc9LHn0.s 			page 5


 113:.\Generated_Source\PSoC5/QuadDec_1.c **** *  No.
 114:.\Generated_Source\PSoC5/QuadDec_1.c **** *
 115:.\Generated_Source\PSoC5/QuadDec_1.c **** *******************************************************************************/
 116:.\Generated_Source\PSoC5/QuadDec_1.c **** void QuadDec_1_Start(void) 
 117:.\Generated_Source\PSoC5/QuadDec_1.c **** {
 117              		.loc 1 117 0
 118              		.cfi_startproc
 119              		@ args = 0, pretend = 0, frame = 0
 120              		@ frame_needed = 1, uses_anonymous_args = 0
 121 0000 80B5     		push	{r7, lr}
 122              		.cfi_def_cfa_offset 8
 123              		.cfi_offset 7, -8
 124              		.cfi_offset 14, -4
 125 0002 00AF     		add	r7, sp, #0
 126              		.cfi_def_cfa_register 7
 118:.\Generated_Source\PSoC5/QuadDec_1.c ****     #if (QuadDec_1_COUNTER_SIZE == QuadDec_1_COUNTER_SIZE_8_BIT)
 119:.\Generated_Source\PSoC5/QuadDec_1.c ****         QuadDec_1_Cnt8_Start();
 127              		.loc 1 119 0
 128 0004 FFF7FEFF 		bl	QuadDec_1_Cnt8_Start
 120:.\Generated_Source\PSoC5/QuadDec_1.c ****         QuadDec_1_Cnt8_WriteCounter(QuadDec_1_COUNTER_INIT_VALUE);
 129              		.loc 1 120 0
 130 0008 8020     		movs	r0, #128
 131 000a FFF7FEFF 		bl	QuadDec_1_Cnt8_WriteCounter
 121:.\Generated_Source\PSoC5/QuadDec_1.c ****     #else
 122:.\Generated_Source\PSoC5/QuadDec_1.c ****         /* (QuadDec_1_COUNTER_SIZE == QuadDec_1_COUNTER_SIZE_16_BIT) || 
 123:.\Generated_Source\PSoC5/QuadDec_1.c ****         *  (QuadDec_1_COUNTER_SIZE == QuadDec_1_COUNTER_SIZE_32_BIT) 
 124:.\Generated_Source\PSoC5/QuadDec_1.c ****         */
 125:.\Generated_Source\PSoC5/QuadDec_1.c ****         QuadDec_1_Cnt16_Start();
 126:.\Generated_Source\PSoC5/QuadDec_1.c ****         QuadDec_1_Cnt16_WriteCounter(QuadDec_1_COUNTER_INIT_VALUE);
 127:.\Generated_Source\PSoC5/QuadDec_1.c ****     #endif /* QuadDec_1_COUNTER_SIZE == QuadDec_1_COUNTER_SIZE_8_BIT */
 128:.\Generated_Source\PSoC5/QuadDec_1.c ****     
 129:.\Generated_Source\PSoC5/QuadDec_1.c ****     #if (QuadDec_1_COUNTER_SIZE == QuadDec_1_COUNTER_SIZE_32_BIT)        
 130:.\Generated_Source\PSoC5/QuadDec_1.c ****        QuadDec_1_count32SoftPart = 0;
 131:.\Generated_Source\PSoC5/QuadDec_1.c ****     #endif /* QuadDec_1_COUNTER_SIZE == QuadDec_1_COUNTER_SIZE_32_BIT */
 132:.\Generated_Source\PSoC5/QuadDec_1.c **** 
 133:.\Generated_Source\PSoC5/QuadDec_1.c ****     if (QuadDec_1_initVar == 0u)
 132              		.loc 1 133 0
 133 000e 064B     		ldr	r3, .L7
 134 0010 1B78     		ldrb	r3, [r3]	@ zero_extendqisi2
 135 0012 002B     		cmp	r3, #0
 136 0014 04D1     		bne	.L6
 134:.\Generated_Source\PSoC5/QuadDec_1.c ****     {
 135:.\Generated_Source\PSoC5/QuadDec_1.c ****         QuadDec_1_Init();
 137              		.loc 1 135 0
 138 0016 FFF7FEFF 		bl	QuadDec_1_Init
 136:.\Generated_Source\PSoC5/QuadDec_1.c ****         QuadDec_1_initVar = 1u;
 139              		.loc 1 136 0
 140 001a 034B     		ldr	r3, .L7
 141 001c 0122     		movs	r2, #1
 142 001e 1A70     		strb	r2, [r3]
 143              	.L6:
 137:.\Generated_Source\PSoC5/QuadDec_1.c ****     }
 138:.\Generated_Source\PSoC5/QuadDec_1.c **** 
 139:.\Generated_Source\PSoC5/QuadDec_1.c ****     QuadDec_1_Enable();
 144              		.loc 1 139 0
 145 0020 FFF7FEFF 		bl	QuadDec_1_Enable
 140:.\Generated_Source\PSoC5/QuadDec_1.c **** }
ARM GAS  C:\Users\pxc\AppData\Local\Temp\ccc9LHn0.s 			page 6


 146              		.loc 1 140 0
 147 0024 80BD     		pop	{r7, pc}
 148              	.L8:
 149 0026 00BF     		.align	2
 150              	.L7:
 151 0028 00000000 		.word	QuadDec_1_initVar
 152              		.cfi_endproc
 153              	.LFE2:
 154              		.size	QuadDec_1_Start, .-QuadDec_1_Start
 155              		.section	.text.QuadDec_1_Stop,"ax",%progbits
 156              		.align	2
 157              		.global	QuadDec_1_Stop
 158              		.thumb
 159              		.thumb_func
 160              		.type	QuadDec_1_Stop, %function
 161              	QuadDec_1_Stop:
 162              	.LFB3:
 141:.\Generated_Source\PSoC5/QuadDec_1.c **** 
 142:.\Generated_Source\PSoC5/QuadDec_1.c **** 
 143:.\Generated_Source\PSoC5/QuadDec_1.c **** /*******************************************************************************
 144:.\Generated_Source\PSoC5/QuadDec_1.c **** * Function Name: QuadDec_1_Stop
 145:.\Generated_Source\PSoC5/QuadDec_1.c **** ********************************************************************************
 146:.\Generated_Source\PSoC5/QuadDec_1.c **** *
 147:.\Generated_Source\PSoC5/QuadDec_1.c **** * Summary:
 148:.\Generated_Source\PSoC5/QuadDec_1.c **** *  Turns off UDBs and other relevant hardware.
 149:.\Generated_Source\PSoC5/QuadDec_1.c **** *
 150:.\Generated_Source\PSoC5/QuadDec_1.c **** * Parameters:
 151:.\Generated_Source\PSoC5/QuadDec_1.c **** *  None.
 152:.\Generated_Source\PSoC5/QuadDec_1.c **** *
 153:.\Generated_Source\PSoC5/QuadDec_1.c **** * Return:
 154:.\Generated_Source\PSoC5/QuadDec_1.c **** *  None.
 155:.\Generated_Source\PSoC5/QuadDec_1.c **** *
 156:.\Generated_Source\PSoC5/QuadDec_1.c **** *******************************************************************************/
 157:.\Generated_Source\PSoC5/QuadDec_1.c **** void QuadDec_1_Stop(void) 
 158:.\Generated_Source\PSoC5/QuadDec_1.c **** {
 163              		.loc 1 158 0
 164              		.cfi_startproc
 165              		@ args = 0, pretend = 0, frame = 8
 166              		@ frame_needed = 1, uses_anonymous_args = 0
 167 0000 80B5     		push	{r7, lr}
 168              		.cfi_def_cfa_offset 8
 169              		.cfi_offset 7, -8
 170              		.cfi_offset 14, -4
 171 0002 82B0     		sub	sp, sp, #8
 172              		.cfi_def_cfa_offset 16
 173 0004 00AF     		add	r7, sp, #0
 174              		.cfi_def_cfa_register 7
 159:.\Generated_Source\PSoC5/QuadDec_1.c ****     uint8 enableInterrupts;
 160:.\Generated_Source\PSoC5/QuadDec_1.c **** 
 161:.\Generated_Source\PSoC5/QuadDec_1.c ****     #if (QuadDec_1_COUNTER_SIZE == QuadDec_1_COUNTER_SIZE_8_BIT)
 162:.\Generated_Source\PSoC5/QuadDec_1.c ****         QuadDec_1_Cnt8_Stop();
 175              		.loc 1 162 0
 176 0006 FFF7FEFF 		bl	QuadDec_1_Cnt8_Stop
 163:.\Generated_Source\PSoC5/QuadDec_1.c ****     #else 
 164:.\Generated_Source\PSoC5/QuadDec_1.c ****         /* (QuadDec_1_COUNTER_SIZE == QuadDec_1_COUNTER_SIZE_16_BIT) ||
 165:.\Generated_Source\PSoC5/QuadDec_1.c ****         *  (QuadDec_1_COUNTER_SIZE == QuadDec_1_COUNTER_SIZE_32_BIT)
 166:.\Generated_Source\PSoC5/QuadDec_1.c ****         */
ARM GAS  C:\Users\pxc\AppData\Local\Temp\ccc9LHn0.s 			page 7


 167:.\Generated_Source\PSoC5/QuadDec_1.c ****         QuadDec_1_Cnt16_Stop();    /* counter disable */
 168:.\Generated_Source\PSoC5/QuadDec_1.c ****     #endif /* (QuadDec_1_COUNTER_SIZE == QuadDec_1_COUNTER_SIZE_8_BIT) */
 169:.\Generated_Source\PSoC5/QuadDec_1.c ****  
 170:.\Generated_Source\PSoC5/QuadDec_1.c ****     enableInterrupts = CyEnterCriticalSection();
 177              		.loc 1 170 0
 178 000a FFF7FEFF 		bl	CyEnterCriticalSection
 179 000e 0346     		mov	r3, r0
 180 0010 FB71     		strb	r3, [r7, #7]
 171:.\Generated_Source\PSoC5/QuadDec_1.c **** 
 172:.\Generated_Source\PSoC5/QuadDec_1.c ****     /* Disable interrupts interrupts from Statusi register */
 173:.\Generated_Source\PSoC5/QuadDec_1.c ****     QuadDec_1_SR_AUX_CONTROL &= (uint8) (~QuadDec_1_INTERRUPTS_ENABLE);
 181              		.loc 1 173 0
 182 0012 074A     		ldr	r2, .L10
 183 0014 064B     		ldr	r3, .L10
 184 0016 1B78     		ldrb	r3, [r3]
 185 0018 DBB2     		uxtb	r3, r3
 186 001a 23F01003 		bic	r3, r3, #16
 187 001e DBB2     		uxtb	r3, r3
 188 0020 1370     		strb	r3, [r2]
 174:.\Generated_Source\PSoC5/QuadDec_1.c **** 
 175:.\Generated_Source\PSoC5/QuadDec_1.c ****     CyExitCriticalSection(enableInterrupts);
 189              		.loc 1 175 0
 190 0022 FB79     		ldrb	r3, [r7, #7]	@ zero_extendqisi2
 191 0024 1846     		mov	r0, r3
 192 0026 FFF7FEFF 		bl	CyExitCriticalSection
 176:.\Generated_Source\PSoC5/QuadDec_1.c **** 
 177:.\Generated_Source\PSoC5/QuadDec_1.c ****     #if (QuadDec_1_COUNTER_SIZE == QuadDec_1_COUNTER_SIZE_32_BIT)
 178:.\Generated_Source\PSoC5/QuadDec_1.c ****         CyIntDisable(QuadDec_1_ISR_NUMBER);    /* interrupt disable */
 179:.\Generated_Source\PSoC5/QuadDec_1.c ****     #endif /* QuadDec_1_COUNTER_SIZE == QuadDec_1_COUNTER_SIZE_32_BIT */
 180:.\Generated_Source\PSoC5/QuadDec_1.c **** }
 193              		.loc 1 180 0
 194 002a 0837     		adds	r7, r7, #8
 195              		.cfi_def_cfa_offset 8
 196 002c BD46     		mov	sp, r7
 197              		.cfi_def_cfa_register 13
 198              		@ sp needed
 199 002e 80BD     		pop	{r7, pc}
 200              	.L11:
 201              		.align	2
 202              	.L10:
 203 0030 95640040 		.word	1073767573
 204              		.cfi_endproc
 205              	.LFE3:
 206              		.size	QuadDec_1_Stop, .-QuadDec_1_Stop
 207              		.section	.text.QuadDec_1_GetCounter,"ax",%progbits
 208              		.align	2
 209              		.global	QuadDec_1_GetCounter
 210              		.thumb
 211              		.thumb_func
 212              		.type	QuadDec_1_GetCounter, %function
 213              	QuadDec_1_GetCounter:
 214              	.LFB4:
 181:.\Generated_Source\PSoC5/QuadDec_1.c **** 
 182:.\Generated_Source\PSoC5/QuadDec_1.c **** 
 183:.\Generated_Source\PSoC5/QuadDec_1.c **** /*******************************************************************************
 184:.\Generated_Source\PSoC5/QuadDec_1.c **** * Function Name: QuadDec_1_GetCounter
 185:.\Generated_Source\PSoC5/QuadDec_1.c **** ********************************************************************************
ARM GAS  C:\Users\pxc\AppData\Local\Temp\ccc9LHn0.s 			page 8


 186:.\Generated_Source\PSoC5/QuadDec_1.c **** *
 187:.\Generated_Source\PSoC5/QuadDec_1.c **** * Summary:
 188:.\Generated_Source\PSoC5/QuadDec_1.c **** *  Reports the current value of the counter.
 189:.\Generated_Source\PSoC5/QuadDec_1.c **** *
 190:.\Generated_Source\PSoC5/QuadDec_1.c **** * Parameters:
 191:.\Generated_Source\PSoC5/QuadDec_1.c **** *  None.
 192:.\Generated_Source\PSoC5/QuadDec_1.c **** *
 193:.\Generated_Source\PSoC5/QuadDec_1.c **** * Return:
 194:.\Generated_Source\PSoC5/QuadDec_1.c **** *  The counter value. Return type is signed and per the counter size setting.
 195:.\Generated_Source\PSoC5/QuadDec_1.c **** *  A positive value indicates clockwise movement (B before A).
 196:.\Generated_Source\PSoC5/QuadDec_1.c **** *
 197:.\Generated_Source\PSoC5/QuadDec_1.c **** * Global variables:
 198:.\Generated_Source\PSoC5/QuadDec_1.c **** *  QuadDec_1_count32SoftPart - used to get hi 16 bit for current value
 199:.\Generated_Source\PSoC5/QuadDec_1.c **** *  of the 32-bit counter, when Counter size equal 32-bit.
 200:.\Generated_Source\PSoC5/QuadDec_1.c **** *
 201:.\Generated_Source\PSoC5/QuadDec_1.c **** *******************************************************************************/
 202:.\Generated_Source\PSoC5/QuadDec_1.c **** int8 QuadDec_1_GetCounter(void) 
 203:.\Generated_Source\PSoC5/QuadDec_1.c **** {
 215              		.loc 1 203 0
 216              		.cfi_startproc
 217              		@ args = 0, pretend = 0, frame = 8
 218              		@ frame_needed = 1, uses_anonymous_args = 0
 219 0000 80B5     		push	{r7, lr}
 220              		.cfi_def_cfa_offset 8
 221              		.cfi_offset 7, -8
 222              		.cfi_offset 14, -4
 223 0002 82B0     		sub	sp, sp, #8
 224              		.cfi_def_cfa_offset 16
 225 0004 00AF     		add	r7, sp, #0
 226              		.cfi_def_cfa_register 7
 204:.\Generated_Source\PSoC5/QuadDec_1.c ****     int8 count;
 205:.\Generated_Source\PSoC5/QuadDec_1.c ****     uint8 tmpCnt;
 206:.\Generated_Source\PSoC5/QuadDec_1.c **** 
 207:.\Generated_Source\PSoC5/QuadDec_1.c ****     #if (QuadDec_1_COUNTER_SIZE == QuadDec_1_COUNTER_SIZE_32_BIT)
 208:.\Generated_Source\PSoC5/QuadDec_1.c ****         int16 hwCount;
 209:.\Generated_Source\PSoC5/QuadDec_1.c **** 
 210:.\Generated_Source\PSoC5/QuadDec_1.c ****         CyIntDisable(QuadDec_1_ISR_NUMBER);
 211:.\Generated_Source\PSoC5/QuadDec_1.c **** 
 212:.\Generated_Source\PSoC5/QuadDec_1.c ****         tmpCnt = QuadDec_1_Cnt16_ReadCounter();
 213:.\Generated_Source\PSoC5/QuadDec_1.c ****         hwCount = (int16) ((int32) tmpCnt - (int32) QuadDec_1_COUNTER_INIT_VALUE);
 214:.\Generated_Source\PSoC5/QuadDec_1.c ****         count = QuadDec_1_count32SoftPart + hwCount;
 215:.\Generated_Source\PSoC5/QuadDec_1.c **** 
 216:.\Generated_Source\PSoC5/QuadDec_1.c ****         CyIntEnable(QuadDec_1_ISR_NUMBER);
 217:.\Generated_Source\PSoC5/QuadDec_1.c ****     #else 
 218:.\Generated_Source\PSoC5/QuadDec_1.c ****         /* (QuadDec_1_COUNTER_SIZE == QuadDec_1_COUNTER_SIZE_8_BIT) || 
 219:.\Generated_Source\PSoC5/QuadDec_1.c ****         *  (QuadDec_1_COUNTER_SIZE == QuadDec_1_COUNTER_SIZE_16_BIT)
 220:.\Generated_Source\PSoC5/QuadDec_1.c ****         */
 221:.\Generated_Source\PSoC5/QuadDec_1.c ****         #if (QuadDec_1_COUNTER_SIZE == QuadDec_1_COUNTER_SIZE_8_BIT)
 222:.\Generated_Source\PSoC5/QuadDec_1.c ****             tmpCnt = QuadDec_1_Cnt8_ReadCounter();
 227              		.loc 1 222 0
 228 0006 FFF7FEFF 		bl	QuadDec_1_Cnt8_ReadCounter
 229 000a 0346     		mov	r3, r0
 230 000c FB71     		strb	r3, [r7, #7]
 223:.\Generated_Source\PSoC5/QuadDec_1.c ****         #else /* (QuadDec_1_COUNTER_SIZE == QuadDec_1_COUNTER_SIZE_16_BIT) */
 224:.\Generated_Source\PSoC5/QuadDec_1.c ****             tmpCnt = QuadDec_1_Cnt16_ReadCounter();
 225:.\Generated_Source\PSoC5/QuadDec_1.c ****         #endif  /* QuadDec_1_COUNTER_SIZE == QuadDec_1_COUNTER_SIZE_8_BIT */
 226:.\Generated_Source\PSoC5/QuadDec_1.c **** 
ARM GAS  C:\Users\pxc\AppData\Local\Temp\ccc9LHn0.s 			page 9


 227:.\Generated_Source\PSoC5/QuadDec_1.c ****         count = (int8) ((int16) tmpCnt -
 231              		.loc 1 227 0
 232 000e FB79     		ldrb	r3, [r7, #7]
 233 0010 803B     		subs	r3, r3, #128
 234 0012 DBB2     		uxtb	r3, r3
 235 0014 BB71     		strb	r3, [r7, #6]
 228:.\Generated_Source\PSoC5/QuadDec_1.c ****                 (int16) QuadDec_1_COUNTER_INIT_VALUE);
 229:.\Generated_Source\PSoC5/QuadDec_1.c **** 
 230:.\Generated_Source\PSoC5/QuadDec_1.c ****     #endif /* QuadDec_1_COUNTER_SIZE == QuadDec_1_COUNTER_SIZE_32_BIT */ 
 231:.\Generated_Source\PSoC5/QuadDec_1.c **** 
 232:.\Generated_Source\PSoC5/QuadDec_1.c ****     return (count);
 236              		.loc 1 232 0
 237 0016 BB79     		ldrb	r3, [r7, #6]	@ zero_extendqisi2
 238 0018 5BB2     		sxtb	r3, r3
 233:.\Generated_Source\PSoC5/QuadDec_1.c **** }
 239              		.loc 1 233 0
 240 001a 1846     		mov	r0, r3
 241 001c 0837     		adds	r7, r7, #8
 242              		.cfi_def_cfa_offset 8
 243 001e BD46     		mov	sp, r7
 244              		.cfi_def_cfa_register 13
 245              		@ sp needed
 246 0020 80BD     		pop	{r7, pc}
 247              		.cfi_endproc
 248              	.LFE4:
 249              		.size	QuadDec_1_GetCounter, .-QuadDec_1_GetCounter
 250 0022 00BF     		.section	.text.QuadDec_1_SetCounter,"ax",%progbits
 251              		.align	2
 252              		.global	QuadDec_1_SetCounter
 253              		.thumb
 254              		.thumb_func
 255              		.type	QuadDec_1_SetCounter, %function
 256              	QuadDec_1_SetCounter:
 257              	.LFB5:
 234:.\Generated_Source\PSoC5/QuadDec_1.c **** 
 235:.\Generated_Source\PSoC5/QuadDec_1.c **** 
 236:.\Generated_Source\PSoC5/QuadDec_1.c **** /*******************************************************************************
 237:.\Generated_Source\PSoC5/QuadDec_1.c **** * Function Name: QuadDec_1_SetCounter
 238:.\Generated_Source\PSoC5/QuadDec_1.c **** ********************************************************************************
 239:.\Generated_Source\PSoC5/QuadDec_1.c **** *
 240:.\Generated_Source\PSoC5/QuadDec_1.c **** * Summary:
 241:.\Generated_Source\PSoC5/QuadDec_1.c **** *  Sets the current value of the counter.
 242:.\Generated_Source\PSoC5/QuadDec_1.c **** *
 243:.\Generated_Source\PSoC5/QuadDec_1.c **** * Parameters:
 244:.\Generated_Source\PSoC5/QuadDec_1.c **** *  value:  The new value. Parameter type is signed and per the counter size
 245:.\Generated_Source\PSoC5/QuadDec_1.c **** *  setting.
 246:.\Generated_Source\PSoC5/QuadDec_1.c **** *
 247:.\Generated_Source\PSoC5/QuadDec_1.c **** * Return:
 248:.\Generated_Source\PSoC5/QuadDec_1.c **** *  None.
 249:.\Generated_Source\PSoC5/QuadDec_1.c **** *
 250:.\Generated_Source\PSoC5/QuadDec_1.c **** * Global variables:
 251:.\Generated_Source\PSoC5/QuadDec_1.c **** *  QuadDec_1_count32SoftPart - modified to set hi 16 bit for current
 252:.\Generated_Source\PSoC5/QuadDec_1.c **** *  value of the 32-bit counter, when Counter size equal 32-bit.
 253:.\Generated_Source\PSoC5/QuadDec_1.c **** *
 254:.\Generated_Source\PSoC5/QuadDec_1.c **** * Reentrant:
 255:.\Generated_Source\PSoC5/QuadDec_1.c **** *  No.
 256:.\Generated_Source\PSoC5/QuadDec_1.c **** *
ARM GAS  C:\Users\pxc\AppData\Local\Temp\ccc9LHn0.s 			page 10


 257:.\Generated_Source\PSoC5/QuadDec_1.c **** *******************************************************************************/
 258:.\Generated_Source\PSoC5/QuadDec_1.c **** void QuadDec_1_SetCounter(int8 value) 
 259:.\Generated_Source\PSoC5/QuadDec_1.c **** {
 258              		.loc 1 259 0
 259              		.cfi_startproc
 260              		@ args = 0, pretend = 0, frame = 16
 261              		@ frame_needed = 1, uses_anonymous_args = 0
 262 0000 80B5     		push	{r7, lr}
 263              		.cfi_def_cfa_offset 8
 264              		.cfi_offset 7, -8
 265              		.cfi_offset 14, -4
 266 0002 84B0     		sub	sp, sp, #16
 267              		.cfi_def_cfa_offset 24
 268 0004 00AF     		add	r7, sp, #0
 269              		.cfi_def_cfa_register 7
 270 0006 0346     		mov	r3, r0
 271 0008 FB71     		strb	r3, [r7, #7]
 260:.\Generated_Source\PSoC5/QuadDec_1.c ****     #if ((QuadDec_1_COUNTER_SIZE == QuadDec_1_COUNTER_SIZE_8_BIT) || \
 261:.\Generated_Source\PSoC5/QuadDec_1.c ****          (QuadDec_1_COUNTER_SIZE == QuadDec_1_COUNTER_SIZE_16_BIT))
 262:.\Generated_Source\PSoC5/QuadDec_1.c ****         uint8 count;
 263:.\Generated_Source\PSoC5/QuadDec_1.c ****         
 264:.\Generated_Source\PSoC5/QuadDec_1.c ****         if (value >= 0)
 272              		.loc 1 264 0
 273 000a 97F90730 		ldrsb	r3, [r7, #7]
 274 000e 002B     		cmp	r3, #0
 275 0010 03DB     		blt	.L15
 265:.\Generated_Source\PSoC5/QuadDec_1.c ****         {
 266:.\Generated_Source\PSoC5/QuadDec_1.c ****             count = (uint8) value + QuadDec_1_COUNTER_INIT_VALUE;
 276              		.loc 1 266 0
 277 0012 FB79     		ldrb	r3, [r7, #7]	@ zero_extendqisi2
 278 0014 803B     		subs	r3, r3, #128
 279 0016 FB73     		strb	r3, [r7, #15]
 280 0018 02E0     		b	.L16
 281              	.L15:
 267:.\Generated_Source\PSoC5/QuadDec_1.c ****         }
 268:.\Generated_Source\PSoC5/QuadDec_1.c ****         else
 269:.\Generated_Source\PSoC5/QuadDec_1.c ****         {
 270:.\Generated_Source\PSoC5/QuadDec_1.c ****             count = QuadDec_1_COUNTER_INIT_VALUE - (uint8)(-value);
 282              		.loc 1 270 0
 283 001a FB79     		ldrb	r3, [r7, #7]	@ zero_extendqisi2
 284 001c 803B     		subs	r3, r3, #128
 285 001e FB73     		strb	r3, [r7, #15]
 286              	.L16:
 271:.\Generated_Source\PSoC5/QuadDec_1.c ****         }
 272:.\Generated_Source\PSoC5/QuadDec_1.c ****         #if (QuadDec_1_COUNTER_SIZE == QuadDec_1_COUNTER_SIZE_8_BIT)
 273:.\Generated_Source\PSoC5/QuadDec_1.c ****             QuadDec_1_Cnt8_WriteCounter(count);
 287              		.loc 1 273 0
 288 0020 FB7B     		ldrb	r3, [r7, #15]	@ zero_extendqisi2
 289 0022 1846     		mov	r0, r3
 290 0024 FFF7FEFF 		bl	QuadDec_1_Cnt8_WriteCounter
 274:.\Generated_Source\PSoC5/QuadDec_1.c ****         #else /* (QuadDec_1_COUNTER_SIZE == QuadDec_1_COUNTER_SIZE_16_BIT) */
 275:.\Generated_Source\PSoC5/QuadDec_1.c ****             QuadDec_1_Cnt16_WriteCounter(count);
 276:.\Generated_Source\PSoC5/QuadDec_1.c ****         #endif  /* QuadDec_1_COUNTER_SIZE == QuadDec_1_COUNTER_SIZE_8_BIT */
 277:.\Generated_Source\PSoC5/QuadDec_1.c ****     #else /* (QuadDec_1_COUNTER_SIZE == QuadDec_1_COUNTER_SIZE_32_BIT) */
 278:.\Generated_Source\PSoC5/QuadDec_1.c ****         CyIntDisable(QuadDec_1_ISR_NUMBER);
 279:.\Generated_Source\PSoC5/QuadDec_1.c **** 
 280:.\Generated_Source\PSoC5/QuadDec_1.c ****         QuadDec_1_Cnt16_WriteCounter(QuadDec_1_COUNTER_INIT_VALUE);
ARM GAS  C:\Users\pxc\AppData\Local\Temp\ccc9LHn0.s 			page 11


 281:.\Generated_Source\PSoC5/QuadDec_1.c ****         QuadDec_1_count32SoftPart = value;
 282:.\Generated_Source\PSoC5/QuadDec_1.c **** 
 283:.\Generated_Source\PSoC5/QuadDec_1.c ****         CyIntEnable(QuadDec_1_ISR_NUMBER);
 284:.\Generated_Source\PSoC5/QuadDec_1.c ****     #endif  /* (QuadDec_1_COUNTER_SIZE == QuadDec_1_COUNTER_SIZE_8_BIT) ||
 285:.\Generated_Source\PSoC5/QuadDec_1.c ****              * (QuadDec_1_COUNTER_SIZE == QuadDec_1_COUNTER_SIZE_16_BIT)
 286:.\Generated_Source\PSoC5/QuadDec_1.c ****              */
 287:.\Generated_Source\PSoC5/QuadDec_1.c **** }
 291              		.loc 1 287 0
 292 0028 1037     		adds	r7, r7, #16
 293              		.cfi_def_cfa_offset 8
 294 002a BD46     		mov	sp, r7
 295              		.cfi_def_cfa_register 13
 296              		@ sp needed
 297 002c 80BD     		pop	{r7, pc}
 298              		.cfi_endproc
 299              	.LFE5:
 300              		.size	QuadDec_1_SetCounter, .-QuadDec_1_SetCounter
 301 002e 00BF     		.section	.text.QuadDec_1_GetEvents,"ax",%progbits
 302              		.align	2
 303              		.global	QuadDec_1_GetEvents
 304              		.thumb
 305              		.thumb_func
 306              		.type	QuadDec_1_GetEvents, %function
 307              	QuadDec_1_GetEvents:
 308              	.LFB6:
 288:.\Generated_Source\PSoC5/QuadDec_1.c **** 
 289:.\Generated_Source\PSoC5/QuadDec_1.c **** 
 290:.\Generated_Source\PSoC5/QuadDec_1.c **** /*******************************************************************************
 291:.\Generated_Source\PSoC5/QuadDec_1.c **** * Function Name: QuadDec_1_GetEvents
 292:.\Generated_Source\PSoC5/QuadDec_1.c **** ********************************************************************************
 293:.\Generated_Source\PSoC5/QuadDec_1.c **** * 
 294:.\Generated_Source\PSoC5/QuadDec_1.c **** * Summary:
 295:.\Generated_Source\PSoC5/QuadDec_1.c **** *   Reports the current status of events. This function clears the bits of the 
 296:.\Generated_Source\PSoC5/QuadDec_1.c **** *   status register.
 297:.\Generated_Source\PSoC5/QuadDec_1.c **** *
 298:.\Generated_Source\PSoC5/QuadDec_1.c **** * Parameters:
 299:.\Generated_Source\PSoC5/QuadDec_1.c **** *  None.
 300:.\Generated_Source\PSoC5/QuadDec_1.c **** *
 301:.\Generated_Source\PSoC5/QuadDec_1.c **** * Return:
 302:.\Generated_Source\PSoC5/QuadDec_1.c **** *  The events, as bits in an unsigned 8-bit value:
 303:.\Generated_Source\PSoC5/QuadDec_1.c **** *    Bit      Description
 304:.\Generated_Source\PSoC5/QuadDec_1.c **** *     0        Counter overflow.
 305:.\Generated_Source\PSoC5/QuadDec_1.c **** *     1        Counter underflow.
 306:.\Generated_Source\PSoC5/QuadDec_1.c **** *     2        Counter reset due to index, if index input is used.
 307:.\Generated_Source\PSoC5/QuadDec_1.c **** *     3        Invalid A, B inputs state transition.
 308:.\Generated_Source\PSoC5/QuadDec_1.c **** *
 309:.\Generated_Source\PSoC5/QuadDec_1.c **** *******************************************************************************/
 310:.\Generated_Source\PSoC5/QuadDec_1.c **** uint8 QuadDec_1_GetEvents(void) 
 311:.\Generated_Source\PSoC5/QuadDec_1.c **** {
 309              		.loc 1 311 0
 310              		.cfi_startproc
 311              		@ args = 0, pretend = 0, frame = 0
 312              		@ frame_needed = 1, uses_anonymous_args = 0
 313              		@ link register save eliminated.
 314 0000 80B4     		push	{r7}
 315              		.cfi_def_cfa_offset 4
 316              		.cfi_offset 7, -4
ARM GAS  C:\Users\pxc\AppData\Local\Temp\ccc9LHn0.s 			page 12


 317 0002 00AF     		add	r7, sp, #0
 318              		.cfi_def_cfa_register 7
 312:.\Generated_Source\PSoC5/QuadDec_1.c ****     return (QuadDec_1_STATUS_REG & QuadDec_1_INIT_INT_MASK);
 319              		.loc 1 312 0
 320 0004 054B     		ldr	r3, .L19
 321 0006 1B78     		ldrb	r3, [r3]
 322 0008 DBB2     		uxtb	r3, r3
 323 000a 03F00F03 		and	r3, r3, #15
 324 000e DBB2     		uxtb	r3, r3
 313:.\Generated_Source\PSoC5/QuadDec_1.c **** }
 325              		.loc 1 313 0
 326 0010 1846     		mov	r0, r3
 327 0012 BD46     		mov	sp, r7
 328              		.cfi_def_cfa_register 13
 329              		@ sp needed
 330 0014 5DF8047B 		ldr	r7, [sp], #4
 331              		.cfi_restore 7
 332              		.cfi_def_cfa_offset 0
 333 0018 7047     		bx	lr
 334              	.L20:
 335 001a 00BF     		.align	2
 336              	.L19:
 337 001c 65640040 		.word	1073767525
 338              		.cfi_endproc
 339              	.LFE6:
 340              		.size	QuadDec_1_GetEvents, .-QuadDec_1_GetEvents
 341              		.section	.text.QuadDec_1_SetInterruptMask,"ax",%progbits
 342              		.align	2
 343              		.global	QuadDec_1_SetInterruptMask
 344              		.thumb
 345              		.thumb_func
 346              		.type	QuadDec_1_SetInterruptMask, %function
 347              	QuadDec_1_SetInterruptMask:
 348              	.LFB7:
 314:.\Generated_Source\PSoC5/QuadDec_1.c **** 
 315:.\Generated_Source\PSoC5/QuadDec_1.c **** 
 316:.\Generated_Source\PSoC5/QuadDec_1.c **** /*******************************************************************************
 317:.\Generated_Source\PSoC5/QuadDec_1.c **** * Function Name: QuadDec_1_SetInterruptMask
 318:.\Generated_Source\PSoC5/QuadDec_1.c **** ********************************************************************************
 319:.\Generated_Source\PSoC5/QuadDec_1.c **** *
 320:.\Generated_Source\PSoC5/QuadDec_1.c **** * Summary:
 321:.\Generated_Source\PSoC5/QuadDec_1.c **** *  Enables / disables interrupts due to the events.
 322:.\Generated_Source\PSoC5/QuadDec_1.c **** *  For the 32-bit counter, the overflow, underflow and reset interrupts cannot
 323:.\Generated_Source\PSoC5/QuadDec_1.c **** *  be disabled, these bits are ignored.
 324:.\Generated_Source\PSoC5/QuadDec_1.c **** *
 325:.\Generated_Source\PSoC5/QuadDec_1.c **** * Parameters:
 326:.\Generated_Source\PSoC5/QuadDec_1.c **** *  mask: Enable / disable bits in an 8-bit value, where 1 enables the interrupt.
 327:.\Generated_Source\PSoC5/QuadDec_1.c **** *
 328:.\Generated_Source\PSoC5/QuadDec_1.c **** * Return:
 329:.\Generated_Source\PSoC5/QuadDec_1.c **** *  None.
 330:.\Generated_Source\PSoC5/QuadDec_1.c **** *
 331:.\Generated_Source\PSoC5/QuadDec_1.c **** *******************************************************************************/
 332:.\Generated_Source\PSoC5/QuadDec_1.c **** void QuadDec_1_SetInterruptMask(uint8 mask) 
 333:.\Generated_Source\PSoC5/QuadDec_1.c **** {
 349              		.loc 1 333 0
 350              		.cfi_startproc
 351              		@ args = 0, pretend = 0, frame = 8
ARM GAS  C:\Users\pxc\AppData\Local\Temp\ccc9LHn0.s 			page 13


 352              		@ frame_needed = 1, uses_anonymous_args = 0
 353              		@ link register save eliminated.
 354 0000 80B4     		push	{r7}
 355              		.cfi_def_cfa_offset 4
 356              		.cfi_offset 7, -4
 357 0002 83B0     		sub	sp, sp, #12
 358              		.cfi_def_cfa_offset 16
 359 0004 00AF     		add	r7, sp, #0
 360              		.cfi_def_cfa_register 7
 361 0006 0346     		mov	r3, r0
 362 0008 FB71     		strb	r3, [r7, #7]
 334:.\Generated_Source\PSoC5/QuadDec_1.c ****     #if (QuadDec_1_COUNTER_SIZE == QuadDec_1_COUNTER_SIZE_32_BIT)
 335:.\Generated_Source\PSoC5/QuadDec_1.c ****         /* Underflow, Overflow and Reset interrupts for 32-bit Counter are always enable */
 336:.\Generated_Source\PSoC5/QuadDec_1.c ****         mask |= (QuadDec_1_COUNTER_OVERFLOW | QuadDec_1_COUNTER_UNDERFLOW |
 337:.\Generated_Source\PSoC5/QuadDec_1.c ****                  QuadDec_1_COUNTER_RESET);
 338:.\Generated_Source\PSoC5/QuadDec_1.c ****     #endif /* QuadDec_1_COUNTER_SIZE == QuadDec_1_COUNTER_SIZE_32_BIT */
 339:.\Generated_Source\PSoC5/QuadDec_1.c **** 
 340:.\Generated_Source\PSoC5/QuadDec_1.c ****     QuadDec_1_STATUS_MASK = mask;
 363              		.loc 1 340 0
 364 000a 044A     		ldr	r2, .L22
 365 000c FB79     		ldrb	r3, [r7, #7]
 366 000e 1370     		strb	r3, [r2]
 341:.\Generated_Source\PSoC5/QuadDec_1.c **** }
 367              		.loc 1 341 0
 368 0010 0C37     		adds	r7, r7, #12
 369              		.cfi_def_cfa_offset 4
 370 0012 BD46     		mov	sp, r7
 371              		.cfi_def_cfa_register 13
 372              		@ sp needed
 373 0014 5DF8047B 		ldr	r7, [sp], #4
 374              		.cfi_restore 7
 375              		.cfi_def_cfa_offset 0
 376 0018 7047     		bx	lr
 377              	.L23:
 378 001a 00BF     		.align	2
 379              	.L22:
 380 001c 85640040 		.word	1073767557
 381              		.cfi_endproc
 382              	.LFE7:
 383              		.size	QuadDec_1_SetInterruptMask, .-QuadDec_1_SetInterruptMask
 384              		.section	.text.QuadDec_1_GetInterruptMask,"ax",%progbits
 385              		.align	2
 386              		.global	QuadDec_1_GetInterruptMask
 387              		.thumb
 388              		.thumb_func
 389              		.type	QuadDec_1_GetInterruptMask, %function
 390              	QuadDec_1_GetInterruptMask:
 391              	.LFB8:
 342:.\Generated_Source\PSoC5/QuadDec_1.c **** 
 343:.\Generated_Source\PSoC5/QuadDec_1.c **** 
 344:.\Generated_Source\PSoC5/QuadDec_1.c **** /*******************************************************************************
 345:.\Generated_Source\PSoC5/QuadDec_1.c **** * Function Name: QuadDec_1_GetInterruptMask
 346:.\Generated_Source\PSoC5/QuadDec_1.c **** ********************************************************************************
 347:.\Generated_Source\PSoC5/QuadDec_1.c **** *
 348:.\Generated_Source\PSoC5/QuadDec_1.c **** * Summary:
 349:.\Generated_Source\PSoC5/QuadDec_1.c **** *  Reports the current interrupt mask settings.
 350:.\Generated_Source\PSoC5/QuadDec_1.c **** *
ARM GAS  C:\Users\pxc\AppData\Local\Temp\ccc9LHn0.s 			page 14


 351:.\Generated_Source\PSoC5/QuadDec_1.c **** * Parameters:
 352:.\Generated_Source\PSoC5/QuadDec_1.c **** *  None.
 353:.\Generated_Source\PSoC5/QuadDec_1.c **** *
 354:.\Generated_Source\PSoC5/QuadDec_1.c **** * Return:
 355:.\Generated_Source\PSoC5/QuadDec_1.c **** *  Enable / disable bits in an 8-bit value, where 1 enables the interrupt.
 356:.\Generated_Source\PSoC5/QuadDec_1.c **** *  For the 32-bit counter, the overflow, underflow and reset enable bits are
 357:.\Generated_Source\PSoC5/QuadDec_1.c **** *  always set.
 358:.\Generated_Source\PSoC5/QuadDec_1.c **** *
 359:.\Generated_Source\PSoC5/QuadDec_1.c **** *******************************************************************************/
 360:.\Generated_Source\PSoC5/QuadDec_1.c **** uint8 QuadDec_1_GetInterruptMask(void) 
 361:.\Generated_Source\PSoC5/QuadDec_1.c **** {
 392              		.loc 1 361 0
 393              		.cfi_startproc
 394              		@ args = 0, pretend = 0, frame = 0
 395              		@ frame_needed = 1, uses_anonymous_args = 0
 396              		@ link register save eliminated.
 397 0000 80B4     		push	{r7}
 398              		.cfi_def_cfa_offset 4
 399              		.cfi_offset 7, -4
 400 0002 00AF     		add	r7, sp, #0
 401              		.cfi_def_cfa_register 7
 362:.\Generated_Source\PSoC5/QuadDec_1.c ****     return (QuadDec_1_STATUS_MASK & QuadDec_1_INIT_INT_MASK);
 402              		.loc 1 362 0
 403 0004 054B     		ldr	r3, .L26
 404 0006 1B78     		ldrb	r3, [r3]
 405 0008 DBB2     		uxtb	r3, r3
 406 000a 03F00F03 		and	r3, r3, #15
 407 000e DBB2     		uxtb	r3, r3
 363:.\Generated_Source\PSoC5/QuadDec_1.c **** }
 408              		.loc 1 363 0
 409 0010 1846     		mov	r0, r3
 410 0012 BD46     		mov	sp, r7
 411              		.cfi_def_cfa_register 13
 412              		@ sp needed
 413 0014 5DF8047B 		ldr	r7, [sp], #4
 414              		.cfi_restore 7
 415              		.cfi_def_cfa_offset 0
 416 0018 7047     		bx	lr
 417              	.L27:
 418 001a 00BF     		.align	2
 419              	.L26:
 420 001c 85640040 		.word	1073767557
 421              		.cfi_endproc
 422              	.LFE8:
 423              		.size	QuadDec_1_GetInterruptMask, .-QuadDec_1_GetInterruptMask
 424              		.text
 425              	.Letext0:
 426              		.file 2 ".\\Generated_Source\\PSoC5\\cytypes.h"
 427              		.section	.debug_info,"",%progbits
 428              	.Ldebug_info0:
 429 0000 EE010000 		.4byte	0x1ee
 430 0004 0400     		.2byte	0x4
 431 0006 00000000 		.4byte	.Ldebug_abbrev0
 432 000a 04       		.byte	0x4
 433 000b 01       		.uleb128 0x1
 434 000c BD000000 		.4byte	.LASF30
 435 0010 01       		.byte	0x1
ARM GAS  C:\Users\pxc\AppData\Local\Temp\ccc9LHn0.s 			page 15


 436 0011 E6010000 		.4byte	.LASF31
 437 0015 9C010000 		.4byte	.LASF32
 438 0019 00000000 		.4byte	.Ldebug_ranges0+0
 439 001d 00000000 		.4byte	0
 440 0021 00000000 		.4byte	.Ldebug_line0
 441 0025 02       		.uleb128 0x2
 442 0026 04       		.byte	0x4
 443 0027 05       		.byte	0x5
 444 0028 696E7400 		.ascii	"int\000"
 445 002c 03       		.uleb128 0x3
 446 002d 04       		.byte	0x4
 447 002e 07       		.byte	0x7
 448 002f 7D010000 		.4byte	.LASF0
 449 0033 03       		.uleb128 0x3
 450 0034 01       		.byte	0x1
 451 0035 06       		.byte	0x6
 452 0036 6E020000 		.4byte	.LASF1
 453 003a 03       		.uleb128 0x3
 454 003b 01       		.byte	0x1
 455 003c 08       		.byte	0x8
 456 003d 65000000 		.4byte	.LASF2
 457 0041 03       		.uleb128 0x3
 458 0042 02       		.byte	0x2
 459 0043 05       		.byte	0x5
 460 0044 27020000 		.4byte	.LASF3
 461 0048 03       		.uleb128 0x3
 462 0049 02       		.byte	0x2
 463 004a 07       		.byte	0x7
 464 004b 1C000000 		.4byte	.LASF4
 465 004f 03       		.uleb128 0x3
 466 0050 04       		.byte	0x4
 467 0051 05       		.byte	0x5
 468 0052 60020000 		.4byte	.LASF5
 469 0056 03       		.uleb128 0x3
 470 0057 04       		.byte	0x4
 471 0058 07       		.byte	0x7
 472 0059 8D000000 		.4byte	.LASF6
 473 005d 03       		.uleb128 0x3
 474 005e 08       		.byte	0x8
 475 005f 05       		.byte	0x5
 476 0060 14020000 		.4byte	.LASF7
 477 0064 03       		.uleb128 0x3
 478 0065 08       		.byte	0x8
 479 0066 07       		.byte	0x7
 480 0067 CF010000 		.4byte	.LASF8
 481 006b 03       		.uleb128 0x3
 482 006c 04       		.byte	0x4
 483 006d 07       		.byte	0x7
 484 006e 0B020000 		.4byte	.LASF9
 485 0072 03       		.uleb128 0x3
 486 0073 01       		.byte	0x1
 487 0074 08       		.byte	0x8
 488 0075 69020000 		.4byte	.LASF10
 489 0079 04       		.uleb128 0x4
 490 007a 9F000000 		.4byte	.LASF11
 491 007e 02       		.byte	0x2
 492 007f C2       		.byte	0xc2
ARM GAS  C:\Users\pxc\AppData\Local\Temp\ccc9LHn0.s 			page 16


 493 0080 3A000000 		.4byte	0x3a
 494 0084 04       		.uleb128 0x4
 495 0085 63010000 		.4byte	.LASF12
 496 0089 02       		.byte	0x2
 497 008a C5       		.byte	0xc5
 498 008b 33000000 		.4byte	0x33
 499 008f 04       		.uleb128 0x4
 500 0090 87000000 		.4byte	.LASF13
 501 0094 02       		.byte	0x2
 502 0095 C6       		.byte	0xc6
 503 0096 41000000 		.4byte	0x41
 504 009a 03       		.uleb128 0x3
 505 009b 04       		.byte	0x4
 506 009c 04       		.byte	0x4
 507 009d 5F000000 		.4byte	.LASF14
 508 00a1 03       		.uleb128 0x3
 509 00a2 08       		.byte	0x8
 510 00a3 04       		.byte	0x4
 511 00a4 4B010000 		.4byte	.LASF15
 512 00a8 05       		.uleb128 0x5
 513 00a9 82000000 		.4byte	.LASF16
 514 00ad 02       		.byte	0x2
 515 00ae 6C01     		.2byte	0x16c
 516 00b0 B4000000 		.4byte	0xb4
 517 00b4 06       		.uleb128 0x6
 518 00b5 79000000 		.4byte	0x79
 519 00b9 07       		.uleb128 0x7
 520 00ba 7A020000 		.4byte	.LASF17
 521 00be 01       		.byte	0x1
 522 00bf 2A       		.byte	0x2a
 523 00c0 00000000 		.4byte	.LFB0
 524 00c4 0C000000 		.4byte	.LFE0-.LFB0
 525 00c8 01       		.uleb128 0x1
 526 00c9 9C       		.byte	0x9c
 527 00ca 08       		.uleb128 0x8
 528 00cb 52010000 		.4byte	.LASF19
 529 00cf 01       		.byte	0x1
 530 00d0 46       		.byte	0x46
 531 00d1 00000000 		.4byte	.LFB1
 532 00d5 3C000000 		.4byte	.LFE1-.LFB1
 533 00d9 01       		.uleb128 0x1
 534 00da 9C       		.byte	0x9c
 535 00db EE000000 		.4byte	0xee
 536 00df 09       		.uleb128 0x9
 537 00e0 AC000000 		.4byte	.LASF21
 538 00e4 01       		.byte	0x1
 539 00e5 48       		.byte	0x48
 540 00e6 79000000 		.4byte	0x79
 541 00ea 02       		.uleb128 0x2
 542 00eb 91       		.byte	0x91
 543 00ec 77       		.sleb128 -9
 544 00ed 00       		.byte	0
 545 00ee 0A       		.uleb128 0xa
 546 00ef 00000000 		.4byte	.LASF18
 547 00f3 01       		.byte	0x1
 548 00f4 74       		.byte	0x74
 549 00f5 00000000 		.4byte	.LFB2
ARM GAS  C:\Users\pxc\AppData\Local\Temp\ccc9LHn0.s 			page 17


 550 00f9 2C000000 		.4byte	.LFE2-.LFB2
 551 00fd 01       		.uleb128 0x1
 552 00fe 9C       		.byte	0x9c
 553 00ff 08       		.uleb128 0x8
 554 0100 73000000 		.4byte	.LASF20
 555 0104 01       		.byte	0x1
 556 0105 9D       		.byte	0x9d
 557 0106 00000000 		.4byte	.LFB3
 558 010a 34000000 		.4byte	.LFE3-.LFB3
 559 010e 01       		.uleb128 0x1
 560 010f 9C       		.byte	0x9c
 561 0110 23010000 		.4byte	0x123
 562 0114 09       		.uleb128 0x9
 563 0115 AC000000 		.4byte	.LASF21
 564 0119 01       		.byte	0x1
 565 011a 9F       		.byte	0x9f
 566 011b 79000000 		.4byte	0x79
 567 011f 02       		.uleb128 0x2
 568 0120 91       		.byte	0x91
 569 0121 77       		.sleb128 -9
 570 0122 00       		.byte	0
 571 0123 0B       		.uleb128 0xb
 572 0124 4A000000 		.4byte	.LASF33
 573 0128 01       		.byte	0x1
 574 0129 CA       		.byte	0xca
 575 012a 84000000 		.4byte	0x84
 576 012e 00000000 		.4byte	.LFB4
 577 0132 22000000 		.4byte	.LFE4-.LFB4
 578 0136 01       		.uleb128 0x1
 579 0137 9C       		.byte	0x9c
 580 0138 59010000 		.4byte	0x159
 581 013c 09       		.uleb128 0x9
 582 013d 16000000 		.4byte	.LASF22
 583 0141 01       		.byte	0x1
 584 0142 CC       		.byte	0xcc
 585 0143 84000000 		.4byte	0x84
 586 0147 02       		.uleb128 0x2
 587 0148 91       		.byte	0x91
 588 0149 76       		.sleb128 -10
 589 014a 09       		.uleb128 0x9
 590 014b A5000000 		.4byte	.LASF23
 591 014f 01       		.byte	0x1
 592 0150 CD       		.byte	0xcd
 593 0151 79000000 		.4byte	0x79
 594 0155 02       		.uleb128 0x2
 595 0156 91       		.byte	0x91
 596 0157 77       		.sleb128 -9
 597 0158 00       		.byte	0
 598 0159 0C       		.uleb128 0xc
 599 015a 68010000 		.4byte	.LASF24
 600 015e 01       		.byte	0x1
 601 015f 0201     		.2byte	0x102
 602 0161 00000000 		.4byte	.LFB5
 603 0165 2E000000 		.4byte	.LFE5-.LFB5
 604 0169 01       		.uleb128 0x1
 605 016a 9C       		.byte	0x9c
 606 016b 8E010000 		.4byte	0x18e
ARM GAS  C:\Users\pxc\AppData\Local\Temp\ccc9LHn0.s 			page 18


 607 016f 0D       		.uleb128 0xd
 608 0170 10000000 		.4byte	.LASF26
 609 0174 01       		.byte	0x1
 610 0175 0201     		.2byte	0x102
 611 0177 84000000 		.4byte	0x84
 612 017b 02       		.uleb128 0x2
 613 017c 91       		.byte	0x91
 614 017d 6F       		.sleb128 -17
 615 017e 0E       		.uleb128 0xe
 616 017f 16000000 		.4byte	.LASF22
 617 0183 01       		.byte	0x1
 618 0184 0601     		.2byte	0x106
 619 0186 79000000 		.4byte	0x79
 620 018a 02       		.uleb128 0x2
 621 018b 91       		.byte	0x91
 622 018c 77       		.sleb128 -9
 623 018d 00       		.byte	0
 624 018e 0F       		.uleb128 0xf
 625 018f 31020000 		.4byte	.LASF28
 626 0193 01       		.byte	0x1
 627 0194 3601     		.2byte	0x136
 628 0196 79000000 		.4byte	0x79
 629 019a 00000000 		.4byte	.LFB6
 630 019e 20000000 		.4byte	.LFE6-.LFB6
 631 01a2 01       		.uleb128 0x1
 632 01a3 9C       		.byte	0x9c
 633 01a4 10       		.uleb128 0x10
 634 01a5 45020000 		.4byte	.LASF25
 635 01a9 01       		.byte	0x1
 636 01aa 4C01     		.2byte	0x14c
 637 01ac 00000000 		.4byte	.LFB7
 638 01b0 20000000 		.4byte	.LFE7-.LFB7
 639 01b4 01       		.uleb128 0x1
 640 01b5 9C       		.byte	0x9c
 641 01b6 CA010000 		.4byte	0x1ca
 642 01ba 0D       		.uleb128 0xd
 643 01bb 22020000 		.4byte	.LASF27
 644 01bf 01       		.byte	0x1
 645 01c0 4C01     		.2byte	0x14c
 646 01c2 79000000 		.4byte	0x79
 647 01c6 02       		.uleb128 0x2
 648 01c7 91       		.byte	0x91
 649 01c8 77       		.sleb128 -9
 650 01c9 00       		.byte	0
 651 01ca 0F       		.uleb128 0xf
 652 01cb 2F000000 		.4byte	.LASF29
 653 01cf 01       		.byte	0x1
 654 01d0 6801     		.2byte	0x168
 655 01d2 79000000 		.4byte	0x79
 656 01d6 00000000 		.4byte	.LFB8
 657 01da 20000000 		.4byte	.LFE8-.LFB8
 658 01de 01       		.uleb128 0x1
 659 01df 9C       		.byte	0x9c
 660 01e0 11       		.uleb128 0x11
 661 01e1 8A010000 		.4byte	.LASF34
 662 01e5 01       		.byte	0x1
 663 01e6 19       		.byte	0x19
ARM GAS  C:\Users\pxc\AppData\Local\Temp\ccc9LHn0.s 			page 19


 664 01e7 79000000 		.4byte	0x79
 665 01eb 05       		.uleb128 0x5
 666 01ec 03       		.byte	0x3
 667 01ed 00000000 		.4byte	QuadDec_1_initVar
 668 01f1 00       		.byte	0
 669              		.section	.debug_abbrev,"",%progbits
 670              	.Ldebug_abbrev0:
 671 0000 01       		.uleb128 0x1
 672 0001 11       		.uleb128 0x11
 673 0002 01       		.byte	0x1
 674 0003 25       		.uleb128 0x25
 675 0004 0E       		.uleb128 0xe
 676 0005 13       		.uleb128 0x13
 677 0006 0B       		.uleb128 0xb
 678 0007 03       		.uleb128 0x3
 679 0008 0E       		.uleb128 0xe
 680 0009 1B       		.uleb128 0x1b
 681 000a 0E       		.uleb128 0xe
 682 000b 55       		.uleb128 0x55
 683 000c 17       		.uleb128 0x17
 684 000d 11       		.uleb128 0x11
 685 000e 01       		.uleb128 0x1
 686 000f 10       		.uleb128 0x10
 687 0010 17       		.uleb128 0x17
 688 0011 00       		.byte	0
 689 0012 00       		.byte	0
 690 0013 02       		.uleb128 0x2
 691 0014 24       		.uleb128 0x24
 692 0015 00       		.byte	0
 693 0016 0B       		.uleb128 0xb
 694 0017 0B       		.uleb128 0xb
 695 0018 3E       		.uleb128 0x3e
 696 0019 0B       		.uleb128 0xb
 697 001a 03       		.uleb128 0x3
 698 001b 08       		.uleb128 0x8
 699 001c 00       		.byte	0
 700 001d 00       		.byte	0
 701 001e 03       		.uleb128 0x3
 702 001f 24       		.uleb128 0x24
 703 0020 00       		.byte	0
 704 0021 0B       		.uleb128 0xb
 705 0022 0B       		.uleb128 0xb
 706 0023 3E       		.uleb128 0x3e
 707 0024 0B       		.uleb128 0xb
 708 0025 03       		.uleb128 0x3
 709 0026 0E       		.uleb128 0xe
 710 0027 00       		.byte	0
 711 0028 00       		.byte	0
 712 0029 04       		.uleb128 0x4
 713 002a 16       		.uleb128 0x16
 714 002b 00       		.byte	0
 715 002c 03       		.uleb128 0x3
 716 002d 0E       		.uleb128 0xe
 717 002e 3A       		.uleb128 0x3a
 718 002f 0B       		.uleb128 0xb
 719 0030 3B       		.uleb128 0x3b
 720 0031 0B       		.uleb128 0xb
ARM GAS  C:\Users\pxc\AppData\Local\Temp\ccc9LHn0.s 			page 20


 721 0032 49       		.uleb128 0x49
 722 0033 13       		.uleb128 0x13
 723 0034 00       		.byte	0
 724 0035 00       		.byte	0
 725 0036 05       		.uleb128 0x5
 726 0037 16       		.uleb128 0x16
 727 0038 00       		.byte	0
 728 0039 03       		.uleb128 0x3
 729 003a 0E       		.uleb128 0xe
 730 003b 3A       		.uleb128 0x3a
 731 003c 0B       		.uleb128 0xb
 732 003d 3B       		.uleb128 0x3b
 733 003e 05       		.uleb128 0x5
 734 003f 49       		.uleb128 0x49
 735 0040 13       		.uleb128 0x13
 736 0041 00       		.byte	0
 737 0042 00       		.byte	0
 738 0043 06       		.uleb128 0x6
 739 0044 35       		.uleb128 0x35
 740 0045 00       		.byte	0
 741 0046 49       		.uleb128 0x49
 742 0047 13       		.uleb128 0x13
 743 0048 00       		.byte	0
 744 0049 00       		.byte	0
 745 004a 07       		.uleb128 0x7
 746 004b 2E       		.uleb128 0x2e
 747 004c 00       		.byte	0
 748 004d 3F       		.uleb128 0x3f
 749 004e 19       		.uleb128 0x19
 750 004f 03       		.uleb128 0x3
 751 0050 0E       		.uleb128 0xe
 752 0051 3A       		.uleb128 0x3a
 753 0052 0B       		.uleb128 0xb
 754 0053 3B       		.uleb128 0x3b
 755 0054 0B       		.uleb128 0xb
 756 0055 27       		.uleb128 0x27
 757 0056 19       		.uleb128 0x19
 758 0057 11       		.uleb128 0x11
 759 0058 01       		.uleb128 0x1
 760 0059 12       		.uleb128 0x12
 761 005a 06       		.uleb128 0x6
 762 005b 40       		.uleb128 0x40
 763 005c 18       		.uleb128 0x18
 764 005d 9742     		.uleb128 0x2117
 765 005f 19       		.uleb128 0x19
 766 0060 00       		.byte	0
 767 0061 00       		.byte	0
 768 0062 08       		.uleb128 0x8
 769 0063 2E       		.uleb128 0x2e
 770 0064 01       		.byte	0x1
 771 0065 3F       		.uleb128 0x3f
 772 0066 19       		.uleb128 0x19
 773 0067 03       		.uleb128 0x3
 774 0068 0E       		.uleb128 0xe
 775 0069 3A       		.uleb128 0x3a
 776 006a 0B       		.uleb128 0xb
 777 006b 3B       		.uleb128 0x3b
ARM GAS  C:\Users\pxc\AppData\Local\Temp\ccc9LHn0.s 			page 21


 778 006c 0B       		.uleb128 0xb
 779 006d 27       		.uleb128 0x27
 780 006e 19       		.uleb128 0x19
 781 006f 11       		.uleb128 0x11
 782 0070 01       		.uleb128 0x1
 783 0071 12       		.uleb128 0x12
 784 0072 06       		.uleb128 0x6
 785 0073 40       		.uleb128 0x40
 786 0074 18       		.uleb128 0x18
 787 0075 9642     		.uleb128 0x2116
 788 0077 19       		.uleb128 0x19
 789 0078 01       		.uleb128 0x1
 790 0079 13       		.uleb128 0x13
 791 007a 00       		.byte	0
 792 007b 00       		.byte	0
 793 007c 09       		.uleb128 0x9
 794 007d 34       		.uleb128 0x34
 795 007e 00       		.byte	0
 796 007f 03       		.uleb128 0x3
 797 0080 0E       		.uleb128 0xe
 798 0081 3A       		.uleb128 0x3a
 799 0082 0B       		.uleb128 0xb
 800 0083 3B       		.uleb128 0x3b
 801 0084 0B       		.uleb128 0xb
 802 0085 49       		.uleb128 0x49
 803 0086 13       		.uleb128 0x13
 804 0087 02       		.uleb128 0x2
 805 0088 18       		.uleb128 0x18
 806 0089 00       		.byte	0
 807 008a 00       		.byte	0
 808 008b 0A       		.uleb128 0xa
 809 008c 2E       		.uleb128 0x2e
 810 008d 00       		.byte	0
 811 008e 3F       		.uleb128 0x3f
 812 008f 19       		.uleb128 0x19
 813 0090 03       		.uleb128 0x3
 814 0091 0E       		.uleb128 0xe
 815 0092 3A       		.uleb128 0x3a
 816 0093 0B       		.uleb128 0xb
 817 0094 3B       		.uleb128 0x3b
 818 0095 0B       		.uleb128 0xb
 819 0096 27       		.uleb128 0x27
 820 0097 19       		.uleb128 0x19
 821 0098 11       		.uleb128 0x11
 822 0099 01       		.uleb128 0x1
 823 009a 12       		.uleb128 0x12
 824 009b 06       		.uleb128 0x6
 825 009c 40       		.uleb128 0x40
 826 009d 18       		.uleb128 0x18
 827 009e 9642     		.uleb128 0x2116
 828 00a0 19       		.uleb128 0x19
 829 00a1 00       		.byte	0
 830 00a2 00       		.byte	0
 831 00a3 0B       		.uleb128 0xb
 832 00a4 2E       		.uleb128 0x2e
 833 00a5 01       		.byte	0x1
 834 00a6 3F       		.uleb128 0x3f
ARM GAS  C:\Users\pxc\AppData\Local\Temp\ccc9LHn0.s 			page 22


 835 00a7 19       		.uleb128 0x19
 836 00a8 03       		.uleb128 0x3
 837 00a9 0E       		.uleb128 0xe
 838 00aa 3A       		.uleb128 0x3a
 839 00ab 0B       		.uleb128 0xb
 840 00ac 3B       		.uleb128 0x3b
 841 00ad 0B       		.uleb128 0xb
 842 00ae 27       		.uleb128 0x27
 843 00af 19       		.uleb128 0x19
 844 00b0 49       		.uleb128 0x49
 845 00b1 13       		.uleb128 0x13
 846 00b2 11       		.uleb128 0x11
 847 00b3 01       		.uleb128 0x1
 848 00b4 12       		.uleb128 0x12
 849 00b5 06       		.uleb128 0x6
 850 00b6 40       		.uleb128 0x40
 851 00b7 18       		.uleb128 0x18
 852 00b8 9642     		.uleb128 0x2116
 853 00ba 19       		.uleb128 0x19
 854 00bb 01       		.uleb128 0x1
 855 00bc 13       		.uleb128 0x13
 856 00bd 00       		.byte	0
 857 00be 00       		.byte	0
 858 00bf 0C       		.uleb128 0xc
 859 00c0 2E       		.uleb128 0x2e
 860 00c1 01       		.byte	0x1
 861 00c2 3F       		.uleb128 0x3f
 862 00c3 19       		.uleb128 0x19
 863 00c4 03       		.uleb128 0x3
 864 00c5 0E       		.uleb128 0xe
 865 00c6 3A       		.uleb128 0x3a
 866 00c7 0B       		.uleb128 0xb
 867 00c8 3B       		.uleb128 0x3b
 868 00c9 05       		.uleb128 0x5
 869 00ca 27       		.uleb128 0x27
 870 00cb 19       		.uleb128 0x19
 871 00cc 11       		.uleb128 0x11
 872 00cd 01       		.uleb128 0x1
 873 00ce 12       		.uleb128 0x12
 874 00cf 06       		.uleb128 0x6
 875 00d0 40       		.uleb128 0x40
 876 00d1 18       		.uleb128 0x18
 877 00d2 9642     		.uleb128 0x2116
 878 00d4 19       		.uleb128 0x19
 879 00d5 01       		.uleb128 0x1
 880 00d6 13       		.uleb128 0x13
 881 00d7 00       		.byte	0
 882 00d8 00       		.byte	0
 883 00d9 0D       		.uleb128 0xd
 884 00da 05       		.uleb128 0x5
 885 00db 00       		.byte	0
 886 00dc 03       		.uleb128 0x3
 887 00dd 0E       		.uleb128 0xe
 888 00de 3A       		.uleb128 0x3a
 889 00df 0B       		.uleb128 0xb
 890 00e0 3B       		.uleb128 0x3b
 891 00e1 05       		.uleb128 0x5
ARM GAS  C:\Users\pxc\AppData\Local\Temp\ccc9LHn0.s 			page 23


 892 00e2 49       		.uleb128 0x49
 893 00e3 13       		.uleb128 0x13
 894 00e4 02       		.uleb128 0x2
 895 00e5 18       		.uleb128 0x18
 896 00e6 00       		.byte	0
 897 00e7 00       		.byte	0
 898 00e8 0E       		.uleb128 0xe
 899 00e9 34       		.uleb128 0x34
 900 00ea 00       		.byte	0
 901 00eb 03       		.uleb128 0x3
 902 00ec 0E       		.uleb128 0xe
 903 00ed 3A       		.uleb128 0x3a
 904 00ee 0B       		.uleb128 0xb
 905 00ef 3B       		.uleb128 0x3b
 906 00f0 05       		.uleb128 0x5
 907 00f1 49       		.uleb128 0x49
 908 00f2 13       		.uleb128 0x13
 909 00f3 02       		.uleb128 0x2
 910 00f4 18       		.uleb128 0x18
 911 00f5 00       		.byte	0
 912 00f6 00       		.byte	0
 913 00f7 0F       		.uleb128 0xf
 914 00f8 2E       		.uleb128 0x2e
 915 00f9 00       		.byte	0
 916 00fa 3F       		.uleb128 0x3f
 917 00fb 19       		.uleb128 0x19
 918 00fc 03       		.uleb128 0x3
 919 00fd 0E       		.uleb128 0xe
 920 00fe 3A       		.uleb128 0x3a
 921 00ff 0B       		.uleb128 0xb
 922 0100 3B       		.uleb128 0x3b
 923 0101 05       		.uleb128 0x5
 924 0102 27       		.uleb128 0x27
 925 0103 19       		.uleb128 0x19
 926 0104 49       		.uleb128 0x49
 927 0105 13       		.uleb128 0x13
 928 0106 11       		.uleb128 0x11
 929 0107 01       		.uleb128 0x1
 930 0108 12       		.uleb128 0x12
 931 0109 06       		.uleb128 0x6
 932 010a 40       		.uleb128 0x40
 933 010b 18       		.uleb128 0x18
 934 010c 9742     		.uleb128 0x2117
 935 010e 19       		.uleb128 0x19
 936 010f 00       		.byte	0
 937 0110 00       		.byte	0
 938 0111 10       		.uleb128 0x10
 939 0112 2E       		.uleb128 0x2e
 940 0113 01       		.byte	0x1
 941 0114 3F       		.uleb128 0x3f
 942 0115 19       		.uleb128 0x19
 943 0116 03       		.uleb128 0x3
 944 0117 0E       		.uleb128 0xe
 945 0118 3A       		.uleb128 0x3a
 946 0119 0B       		.uleb128 0xb
 947 011a 3B       		.uleb128 0x3b
 948 011b 05       		.uleb128 0x5
ARM GAS  C:\Users\pxc\AppData\Local\Temp\ccc9LHn0.s 			page 24


 949 011c 27       		.uleb128 0x27
 950 011d 19       		.uleb128 0x19
 951 011e 11       		.uleb128 0x11
 952 011f 01       		.uleb128 0x1
 953 0120 12       		.uleb128 0x12
 954 0121 06       		.uleb128 0x6
 955 0122 40       		.uleb128 0x40
 956 0123 18       		.uleb128 0x18
 957 0124 9742     		.uleb128 0x2117
 958 0126 19       		.uleb128 0x19
 959 0127 01       		.uleb128 0x1
 960 0128 13       		.uleb128 0x13
 961 0129 00       		.byte	0
 962 012a 00       		.byte	0
 963 012b 11       		.uleb128 0x11
 964 012c 34       		.uleb128 0x34
 965 012d 00       		.byte	0
 966 012e 03       		.uleb128 0x3
 967 012f 0E       		.uleb128 0xe
 968 0130 3A       		.uleb128 0x3a
 969 0131 0B       		.uleb128 0xb
 970 0132 3B       		.uleb128 0x3b
 971 0133 0B       		.uleb128 0xb
 972 0134 49       		.uleb128 0x49
 973 0135 13       		.uleb128 0x13
 974 0136 3F       		.uleb128 0x3f
 975 0137 19       		.uleb128 0x19
 976 0138 02       		.uleb128 0x2
 977 0139 18       		.uleb128 0x18
 978 013a 00       		.byte	0
 979 013b 00       		.byte	0
 980 013c 00       		.byte	0
 981              		.section	.debug_aranges,"",%progbits
 982 0000 5C000000 		.4byte	0x5c
 983 0004 0200     		.2byte	0x2
 984 0006 00000000 		.4byte	.Ldebug_info0
 985 000a 04       		.byte	0x4
 986 000b 00       		.byte	0
 987 000c 0000     		.2byte	0
 988 000e 0000     		.2byte	0
 989 0010 00000000 		.4byte	.LFB0
 990 0014 0C000000 		.4byte	.LFE0-.LFB0
 991 0018 00000000 		.4byte	.LFB1
 992 001c 3C000000 		.4byte	.LFE1-.LFB1
 993 0020 00000000 		.4byte	.LFB2
 994 0024 2C000000 		.4byte	.LFE2-.LFB2
 995 0028 00000000 		.4byte	.LFB3
 996 002c 34000000 		.4byte	.LFE3-.LFB3
 997 0030 00000000 		.4byte	.LFB4
 998 0034 22000000 		.4byte	.LFE4-.LFB4
 999 0038 00000000 		.4byte	.LFB5
 1000 003c 2E000000 		.4byte	.LFE5-.LFB5
 1001 0040 00000000 		.4byte	.LFB6
 1002 0044 20000000 		.4byte	.LFE6-.LFB6
 1003 0048 00000000 		.4byte	.LFB7
 1004 004c 20000000 		.4byte	.LFE7-.LFB7
 1005 0050 00000000 		.4byte	.LFB8
ARM GAS  C:\Users\pxc\AppData\Local\Temp\ccc9LHn0.s 			page 25


 1006 0054 20000000 		.4byte	.LFE8-.LFB8
 1007 0058 00000000 		.4byte	0
 1008 005c 00000000 		.4byte	0
 1009              		.section	.debug_ranges,"",%progbits
 1010              	.Ldebug_ranges0:
 1011 0000 00000000 		.4byte	.LFB0
 1012 0004 0C000000 		.4byte	.LFE0
 1013 0008 00000000 		.4byte	.LFB1
 1014 000c 3C000000 		.4byte	.LFE1
 1015 0010 00000000 		.4byte	.LFB2
 1016 0014 2C000000 		.4byte	.LFE2
 1017 0018 00000000 		.4byte	.LFB3
 1018 001c 34000000 		.4byte	.LFE3
 1019 0020 00000000 		.4byte	.LFB4
 1020 0024 22000000 		.4byte	.LFE4
 1021 0028 00000000 		.4byte	.LFB5
 1022 002c 2E000000 		.4byte	.LFE5
 1023 0030 00000000 		.4byte	.LFB6
 1024 0034 20000000 		.4byte	.LFE6
 1025 0038 00000000 		.4byte	.LFB7
 1026 003c 20000000 		.4byte	.LFE7
 1027 0040 00000000 		.4byte	.LFB8
 1028 0044 20000000 		.4byte	.LFE8
 1029 0048 00000000 		.4byte	0
 1030 004c 00000000 		.4byte	0
 1031              		.section	.debug_line,"",%progbits
 1032              	.Ldebug_line0:
 1033 0000 07010000 		.section	.debug_str,"MS",%progbits,1
 1033      02004800 
 1033      00000201 
 1033      FB0E0D00 
 1033      01010101 
 1034              	.LASF18:
 1035 0000 51756164 		.ascii	"QuadDec_1_Start\000"
 1035      4465635F 
 1035      315F5374 
 1035      61727400 
 1036              	.LASF26:
 1037 0010 76616C75 		.ascii	"value\000"
 1037      6500
 1038              	.LASF22:
 1039 0016 636F756E 		.ascii	"count\000"
 1039      7400
 1040              	.LASF4:
 1041 001c 73686F72 		.ascii	"short unsigned int\000"
 1041      7420756E 
 1041      7369676E 
 1041      65642069 
 1041      6E7400
 1042              	.LASF29:
 1043 002f 51756164 		.ascii	"QuadDec_1_GetInterruptMask\000"
 1043      4465635F 
 1043      315F4765 
 1043      74496E74 
 1043      65727275 
 1044              	.LASF33:
 1045 004a 51756164 		.ascii	"QuadDec_1_GetCounter\000"
ARM GAS  C:\Users\pxc\AppData\Local\Temp\ccc9LHn0.s 			page 26


 1045      4465635F 
 1045      315F4765 
 1045      74436F75 
 1045      6E746572 
 1046              	.LASF14:
 1047 005f 666C6F61 		.ascii	"float\000"
 1047      7400
 1048              	.LASF2:
 1049 0065 756E7369 		.ascii	"unsigned char\000"
 1049      676E6564 
 1049      20636861 
 1049      7200
 1050              	.LASF20:
 1051 0073 51756164 		.ascii	"QuadDec_1_Stop\000"
 1051      4465635F 
 1051      315F5374 
 1051      6F7000
 1052              	.LASF16:
 1053 0082 72656738 		.ascii	"reg8\000"
 1053      00
 1054              	.LASF13:
 1055 0087 696E7431 		.ascii	"int16\000"
 1055      3600
 1056              	.LASF6:
 1057 008d 6C6F6E67 		.ascii	"long unsigned int\000"
 1057      20756E73 
 1057      69676E65 
 1057      6420696E 
 1057      7400
 1058              	.LASF11:
 1059 009f 75696E74 		.ascii	"uint8\000"
 1059      3800
 1060              	.LASF23:
 1061 00a5 746D7043 		.ascii	"tmpCnt\000"
 1061      6E7400
 1062              	.LASF21:
 1063 00ac 656E6162 		.ascii	"enableInterrupts\000"
 1063      6C65496E 
 1063      74657272 
 1063      75707473 
 1063      00
 1064              	.LASF30:
 1065 00bd 474E5520 		.ascii	"GNU C 4.9.3 20150303 (release) [ARM/embedded-4_9-br"
 1065      4320342E 
 1065      392E3320 
 1065      32303135 
 1065      30333033 
 1066 00f0 616E6368 		.ascii	"anch revision 221220] -mcpu=cortex-m3 -mthumb -g -O"
 1066      20726576 
 1066      6973696F 
 1066      6E203232 
 1066      31323230 
 1067 0123 30202D66 		.ascii	"0 -ffunction-sections -ffat-lto-objects\000"
 1067      66756E63 
 1067      74696F6E 
 1067      2D736563 
 1067      74696F6E 
ARM GAS  C:\Users\pxc\AppData\Local\Temp\ccc9LHn0.s 			page 27


 1068              	.LASF15:
 1069 014b 646F7562 		.ascii	"double\000"
 1069      6C6500
 1070              	.LASF19:
 1071 0152 51756164 		.ascii	"QuadDec_1_Enable\000"
 1071      4465635F 
 1071      315F456E 
 1071      61626C65 
 1071      00
 1072              	.LASF12:
 1073 0163 696E7438 		.ascii	"int8\000"
 1073      00
 1074              	.LASF24:
 1075 0168 51756164 		.ascii	"QuadDec_1_SetCounter\000"
 1075      4465635F 
 1075      315F5365 
 1075      74436F75 
 1075      6E746572 
 1076              	.LASF0:
 1077 017d 756E7369 		.ascii	"unsigned int\000"
 1077      676E6564 
 1077      20696E74 
 1077      00
 1078              	.LASF34:
 1079 018a 51756164 		.ascii	"QuadDec_1_initVar\000"
 1079      4465635F 
 1079      315F696E 
 1079      69745661 
 1079      7200
 1080              	.LASF32:
 1081 019c 443A5C72 		.ascii	"D:\\robot\\git_code\\robot_car\\QuadDecExample01.cy"
 1081      6F626F74 
 1081      5C676974 
 1081      5F636F64 
 1081      655C726F 
 1082 01cb 64736E00 		.ascii	"dsn\000"
 1083              	.LASF8:
 1084 01cf 6C6F6E67 		.ascii	"long long unsigned int\000"
 1084      206C6F6E 
 1084      6720756E 
 1084      7369676E 
 1084      65642069 
 1085              	.LASF31:
 1086 01e6 2E5C4765 		.ascii	".\\Generated_Source\\PSoC5\\QuadDec_1.c\000"
 1086      6E657261 
 1086      7465645F 
 1086      536F7572 
 1086      63655C50 
 1087              	.LASF9:
 1088 020b 73697A65 		.ascii	"sizetype\000"
 1088      74797065 
 1088      00
 1089              	.LASF7:
 1090 0214 6C6F6E67 		.ascii	"long long int\000"
 1090      206C6F6E 
 1090      6720696E 
 1090      7400
ARM GAS  C:\Users\pxc\AppData\Local\Temp\ccc9LHn0.s 			page 28


 1091              	.LASF27:
 1092 0222 6D61736B 		.ascii	"mask\000"
 1092      00
 1093              	.LASF3:
 1094 0227 73686F72 		.ascii	"short int\000"
 1094      7420696E 
 1094      7400
 1095              	.LASF28:
 1096 0231 51756164 		.ascii	"QuadDec_1_GetEvents\000"
 1096      4465635F 
 1096      315F4765 
 1096      74457665 
 1096      6E747300 
 1097              	.LASF25:
 1098 0245 51756164 		.ascii	"QuadDec_1_SetInterruptMask\000"
 1098      4465635F 
 1098      315F5365 
 1098      74496E74 
 1098      65727275 
 1099              	.LASF5:
 1100 0260 6C6F6E67 		.ascii	"long int\000"
 1100      20696E74 
 1100      00
 1101              	.LASF10:
 1102 0269 63686172 		.ascii	"char\000"
 1102      00
 1103              	.LASF1:
 1104 026e 7369676E 		.ascii	"signed char\000"
 1104      65642063 
 1104      68617200 
 1105              	.LASF17:
 1106 027a 51756164 		.ascii	"QuadDec_1_Init\000"
 1106      4465635F 
 1106      315F496E 
 1106      697400
 1107              		.ident	"GCC: (GNU Tools for ARM Embedded Processors) 4.9.3 20150303 (release) [ARM/embedded-4_9-br
