Loading plugins phase: Elapsed time ==> 0s.237ms
Initializing data phase: Elapsed time ==> 0s.000ms
<CYPRESSTAG name="CyDsfit arguments...">
cydsfit arguments: -.fdsnotice -.fdswarpdepfile=warp_dependencies.txt -.fdselabdepfile=elab_dependencies.txt -.fdsbldfile=generated_files.txt -p D:\robot\git_code\robot_car\QuadDecExample01.cydsn\QuadDecExample01.cyprj -d CY8C5267AXI-LP051 -s D:\robot\git_code\robot_car\QuadDecExample01.cydsn\Generated_Source\PSoC5 -- -yv2 -q10 -ygs -o2 -v3 -.fftcfgtype=LE</CYPRESSTAG>
<CYPRESSTAG name="Design elaboration results...">
</CYPRESSTAG>
Elaboration phase: Elapsed time ==> 2s.217ms
<CYPRESSTAG name="HDL generation results...">
</CYPRESSTAG>
HDL generation phase: Elapsed time ==> 0s.037ms
<CYPRESSTAG name="Synthesis results...">

     | | | | | | |
   _________________
  -|               |-
  -|               |-
  -|               |-
  -|    CYPRESS    |-
  -|               |-
  -|               |-   Warp Verilog Synthesis Compiler: Version 6.3 IR 41
  -|               |-   Copyright (C) 1991-2001 Cypress Semiconductor
   |_______________|
     | | | | | | |

======================================================================
Compiling:  QuadDecExample01.v
Program  :   C:\Program Files (x86)\Cypress\PSoC Creator\3.3\PSoC Creator\warp\bin/warp.exe
Options  :    -yv2 -q10 -ygs -o2 -v3 -.fftcfgtype=LE -ya -.fftprj=D:\robot\git_code\robot_car\QuadDecExample01.cydsn\QuadDecExample01.cyprj -dcpsoc3 QuadDecExample01.v -verilog
======================================================================

======================================================================
Compiling:  QuadDecExample01.v
Program  :   C:\Program Files (x86)\Cypress\PSoC Creator\3.3\PSoC Creator\warp\bin/warp.exe
Options  :    -yv2 -q10 -ygs -o2 -v3 -.fftcfgtype=LE -ya -.fftprj=D:\robot\git_code\robot_car\QuadDecExample01.cydsn\QuadDecExample01.cyprj -dcpsoc3 QuadDecExample01.v -verilog
======================================================================

======================================================================
Compiling:  QuadDecExample01.v
Program  :   vlogfe
Options  :    -yv2 -q10 -ygs -o2 -v3 -.fftcfgtype=LE -ya -.fftprj=D:\robot\git_code\robot_car\QuadDecExample01.cydsn\QuadDecExample01.cyprj -dcpsoc3 -verilog QuadDecExample01.v
======================================================================

vlogfe V6.3 IR 41:  Verilog parser
Tue Dec 13 11:23:37 2016


======================================================================
Compiling:  QuadDecExample01.v
Program  :   vpp
Options  :    -yv2 -q10 QuadDecExample01.v
======================================================================

vpp V6.3 IR 41:  Verilog Pre-Processor
Tue Dec 13 11:23:37 2016

Flattening file 'C:\Program Files (x86)\Cypress\PSoC Creator\3.3\PSoC Creator\psoc\content\cyprimitives\CyPrimitives.cylib\cy_virtualmux_v1_0\cy_virtualmux_v1_0.v'
Flattening file 'C:\Program Files (x86)\Cypress\PSoC Creator\3.3\PSoC Creator\psoc\content\cyprimitives\CyPrimitives.cylib\ZeroTerminal\ZeroTerminal.v'
Flattening file 'C:\Program Files (x86)\Cypress\PSoC Creator\3.3\PSoC Creator\psoc\content\cyprimitives\CyPrimitives.cylib\OneTerminal\OneTerminal.v'
Flattening file 'C:\Program Files (x86)\Cypress\PSoC Creator\3.3\PSoC Creator\psoc\content\cycomponentlibrary\CyComponentLibrary.cylib\B_Counter_v3_0\B_Counter_v3_0.v'
Flattening file 'C:\Program Files (x86)\Cypress\PSoC Creator\3.3\PSoC Creator\warp\lib\common\cypress.v'
Flattening file 'C:\Program Files (x86)\Cypress\PSoC Creator\3.3\PSoC Creator\warp\lib\common\cy_psoc3_inc.v'
Flattening file 'C:\Program Files (x86)\Cypress\PSoC Creator\3.3\PSoC Creator\psoc\content\cycomponentlibrary\CyComponentLibrary.cylib\bQuadDec_v3_0\bQuadDec_v3_0.v'
Flattening file 'C:\Program Files (x86)\Cypress\PSoC Creator\3.3\PSoC Creator\warp\lib\common\cypress.v'
Flattening file 'C:\Program Files (x86)\Cypress\PSoC Creator\3.3\PSoC Creator\psoc\content\cyprimitives\CyPrimitives.cylib\not_v1_0\not_v1_0.v'
Flattening file 'C:\Program Files (x86)\Cypress\PSoC Creator\3.3\PSoC Creator\psoc\content\cyprimitives\CyPrimitives.cylib\and_v1_0\and_v1_0.v'

vpp:  No errors.

Library 'work' => directory 'lcpsoc3'
General_symbol_table
General_symbol_table
Linking 'C:\Program Files (x86)\Cypress\PSoC Creator\3.3\PSoC Creator\warp\lib\common\std.vhd'.
Linking 'C:\Program Files (x86)\Cypress\PSoC Creator\3.3\PSoC Creator\warp\lib\common\cypress.vhd'.
Linking 'C:\Program Files (x86)\Cypress\PSoC Creator\3.3\PSoC Creator\warp\lib\common\work\cypress.vif'.
Linking 'C:\Program Files (x86)\Cypress\PSoC Creator\3.3\PSoC Creator\warp\lib\ieee\work\stdlogic.vif'.
Linking 'C:\Program Files (x86)\Cypress\PSoC Creator\3.3\PSoC Creator\warp\lib\common\stdlogic\lpmpkg.vif'.
Linking 'C:\Program Files (x86)\Cypress\PSoC Creator\3.3\PSoC Creator\warp\lib\common\stdlogic\rtlpkg.vif'.
Linking 'C:\Program Files (x86)\Cypress\PSoC Creator\3.3\PSoC Creator\warp\lib\common\stdlogic\mod_cnst.vif'.
Linking 'C:\Program Files (x86)\Cypress\PSoC Creator\3.3\PSoC Creator\warp\lib\common\stdlogic\mod_mthv.vif'.
Linking 'C:\Program Files (x86)\Cypress\PSoC Creator\3.3\PSoC Creator\warp\lib\common\stdlogic\mod_genv.vif'.
Using control file 'QuadDecExample01.ctl'.
Linking 'C:\Program Files (x86)\Cypress\PSoC Creator\3.3\PSoC Creator\warp\lib\common\stdlogic\cy_psoc3pkg.vif'.
Linking 'C:\Program Files (x86)\Cypress\PSoC Creator\3.3\PSoC Creator\warp\lib\common\stdlogic\cy_psoc3.vif'.

vlogfe:  No errors.


======================================================================
Compiling:  QuadDecExample01.v
Program  :   tovif
Options  :    -yv2 -q10 -ygs -o2 -v3 -.fftcfgtype=LE -ya -.fftprj=D:\robot\git_code\robot_car\QuadDecExample01.cydsn\QuadDecExample01.cyprj -dcpsoc3 -verilog QuadDecExample01.v
======================================================================

tovif V6.3 IR 41:  High-level synthesis
Tue Dec 13 11:23:38 2016

Linking 'C:\Program Files (x86)\Cypress\PSoC Creator\3.3\PSoC Creator\warp\lib\common\std.vhd'.
Linking 'C:\Program Files (x86)\Cypress\PSoC Creator\3.3\PSoC Creator\warp\lib\common\cypress.vhd'.
Linking 'C:\Program Files (x86)\Cypress\PSoC Creator\3.3\PSoC Creator\warp\lib\common\work\cypress.vif'.
Linking 'C:\Program Files (x86)\Cypress\PSoC Creator\3.3\PSoC Creator\warp\lib\ieee\work\stdlogic.vif'.
Linking 'C:\Program Files (x86)\Cypress\PSoC Creator\3.3\PSoC Creator\warp\lib\common\stdlogic\lpmpkg.vif'.
Linking 'C:\Program Files (x86)\Cypress\PSoC Creator\3.3\PSoC Creator\warp\lib\common\stdlogic\rtlpkg.vif'.
Linking 'C:\Program Files (x86)\Cypress\PSoC Creator\3.3\PSoC Creator\warp\lib\common\stdlogic\mod_cnst.vif'.
Linking 'C:\Program Files (x86)\Cypress\PSoC Creator\3.3\PSoC Creator\warp\lib\common\stdlogic\mod_mthv.vif'.
Linking 'C:\Program Files (x86)\Cypress\PSoC Creator\3.3\PSoC Creator\warp\lib\common\stdlogic\mod_genv.vif'.
Linking 'D:\robot\git_code\robot_car\QuadDecExample01.cydsn\codegentemp\QuadDecExample01.ctl'.
Linking 'C:\Program Files (x86)\Cypress\PSoC Creator\3.3\PSoC Creator\psoc\content\cyprimitives\CyPrimitives.cylib\cy_virtualmux_v1_0\cy_virtualmux_v1_0.v'.
Linking 'D:\robot\git_code\robot_car\QuadDecExample01.cydsn\codegentemp\QuadDecExample01.v'.
Linking 'C:\Program Files (x86)\Cypress\PSoC Creator\3.3\PSoC Creator\psoc\content\cyprimitives\CyPrimitives.cylib\ZeroTerminal\ZeroTerminal.v'.
Linking 'C:\Program Files (x86)\Cypress\PSoC Creator\3.3\PSoC Creator\psoc\content\cyprimitives\CyPrimitives.cylib\OneTerminal\OneTerminal.v'.
Linking 'C:\Program Files (x86)\Cypress\PSoC Creator\3.3\PSoC Creator\psoc\content\cycomponentlibrary\CyComponentLibrary.cylib\B_Counter_v3_0\B_Counter_v3_0.v'.
Linking 'C:\Program Files (x86)\Cypress\PSoC Creator\3.3\PSoC Creator\warp\lib\common\cypress.v'.
Linking 'C:\Program Files (x86)\Cypress\PSoC Creator\3.3\PSoC Creator\warp\lib\common\cy_psoc3_inc.v'.
Linking 'C:\Program Files (x86)\Cypress\PSoC Creator\3.3\PSoC Creator\psoc\content\cycomponentlibrary\CyComponentLibrary.cylib\bQuadDec_v3_0\bQuadDec_v3_0.v'.
Linking 'C:\Program Files (x86)\Cypress\PSoC Creator\3.3\PSoC Creator\psoc\content\cyprimitives\CyPrimitives.cylib\not_v1_0\not_v1_0.v'.
Linking 'C:\Program Files (x86)\Cypress\PSoC Creator\3.3\PSoC Creator\psoc\content\cyprimitives\CyPrimitives.cylib\and_v1_0\and_v1_0.v'.
Linking 'C:\Program Files (x86)\Cypress\PSoC Creator\3.3\PSoC Creator\warp\lib\common\stdlogic\cy_psoc3pkg.vif'.
Linking 'C:\Program Files (x86)\Cypress\PSoC Creator\3.3\PSoC Creator\warp\lib\common\stdlogic\cy_psoc3.vif'.

tovif:  No errors.


======================================================================
Compiling:  QuadDecExample01.v
Program  :   topld
Options  :    -yv2 -q10 -ygs -o2 -v3 -.fftcfgtype=LE -ya -.fftprj=D:\robot\git_code\robot_car\QuadDecExample01.cydsn\QuadDecExample01.cyprj -dcpsoc3 -verilog QuadDecExample01.v
======================================================================

topld V6.3 IR 41:  Synthesis and optimization
Tue Dec 13 11:23:38 2016

Linking 'C:\Program Files (x86)\Cypress\PSoC Creator\3.3\PSoC Creator\warp\lib\common\std.vhd'.
Linking 'C:\Program Files (x86)\Cypress\PSoC Creator\3.3\PSoC Creator\warp\lib\common\cypress.vhd'.
Linking 'C:\Program Files (x86)\Cypress\PSoC Creator\3.3\PSoC Creator\warp\lib\common\work\cypress.vif'.
Linking 'C:\Program Files (x86)\Cypress\PSoC Creator\3.3\PSoC Creator\warp\lib\ieee\work\stdlogic.vif'.
Linking 'C:\Program Files (x86)\Cypress\PSoC Creator\3.3\PSoC Creator\warp\lib\common\stdlogic\lpmpkg.vif'.
Linking 'C:\Program Files (x86)\Cypress\PSoC Creator\3.3\PSoC Creator\warp\lib\common\stdlogic\rtlpkg.vif'.
Linking 'C:\Program Files (x86)\Cypress\PSoC Creator\3.3\PSoC Creator\warp\lib\common\stdlogic\mod_cnst.vif'.
Linking 'C:\Program Files (x86)\Cypress\PSoC Creator\3.3\PSoC Creator\warp\lib\common\stdlogic\mod_mthv.vif'.
Linking 'C:\Program Files (x86)\Cypress\PSoC Creator\3.3\PSoC Creator\warp\lib\common\stdlogic\mod_genv.vif'.
Linking 'D:\robot\git_code\robot_car\QuadDecExample01.cydsn\codegentemp\QuadDecExample01.ctl'.
Linking 'C:\Program Files (x86)\Cypress\PSoC Creator\3.3\PSoC Creator\psoc\content\cyprimitives\CyPrimitives.cylib\cy_virtualmux_v1_0\cy_virtualmux_v1_0.v'.
Linking 'D:\robot\git_code\robot_car\QuadDecExample01.cydsn\codegentemp\QuadDecExample01.v'.
Linking 'C:\Program Files (x86)\Cypress\PSoC Creator\3.3\PSoC Creator\psoc\content\cyprimitives\CyPrimitives.cylib\ZeroTerminal\ZeroTerminal.v'.
Linking 'C:\Program Files (x86)\Cypress\PSoC Creator\3.3\PSoC Creator\psoc\content\cyprimitives\CyPrimitives.cylib\OneTerminal\OneTerminal.v'.
Linking 'C:\Program Files (x86)\Cypress\PSoC Creator\3.3\PSoC Creator\psoc\content\cycomponentlibrary\CyComponentLibrary.cylib\B_Counter_v3_0\B_Counter_v3_0.v'.
Linking 'C:\Program Files (x86)\Cypress\PSoC Creator\3.3\PSoC Creator\warp\lib\common\cypress.v'.
Linking 'C:\Program Files (x86)\Cypress\PSoC Creator\3.3\PSoC Creator\warp\lib\common\cy_psoc3_inc.v'.
Linking 'C:\Program Files (x86)\Cypress\PSoC Creator\3.3\PSoC Creator\psoc\content\cycomponentlibrary\CyComponentLibrary.cylib\bQuadDec_v3_0\bQuadDec_v3_0.v'.
Linking 'C:\Program Files (x86)\Cypress\PSoC Creator\3.3\PSoC Creator\psoc\content\cyprimitives\CyPrimitives.cylib\not_v1_0\not_v1_0.v'.
Linking 'C:\Program Files (x86)\Cypress\PSoC Creator\3.3\PSoC Creator\psoc\content\cyprimitives\CyPrimitives.cylib\and_v1_0\and_v1_0.v'.
Linking 'C:\Program Files (x86)\Cypress\PSoC Creator\3.3\PSoC Creator\warp\lib\common\stdlogic\cy_psoc3pkg.vif'.
Linking 'C:\Program Files (x86)\Cypress\PSoC Creator\3.3\PSoC Creator\warp\lib\common\stdlogic\cy_psoc3.vif'.
Linking 'C:\Program Files (x86)\Cypress\PSoC Creator\3.3\PSoC Creator\warp\lib\lcpsoc3\stdlogic\cpsoc3.vif'.

----------------------------------------------------------
Detecting unused logic.
----------------------------------------------------------
    User names
	\QuadDec_1:Net_1123\
	\QuadDec_1:Cnt8:Net_82\
	\QuadDec_1:Cnt8:Net_95\
	\QuadDec_1:Cnt8:Net_91\
	\QuadDec_1:Cnt8:Net_102\
	\QuadDec_1:Cnt8:CounterUDB:ctrl_cmod_2\
	\QuadDec_1:Cnt8:CounterUDB:ctrl_cmod_1\
	\QuadDec_1:Cnt8:CounterUDB:ctrl_cmod_0\


Deleted 8 User equations/components.
Deleted 0 Synthesized equations/components.

------------------------------------------------------
Alias Detection
------------------------------------------------------
Aliasing one to tmpOE__Pin_1_net_0
Aliasing tmpOE__Pin_2_net_0 to tmpOE__Pin_1_net_0
Aliasing \QuadDec_1:Cnt8:CounterUDB:ctrl_capmode_1\ to zero
Aliasing \QuadDec_1:Cnt8:CounterUDB:ctrl_capmode_0\ to zero
Aliasing \QuadDec_1:Cnt8:CounterUDB:capt_rising\ to zero
Aliasing \QuadDec_1:Cnt8:CounterUDB:underflow\ to \QuadDec_1:Cnt8:CounterUDB:status_1\
Aliasing \QuadDec_1:Cnt8:CounterUDB:tc_i\ to \QuadDec_1:Cnt8:CounterUDB:reload_tc\
Aliasing \QuadDec_1:bQuadDec:status_4\ to zero
Aliasing \QuadDec_1:bQuadDec:status_5\ to zero
Aliasing \QuadDec_1:bQuadDec:status_6\ to zero
Aliasing \QuadDec_1:Net_1229\ to tmpOE__Pin_1_net_0
Aliasing \QuadDec_1:Cnt8:CounterUDB:prevCapture\\D\ to zero
Aliasing \QuadDec_1:Cnt8:CounterUDB:cmp_out_reg_i\\D\ to \QuadDec_1:Cnt8:CounterUDB:prevCompare\\D\
Removing Lhs of wire one[10] = tmpOE__Pin_1_net_0[5]
Removing Lhs of wire tmpOE__Pin_2_net_0[13] = tmpOE__Pin_1_net_0[5]
Removing Rhs of wire \QuadDec_1:Net_1276\[20] = \QuadDec_1:Cnt8:Net_49\[21]
Removing Rhs of wire \QuadDec_1:Net_1276\[20] = \QuadDec_1:Cnt8:CounterUDB:tc_reg_i\[77]
Removing Lhs of wire \QuadDec_1:Cnt8:Net_89\[23] = \QuadDec_1:Net_1251\[24]
Removing Lhs of wire \QuadDec_1:Cnt8:CounterUDB:ctrl_capmode_1\[33] = zero[6]
Removing Lhs of wire \QuadDec_1:Cnt8:CounterUDB:ctrl_capmode_0\[34] = zero[6]
Removing Lhs of wire \QuadDec_1:Cnt8:CounterUDB:ctrl_enable\[46] = \QuadDec_1:Cnt8:CounterUDB:control_7\[38]
Removing Lhs of wire \QuadDec_1:Cnt8:CounterUDB:capt_rising\[48] = zero[6]
Removing Lhs of wire \QuadDec_1:Cnt8:CounterUDB:capt_falling\[49] = \QuadDec_1:Cnt8:CounterUDB:prevCapture\[47]
Removing Rhs of wire \QuadDec_1:Net_1260\[53] = \QuadDec_1:bQuadDec:state_2\[141]
Removing Lhs of wire \QuadDec_1:Cnt8:CounterUDB:final_enable\[55] = \QuadDec_1:Cnt8:CounterUDB:control_7\[38]
Removing Lhs of wire \QuadDec_1:Cnt8:CounterUDB:counter_enable\[56] = \QuadDec_1:Cnt8:CounterUDB:control_7\[38]
Removing Rhs of wire \QuadDec_1:Cnt8:CounterUDB:status_0\[57] = \QuadDec_1:Cnt8:CounterUDB:cmp_out_status\[58]
Removing Rhs of wire \QuadDec_1:Cnt8:CounterUDB:status_1\[59] = \QuadDec_1:Cnt8:CounterUDB:per_zero\[60]
Removing Rhs of wire \QuadDec_1:Cnt8:CounterUDB:status_2\[61] = \QuadDec_1:Cnt8:CounterUDB:overflow_status\[62]
Removing Rhs of wire \QuadDec_1:Cnt8:CounterUDB:status_3\[63] = \QuadDec_1:Cnt8:CounterUDB:underflow_status\[64]
Removing Lhs of wire \QuadDec_1:Cnt8:CounterUDB:status_4\[65] = \QuadDec_1:Cnt8:CounterUDB:hwCapture\[51]
Removing Rhs of wire \QuadDec_1:Cnt8:CounterUDB:status_5\[66] = \QuadDec_1:Cnt8:CounterUDB:fifo_full\[67]
Removing Rhs of wire \QuadDec_1:Cnt8:CounterUDB:status_6\[68] = \QuadDec_1:Cnt8:CounterUDB:fifo_nempty\[69]
Removing Rhs of wire \QuadDec_1:Cnt8:CounterUDB:overflow\[71] = \QuadDec_1:Cnt8:CounterUDB:per_FF\[72]
Removing Lhs of wire \QuadDec_1:Cnt8:CounterUDB:underflow\[73] = \QuadDec_1:Cnt8:CounterUDB:status_1\[59]
Removing Lhs of wire \QuadDec_1:Cnt8:CounterUDB:tc_i\[76] = \QuadDec_1:Cnt8:CounterUDB:reload_tc\[54]
Removing Rhs of wire \QuadDec_1:Cnt8:CounterUDB:cmp_out_i\[78] = \QuadDec_1:Cnt8:CounterUDB:cmp_equal\[79]
Removing Rhs of wire \QuadDec_1:Net_1269\[82] = \QuadDec_1:Cnt8:CounterUDB:cmp_out_reg_i\[81]
Removing Lhs of wire \QuadDec_1:Cnt8:CounterUDB:dp_dir\[86] = \QuadDec_1:Net_1251\[24]
Removing Lhs of wire \QuadDec_1:Cnt8:CounterUDB:cs_addr_2\[87] = \QuadDec_1:Net_1251\[24]
Removing Lhs of wire \QuadDec_1:Cnt8:CounterUDB:cs_addr_1\[88] = \QuadDec_1:Cnt8:CounterUDB:count_enable\[85]
Removing Lhs of wire \QuadDec_1:Cnt8:CounterUDB:cs_addr_0\[89] = \QuadDec_1:Cnt8:CounterUDB:reload\[52]
Removing Lhs of wire \QuadDec_1:Net_1290\[118] = \QuadDec_1:Net_1276\[20]
Removing Lhs of wire \QuadDec_1:bQuadDec:index_filt\[139] = \QuadDec_1:Net_1232\[140]
Removing Lhs of wire \QuadDec_1:Net_1232\[140] = tmpOE__Pin_1_net_0[5]
Removing Rhs of wire \QuadDec_1:bQuadDec:error\[142] = \QuadDec_1:bQuadDec:state_3\[143]
Removing Lhs of wire \QuadDec_1:bQuadDec:status_0\[146] = \QuadDec_1:Net_530\[147]
Removing Lhs of wire \QuadDec_1:bQuadDec:status_1\[148] = \QuadDec_1:Net_611\[149]
Removing Lhs of wire \QuadDec_1:bQuadDec:status_2\[150] = \QuadDec_1:Net_1260\[53]
Removing Lhs of wire \QuadDec_1:bQuadDec:status_3\[151] = \QuadDec_1:bQuadDec:error\[142]
Removing Lhs of wire \QuadDec_1:bQuadDec:status_4\[152] = zero[6]
Removing Lhs of wire \QuadDec_1:bQuadDec:status_5\[153] = zero[6]
Removing Lhs of wire \QuadDec_1:bQuadDec:status_6\[154] = zero[6]
Removing Lhs of wire \QuadDec_1:Net_1229\[158] = tmpOE__Pin_1_net_0[5]
Removing Lhs of wire \QuadDec_1:Net_1272\[159] = \QuadDec_1:Net_1269\[82]
Removing Lhs of wire \QuadDec_1:Cnt8:CounterUDB:prevCapture\\D\[162] = zero[6]
Removing Lhs of wire \QuadDec_1:Cnt8:CounterUDB:overflow_reg_i\\D\[163] = \QuadDec_1:Cnt8:CounterUDB:overflow\[71]
Removing Lhs of wire \QuadDec_1:Cnt8:CounterUDB:underflow_reg_i\\D\[164] = \QuadDec_1:Cnt8:CounterUDB:status_1\[59]
Removing Lhs of wire \QuadDec_1:Cnt8:CounterUDB:tc_reg_i\\D\[165] = \QuadDec_1:Cnt8:CounterUDB:reload_tc\[54]
Removing Lhs of wire \QuadDec_1:Cnt8:CounterUDB:prevCompare\\D\[166] = \QuadDec_1:Cnt8:CounterUDB:cmp_out_i\[78]
Removing Lhs of wire \QuadDec_1:Cnt8:CounterUDB:cmp_out_reg_i\\D\[167] = \QuadDec_1:Cnt8:CounterUDB:cmp_out_i\[78]
Removing Lhs of wire \QuadDec_1:Cnt8:CounterUDB:count_stored_i\\D\[168] = \QuadDec_1:Net_1203\[84]

------------------------------------------------------
Aliased 0 equations, 49 wires.
------------------------------------------------------

----------------------------------------------------------
Circuit simplification
----------------------------------------------------------

Substituting virtuals - pass 1:

Note:  Expanding virtual equation for 'tmpOE__Pin_1_net_0' (cost = 0):
tmpOE__Pin_1_net_0 <=  ('1') ;

Note:  Expanding virtual equation for 'zero' (cost = 0):
zero <=  ('0') ;

Note:  Expanding virtual equation for '\QuadDec_1:Cnt8:CounterUDB:capt_either_edge\' (cost = 0):
\QuadDec_1:Cnt8:CounterUDB:capt_either_edge\ <= (\QuadDec_1:Cnt8:CounterUDB:prevCapture\);

Note:  Expanding virtual equation for '\QuadDec_1:Cnt8:CounterUDB:reload_tc\' (cost = 2):
\QuadDec_1:Cnt8:CounterUDB:reload_tc\ <= (\QuadDec_1:Cnt8:CounterUDB:status_1\
	OR \QuadDec_1:Cnt8:CounterUDB:overflow\);

Note:  Expanding virtual equation for '\QuadDec_1:bQuadDec:A_j\' (cost = 1):
\QuadDec_1:bQuadDec:A_j\ <= ((\QuadDec_1:bQuadDec:quad_A_delayed_0\ and \QuadDec_1:bQuadDec:quad_A_delayed_1\ and \QuadDec_1:bQuadDec:quad_A_delayed_2\));

Note:  Expanding virtual equation for '\QuadDec_1:bQuadDec:A_k\' (cost = 3):
\QuadDec_1:bQuadDec:A_k\ <= ((not \QuadDec_1:bQuadDec:quad_A_delayed_0\ and not \QuadDec_1:bQuadDec:quad_A_delayed_1\ and not \QuadDec_1:bQuadDec:quad_A_delayed_2\));

Note:  Expanding virtual equation for '\QuadDec_1:bQuadDec:B_j\' (cost = 1):
\QuadDec_1:bQuadDec:B_j\ <= ((\QuadDec_1:bQuadDec:quad_B_delayed_0\ and \QuadDec_1:bQuadDec:quad_B_delayed_1\ and \QuadDec_1:bQuadDec:quad_B_delayed_2\));

Note:  Expanding virtual equation for '\QuadDec_1:bQuadDec:B_k\' (cost = 3):
\QuadDec_1:bQuadDec:B_k\ <= ((not \QuadDec_1:bQuadDec:quad_B_delayed_0\ and not \QuadDec_1:bQuadDec:quad_B_delayed_1\ and not \QuadDec_1:bQuadDec:quad_B_delayed_2\));

Note:  Expanding virtual equation for '\QuadDec_1:Net_1151\' (cost = 0):
\QuadDec_1:Net_1151\ <= (not \QuadDec_1:Net_1251\);

Note:  Expanding virtual equation for '\QuadDec_1:Net_1287\' (cost = 0):
\QuadDec_1:Net_1287\ <= (not \QuadDec_1:Net_1269\);


Substituting virtuals - pass 2:

Note:  Expanding virtual equation for '\QuadDec_1:Net_1248\' (cost = 2):
\QuadDec_1:Net_1248\ <= ((not \QuadDec_1:Net_1269\ and \QuadDec_1:Net_1276\));


Substituting virtuals - pass 3:


----------------------------------------------------------
Circuit simplification results:

	Expanded 11 signals.
	Turned 0 signals into soft nodes.
	Maximum default expansion cost was set at 3.
----------------------------------------------------------

------------------------------------------------------
Alias Detection
------------------------------------------------------
Aliasing \QuadDec_1:Cnt8:CounterUDB:hwCapture\ to zero
Removing Lhs of wire \QuadDec_1:Cnt8:CounterUDB:hwCapture\[51] = zero[6]

------------------------------------------------------
Aliased 0 equations, 1 wires.
------------------------------------------------------

----------------------------------------------------------
Circuit simplification
----------------------------------------------------------

Eliminating unused logic - pass 1:


Eliminating unused logic - pass 2:


Substituting virtuals - pass 1:


----------------------------------------------------------
Circuit simplification results:

	Expanded 0 signals.
	Turned 0 signals into soft nodes.
	Maximum default expansion cost was set at 3.
----------------------------------------------------------

topld:  No errors.

CYPRESS_DIR    : C:\Program Files (x86)\Cypress\PSoC Creator\3.3\PSoC Creator\warp
Warp Program   : C:\Program Files (x86)\Cypress\PSoC Creator\3.3\PSoC Creator\warp\bin/warp.exe
Warp Arguments : -yv2 -q10 -ygs -o2 -v3 -.fftcfgtype=LE -ya -.fftprj=D:\robot\git_code\robot_car\QuadDecExample01.cydsn\QuadDecExample01.cyprj -dcpsoc3 QuadDecExample01.v -verilog
</CYPRESSTAG>
Warp synthesis phase: Elapsed time ==> 1s.232ms
<CYPRESSTAG name="Fitter results...">
<CYPRESSTAG name="Fitter startup details...">
cyp3fit: V3.3.0.410, Family: PSoC3, Started at: Tuesday, 13 December 2016 11:23:39
Options: -yv2 -q10 -ygs -o2 -v3 -.fftcfgtype=LE -ya -.fftprj=D:\robot\git_code\robot_car\QuadDecExample01.cydsn\QuadDecExample01.cyprj -d CY8C5267AXI-LP051 QuadDecExample01.v -verilog
</CYPRESSTAG>
<CYPRESSTAG name="Design parsing">
Design parsing phase: Elapsed time ==> 0s.013ms
</CYPRESSTAG>
<CYPRESSTAG name="Tech mapping">
<CYPRESSTAG name="Initial Mapping" icon="FILE_RPT_TECHM">
    Converted constant MacroCell: \QuadDec_1:Cnt8:CounterUDB:prevCapture\ from registered to combinatorial
<CYPRESSTAG name="Global Clock Selection" icon="FILE_RPT_TECHM">
    Analog  Clock 0: Forced-assignment of clock 'ScBoostClk'. Fanout=0, Signal=ClockBlock_ScBoostClk
    Digital Clock 0: Automatic-assigning  clock 'Clock_1'. Fanout=3, Signal=Net_9
</CYPRESSTAG>

Removing unused cells resulting from optimization
Done removing unused cells.
<CYPRESSTAG name="UDB Clock/Enable Remapping Results">
    UDB Clk/Enable \QuadDec_1:Cnt8:CounterUDB:clock_enable_block\: with output requested to be synchronous
        ClockIn: Clock_1 was determined to be a global clock that is synchronous to BUS_CLK
        EnableIn: Constant 1 was determined to be synchronous to ClockIn
        ClockOut: Clock_1, EnableOut: Constant 1
    UDB Clk/Enable \QuadDec_1:Cnt8:CounterUDB:sCTRLReg:cy_psoc3_udb_Ctl_Clk_Sync\: with output requested to be synchronous
        ClockIn: Clock_1 was determined to be a global clock that is synchronous to BUS_CLK
        EnableIn: Constant 1 was determined to be synchronous to ClockIn
        ClockOut: Clock_1, EnableOut: Constant 1
    UDB Clk/Enable \QuadDec_1:bQuadDec:CtrlClkEn\: with output requested to be synchronous
        ClockIn: Clock_1 was determined to be a global clock that is synchronous to BUS_CLK
        EnableIn: Constant 1 was determined to be synchronous to ClockIn
        ClockOut: Clock_1, EnableOut: Constant 1
</CYPRESSTAG>
ADD: pft.M0040: information: The following 2 pin(s) will be assigned a location by the fitter: Pin_1(0), Pin_2(0)


Removing unused cells resulting from optimization
Done removing unused cells.
<CYPRESSTAG name="Duplicate Macrocell detection">

Removing duplicate macrocells
    Removing \QuadDec_1:Net_1269\, Duplicate of \QuadDec_1:Cnt8:CounterUDB:prevCompare\ 
    MacroCell: Name=\QuadDec_1:Net_1269\, Mode=(D-Register)
        Total # of inputs        : 1
        Total # of product terms : 1
        List of special equations: 
            Clock  = (Net_9) => Global
            Clock Enable: True
        Main Equation            : 1 pterm
        (
              \QuadDec_1:Cnt8:CounterUDB:cmp_out_i\
        );
        Output = \QuadDec_1:Net_1269\ (fanout=2)

End removing duplicate macrocells: used 1 pass
</CYPRESSTAG>
</CYPRESSTAG>
<CYPRESSTAG name="Duplicate Macrocell detection">
</CYPRESSTAG>
<CYPRESSTAG name="Design Equations" icon="FILE_RPT_EQUATION">

------------------------------------------------------------
Design Equations
------------------------------------------------------------
    <CYPRESSTAG name="Pin listing">

    ------------------------------------------------------------
    Pin listing
    ------------------------------------------------------------

    Pin : Name = Pin_1(0)
        Attributes:
            In Group/Port: True
            In Sync Option: SYNC
            Out Sync Option: AUTO
            Interrupt generated: False
            Interrupt mode: NONE
            Drive mode: HI_Z_DIGITAL
            VTrip: CMOS
            Slew: FAST
            Input Sync needed: True
            Output Sync needed: False
            SC shield enabled: False
            POR State: ANY
            LCD Mode: COMMON
            Register Mode: RegComb
            CaSense Mode: NEITHER
            Treat as pin: True
            Is OE Registered: False
            Uses Analog: False
            Can contain Digital: True
            Is SIO: False
            SIO Output Buf: NONREGULATED
            SIO Input Buf: SINGLE_ENDED
            SIO HiFreq: LOW
            SIO Hyst: DISABLED
            SIO Vtrip: MULTIPLIER_0_5
            SIO Multiplier Index: 0
            SIO RefSel: VCC_IO
            Required Capabilitites: DIGITAL, ROUTABLE
            Initial Value: 0
            IO Voltage: 0
        PORT MAP (
            pa_out => Pin_1(0)__PA ,
            fb => Net_6 ,
            pad => Pin_1(0)_PAD );

    Pin : Name = Pin_2(0)
        Attributes:
            In Group/Port: True
            In Sync Option: SYNC
            Out Sync Option: AUTO
            Interrupt generated: False
            Interrupt mode: NONE
            Drive mode: HI_Z_DIGITAL
            VTrip: CMOS
            Slew: FAST
            Input Sync needed: True
            Output Sync needed: False
            SC shield enabled: False
            POR State: ANY
            LCD Mode: COMMON
            Register Mode: RegComb
            CaSense Mode: NEITHER
            Treat as pin: True
            Is OE Registered: False
            Uses Analog: False
            Can contain Digital: True
            Is SIO: False
            SIO Output Buf: NONREGULATED
            SIO Input Buf: SINGLE_ENDED
            SIO HiFreq: LOW
            SIO Hyst: DISABLED
            SIO Vtrip: MULTIPLIER_0_5
            SIO Multiplier Index: 0
            SIO RefSel: VCC_IO
            Required Capabilitites: DIGITAL, ROUTABLE
            Initial Value: 0
            IO Voltage: 0
        PORT MAP (
            pa_out => Pin_2(0)__PA ,
            fb => Net_7 ,
            pad => Pin_2(0)_PAD );
    </CYPRESSTAG>
    <CYPRESSTAG name="Macrocell listing" icon="FILE_RPT_EQUATION">

    ------------------------------------------------------------
    Macrocell listing
    ------------------------------------------------------------

    MacroCell: Name=\QuadDec_1:Cnt8:CounterUDB:reload\, Mode=(Combinatorial)
        Total # of inputs        : 3
        Total # of product terms : 1
            Clock Enable: True
        Main Equation            : 1 pterm
        !(
              !\QuadDec_1:Net_1260\ * !\QuadDec_1:Cnt8:CounterUDB:status_1\ * 
              !\QuadDec_1:Cnt8:CounterUDB:overflow\
        );
        Output = \QuadDec_1:Cnt8:CounterUDB:reload\ (fanout=1)

    MacroCell: Name=\QuadDec_1:Cnt8:CounterUDB:status_0\, Mode=(Combinatorial)
        Total # of inputs        : 2
        Total # of product terms : 1
            Clock Enable: True
        Main Equation            : 1 pterm
        (
              \QuadDec_1:Cnt8:CounterUDB:cmp_out_i\ * 
              !\QuadDec_1:Cnt8:CounterUDB:prevCompare\
        );
        Output = \QuadDec_1:Cnt8:CounterUDB:status_0\ (fanout=1)

    MacroCell: Name=\QuadDec_1:Cnt8:CounterUDB:status_2\, Mode=(Combinatorial)
        Total # of inputs        : 2
        Total # of product terms : 1
            Clock Enable: True
        Main Equation            : 1 pterm
        (
              \QuadDec_1:Cnt8:CounterUDB:overflow\ * 
              !\QuadDec_1:Cnt8:CounterUDB:overflow_reg_i\
        );
        Output = \QuadDec_1:Cnt8:CounterUDB:status_2\ (fanout=1)

    MacroCell: Name=\QuadDec_1:Cnt8:CounterUDB:status_3\, Mode=(Combinatorial)
        Total # of inputs        : 2
        Total # of product terms : 1
            Clock Enable: True
        Main Equation            : 1 pterm
        (
              \QuadDec_1:Cnt8:CounterUDB:status_1\ * 
              !\QuadDec_1:Cnt8:CounterUDB:underflow_reg_i\
        );
        Output = \QuadDec_1:Cnt8:CounterUDB:status_3\ (fanout=1)

    MacroCell: Name=\QuadDec_1:Cnt8:CounterUDB:count_enable\, Mode=(Combinatorial)
        Total # of inputs        : 3
        Total # of product terms : 1
            Clock Enable: True
        Main Equation            : 1 pterm
        (
              \QuadDec_1:Cnt8:CounterUDB:control_7\ * 
              !\QuadDec_1:Cnt8:CounterUDB:count_stored_i\ * 
              \QuadDec_1:Net_1203\
        );
        Output = \QuadDec_1:Cnt8:CounterUDB:count_enable\ (fanout=1)

    MacroCell: Name=\QuadDec_1:Net_530\, Mode=(Combinatorial)
        Total # of inputs        : 3
        Total # of product terms : 1
            Clock Enable: True
        Main Equation            : 1 pterm
        (
              \QuadDec_1:Net_1276\ * \QuadDec_1:Net_1251\ * 
              !\QuadDec_1:Cnt8:CounterUDB:prevCompare\
        );
        Output = \QuadDec_1:Net_530\ (fanout=1)

    MacroCell: Name=\QuadDec_1:Net_611\, Mode=(Combinatorial)
        Total # of inputs        : 3
        Total # of product terms : 1
            Clock Enable: True
        Main Equation            : 1 pterm
        (
              \QuadDec_1:Net_1276\ * !\QuadDec_1:Net_1251\ * 
              !\QuadDec_1:Cnt8:CounterUDB:prevCompare\
        );
        Output = \QuadDec_1:Net_611\ (fanout=1)

    MacroCell: Name=\QuadDec_1:bQuadDec:quad_A_delayed_0\, Mode=(D-Register)
        Total # of inputs        : 1
        Total # of product terms : 1
        List of special equations: 
            Clock  = (Net_9) => Global
            Clock Enable: True
        Main Equation            : 1 pterm
        (
              Net_6
        );
        Output = \QuadDec_1:bQuadDec:quad_A_delayed_0\ (fanout=2)

    MacroCell: Name=\QuadDec_1:bQuadDec:quad_A_delayed_1\, Mode=(D-Register)
        Total # of inputs        : 1
        Total # of product terms : 1
        List of special equations: 
            Clock  = (Net_9) => Global
            Clock Enable: True
        Main Equation            : 1 pterm
        (
              \QuadDec_1:bQuadDec:quad_A_delayed_0\
        );
        Output = \QuadDec_1:bQuadDec:quad_A_delayed_1\ (fanout=2)

    MacroCell: Name=\QuadDec_1:bQuadDec:quad_A_delayed_2\, Mode=(D-Register)
        Total # of inputs        : 1
        Total # of product terms : 1
        List of special equations: 
            Clock  = (Net_9) => Global
            Clock Enable: True
        Main Equation            : 1 pterm
        (
              \QuadDec_1:bQuadDec:quad_A_delayed_1\
        );
        Output = \QuadDec_1:bQuadDec:quad_A_delayed_2\ (fanout=1)

    MacroCell: Name=\QuadDec_1:bQuadDec:quad_B_delayed_0\, Mode=(D-Register)
        Total # of inputs        : 1
        Total # of product terms : 1
        List of special equations: 
            Clock  = (Net_9) => Global
            Clock Enable: True
        Main Equation            : 1 pterm
        (
              Net_7
        );
        Output = \QuadDec_1:bQuadDec:quad_B_delayed_0\ (fanout=2)

    MacroCell: Name=\QuadDec_1:bQuadDec:quad_B_delayed_1\, Mode=(D-Register)
        Total # of inputs        : 1
        Total # of product terms : 1
        List of special equations: 
            Clock  = (Net_9) => Global
            Clock Enable: True
        Main Equation            : 1 pterm
        (
              \QuadDec_1:bQuadDec:quad_B_delayed_0\
        );
        Output = \QuadDec_1:bQuadDec:quad_B_delayed_1\ (fanout=2)

    MacroCell: Name=\QuadDec_1:bQuadDec:quad_B_delayed_2\, Mode=(D-Register)
        Total # of inputs        : 1
        Total # of product terms : 1
        List of special equations: 
            Clock  = (Net_9) => Global
            Clock Enable: True
        Main Equation            : 1 pterm
        (
              \QuadDec_1:bQuadDec:quad_B_delayed_1\
        );
        Output = \QuadDec_1:bQuadDec:quad_B_delayed_2\ (fanout=1)

    MacroCell: Name=\QuadDec_1:Net_1251\, Mode=(D-Register)
        Total # of inputs        : 8
        Total # of product terms : 4
        List of special equations: 
            Clock  = (Net_9) => Global
            Clock Enable: True
        Main Equation            : 4 pterms
        (
              \QuadDec_1:Net_1251\ * !\QuadDec_1:Net_1260\ * 
              !\QuadDec_1:bQuadDec:quad_A_filt\ * !\QuadDec_1:bQuadDec:error\ * 
              !\QuadDec_1:bQuadDec:state_0\
            + \QuadDec_1:Net_1251\ * !\QuadDec_1:Net_1260\ * 
              \QuadDec_1:bQuadDec:quad_A_filt\ * !\QuadDec_1:bQuadDec:error\ * 
              \QuadDec_1:bQuadDec:state_0\
            + \QuadDec_1:Net_1251\ * !\QuadDec_1:Net_1260\ * 
              !\QuadDec_1:bQuadDec:quad_B_filt\ * !\QuadDec_1:bQuadDec:error\ * 
              \QuadDec_1:bQuadDec:state_1\
            + \QuadDec_1:Net_1251_split\
        );
        Output = \QuadDec_1:Net_1251\ (fanout=5)

    MacroCell: Name=\QuadDec_1:Cnt8:CounterUDB:overflow_reg_i\, Mode=(D-Register)
        Total # of inputs        : 1
        Total # of product terms : 1
        List of special equations: 
            Clock  = (Net_9) => Global
            Clock Enable: True
        Main Equation            : 1 pterm
        (
              \QuadDec_1:Cnt8:CounterUDB:overflow\
        );
        Output = \QuadDec_1:Cnt8:CounterUDB:overflow_reg_i\ (fanout=1)

    MacroCell: Name=\QuadDec_1:Cnt8:CounterUDB:underflow_reg_i\, Mode=(D-Register)
        Total # of inputs        : 1
        Total # of product terms : 1
        List of special equations: 
            Clock  = (Net_9) => Global
            Clock Enable: True
        Main Equation            : 1 pterm
        (
              \QuadDec_1:Cnt8:CounterUDB:status_1\
        );
        Output = \QuadDec_1:Cnt8:CounterUDB:underflow_reg_i\ (fanout=1)

    MacroCell: Name=\QuadDec_1:Net_1276\, Mode=(D-Register)
        Total # of inputs        : 2
        Total # of product terms : 1
        List of special equations: 
            Clock  = (Net_9) => Global
            Clock Enable: True
        Main Equation            : 1 pterm
        !(
              !\QuadDec_1:Cnt8:CounterUDB:status_1\ * 
              !\QuadDec_1:Cnt8:CounterUDB:overflow\
        );
        Output = \QuadDec_1:Net_1276\ (fanout=2)

    MacroCell: Name=\QuadDec_1:Cnt8:CounterUDB:prevCompare\, Mode=(D-Register)
        Total # of inputs        : 1
        Total # of product terms : 1
        List of special equations: 
            Clock  = (Net_9) => Global
            Clock Enable: True
        Main Equation            : 1 pterm
        (
              \QuadDec_1:Cnt8:CounterUDB:cmp_out_i\
        );
        Output = \QuadDec_1:Cnt8:CounterUDB:prevCompare\ (fanout=3)

    MacroCell: Name=\QuadDec_1:Net_1251_split\, Mode=(Combinatorial)
        Total # of inputs        : 7
        Total # of product terms : 8
            Clock Enable: True
        Main Equation            : 8 pterms
        (
              \QuadDec_1:Net_1251\ * !\QuadDec_1:Net_1260\ * 
              \QuadDec_1:bQuadDec:quad_B_filt\ * !\QuadDec_1:bQuadDec:error\ * 
              !\QuadDec_1:bQuadDec:state_1\
            + \QuadDec_1:Net_1251\ * !\QuadDec_1:Net_1260\ * 
              \QuadDec_1:bQuadDec:error\ * !\QuadDec_1:bQuadDec:state_1\ * 
              !\QuadDec_1:bQuadDec:state_0\
            + \QuadDec_1:Net_1251\ * !\QuadDec_1:bQuadDec:quad_A_filt\ * 
              !\QuadDec_1:bQuadDec:error\ * !\QuadDec_1:bQuadDec:state_1\ * 
              !\QuadDec_1:bQuadDec:state_0\
            + \QuadDec_1:Net_1251\ * \QuadDec_1:bQuadDec:quad_B_filt\ * 
              !\QuadDec_1:bQuadDec:error\ * !\QuadDec_1:bQuadDec:state_1\ * 
              !\QuadDec_1:bQuadDec:state_0\
            + !\QuadDec_1:Net_1260\ * !\QuadDec_1:bQuadDec:quad_A_filt\ * 
              !\QuadDec_1:bQuadDec:quad_B_filt\ * !\QuadDec_1:bQuadDec:error\ * 
              \QuadDec_1:bQuadDec:state_1\ * !\QuadDec_1:bQuadDec:state_0\
            + !\QuadDec_1:Net_1260\ * \QuadDec_1:bQuadDec:quad_A_filt\ * 
              !\QuadDec_1:bQuadDec:quad_B_filt\ * !\QuadDec_1:bQuadDec:error\ * 
              \QuadDec_1:bQuadDec:state_1\ * \QuadDec_1:bQuadDec:state_0\
            + !\QuadDec_1:Net_1260\ * \QuadDec_1:bQuadDec:quad_A_filt\ * 
              \QuadDec_1:bQuadDec:quad_B_filt\ * !\QuadDec_1:bQuadDec:error\ * 
              !\QuadDec_1:bQuadDec:state_1\ * \QuadDec_1:bQuadDec:state_0\
            + !\QuadDec_1:bQuadDec:quad_A_filt\ * 
              \QuadDec_1:bQuadDec:quad_B_filt\ * !\QuadDec_1:bQuadDec:error\ * 
              !\QuadDec_1:bQuadDec:state_1\ * !\QuadDec_1:bQuadDec:state_0\
        );
        Output = \QuadDec_1:Net_1251_split\ (fanout=1)

    MacroCell: Name=\QuadDec_1:Cnt8:CounterUDB:count_stored_i\, Mode=(D-Register)
        Total # of inputs        : 1
        Total # of product terms : 1
        List of special equations: 
            Clock  = (Net_9) => Global
            Clock Enable: True
        Main Equation            : 1 pterm
        (
              \QuadDec_1:Net_1203\
        );
        Output = \QuadDec_1:Cnt8:CounterUDB:count_stored_i\ (fanout=1)

    MacroCell: Name=\QuadDec_1:Net_1203\, Mode=(D-Register)
        Total # of inputs        : 7
        Total # of product terms : 3
        List of special equations: 
            Clock  = (Net_9) => Global
            Clock Enable: True
        Main Equation            : 3 pterms
        (
              !\QuadDec_1:Net_1260\ * \QuadDec_1:Net_1203\ * 
              \QuadDec_1:bQuadDec:error\ * !\QuadDec_1:bQuadDec:state_1\ * 
              !\QuadDec_1:bQuadDec:state_0\
            + !\QuadDec_1:Net_1260\ * !\QuadDec_1:bQuadDec:quad_A_filt\ * 
              !\QuadDec_1:bQuadDec:quad_B_filt\ * !\QuadDec_1:bQuadDec:error\ * 
              !\QuadDec_1:bQuadDec:state_1\ * \QuadDec_1:bQuadDec:state_0\
            + !\QuadDec_1:bQuadDec:quad_A_filt\ * 
              \QuadDec_1:bQuadDec:quad_B_filt\ * !\QuadDec_1:bQuadDec:error\ * 
              !\QuadDec_1:bQuadDec:state_1\ * !\QuadDec_1:bQuadDec:state_0\
        );
        Output = \QuadDec_1:Net_1203\ (fanout=3)

    MacroCell: Name=\QuadDec_1:bQuadDec:quad_A_filt\, Mode=(T-Register)
        Total # of inputs        : 4
        Total # of product terms : 2
        List of special equations: 
            Clock  = (Net_9) => Global
            Clock Enable: True
        Main Equation            : 2 pterms
        (
              !\QuadDec_1:bQuadDec:quad_A_delayed_0\ * 
              !\QuadDec_1:bQuadDec:quad_A_delayed_1\ * 
              !\QuadDec_1:bQuadDec:quad_A_delayed_2\ * 
              \QuadDec_1:bQuadDec:quad_A_filt\
            + \QuadDec_1:bQuadDec:quad_A_delayed_0\ * 
              \QuadDec_1:bQuadDec:quad_A_delayed_1\ * 
              \QuadDec_1:bQuadDec:quad_A_delayed_2\ * 
              !\QuadDec_1:bQuadDec:quad_A_filt\
        );
        Output = \QuadDec_1:bQuadDec:quad_A_filt\ (fanout=7)

    MacroCell: Name=\QuadDec_1:bQuadDec:quad_B_filt\, Mode=(T-Register)
        Total # of inputs        : 4
        Total # of product terms : 2
        List of special equations: 
            Clock  = (Net_9) => Global
            Clock Enable: True
        Main Equation            : 2 pterms
        (
              !\QuadDec_1:bQuadDec:quad_B_delayed_0\ * 
              !\QuadDec_1:bQuadDec:quad_B_delayed_1\ * 
              !\QuadDec_1:bQuadDec:quad_B_delayed_2\ * 
              \QuadDec_1:bQuadDec:quad_B_filt\
            + \QuadDec_1:bQuadDec:quad_B_delayed_0\ * 
              \QuadDec_1:bQuadDec:quad_B_delayed_1\ * 
              \QuadDec_1:bQuadDec:quad_B_delayed_2\ * 
              !\QuadDec_1:bQuadDec:quad_B_filt\
        );
        Output = \QuadDec_1:bQuadDec:quad_B_filt\ (fanout=7)

    MacroCell: Name=\QuadDec_1:Net_1260\, Mode=(D-Register)
        Total # of inputs        : 4
        Total # of product terms : 3
        List of special equations: 
            Clock  = (Net_9) => Global
            Clock Enable: True
        Main Equation            : 3 pterms
        !(
              !\QuadDec_1:Net_1260\ * !\QuadDec_1:bQuadDec:error\
            + !\QuadDec_1:Net_1260\ * !\QuadDec_1:bQuadDec:state_1\ * 
              !\QuadDec_1:bQuadDec:state_0\
            + !\QuadDec_1:bQuadDec:error\ * !\QuadDec_1:bQuadDec:state_1\ * 
              !\QuadDec_1:bQuadDec:state_0\
        );
        Output = \QuadDec_1:Net_1260\ (fanout=10)

    MacroCell: Name=\QuadDec_1:bQuadDec:error\, Mode=(D-Register)
        Total # of inputs        : 6
        Total # of product terms : 4
        List of special equations: 
            Clock  = (Net_9) => Global
            Clock Enable: True
        Main Equation            : 4 pterms
        (
              !\QuadDec_1:Net_1260\ * !\QuadDec_1:bQuadDec:quad_A_filt\ * 
              !\QuadDec_1:bQuadDec:quad_B_filt\ * !\QuadDec_1:bQuadDec:error\ * 
              \QuadDec_1:bQuadDec:state_1\ * \QuadDec_1:bQuadDec:state_0\
            + !\QuadDec_1:Net_1260\ * !\QuadDec_1:bQuadDec:quad_A_filt\ * 
              \QuadDec_1:bQuadDec:quad_B_filt\ * !\QuadDec_1:bQuadDec:error\ * 
              \QuadDec_1:bQuadDec:state_1\ * !\QuadDec_1:bQuadDec:state_0\
            + !\QuadDec_1:Net_1260\ * \QuadDec_1:bQuadDec:quad_A_filt\ * 
              !\QuadDec_1:bQuadDec:quad_B_filt\ * !\QuadDec_1:bQuadDec:error\ * 
              !\QuadDec_1:bQuadDec:state_1\ * \QuadDec_1:bQuadDec:state_0\
            + \QuadDec_1:bQuadDec:quad_A_filt\ * 
              \QuadDec_1:bQuadDec:quad_B_filt\ * !\QuadDec_1:bQuadDec:error\ * 
              !\QuadDec_1:bQuadDec:state_1\ * !\QuadDec_1:bQuadDec:state_0\
        );
        Output = \QuadDec_1:bQuadDec:error\ (fanout=8)

    MacroCell: Name=\QuadDec_1:bQuadDec:state_1\, Mode=(D-Register)
        Total # of inputs        : 6
        Total # of product terms : 4
        List of special equations: 
            Clock  = (Net_9) => Global
            Clock Enable: True
        Main Equation            : 4 pterms
        (
              !\QuadDec_1:Net_1260\ * \QuadDec_1:bQuadDec:quad_A_filt\ * 
              \QuadDec_1:bQuadDec:quad_B_filt\ * !\QuadDec_1:bQuadDec:error\ * 
              \QuadDec_1:bQuadDec:state_0\
            + !\QuadDec_1:Net_1260\ * \QuadDec_1:bQuadDec:quad_A_filt\ * 
              !\QuadDec_1:bQuadDec:error\ * \QuadDec_1:bQuadDec:state_1\
            + !\QuadDec_1:Net_1260\ * \QuadDec_1:bQuadDec:quad_A_filt\ * 
              \QuadDec_1:bQuadDec:error\ * !\QuadDec_1:bQuadDec:state_1\ * 
              !\QuadDec_1:bQuadDec:state_0\
            + \QuadDec_1:bQuadDec:quad_A_filt\ * 
              !\QuadDec_1:bQuadDec:quad_B_filt\ * !\QuadDec_1:bQuadDec:error\ * 
              !\QuadDec_1:bQuadDec:state_1\ * !\QuadDec_1:bQuadDec:state_0\
        );
        Output = \QuadDec_1:bQuadDec:state_1\ (fanout=7)

    MacroCell: Name=\QuadDec_1:bQuadDec:state_0\, Mode=(D-Register)
        Total # of inputs        : 6
        Total # of product terms : 4
        List of special equations: 
            Clock  = (Net_9) => Global
            Clock Enable: True
        Main Equation            : 4 pterms
        (
              !\QuadDec_1:Net_1260\ * \QuadDec_1:bQuadDec:quad_A_filt\ * 
              \QuadDec_1:bQuadDec:quad_B_filt\ * !\QuadDec_1:bQuadDec:error\ * 
              \QuadDec_1:bQuadDec:state_1\
            + !\QuadDec_1:Net_1260\ * \QuadDec_1:bQuadDec:quad_B_filt\ * 
              !\QuadDec_1:bQuadDec:error\ * \QuadDec_1:bQuadDec:state_0\
            + !\QuadDec_1:Net_1260\ * \QuadDec_1:bQuadDec:quad_B_filt\ * 
              \QuadDec_1:bQuadDec:error\ * !\QuadDec_1:bQuadDec:state_1\ * 
              !\QuadDec_1:bQuadDec:state_0\
            + !\QuadDec_1:bQuadDec:quad_A_filt\ * 
              \QuadDec_1:bQuadDec:quad_B_filt\ * !\QuadDec_1:bQuadDec:error\ * 
              !\QuadDec_1:bQuadDec:state_1\ * !\QuadDec_1:bQuadDec:state_0\
        );
        Output = \QuadDec_1:bQuadDec:state_0\ (fanout=7)
    </CYPRESSTAG>
    <CYPRESSTAG name="Datapath listing">

    ------------------------------------------------------------
    Datapath listing
    ------------------------------------------------------------

    datapathcell: Name =\QuadDec_1:Cnt8:CounterUDB:sC8:counterdp:u0\
        PORT MAP (
            clock => Net_9 ,
            cs_addr_2 => \QuadDec_1:Net_1251\ ,
            cs_addr_1 => \QuadDec_1:Cnt8:CounterUDB:count_enable\ ,
            cs_addr_0 => \QuadDec_1:Cnt8:CounterUDB:reload\ ,
            z0_comb => \QuadDec_1:Cnt8:CounterUDB:status_1\ ,
            f0_comb => \QuadDec_1:Cnt8:CounterUDB:overflow\ ,
            ce1_comb => \QuadDec_1:Cnt8:CounterUDB:cmp_out_i\ ,
            f0_bus_stat_comb => \QuadDec_1:Cnt8:CounterUDB:status_6\ ,
            f0_blk_stat_comb => \QuadDec_1:Cnt8:CounterUDB:status_5\ );
        Properties:
        {
            a0_init = "00000000"
            a1_init = "00000000"
            ce0_sync = 1
            ce1_sync = 1
            cl0_sync = 1
            cl1_sync = 1
            cmsb_sync = 1
            co_msb_sync = 1
            cy_dpconfig = "0000000001000000000000001000000001000000010000000000000010000000000000000100000000000000100000000010000001000000000000001000000011111111000000001111111111111111101000000000000000000001000000000000000000011000"
            d0_init = "00000000"
            d1_init = "00000000"
            f0_blk_sync = 1
            f0_bus_sync = 1
            f1_blk_sync = 1
            f1_bus_sync = 1
            ff0_sync = 1
            ff1_sync = 1
            ov_msb_sync = 1
            so_sync = 1
            z0_sync = 1
            z1_sync = 1
        }
        Clock Polarity: Active High
        Clock Enable: True
    </CYPRESSTAG>
    <CYPRESSTAG name="Status register listing">
    </CYPRESSTAG>
    <CYPRESSTAG name="StatusI register listing">

    ------------------------------------------------------------
    StatusI register listing
    ------------------------------------------------------------

    statusicell: Name =\QuadDec_1:Cnt8:CounterUDB:sSTSReg:stsreg\
        PORT MAP (
            reset => \QuadDec_1:Net_1260\ ,
            clock => Net_9 ,
            status_6 => \QuadDec_1:Cnt8:CounterUDB:status_6\ ,
            status_5 => \QuadDec_1:Cnt8:CounterUDB:status_5\ ,
            status_3 => \QuadDec_1:Cnt8:CounterUDB:status_3\ ,
            status_2 => \QuadDec_1:Cnt8:CounterUDB:status_2\ ,
            status_1 => \QuadDec_1:Cnt8:CounterUDB:status_1\ ,
            status_0 => \QuadDec_1:Cnt8:CounterUDB:status_0\ );
        Properties:
        {
            cy_force_order = 1
            cy_int_mask = "1111111"
            cy_md_select = "0011111"
        }
        Clock Polarity: Active High
        Clock Enable: True

    statusicell: Name =\QuadDec_1:bQuadDec:Stsreg\
        PORT MAP (
            clock => Net_9 ,
            status_3 => \QuadDec_1:bQuadDec:error\ ,
            status_2 => \QuadDec_1:Net_1260\ ,
            status_1 => \QuadDec_1:Net_611\ ,
            status_0 => \QuadDec_1:Net_530\ ,
            interrupt => Net_380 );
        Properties:
        {
            cy_force_order = 1
            cy_int_mask = "0001111"
            cy_md_select = "0001111"
        }
        Clock Polarity: Active High
        Clock Enable: True
    </CYPRESSTAG>
    <CYPRESSTAG name="Sync listing">
    </CYPRESSTAG>
    <CYPRESSTAG name="Control register listing">

    ------------------------------------------------------------
    Control register listing
    ------------------------------------------------------------

    controlcell: Name =\QuadDec_1:Cnt8:CounterUDB:sCTRLReg:ctrlreg\
        PORT MAP (
            clock => Net_9 ,
            control_7 => \QuadDec_1:Cnt8:CounterUDB:control_7\ ,
            control_6 => \QuadDec_1:Cnt8:CounterUDB:control_6\ ,
            control_5 => \QuadDec_1:Cnt8:CounterUDB:control_5\ ,
            control_4 => \QuadDec_1:Cnt8:CounterUDB:control_4\ ,
            control_3 => \QuadDec_1:Cnt8:CounterUDB:control_3\ ,
            control_2 => \QuadDec_1:Cnt8:CounterUDB:control_2\ ,
            control_1 => \QuadDec_1:Cnt8:CounterUDB:control_1\ ,
            control_0 => \QuadDec_1:Cnt8:CounterUDB:control_0\ );
        Properties:
        {
            cy_ctrl_mode_0 = "11111111"
            cy_ctrl_mode_1 = "00000000"
            cy_ext_reset = 0
            cy_force_order = 1
            cy_init_value = "00000000"
        }
        Clock Polarity: Active High
        Clock Enable: True
    </CYPRESSTAG>
    <CYPRESSTAG name="Count7 listing">
    </CYPRESSTAG>
    <CYPRESSTAG name="DRQ listing">
    </CYPRESSTAG>
    <CYPRESSTAG name="Interrupt listing">

    ------------------------------------------------------------
    Interrupt listing
    ------------------------------------------------------------

    interrupt: Name =isr_1
        PORT MAP (
            interrupt => Net_380 );
        Properties:
        {
            int_type = "10"
        }
    </CYPRESSTAG>
</CYPRESSTAG>
<CYPRESSTAG name="Technology mapping summary" expanded>

------------------------------------------------------------
Technology mapping summary
------------------------------------------------------------

Resource Type                 : Used : Free :  Max :  % Used
============================================================
Digital Clocks                :    1 :    7 :    8 : 12.50 %
Analog Clocks                 :    1 :    3 :    4 : 25.00 %
CapSense Buffers              :    0 :    2 :    2 :  0.00 %
Interrupts                    :    1 :   31 :   32 :  3.13 %
IO                            :    4 :   68 :   72 :  5.56 %
Segment LCD                   :    0 :    1 :    1 :  0.00 %
I2C                           :    0 :    1 :    1 :  0.00 %
USB                           :    0 :    1 :    1 :  0.00 %
DMA Channels                  :    0 :   24 :   24 :  0.00 %
Timer                         :    0 :    4 :    4 :  0.00 %
UDB                           :      :      :      :        
  Macrocells                  :   27 :  165 :  192 : 14.06 %
  Unique P-terms              :   50 :  334 :  384 : 13.02 %
  Total P-terms               :   52 :      :      :        
  Datapath Cells              :    1 :   23 :   24 :  4.17 %
  Status Cells                :    2 :   22 :   24 :  8.33 %
    StatusI Registers         :    2 :      :      :        
  Control Cells               :    1 :   23 :   24 :  4.17 %
    Control Registers         :    1 :      :      :        
Comparator                    :    0 :    2 :    2 :  0.00 %
LPF                           :    0 :    2 :    2 :  0.00 %
SAR ADC                       :    0 :    1 :    1 :  0.00 %
DAC                           :      :      :      :        
  VIDAC                       :    0 :    1 :    1 :  0.00 %
</CYPRESSTAG>
Technology Mapping: Elapsed time ==> 0s.088ms
Tech mapping phase: Elapsed time ==> 0s.176ms
</CYPRESSTAG>
<CYPRESSTAG name="Analog Placement">
Initial Analog Placement Results:
Analog Placement phase: Elapsed time ==> 0s.035ms
</CYPRESSTAG>
<CYPRESSTAG name="Analog Routing">
Analog Routing phase: Elapsed time ==> 0s.000ms
</CYPRESSTAG>
<CYPRESSTAG name="Analog Code Generation">
============ Analog Final Answer Routes ============
Dump of CyAnalogRoutingResultsDB
Map of net to items {
}
Map of item to net {
}
Mux Info {
}
Dump of CyP35AnalogRoutingResultsDB
IsVddaHalfUsedForComp = False
IsVddaHalfUsedForSar0 = False
IsVddaHalfUsedForSar1 = False
Analog Code Generation phase: Elapsed time ==> 0s.701ms
</CYPRESSTAG>
<CYPRESSTAG name="Digital Placement">
<CYPRESSTAG name="Detailed placement messages">
I2076: Total run-time: 1.0 sec.

</CYPRESSTAG>
<CYPRESSTAG name="PLD Packing">
<CYPRESSTAG name="PLD Packing Summary" expanded>

------------------------------------------------------------
PLD Packing Summary
------------------------------------------------------------
            Resource Type : Used : Free :  Max :  % Used
    ====================================================
                     PLDs :   10 :   38 :   48 :  20.83%

<CYPRESSTAG name="PLD Statistics">

        PLD Resource Type :     Average/LAB
    =======================================
                   Inputs :            7.50
                   Pterms :            5.20
               Macrocells :            2.70
</CYPRESSTAG>
<CYPRESSTAG name="Packed PLD Contents">
Packed PLD Contents not displayed at this verbose level.</CYPRESSTAG>
</CYPRESSTAG>
PLD Packing: Elapsed time ==> 0s.001ms
</CYPRESSTAG>
<CYPRESSTAG name="Partitioning">
<CYPRESSTAG name="Initial Partitioning Summary">
Initial Partitioning Summary not displayed at this verbose level.</CYPRESSTAG>
<CYPRESSTAG name="Final Partitioning Summary">
Final Partitioning Summary not displayed at this verbose level.</CYPRESSTAG>
Partitioning: Elapsed time ==> 0s.015ms
</CYPRESSTAG>
<CYPRESSTAG name="Simulated Annealing">
Annealing: Elapsed time ==> 0s.002ms
<CYPRESSTAG name="Simulated Annealing Results">
The seed used for moves was 114161200.
Inital cost was 106, final cost is 106 (0.00% improvement).</CYPRESSTAG>
</CYPRESSTAG>
<CYPRESSTAG name="Final Placement Summary">

------------------------------------------------------------
Final Placement Summary
------------------------------------------------------------

       Resource Type :      Count : Avg Inputs : Avg Outputs
    ========================================================
                 UDB :          5 :      10.00 :       5.40
<CYPRESSTAG name="Final Placement Details">
<CYPRESSTAG name="Component Details">

------------------------------------------------------------
Component Placement Details
------------------------------------------------------------
UDB [UDB=(0,0)] is empty.
UDB [UDB=(0,1)] is empty.
UDB [UDB=(0,2)] is empty.
UDB [UDB=(0,3)] is empty.
UDB [UDB=(0,4)] is empty.
UDB [UDB=(0,5)] is empty.
UDB [UDB=(1,0)] is empty.
UDB [UDB=(1,1)] is empty.
UDB [UDB=(1,2)] is empty.
UDB [UDB=(1,3)] is empty.
UDB [UDB=(1,4)] is empty.
UDB [UDB=(1,5)] is empty.
UDB [UDB=(2,0)] is empty.
UDB [UDB=(2,1)] is empty.
UDB [UDB=(2,2)] is empty.
UDB [UDB=(2,3)] contents:
LAB@[UDB=(2,3)][LB=0] #macrocells=1, #inputs=6, #pterms=4
{
    [McSlotId=0]:     MacroCell: Name=\QuadDec_1:bQuadDec:error\, Mode=(D-Register) @ [UDB=(2,3)][LB=0][MC=0]
        Total # of inputs        : 6
        Total # of product terms : 4
        List of special equations: 
            Clock  = (Net_9) => Global
            Clock Enable: True
        Main Equation            : 4 pterms
        (
              !\QuadDec_1:Net_1260\ * !\QuadDec_1:bQuadDec:quad_A_filt\ * 
              !\QuadDec_1:bQuadDec:quad_B_filt\ * !\QuadDec_1:bQuadDec:error\ * 
              \QuadDec_1:bQuadDec:state_1\ * \QuadDec_1:bQuadDec:state_0\
            + !\QuadDec_1:Net_1260\ * !\QuadDec_1:bQuadDec:quad_A_filt\ * 
              \QuadDec_1:bQuadDec:quad_B_filt\ * !\QuadDec_1:bQuadDec:error\ * 
              \QuadDec_1:bQuadDec:state_1\ * !\QuadDec_1:bQuadDec:state_0\
            + !\QuadDec_1:Net_1260\ * \QuadDec_1:bQuadDec:quad_A_filt\ * 
              !\QuadDec_1:bQuadDec:quad_B_filt\ * !\QuadDec_1:bQuadDec:error\ * 
              !\QuadDec_1:bQuadDec:state_1\ * \QuadDec_1:bQuadDec:state_0\
            + \QuadDec_1:bQuadDec:quad_A_filt\ * 
              \QuadDec_1:bQuadDec:quad_B_filt\ * !\QuadDec_1:bQuadDec:error\ * 
              !\QuadDec_1:bQuadDec:state_1\ * !\QuadDec_1:bQuadDec:state_0\
        );
        Output = \QuadDec_1:bQuadDec:error\ (fanout=8)
        Properties               : 
        {
        }

    [McSlotId=1]: (empty)
    [McSlotId=2]: (empty)
    [McSlotId=3]: (empty)
}

LAB@[UDB=(2,3)][LB=1] #macrocells=1, #inputs=6, #pterms=4
{
    [McSlotId=0]: (empty)
    [McSlotId=1]:     MacroCell: Name=\QuadDec_1:bQuadDec:state_1\, Mode=(D-Register) @ [UDB=(2,3)][LB=1][MC=1]
        Total # of inputs        : 6
        Total # of product terms : 4
        List of special equations: 
            Clock  = (Net_9) => Global
            Clock Enable: True
        Main Equation            : 4 pterms
        (
              !\QuadDec_1:Net_1260\ * \QuadDec_1:bQuadDec:quad_A_filt\ * 
              \QuadDec_1:bQuadDec:quad_B_filt\ * !\QuadDec_1:bQuadDec:error\ * 
              \QuadDec_1:bQuadDec:state_0\
            + !\QuadDec_1:Net_1260\ * \QuadDec_1:bQuadDec:quad_A_filt\ * 
              !\QuadDec_1:bQuadDec:error\ * \QuadDec_1:bQuadDec:state_1\
            + !\QuadDec_1:Net_1260\ * \QuadDec_1:bQuadDec:quad_A_filt\ * 
              \QuadDec_1:bQuadDec:error\ * !\QuadDec_1:bQuadDec:state_1\ * 
              !\QuadDec_1:bQuadDec:state_0\
            + \QuadDec_1:bQuadDec:quad_A_filt\ * 
              !\QuadDec_1:bQuadDec:quad_B_filt\ * !\QuadDec_1:bQuadDec:error\ * 
              !\QuadDec_1:bQuadDec:state_1\ * !\QuadDec_1:bQuadDec:state_0\
        );
        Output = \QuadDec_1:bQuadDec:state_1\ (fanout=7)
        Properties               : 
        {
        }

    [McSlotId=2]: (empty)
    [McSlotId=3]: (empty)
}

UDB [UDB=(2,4)] contents:
LAB@[UDB=(2,4)][LB=0] #macrocells=4, #inputs=8, #pterms=7
{
    [McSlotId=0]:     MacroCell: Name=\QuadDec_1:bQuadDec:quad_B_filt\, Mode=(T-Register) @ [UDB=(2,4)][LB=0][MC=0]
        Total # of inputs        : 4
        Total # of product terms : 2
        List of special equations: 
            Clock  = (Net_9) => Global
            Clock Enable: True
        Main Equation            : 2 pterms
        (
              !\QuadDec_1:bQuadDec:quad_B_delayed_0\ * 
              !\QuadDec_1:bQuadDec:quad_B_delayed_1\ * 
              !\QuadDec_1:bQuadDec:quad_B_delayed_2\ * 
              \QuadDec_1:bQuadDec:quad_B_filt\
            + \QuadDec_1:bQuadDec:quad_B_delayed_0\ * 
              \QuadDec_1:bQuadDec:quad_B_delayed_1\ * 
              \QuadDec_1:bQuadDec:quad_B_delayed_2\ * 
              !\QuadDec_1:bQuadDec:quad_B_filt\
        );
        Output = \QuadDec_1:bQuadDec:quad_B_filt\ (fanout=7)
        Properties               : 
        {
        }

    [McSlotId=1]:     MacroCell: Name=\QuadDec_1:bQuadDec:quad_B_delayed_2\, Mode=(D-Register) @ [UDB=(2,4)][LB=0][MC=1]
        Total # of inputs        : 1
        Total # of product terms : 1
        List of special equations: 
            Clock  = (Net_9) => Global
            Clock Enable: True
        Main Equation            : 1 pterm
        (
              \QuadDec_1:bQuadDec:quad_B_delayed_1\
        );
        Output = \QuadDec_1:bQuadDec:quad_B_delayed_2\ (fanout=1)
        Properties               : 
        {
        }

    [McSlotId=2]:     MacroCell: Name=\QuadDec_1:bQuadDec:quad_B_delayed_1\, Mode=(D-Register) @ [UDB=(2,4)][LB=0][MC=2]
        Total # of inputs        : 1
        Total # of product terms : 1
        List of special equations: 
            Clock  = (Net_9) => Global
            Clock Enable: True
        Main Equation            : 1 pterm
        (
              \QuadDec_1:bQuadDec:quad_B_delayed_0\
        );
        Output = \QuadDec_1:bQuadDec:quad_B_delayed_1\ (fanout=2)
        Properties               : 
        {
        }

    [McSlotId=3]:     MacroCell: Name=\QuadDec_1:Net_1260\, Mode=(D-Register) @ [UDB=(2,4)][LB=0][MC=3]
        Total # of inputs        : 4
        Total # of product terms : 3
        List of special equations: 
            Clock  = (Net_9) => Global
            Clock Enable: True
        Main Equation            : 3 pterms
        !(
              !\QuadDec_1:Net_1260\ * !\QuadDec_1:bQuadDec:error\
            + !\QuadDec_1:Net_1260\ * !\QuadDec_1:bQuadDec:state_1\ * 
              !\QuadDec_1:bQuadDec:state_0\
            + !\QuadDec_1:bQuadDec:error\ * !\QuadDec_1:bQuadDec:state_1\ * 
              !\QuadDec_1:bQuadDec:state_0\
        );
        Output = \QuadDec_1:Net_1260\ (fanout=10)
        Properties               : 
        {
        }
}

LAB@[UDB=(2,4)][LB=1] #macrocells=3, #inputs=4, #pterms=4
{
    [McSlotId=0]:     MacroCell: Name=\QuadDec_1:bQuadDec:quad_A_filt\, Mode=(T-Register) @ [UDB=(2,4)][LB=1][MC=0]
        Total # of inputs        : 4
        Total # of product terms : 2
        List of special equations: 
            Clock  = (Net_9) => Global
            Clock Enable: True
        Main Equation            : 2 pterms
        (
              !\QuadDec_1:bQuadDec:quad_A_delayed_0\ * 
              !\QuadDec_1:bQuadDec:quad_A_delayed_1\ * 
              !\QuadDec_1:bQuadDec:quad_A_delayed_2\ * 
              \QuadDec_1:bQuadDec:quad_A_filt\
            + \QuadDec_1:bQuadDec:quad_A_delayed_0\ * 
              \QuadDec_1:bQuadDec:quad_A_delayed_1\ * 
              \QuadDec_1:bQuadDec:quad_A_delayed_2\ * 
              !\QuadDec_1:bQuadDec:quad_A_filt\
        );
        Output = \QuadDec_1:bQuadDec:quad_A_filt\ (fanout=7)
        Properties               : 
        {
        }

    [McSlotId=1]:     MacroCell: Name=\QuadDec_1:bQuadDec:quad_A_delayed_2\, Mode=(D-Register) @ [UDB=(2,4)][LB=1][MC=1]
        Total # of inputs        : 1
        Total # of product terms : 1
        List of special equations: 
            Clock  = (Net_9) => Global
            Clock Enable: True
        Main Equation            : 1 pterm
        (
              \QuadDec_1:bQuadDec:quad_A_delayed_1\
        );
        Output = \QuadDec_1:bQuadDec:quad_A_delayed_2\ (fanout=1)
        Properties               : 
        {
        }

    [McSlotId=2]:     MacroCell: Name=\QuadDec_1:bQuadDec:quad_A_delayed_1\, Mode=(D-Register) @ [UDB=(2,4)][LB=1][MC=2]
        Total # of inputs        : 1
        Total # of product terms : 1
        List of special equations: 
            Clock  = (Net_9) => Global
            Clock Enable: True
        Main Equation            : 1 pterm
        (
              \QuadDec_1:bQuadDec:quad_A_delayed_0\
        );
        Output = \QuadDec_1:bQuadDec:quad_A_delayed_1\ (fanout=2)
        Properties               : 
        {
        }

    [McSlotId=3]: (empty)
}

UDB [UDB=(2,5)] is empty.
UDB [UDB=(3,0)] is empty.
UDB [UDB=(3,1)] is empty.
UDB [UDB=(3,2)] is empty.
UDB [UDB=(3,3)] contents:
LAB@[UDB=(3,3)][LB=0] #macrocells=2, #inputs=9, #pterms=5
{
    [McSlotId=0]:     MacroCell: Name=\QuadDec_1:Cnt8:CounterUDB:underflow_reg_i\, Mode=(D-Register) @ [UDB=(3,3)][LB=0][MC=0]
        Total # of inputs        : 1
        Total # of product terms : 1
        List of special equations: 
            Clock  = (Net_9) => Global
            Clock Enable: True
        Main Equation            : 1 pterm
        (
              \QuadDec_1:Cnt8:CounterUDB:status_1\
        );
        Output = \QuadDec_1:Cnt8:CounterUDB:underflow_reg_i\ (fanout=1)
        Properties               : 
        {
        }

    [McSlotId=1]:     MacroCell: Name=\QuadDec_1:Net_1251\, Mode=(D-Register) @ [UDB=(3,3)][LB=0][MC=1]
        Total # of inputs        : 8
        Total # of product terms : 4
        List of special equations: 
            Clock  = (Net_9) => Global
            Clock Enable: True
        Main Equation            : 4 pterms
        (
              \QuadDec_1:Net_1251\ * !\QuadDec_1:Net_1260\ * 
              !\QuadDec_1:bQuadDec:quad_A_filt\ * !\QuadDec_1:bQuadDec:error\ * 
              !\QuadDec_1:bQuadDec:state_0\
            + \QuadDec_1:Net_1251\ * !\QuadDec_1:Net_1260\ * 
              \QuadDec_1:bQuadDec:quad_A_filt\ * !\QuadDec_1:bQuadDec:error\ * 
              \QuadDec_1:bQuadDec:state_0\
            + \QuadDec_1:Net_1251\ * !\QuadDec_1:Net_1260\ * 
              !\QuadDec_1:bQuadDec:quad_B_filt\ * !\QuadDec_1:bQuadDec:error\ * 
              \QuadDec_1:bQuadDec:state_1\
            + \QuadDec_1:Net_1251_split\
        );
        Output = \QuadDec_1:Net_1251\ (fanout=5)
        Properties               : 
        {
        }

    [McSlotId=2]: (empty)
    [McSlotId=3]: (empty)
}

LAB@[UDB=(3,3)][LB=1] #macrocells=1, #inputs=7, #pterms=8
{
    [McSlotId=0]:     MacroCell: Name=\QuadDec_1:Net_1251_split\, Mode=(Combinatorial) @ [UDB=(3,3)][LB=1][MC=0]
        Total # of inputs        : 7
        Total # of product terms : 8
            Clock Enable: True
        Main Equation            : 8 pterms
        (
              \QuadDec_1:Net_1251\ * !\QuadDec_1:Net_1260\ * 
              \QuadDec_1:bQuadDec:quad_B_filt\ * !\QuadDec_1:bQuadDec:error\ * 
              !\QuadDec_1:bQuadDec:state_1\
            + \QuadDec_1:Net_1251\ * !\QuadDec_1:Net_1260\ * 
              \QuadDec_1:bQuadDec:error\ * !\QuadDec_1:bQuadDec:state_1\ * 
              !\QuadDec_1:bQuadDec:state_0\
            + \QuadDec_1:Net_1251\ * !\QuadDec_1:bQuadDec:quad_A_filt\ * 
              !\QuadDec_1:bQuadDec:error\ * !\QuadDec_1:bQuadDec:state_1\ * 
              !\QuadDec_1:bQuadDec:state_0\
            + \QuadDec_1:Net_1251\ * \QuadDec_1:bQuadDec:quad_B_filt\ * 
              !\QuadDec_1:bQuadDec:error\ * !\QuadDec_1:bQuadDec:state_1\ * 
              !\QuadDec_1:bQuadDec:state_0\
            + !\QuadDec_1:Net_1260\ * !\QuadDec_1:bQuadDec:quad_A_filt\ * 
              !\QuadDec_1:bQuadDec:quad_B_filt\ * !\QuadDec_1:bQuadDec:error\ * 
              \QuadDec_1:bQuadDec:state_1\ * !\QuadDec_1:bQuadDec:state_0\
            + !\QuadDec_1:Net_1260\ * \QuadDec_1:bQuadDec:quad_A_filt\ * 
              !\QuadDec_1:bQuadDec:quad_B_filt\ * !\QuadDec_1:bQuadDec:error\ * 
              \QuadDec_1:bQuadDec:state_1\ * \QuadDec_1:bQuadDec:state_0\
            + !\QuadDec_1:Net_1260\ * \QuadDec_1:bQuadDec:quad_A_filt\ * 
              \QuadDec_1:bQuadDec:quad_B_filt\ * !\QuadDec_1:bQuadDec:error\ * 
              !\QuadDec_1:bQuadDec:state_1\ * \QuadDec_1:bQuadDec:state_0\
            + !\QuadDec_1:bQuadDec:quad_A_filt\ * 
              \QuadDec_1:bQuadDec:quad_B_filt\ * !\QuadDec_1:bQuadDec:error\ * 
              !\QuadDec_1:bQuadDec:state_1\ * !\QuadDec_1:bQuadDec:state_0\
        );
        Output = \QuadDec_1:Net_1251_split\ (fanout=1)
        Properties               : 
        {
        }

    [McSlotId=1]: (empty)
    [McSlotId=2]: (empty)
    [McSlotId=3]: (empty)
}

statusicell: Name =\QuadDec_1:bQuadDec:Stsreg\
    PORT MAP (
        clock => Net_9 ,
        status_3 => \QuadDec_1:bQuadDec:error\ ,
        status_2 => \QuadDec_1:Net_1260\ ,
        status_1 => \QuadDec_1:Net_611\ ,
        status_0 => \QuadDec_1:Net_530\ ,
        interrupt => Net_380 );
    Properties:
    {
        cy_force_order = 1
        cy_int_mask = "0001111"
        cy_md_select = "0001111"
    }
    Clock Polarity: Active High
    Clock Enable: True

UDB [UDB=(3,4)] contents:
LAB@[UDB=(3,4)][LB=0] #macrocells=3, #inputs=11, #pterms=5
{
    [McSlotId=0]:     MacroCell: Name=\QuadDec_1:bQuadDec:quad_A_delayed_0\, Mode=(D-Register) @ [UDB=(3,4)][LB=0][MC=0]
        Total # of inputs        : 1
        Total # of product terms : 1
        List of special equations: 
            Clock  = (Net_9) => Global
            Clock Enable: True
        Main Equation            : 1 pterm
        (
              Net_6
        );
        Output = \QuadDec_1:bQuadDec:quad_A_delayed_0\ (fanout=2)
        Properties               : 
        {
        }

    [McSlotId=1]:     MacroCell: Name=\QuadDec_1:Net_1203\, Mode=(D-Register) @ [UDB=(3,4)][LB=0][MC=1]
        Total # of inputs        : 7
        Total # of product terms : 3
        List of special equations: 
            Clock  = (Net_9) => Global
            Clock Enable: True
        Main Equation            : 3 pterms
        (
              !\QuadDec_1:Net_1260\ * \QuadDec_1:Net_1203\ * 
              \QuadDec_1:bQuadDec:error\ * !\QuadDec_1:bQuadDec:state_1\ * 
              !\QuadDec_1:bQuadDec:state_0\
            + !\QuadDec_1:Net_1260\ * !\QuadDec_1:bQuadDec:quad_A_filt\ * 
              !\QuadDec_1:bQuadDec:quad_B_filt\ * !\QuadDec_1:bQuadDec:error\ * 
              !\QuadDec_1:bQuadDec:state_1\ * \QuadDec_1:bQuadDec:state_0\
            + !\QuadDec_1:bQuadDec:quad_A_filt\ * 
              \QuadDec_1:bQuadDec:quad_B_filt\ * !\QuadDec_1:bQuadDec:error\ * 
              !\QuadDec_1:bQuadDec:state_1\ * !\QuadDec_1:bQuadDec:state_0\
        );
        Output = \QuadDec_1:Net_1203\ (fanout=3)
        Properties               : 
        {
        }

    [McSlotId=2]: (empty)
    [McSlotId=3]:     MacroCell: Name=\QuadDec_1:Net_611\, Mode=(Combinatorial) @ [UDB=(3,4)][LB=0][MC=3]
        Total # of inputs        : 3
        Total # of product terms : 1
            Clock Enable: True
        Main Equation            : 1 pterm
        (
              \QuadDec_1:Net_1276\ * !\QuadDec_1:Net_1251\ * 
              !\QuadDec_1:Cnt8:CounterUDB:prevCompare\
        );
        Output = \QuadDec_1:Net_611\ (fanout=1)
        Properties               : 
        {
        }
}

LAB@[UDB=(3,4)][LB=1] #macrocells=4, #inputs=12, #pterms=7
{
    [McSlotId=0]:     MacroCell: Name=\QuadDec_1:Cnt8:CounterUDB:status_3\, Mode=(Combinatorial) @ [UDB=(3,4)][LB=1][MC=0]
        Total # of inputs        : 2
        Total # of product terms : 1
            Clock Enable: True
        Main Equation            : 1 pterm
        (
              \QuadDec_1:Cnt8:CounterUDB:status_1\ * 
              !\QuadDec_1:Cnt8:CounterUDB:underflow_reg_i\
        );
        Output = \QuadDec_1:Cnt8:CounterUDB:status_3\ (fanout=1)
        Properties               : 
        {
        }

    [McSlotId=1]:     MacroCell: Name=\QuadDec_1:bQuadDec:state_0\, Mode=(D-Register) @ [UDB=(3,4)][LB=1][MC=1]
        Total # of inputs        : 6
        Total # of product terms : 4
        List of special equations: 
            Clock  = (Net_9) => Global
            Clock Enable: True
        Main Equation            : 4 pterms
        (
              !\QuadDec_1:Net_1260\ * \QuadDec_1:bQuadDec:quad_A_filt\ * 
              \QuadDec_1:bQuadDec:quad_B_filt\ * !\QuadDec_1:bQuadDec:error\ * 
              \QuadDec_1:bQuadDec:state_1\
            + !\QuadDec_1:Net_1260\ * \QuadDec_1:bQuadDec:quad_B_filt\ * 
              !\QuadDec_1:bQuadDec:error\ * \QuadDec_1:bQuadDec:state_0\
            + !\QuadDec_1:Net_1260\ * \QuadDec_1:bQuadDec:quad_B_filt\ * 
              \QuadDec_1:bQuadDec:error\ * !\QuadDec_1:bQuadDec:state_1\ * 
              !\QuadDec_1:bQuadDec:state_0\
            + !\QuadDec_1:bQuadDec:quad_A_filt\ * 
              \QuadDec_1:bQuadDec:quad_B_filt\ * !\QuadDec_1:bQuadDec:error\ * 
              !\QuadDec_1:bQuadDec:state_1\ * !\QuadDec_1:bQuadDec:state_0\
        );
        Output = \QuadDec_1:bQuadDec:state_0\ (fanout=7)
        Properties               : 
        {
        }

    [McSlotId=2]:     MacroCell: Name=\QuadDec_1:Net_530\, Mode=(Combinatorial) @ [UDB=(3,4)][LB=1][MC=2]
        Total # of inputs        : 3
        Total # of product terms : 1
            Clock Enable: True
        Main Equation            : 1 pterm
        (
              \QuadDec_1:Net_1276\ * \QuadDec_1:Net_1251\ * 
              !\QuadDec_1:Cnt8:CounterUDB:prevCompare\
        );
        Output = \QuadDec_1:Net_530\ (fanout=1)
        Properties               : 
        {
        }

    [McSlotId=3]:     MacroCell: Name=\QuadDec_1:bQuadDec:quad_B_delayed_0\, Mode=(D-Register) @ [UDB=(3,4)][LB=1][MC=3]
        Total # of inputs        : 1
        Total # of product terms : 1
        List of special equations: 
            Clock  = (Net_9) => Global
            Clock Enable: True
        Main Equation            : 1 pterm
        (
              Net_7
        );
        Output = \QuadDec_1:bQuadDec:quad_B_delayed_0\ (fanout=2)
        Properties               : 
        {
        }
}

UDB [UDB=(3,5)] contents:
LAB@[UDB=(3,5)][LB=0] #macrocells=4, #inputs=5, #pterms=4
{
    [McSlotId=0]:     MacroCell: Name=\QuadDec_1:Cnt8:CounterUDB:status_0\, Mode=(Combinatorial) @ [UDB=(3,5)][LB=0][MC=0]
        Total # of inputs        : 2
        Total # of product terms : 1
            Clock Enable: True
        Main Equation            : 1 pterm
        (
              \QuadDec_1:Cnt8:CounterUDB:cmp_out_i\ * 
              !\QuadDec_1:Cnt8:CounterUDB:prevCompare\
        );
        Output = \QuadDec_1:Cnt8:CounterUDB:status_0\ (fanout=1)
        Properties               : 
        {
        }

    [McSlotId=1]:     MacroCell: Name=\QuadDec_1:Cnt8:CounterUDB:overflow_reg_i\, Mode=(D-Register) @ [UDB=(3,5)][LB=0][MC=1]
        Total # of inputs        : 1
        Total # of product terms : 1
        List of special equations: 
            Clock  = (Net_9) => Global
            Clock Enable: True
        Main Equation            : 1 pterm
        (
              \QuadDec_1:Cnt8:CounterUDB:overflow\
        );
        Output = \QuadDec_1:Cnt8:CounterUDB:overflow_reg_i\ (fanout=1)
        Properties               : 
        {
        }

    [McSlotId=2]:     MacroCell: Name=\QuadDec_1:Net_1276\, Mode=(D-Register) @ [UDB=(3,5)][LB=0][MC=2]
        Total # of inputs        : 2
        Total # of product terms : 1
        List of special equations: 
            Clock  = (Net_9) => Global
            Clock Enable: True
        Main Equation            : 1 pterm
        !(
              !\QuadDec_1:Cnt8:CounterUDB:status_1\ * 
              !\QuadDec_1:Cnt8:CounterUDB:overflow\
        );
        Output = \QuadDec_1:Net_1276\ (fanout=2)
        Properties               : 
        {
        }

    [McSlotId=3]:     MacroCell: Name=\QuadDec_1:Cnt8:CounterUDB:status_2\, Mode=(Combinatorial) @ [UDB=(3,5)][LB=0][MC=3]
        Total # of inputs        : 2
        Total # of product terms : 1
            Clock Enable: True
        Main Equation            : 1 pterm
        (
              \QuadDec_1:Cnt8:CounterUDB:overflow\ * 
              !\QuadDec_1:Cnt8:CounterUDB:overflow_reg_i\
        );
        Output = \QuadDec_1:Cnt8:CounterUDB:status_2\ (fanout=1)
        Properties               : 
        {
        }
}

LAB@[UDB=(3,5)][LB=1] #macrocells=4, #inputs=7, #pterms=4
{
    [McSlotId=0]:     MacroCell: Name=\QuadDec_1:Cnt8:CounterUDB:reload\, Mode=(Combinatorial) @ [UDB=(3,5)][LB=1][MC=0]
        Total # of inputs        : 3
        Total # of product terms : 1
            Clock Enable: True
        Main Equation            : 1 pterm
        !(
              !\QuadDec_1:Net_1260\ * !\QuadDec_1:Cnt8:CounterUDB:status_1\ * 
              !\QuadDec_1:Cnt8:CounterUDB:overflow\
        );
        Output = \QuadDec_1:Cnt8:CounterUDB:reload\ (fanout=1)
        Properties               : 
        {
        }

    [McSlotId=1]:     MacroCell: Name=\QuadDec_1:Cnt8:CounterUDB:count_enable\, Mode=(Combinatorial) @ [UDB=(3,5)][LB=1][MC=1]
        Total # of inputs        : 3
        Total # of product terms : 1
            Clock Enable: True
        Main Equation            : 1 pterm
        (
              \QuadDec_1:Cnt8:CounterUDB:control_7\ * 
              !\QuadDec_1:Cnt8:CounterUDB:count_stored_i\ * 
              \QuadDec_1:Net_1203\
        );
        Output = \QuadDec_1:Cnt8:CounterUDB:count_enable\ (fanout=1)
        Properties               : 
        {
        }

    [McSlotId=2]:     MacroCell: Name=\QuadDec_1:Cnt8:CounterUDB:count_stored_i\, Mode=(D-Register) @ [UDB=(3,5)][LB=1][MC=2]
        Total # of inputs        : 1
        Total # of product terms : 1
        List of special equations: 
            Clock  = (Net_9) => Global
            Clock Enable: True
        Main Equation            : 1 pterm
        (
              \QuadDec_1:Net_1203\
        );
        Output = \QuadDec_1:Cnt8:CounterUDB:count_stored_i\ (fanout=1)
        Properties               : 
        {
        }

    [McSlotId=3]:     MacroCell: Name=\QuadDec_1:Cnt8:CounterUDB:prevCompare\, Mode=(D-Register) @ [UDB=(3,5)][LB=1][MC=3]
        Total # of inputs        : 1
        Total # of product terms : 1
        List of special equations: 
            Clock  = (Net_9) => Global
            Clock Enable: True
        Main Equation            : 1 pterm
        (
              \QuadDec_1:Cnt8:CounterUDB:cmp_out_i\
        );
        Output = \QuadDec_1:Cnt8:CounterUDB:prevCompare\ (fanout=3)
        Properties               : 
        {
        }
}

datapathcell: Name =\QuadDec_1:Cnt8:CounterUDB:sC8:counterdp:u0\
    PORT MAP (
        clock => Net_9 ,
        cs_addr_2 => \QuadDec_1:Net_1251\ ,
        cs_addr_1 => \QuadDec_1:Cnt8:CounterUDB:count_enable\ ,
        cs_addr_0 => \QuadDec_1:Cnt8:CounterUDB:reload\ ,
        z0_comb => \QuadDec_1:Cnt8:CounterUDB:status_1\ ,
        f0_comb => \QuadDec_1:Cnt8:CounterUDB:overflow\ ,
        ce1_comb => \QuadDec_1:Cnt8:CounterUDB:cmp_out_i\ ,
        f0_bus_stat_comb => \QuadDec_1:Cnt8:CounterUDB:status_6\ ,
        f0_blk_stat_comb => \QuadDec_1:Cnt8:CounterUDB:status_5\ );
    Properties:
    {
        a0_init = "00000000"
        a1_init = "00000000"
        ce0_sync = 1
        ce1_sync = 1
        cl0_sync = 1
        cl1_sync = 1
        cmsb_sync = 1
        co_msb_sync = 1
        cy_dpconfig = "0000000001000000000000001000000001000000010000000000000010000000000000000100000000000000100000000010000001000000000000001000000011111111000000001111111111111111101000000000000000000001000000000000000000011000"
        d0_init = "00000000"
        d1_init = "00000000"
        f0_blk_sync = 1
        f0_bus_sync = 1
        f1_blk_sync = 1
        f1_bus_sync = 1
        ff0_sync = 1
        ff1_sync = 1
        ov_msb_sync = 1
        so_sync = 1
        z0_sync = 1
        z1_sync = 1
    }
    Clock Polarity: Active High
    Clock Enable: True

statusicell: Name =\QuadDec_1:Cnt8:CounterUDB:sSTSReg:stsreg\
    PORT MAP (
        reset => \QuadDec_1:Net_1260\ ,
        clock => Net_9 ,
        status_6 => \QuadDec_1:Cnt8:CounterUDB:status_6\ ,
        status_5 => \QuadDec_1:Cnt8:CounterUDB:status_5\ ,
        status_3 => \QuadDec_1:Cnt8:CounterUDB:status_3\ ,
        status_2 => \QuadDec_1:Cnt8:CounterUDB:status_2\ ,
        status_1 => \QuadDec_1:Cnt8:CounterUDB:status_1\ ,
        status_0 => \QuadDec_1:Cnt8:CounterUDB:status_0\ );
    Properties:
    {
        cy_force_order = 1
        cy_int_mask = "1111111"
        cy_md_select = "0011111"
    }
    Clock Polarity: Active High
    Clock Enable: True

controlcell: Name =\QuadDec_1:Cnt8:CounterUDB:sCTRLReg:ctrlreg\
    PORT MAP (
        clock => Net_9 ,
        control_7 => \QuadDec_1:Cnt8:CounterUDB:control_7\ ,
        control_6 => \QuadDec_1:Cnt8:CounterUDB:control_6\ ,
        control_5 => \QuadDec_1:Cnt8:CounterUDB:control_5\ ,
        control_4 => \QuadDec_1:Cnt8:CounterUDB:control_4\ ,
        control_3 => \QuadDec_1:Cnt8:CounterUDB:control_3\ ,
        control_2 => \QuadDec_1:Cnt8:CounterUDB:control_2\ ,
        control_1 => \QuadDec_1:Cnt8:CounterUDB:control_1\ ,
        control_0 => \QuadDec_1:Cnt8:CounterUDB:control_0\ );
    Properties:
    {
        cy_ctrl_mode_0 = "11111111"
        cy_ctrl_mode_1 = "00000000"
        cy_ext_reset = 0
        cy_force_order = 1
        cy_init_value = "00000000"
    }
    Clock Polarity: Active High
    Clock Enable: True

Intr container @ [IntrContainer=(0)]: 
  Intr@ [IntrContainer=(0)][IntrId=(0)] 
    interrupt: Name =isr_1
        PORT MAP (
            interrupt => Net_380 );
        Properties:
        {
            int_type = "10"
        }
Drq container @ [DrqContainer=(0)]: empty
Port 0 contains the following IO cells:
[IoId=0]: 
Pin : Name = Pin_1(0)
    Attributes:
        In Group/Port: True
        In Sync Option: SYNC
        Out Sync Option: AUTO
        Interrupt generated: False
        Interrupt mode: NONE
        Drive mode: HI_Z_DIGITAL
        VTrip: CMOS
        Slew: FAST
        Input Sync needed: True
        Output Sync needed: False
        SC shield enabled: False
        POR State: ANY
        LCD Mode: COMMON
        Register Mode: RegComb
        CaSense Mode: NEITHER
        Treat as pin: True
        Is OE Registered: False
        Uses Analog: False
        Can contain Digital: True
        Is SIO: False
        SIO Output Buf: NONREGULATED
        SIO Input Buf: SINGLE_ENDED
        SIO HiFreq: LOW
        SIO Hyst: DISABLED
        SIO Vtrip: MULTIPLIER_0_5
        SIO Multiplier Index: 0
        SIO RefSel: VCC_IO
        Required Capabilitites: DIGITAL, ROUTABLE
        Initial Value: 0
        IO Voltage: 0
    PORT MAP (
        pa_out => Pin_1(0)__PA ,
        fb => Net_6 ,
        pad => Pin_1(0)_PAD );
    Properties:
    {
    }

[IoId=1]: 
Pin : Name = Pin_2(0)
    Attributes:
        In Group/Port: True
        In Sync Option: SYNC
        Out Sync Option: AUTO
        Interrupt generated: False
        Interrupt mode: NONE
        Drive mode: HI_Z_DIGITAL
        VTrip: CMOS
        Slew: FAST
        Input Sync needed: True
        Output Sync needed: False
        SC shield enabled: False
        POR State: ANY
        LCD Mode: COMMON
        Register Mode: RegComb
        CaSense Mode: NEITHER
        Treat as pin: True
        Is OE Registered: False
        Uses Analog: False
        Can contain Digital: True
        Is SIO: False
        SIO Output Buf: NONREGULATED
        SIO Input Buf: SINGLE_ENDED
        SIO HiFreq: LOW
        SIO Hyst: DISABLED
        SIO Vtrip: MULTIPLIER_0_5
        SIO Multiplier Index: 0
        SIO RefSel: VCC_IO
        Required Capabilitites: DIGITAL, ROUTABLE
        Initial Value: 0
        IO Voltage: 0
    PORT MAP (
        pa_out => Pin_2(0)__PA ,
        fb => Net_7 ,
        pad => Pin_2(0)_PAD );
    Properties:
    {
    }

Port 1 is empty
Port 2 is empty
Port 3 is empty
Port 4 is empty
Port 5 is empty
Port 6 is empty
Port 12 is empty
Port 15 is empty
CAN 2.0b group 0: empty
Cache group 0: empty
CapSense group 0: empty
Clock group 0: 
    Clock Block @ F(Clock,0): 
    clockblockcell: Name =ClockBlock
        PORT MAP (
            imo => ClockBlock_IMO ,
            pllout => ClockBlock_PLL_OUT ,
            ilo => ClockBlock_ILO ,
            clk_100k => ClockBlock_100k ,
            clk_1k => ClockBlock_1k ,
            clk_32k => ClockBlock_32k ,
            xtal => ClockBlock_XTAL ,
            clk_32k_xtal => ClockBlock_XTAL_32KHZ ,
            clk_sync => ClockBlock_MASTER_CLK ,
            clk_bus_glb => ClockBlock_BUS_CLK ,
            clk_bus => ClockBlock_BUS_CLK_local ,
            aclk_glb_0 => ClockBlock_ScBoostClk ,
            aclk_0 => ClockBlock_ScBoostClk_local ,
            clk_a_dig_glb_0 => ClockBlock_ScBoostClk_adig ,
            clk_a_dig_0 => ClockBlock_ScBoostClk_adig_local ,
            dclk_glb_0 => Net_9 ,
            dclk_0 => Net_9_local );
        Properties:
        {
        }
Comparator group 0: empty
Digital Filter Block group 0: empty
Delta-Sigma ADC group 0: empty
Decimator group 0: empty
EMIF group 0: empty
I2C group 0: empty
Segment LCD group 0: empty
LVD group 0: empty
PM group 0: empty
SPC group 0: empty
Timer group 0: empty
USB group 0: empty
VIDAC group 0: empty
CapSense Buffers group 0: empty
Vref group 0: empty
LPF group 0: empty
SAR ADC group 0: empty
</CYPRESSTAG>
<CYPRESSTAG name="Port Configuration Details">

------------------------------------------------------------
Port Configuration report
------------------------------------------------------------
     |     |       | Interrupt |                  |          | 
Port | Pin | Fixed |      Type |       Drive Mode |     Name | Connections
-----+-----+-------+-----------+------------------+----------+------------
   0 |   0 |       |      NONE |     HI_Z_DIGITAL | Pin_1(0) | FB(Net_6)
     |   1 |       |      NONE |     HI_Z_DIGITAL | Pin_2(0) | FB(Net_7)
--------------------------------------------------------------------------
</CYPRESSTAG>
</CYPRESSTAG>
</CYPRESSTAG>
Digital component placer commit/Report: Elapsed time ==> 0s.001ms
Digital Placement phase: Elapsed time ==> 1s.364ms
</CYPRESSTAG>
<CYPRESSTAG name="Digital Routing">
Routing successful.
Digital Routing phase: Elapsed time ==> 1s.754ms
</CYPRESSTAG>
<CYPRESSTAG name="Bitstream and API generation">
Bitstream and API generation phase: Elapsed time ==> 0s.236ms
</CYPRESSTAG>
<CYPRESSTAG name="Bitstream verification">
Bitstream verification phase: Elapsed time ==> 0s.061ms
</CYPRESSTAG>
<CYPRESSTAG name="Static timing analysis">
Timing report is in QuadDecExample01_timing.html.
Static timing analysis phase: Elapsed time ==> 0s.319ms
</CYPRESSTAG>
<CYPRESSTAG name="Data reporting">
Data reporting phase: Elapsed time ==> 0s.000ms
</CYPRESSTAG>
<CYPRESSTAG name="Database update...">
Design database save phase: Elapsed time ==> 0s.213ms
</CYPRESSTAG>
cydsfit: Elapsed time ==> 4s.892ms
</CYPRESSTAG>
Fitter phase: Elapsed time ==> 4s.940ms
API generation phase: Elapsed time ==> 0s.720ms
Dependency generation phase: Elapsed time ==> 0s.007ms
Cleanup phase: Elapsed time ==> 0s.001ms
