#***************************************************************************

#sjplacer

#Version:            1.1

#Build Date:         Aug 18 2015 10:30:14

#File Generated:     Feb 17 2017 20:38:48

#Purpose:            

#Copyright (C) 2010-2011 by Softjin Technologies Pvt Ltd. All rights reserved.

#***************************************************************************

Executing : C:\Program Files (x86)\Cypress\PSoC Creator\3.3\PSoC Creator\bin/sjplacer.exe --proj-name car --netlist-vh2 car_p.vh2 --arch-file C:\Program Files (x86)\Cypress\PSoC Creator\3.3\PSoC Creator\dev/arch/p35_udb4x6.ark --rrg-file C:\Program Files (x86)\Cypress\PSoC Creator\3.3\PSoC Creator\dev/psoc5/psoc5lp/route_arch-rrg.cydata --irq-file C:\Program Files (x86)\Cypress\PSoC Creator\3.3\PSoC Creator\dev/psoc5/psoc5lp/irqconn.cydata --drq-file C:\Program Files (x86)\Cypress\PSoC Creator\3.3\PSoC Creator\dev/psoc5/psoc5lp/dmaconn.cydata --dsi-conn-file C:\Program Files (x86)\Cypress\PSoC Creator\3.3\PSoC Creator\dev/psoc5/psoc5lp/dsiconn.cydata --pins-file pins_100-TQFP.xml --lib-file car_p.lib --sdc-file car.sdc --io-pcf car.pci --outdir .

		Softjin Techologies Placer, Version 1.1

Build Date : Aug 18 2015	10:29:37

D2004: Option and Settings Summary
=============================================================
Netlist vh2 file          - car_p.vh2
Architecture file         - C:\Program Files (x86)\Cypress\PSoC Creator\3.3\PSoC Creator\dev/arch/p35_udb4x6.ark
Package                   - 
Defparam file             - 
SDC file                  - car.sdc
Output directory          - .
Timing library            - car_p.lib
IO Placement file         - car.pci

D2050: Starting reading inputs for placer
=============================================================
D2065: Reading netlist file : "car_p.vh2"
D2065: Reading arch file : "C:\Program Files (x86)\Cypress\PSoC Creator\3.3\PSoC Creator\dev/arch/p35_udb4x6.ark"
D2051: Reading of inputs for placer completed successfully

D2053: Starting placement of the design
=============================================================

Phase 2
Phase 3

Design Statistics after Packing
    Number of Combinational MCs 	:	32
    Number of Sequential MCs    	:	139
    Number of DPs               	:	13
    Number of Controls          	:	8
    Number of Status            	:	9
    Number of SyncCells         	:	1
    Number of count7cells       	:	4

Device Utilization Summary after Packing
    Macrocells                  :	171/192
    UDBS                        :	24/24
    IOs                         :	38/72


D2088: Phase 3, elapsed time : 0.1 (sec)

Phase 4
D2088: Phase 4, elapsed time : 0.0 (sec)

Phase 5
D2088: Phase 5, elapsed time : 0.0 (sec)

Phase 6

######################################################################
Placement Timing Summary

The timing summary is based on estimated routing delays after
placement. For final timing report, please carry out the timing
analysis after routing.
======================================================================

######################################################################
                     Clock Summary 
======================================================================
Number of clocks: 14
Clock: ADC_IntClock         | Frequency:  25.5 MHz | Target:   1.6 MHz
Clock: ADC_IntClock(routed) | Frequency: N/A       | Target:   1.6 MHz
Clock: Clock_1              | Frequency: N/A       | Target:   1.0 MHz
Clock: Clock_1(fixed-function) | Frequency: N/A       | Target:   1.0 MHz
Clock: Clock_6              | Frequency:  34.3 MHz | Target:   1.0 MHz
Clock: CyBUS_CLK            | Frequency:  49.4 MHz | Target:  24.0 MHz
Clock: CyBUS_CLK(fixed-function) | Frequency: N/A       | Target:  24.0 MHz
Clock: CyILO                | Frequency: N/A       | Target:   0.0 MHz
Clock: CyIMO                | Frequency: N/A       | Target:  48.0 MHz
Clock: CyMASTER_CLK         | Frequency: N/A       | Target:  24.0 MHz
Clock: CyPLL_OUT            | Frequency: N/A       | Target:  48.0 MHz
Clock: UART_CH_IntClock     | Frequency:  50.0 MHz | Target:   0.0 MHz
Clock: UART_JY_IntClock     | Frequency:  49.4 MHz | Target:   0.9 MHz
Clock: UART_net_IntClock    | Frequency:  45.7 MHz | Target:   0.9 MHz

======================================================================
                     End of Clock Summary
######################################################################

D2088: Phase 6, elapsed time : 0.2 (sec)

Phase 7
######################################################################
                     Clock Summary 
======================================================================
Number of clocks: 14
Clock: ADC_IntClock         | Frequency:   3.0 MHz | Target:   1.6 MHz
Clock: ADC_IntClock(routed) | Frequency: N/A       | Target:   1.6 MHz
Clock: Clock_1              | Frequency: N/A       | Target:   1.0 MHz
Clock: Clock_1(fixed-function) | Frequency: N/A       | Target:   1.0 MHz
Clock: Clock_6              | Frequency:   3.7 MHz | Target:   1.0 MHz
Clock: CyBUS_CLK            | Frequency:   1.2 MHz | Target:  24.0 MHz
Clock: CyBUS_CLK(fixed-function) | Frequency: N/A       | Target:  24.0 MHz
Clock: CyILO                | Frequency: N/A       | Target:   0.0 MHz
Clock: CyIMO                | Frequency: N/A       | Target:  48.0 MHz
Clock: CyMASTER_CLK         | Frequency: N/A       | Target:  24.0 MHz
Clock: CyPLL_OUT            | Frequency: N/A       | Target:  48.0 MHz
Clock: UART_CH_IntClock     | Frequency:   1.4 MHz | Target:   0.0 MHz
Clock: UART_JY_IntClock     | Frequency:   1.2 MHz | Target:   0.9 MHz
Clock: UART_net_IntClock    | Frequency:   1.4 MHz | Target:   0.9 MHz

======================================================================
                     End of Clock Summary
######################################################################
D2088: Phase 7, elapsed time : 0.9 (sec)

Final Design Statistics
    Number of Combinational MCs 	:	32
    Number of Sequential MCs    	:	139
    Number of DPs               	:	13
    Number of Controls          	:	8
    Number of Status            	:	9
    Number of SyncCells         	:	1
    Number of count7cells       	:	4
    Number of IOs       	:	38

Device Utilization Summary
    Macrocells                  :	171/192
    IOs                         :	38/72



######################################################################
Placement Timing Summary

The timing summary is based on estimated routing delays after
placement. For final timing report, please carry out the timing
analysis after routing.
======================================================================


######################################################################
                     Clock Summary 
======================================================================
Number of clocks: 14
Clock: ADC_IntClock         | Frequency:   3.0 MHz | Target:   1.6 MHz
Clock: ADC_IntClock(routed) | Frequency: N/A       | Target:   1.6 MHz
Clock: Clock_1              | Frequency: N/A       | Target:   1.0 MHz
Clock: Clock_1(fixed-function) | Frequency: N/A       | Target:   1.0 MHz
Clock: Clock_6              | Frequency:   3.7 MHz | Target:   1.0 MHz
Clock: CyBUS_CLK            | Frequency:   1.2 MHz | Target:  24.0 MHz
Clock: CyBUS_CLK(fixed-function) | Frequency: N/A       | Target:  24.0 MHz
Clock: CyILO                | Frequency: N/A       | Target:   0.0 MHz
Clock: CyIMO                | Frequency: N/A       | Target:  48.0 MHz
Clock: CyMASTER_CLK         | Frequency: N/A       | Target:  24.0 MHz
Clock: CyPLL_OUT            | Frequency: N/A       | Target:  48.0 MHz
Clock: UART_CH_IntClock     | Frequency:   1.4 MHz | Target:   0.0 MHz
Clock: UART_JY_IntClock     | Frequency:   1.2 MHz | Target:   0.9 MHz
Clock: UART_net_IntClock    | Frequency:   1.4 MHz | Target:   0.9 MHz

======================================================================
                     End of Clock Summary
######################################################################

Phase 6

######################################################################
Placement Timing Summary

The timing summary is based on estimated routing delays after
placement. For final timing report, please carry out the timing
analysis after routing.
======================================================================

######################################################################
                     Clock Summary 
======================================================================
Number of clocks: 14
Clock: ADC_IntClock         | Frequency:   3.0 MHz | Target:   1.6 MHz
Clock: ADC_IntClock(routed) | Frequency: N/A       | Target:   1.6 MHz
Clock: Clock_1              | Frequency: N/A       | Target:   1.0 MHz
Clock: Clock_1(fixed-function) | Frequency: N/A       | Target:   1.0 MHz
Clock: Clock_6              | Frequency:   3.5 MHz | Target:   1.0 MHz
Clock: CyBUS_CLK            | Frequency:   1.2 MHz | Target:  24.0 MHz
Clock: CyBUS_CLK(fixed-function) | Frequency: N/A       | Target:  24.0 MHz
Clock: CyILO                | Frequency: N/A       | Target:   0.0 MHz
Clock: CyIMO                | Frequency: N/A       | Target:  48.0 MHz
Clock: CyMASTER_CLK         | Frequency: N/A       | Target:  24.0 MHz
Clock: CyPLL_OUT            | Frequency: N/A       | Target:  48.0 MHz
Clock: UART_CH_IntClock     | Frequency:   1.3 MHz | Target:   0.0 MHz
Clock: UART_JY_IntClock     | Frequency:   1.2 MHz | Target:   0.9 MHz
Clock: UART_net_IntClock    | Frequency:   1.3 MHz | Target:   0.9 MHz

======================================================================
                     End of Clock Summary
######################################################################

D2088: Phase 6, elapsed time : 0.2 (sec)

Phase 7
######################################################################
                     Clock Summary 
======================================================================
Number of clocks: 14
Clock: ADC_IntClock         | Frequency:   3.0 MHz | Target:   1.6 MHz
Clock: ADC_IntClock(routed) | Frequency: N/A       | Target:   1.6 MHz
Clock: Clock_1              | Frequency: N/A       | Target:   1.0 MHz
Clock: Clock_1(fixed-function) | Frequency: N/A       | Target:   1.0 MHz
Clock: Clock_6              | Frequency:   3.7 MHz | Target:   1.0 MHz
Clock: CyBUS_CLK            | Frequency:   1.1 MHz | Target:  24.0 MHz
Clock: CyBUS_CLK(fixed-function) | Frequency: N/A       | Target:  24.0 MHz
Clock: CyILO                | Frequency: N/A       | Target:   0.0 MHz
Clock: CyIMO                | Frequency: N/A       | Target:  48.0 MHz
Clock: CyMASTER_CLK         | Frequency: N/A       | Target:  24.0 MHz
Clock: CyPLL_OUT            | Frequency: N/A       | Target:  48.0 MHz
Clock: UART_CH_IntClock     | Frequency:   1.3 MHz | Target:   0.0 MHz
Clock: UART_JY_IntClock     | Frequency:   1.5 MHz | Target:   0.9 MHz
Clock: UART_net_IntClock    | Frequency:   1.1 MHz | Target:   0.9 MHz

======================================================================
                     End of Clock Summary
######################################################################
D2088: Phase 7, elapsed time : 4.9 (sec)

Final Design Statistics
    Number of Combinational MCs 	:	32
    Number of Sequential MCs    	:	139
    Number of DPs               	:	13
    Number of Controls          	:	8
    Number of Status            	:	9
    Number of SyncCells         	:	1
    Number of count7cells       	:	4
    Number of IOs       	:	38

Device Utilization Summary
    Macrocells                  :	171/192
    IOs                         :	38/72



######################################################################
Placement Timing Summary

The timing summary is based on estimated routing delays after
placement. For final timing report, please carry out the timing
analysis after routing.
======================================================================


######################################################################
                     Clock Summary 
======================================================================
Number of clocks: 14
Clock: ADC_IntClock         | Frequency:   3.0 MHz | Target:   1.6 MHz
Clock: ADC_IntClock(routed) | Frequency: N/A       | Target:   1.6 MHz
Clock: Clock_1              | Frequency: N/A       | Target:   1.0 MHz
Clock: Clock_1(fixed-function) | Frequency: N/A       | Target:   1.0 MHz
Clock: Clock_6              | Frequency:   4.5 MHz | Target:   1.0 MHz
Clock: CyBUS_CLK            | Frequency:   1.5 MHz | Target:  24.0 MHz
Clock: CyBUS_CLK(fixed-function) | Frequency: N/A       | Target:  24.0 MHz
Clock: CyILO                | Frequency: N/A       | Target:   0.0 MHz
Clock: CyIMO                | Frequency: N/A       | Target:  48.0 MHz
Clock: CyMASTER_CLK         | Frequency: N/A       | Target:  24.0 MHz
Clock: CyPLL_OUT            | Frequency: N/A       | Target:  48.0 MHz
Clock: UART_CH_IntClock     | Frequency:   1.5 MHz | Target:   0.0 MHz
Clock: UART_JY_IntClock     | Frequency:   1.5 MHz | Target:   0.9 MHz
Clock: UART_net_IntClock    | Frequency:   1.5 MHz | Target:   0.9 MHz

======================================================================
                     End of Clock Summary
######################################################################

Phase 8
D2088: Phase 8, elapsed time : 0.0 (sec)

D2054: Placement of the design completed successfully

I2076: Total run-time: 7.3 sec.

